ARM GAS  C:\Users\devdev\AppData\Local\Temp\ccQhO4YG.s 			page 1


   1              		.syntax unified
   2              		.cpu cortex-m3
   3              		.fpu softvfp
   4              		.eabi_attribute 20, 1
   5              		.eabi_attribute 21, 1
   6              		.eabi_attribute 23, 3
   7              		.eabi_attribute 24, 1
   8              		.eabi_attribute 25, 1
   9              		.eabi_attribute 26, 1
  10              		.eabi_attribute 30, 6
  11              		.eabi_attribute 34, 1
  12              		.eabi_attribute 18, 4
  13              		.thumb
  14              		.file	"cymetadata.c"
  15              		.text
  16              	.Ltext0:
  17              		.cfi_sections	.debug_frame
  18              		.global	cy_meta_configecc
  19              		.section	.cyconfigecc,"a",%progbits
  20              		.align	2
  21              		.type	cy_meta_configecc, %object
  22              		.size	cy_meta_configecc, 1536
  23              	cy_meta_configecc:
  24 0000 06       		.byte	6
  25 0001 52       		.byte	82
  26 0002 00       		.byte	0
  27 0003 40       		.byte	64
  28 0004 03       		.byte	3
  29 0005 64       		.byte	100
  30 0006 00       		.byte	0
  31 0007 40       		.byte	64
  32 0008 03       		.byte	3
  33 0009 65       		.byte	101
  34 000a 00       		.byte	0
  35 000b 40       		.byte	64
  36 000c 4D       		.byte	77
  37 000d 08       		.byte	8
  38 000e 01       		.byte	1
  39 000f 40       		.byte	64
  40 0010 40       		.byte	64
  41 0011 09       		.byte	9
  42 0012 01       		.byte	1
  43 0013 40       		.byte	64
  44 0014 54       		.byte	84
  45 0015 0A       		.byte	10
  46 0016 01       		.byte	1
  47 0017 40       		.byte	64
  48 0018 3D       		.byte	61
  49 0019 0B       		.byte	11
  50 001a 01       		.byte	1
  51 001b 40       		.byte	64
  52 001c 02       		.byte	2
  53 001d 0D       		.byte	13
  54 001e 01       		.byte	1
  55 001f 40       		.byte	64
  56 0020 01       		.byte	1
  57 0021 15       		.byte	21
ARM GAS  C:\Users\devdev\AppData\Local\Temp\ccQhO4YG.s 			page 2


  58 0022 01       		.byte	1
  59 0023 40       		.byte	64
  60 0024 01       		.byte	1
  61 0025 17       		.byte	23
  62 0026 01       		.byte	1
  63 0027 40       		.byte	64
  64 0028 61       		.byte	97
  65 0029 18       		.byte	24
  66 002a 01       		.byte	1
  67 002b 40       		.byte	64
  68 002c 43       		.byte	67
  69 002d 19       		.byte	25
  70 002e 01       		.byte	1
  71 002f 40       		.byte	64
  72 0030 0E       		.byte	14
  73 0031 1A       		.byte	26
  74 0032 01       		.byte	1
  75 0033 40       		.byte	64
  76 0034 49       		.byte	73
  77 0035 1B       		.byte	27
  78 0036 01       		.byte	1
  79 0037 40       		.byte	64
  80 0038 02       		.byte	2
  81 0039 40       		.byte	64
  82 003a 01       		.byte	1
  83 003b 40       		.byte	64
  84 003c 01       		.byte	1
  85 003d 41       		.byte	65
  86 003e 01       		.byte	1
  87 003f 40       		.byte	64
  88 0040 01       		.byte	1
  89 0041 42       		.byte	66
  90 0042 01       		.byte	1
  91 0043 40       		.byte	64
  92 0044 01       		.byte	1
  93 0045 43       		.byte	67
  94 0046 01       		.byte	1
  95 0047 40       		.byte	64
  96 0048 03       		.byte	3
  97 0049 44       		.byte	68
  98 004a 01       		.byte	1
  99 004b 40       		.byte	64
 100 004c 0A       		.byte	10
 101 004d 45       		.byte	69
 102 004e 01       		.byte	1
 103 004f 40       		.byte	64
 104 0050 0B       		.byte	11
 105 0051 46       		.byte	70
 106 0052 01       		.byte	1
 107 0053 40       		.byte	64
 108 0054 07       		.byte	7
 109 0055 47       		.byte	71
 110 0056 01       		.byte	1
 111 0057 40       		.byte	64
 112 0058 03       		.byte	3
 113 0059 48       		.byte	72
 114 005a 01       		.byte	1
ARM GAS  C:\Users\devdev\AppData\Local\Temp\ccQhO4YG.s 			page 3


 115 005b 40       		.byte	64
 116 005c 03       		.byte	3
 117 005d 49       		.byte	73
 118 005e 01       		.byte	1
 119 005f 40       		.byte	64
 120 0060 03       		.byte	3
 121 0061 4C       		.byte	76
 122 0062 01       		.byte	1
 123 0063 40       		.byte	64
 124 0064 02       		.byte	2
 125 0065 4D       		.byte	77
 126 0066 01       		.byte	1
 127 0067 40       		.byte	64
 128 0068 08       		.byte	8
 129 0069 50       		.byte	80
 130 006a 01       		.byte	1
 131 006b 40       		.byte	64
 132 006c 01       		.byte	1
 133 006d 51       		.byte	81
 134 006e 01       		.byte	1
 135 006f 40       		.byte	64
 136 0070 10       		.byte	16
 137 0071 80       		.byte	-128
 138 0072 11       		.byte	17
 139 0073 80       		.byte	-128
 140 0074 30       		.byte	48
 141 0075 04       		.byte	4
 142 0076 31       		.byte	49
 143 0077 01       		.byte	1
 144 0078 60       		.byte	96
 145 0079 08       		.byte	8
 146 007a 78       		.byte	120
 147 007b 10       		.byte	16
 148 007c 88       		.byte	-120
 149 007d 0F       		.byte	15
 150 007e 8A       		.byte	-118
 151 007f 2F       		.byte	47
 152 0080 8B       		.byte	-117
 153 0081 2F       		.byte	47
 154 0082 88       		.byte	-120
 155 0083 2D       		.byte	45
 156 0084 89       		.byte	-119
 157 0085 38       		.byte	56
 158 0086 8A       		.byte	-118
 159 0087 72       		.byte	114
 160 0088 00       		.byte	0
 161 0089 40       		.byte	64
 162 008a 01       		.byte	1
 163 008b 0D       		.byte	13
 164 008c 05       		.byte	5
 165 008d 14       		.byte	20
 166 008e 06       		.byte	6
 167 008f 10       		.byte	16
 168 0090 07       		.byte	7
 169 0091 E1       		.byte	-31
 170 0092 08       		.byte	8
 171 0093 09       		.byte	9
ARM GAS  C:\Users\devdev\AppData\Local\Temp\ccQhO4YG.s 			page 4


 172 0094 0A       		.byte	10
 173 0095 30       		.byte	48
 174 0096 11       		.byte	17
 175 0097 01       		.byte	1
 176 0098 13       		.byte	19
 177 0099 BA       		.byte	-70
 178 009a 14       		.byte	20
 179 009b 2C       		.byte	44
 180 009c 16       		.byte	22
 181 009d 11       		.byte	17
 182 009e 19       		.byte	25
 183 009f 07       		.byte	7
 184 00a0 1B       		.byte	27
 185 00a1 60       		.byte	96
 186 00a2 1E       		.byte	30
 187 00a3 03       		.byte	3
 188 00a4 20       		.byte	32
 189 00a5 30       		.byte	48
 190 00a6 21       		.byte	33
 191 00a7 C4       		.byte	-60
 192 00a8 22       		.byte	34
 193 00a9 0C       		.byte	12
 194 00aa 23       		.byte	35
 195 00ab 0A       		.byte	10
 196 00ac 25       		.byte	37
 197 00ad 0D       		.byte	13
 198 00ae 26       		.byte	38
 199 00af 20       		.byte	32
 200 00b0 28       		.byte	40
 201 00b1 14       		.byte	20
 202 00b2 29       		.byte	41
 203 00b3 40       		.byte	64
 204 00b4 2C       		.byte	44
 205 00b5 1C       		.byte	28
 206 00b6 2E       		.byte	46
 207 00b7 22       		.byte	34
 208 00b8 32       		.byte	50
 209 00b9 20       		.byte	32
 210 00ba 34       		.byte	52
 211 00bb 40       		.byte	64
 212 00bc 35       		.byte	53
 213 00bd E0       		.byte	-32
 214 00be 36       		.byte	54
 215 00bf 1F       		.byte	31
 216 00c0 37       		.byte	55
 217 00c1 1F       		.byte	31
 218 00c2 3B       		.byte	59
 219 00c3 28       		.byte	40
 220 00c4 3E       		.byte	62
 221 00c5 14       		.byte	20
 222 00c6 40       		.byte	64
 223 00c7 46       		.byte	70
 224 00c8 41       		.byte	65
 225 00c9 02       		.byte	2
 226 00ca 45       		.byte	69
 227 00cb E0       		.byte	-32
 228 00cc 46       		.byte	70
ARM GAS  C:\Users\devdev\AppData\Local\Temp\ccQhO4YG.s 			page 5


 229 00cd C0       		.byte	-64
 230 00ce 47       		.byte	71
 231 00cf 0B       		.byte	11
 232 00d0 48       		.byte	72
 233 00d1 1A       		.byte	26
 234 00d2 49       		.byte	73
 235 00d3 FF       		.byte	-1
 236 00d4 4A       		.byte	74
 237 00d5 FF       		.byte	-1
 238 00d6 4B       		.byte	75
 239 00d7 FF       		.byte	-1
 240 00d8 4E       		.byte	78
 241 00d9 F0       		.byte	-16
 242 00da 4F       		.byte	79
 243 00db 44       		.byte	68
 244 00dc 50       		.byte	80
 245 00dd 0C       		.byte	12
 246 00de 54       		.byte	84
 247 00df 01       		.byte	1
 248 00e0 58       		.byte	88
 249 00e1 04       		.byte	4
 250 00e2 59       		.byte	89
 251 00e3 04       		.byte	4
 252 00e4 5A       		.byte	90
 253 00e5 04       		.byte	4
 254 00e6 5B       		.byte	91
 255 00e7 04       		.byte	4
 256 00e8 5C       		.byte	92
 257 00e9 22       		.byte	34
 258 00ea 5D       		.byte	93
 259 00eb 22       		.byte	34
 260 00ec 5F       		.byte	95
 261 00ed 01       		.byte	1
 262 00ee 66       		.byte	102
 263 00ef C0       		.byte	-64
 264 00f0 6A       		.byte	106
 265 00f1 40       		.byte	64
 266 00f2 6B       		.byte	107
 267 00f3 02       		.byte	2
 268 00f4 8C       		.byte	-116
 269 00f5 02       		.byte	2
 270 00f6 8F       		.byte	-113
 271 00f7 01       		.byte	1
 272 00f8 92       		.byte	-110
 273 00f9 08       		.byte	8
 274 00fa 96       		.byte	-106
 275 00fb 08       		.byte	8
 276 00fc 97       		.byte	-105
 277 00fd 02       		.byte	2
 278 00fe 9B       		.byte	-101
 279 00ff 01       		.byte	1
 280 0100 9C       		.byte	-100
 281 0101 04       		.byte	4
 282 0102 A6       		.byte	-90
 283 0103 01       		.byte	1
 284 0104 AF       		.byte	-81
 285 0105 02       		.byte	2
ARM GAS  C:\Users\devdev\AppData\Local\Temp\ccQhO4YG.s 			page 6


 286 0106 B0       		.byte	-80
 287 0107 08       		.byte	8
 288 0108 B1       		.byte	-79
 289 0109 02       		.byte	2
 290 010a B2       		.byte	-78
 291 010b 01       		.byte	1
 292 010c B4       		.byte	-76
 293 010d 02       		.byte	2
 294 010e B5       		.byte	-75
 295 010f 01       		.byte	1
 296 0110 B6       		.byte	-74
 297 0111 04       		.byte	4
 298 0112 BE       		.byte	-66
 299 0113 50       		.byte	80
 300 0114 BF       		.byte	-65
 301 0115 01       		.byte	1
 302 0116 D6       		.byte	-42
 303 0117 08       		.byte	8
 304 0118 D8       		.byte	-40
 305 0119 04       		.byte	4
 306 011a D9       		.byte	-39
 307 011b 04       		.byte	4
 308 011c DB       		.byte	-37
 309 011d 04       		.byte	4
 310 011e DD       		.byte	-35
 311 011f 90       		.byte	-112
 312 0120 DF       		.byte	-33
 313 0121 01       		.byte	1
 314 0122 00       		.byte	0
 315 0123 80       		.byte	-128
 316 0124 05       		.byte	5
 317 0125 16       		.byte	22
 318 0126 0A       		.byte	10
 319 0127 01       		.byte	1
 320 0128 0B       		.byte	11
 321 0129 60       		.byte	96
 322 012a 0E       		.byte	14
 323 012b 21       		.byte	33
 324 012c 10       		.byte	16
 325 012d 20       		.byte	32
 326 012e 14       		.byte	20
 327 012f 21       		.byte	33
 328 0130 16       		.byte	22
 329 0131 16       		.byte	22
 330 0132 17       		.byte	23
 331 0133 01       		.byte	1
 332 0134 19       		.byte	25
 333 0135 08       		.byte	8
 334 0136 1A       		.byte	26
 335 0137 08       		.byte	8
 336 0138 1B       		.byte	27
 337 0139 42       		.byte	66
 338 013a 1C       		.byte	28
 339 013b 20       		.byte	32
 340 013c 1E       		.byte	30
 341 013d 09       		.byte	9
 342 013e 20       		.byte	32
ARM GAS  C:\Users\devdev\AppData\Local\Temp\ccQhO4YG.s 			page 7


 343 013f 04       		.byte	4
 344 0140 22       		.byte	34
 345 0141 01       		.byte	1
 346 0142 25       		.byte	37
 347 0143 28       		.byte	40
 348 0144 26       		.byte	38
 349 0145 10       		.byte	16
 350 0146 27       		.byte	39
 351 0147 21       		.byte	33
 352 0148 2A       		.byte	42
 353 0149 40       		.byte	64
 354 014a 2E       		.byte	46
 355 014b 02       		.byte	2
 356 014c 2F       		.byte	47
 357 014d 24       		.byte	36
 358 014e 30       		.byte	48
 359 014f 20       		.byte	32
 360 0150 32       		.byte	50
 361 0151 08       		.byte	8
 362 0152 36       		.byte	54
 363 0153 10       		.byte	16
 364 0154 37       		.byte	55
 365 0155 01       		.byte	1
 366 0156 3B       		.byte	59
 367 0157 40       		.byte	64
 368 0158 3E       		.byte	62
 369 0159 04       		.byte	4
 370 015a 3F       		.byte	63
 371 015b 02       		.byte	2
 372 015c 45       		.byte	69
 373 015d 20       		.byte	32
 374 015e 47       		.byte	71
 375 015f 01       		.byte	1
 376 0160 4D       		.byte	77
 377 0161 03       		.byte	3
 378 0162 4E       		.byte	78
 379 0163 04       		.byte	4
 380 0164 56       		.byte	86
 381 0165 14       		.byte	20
 382 0166 57       		.byte	87
 383 0167 20       		.byte	32
 384 0168 58       		.byte	88
 385 0169 02       		.byte	2
 386 016a 5A       		.byte	90
 387 016b 42       		.byte	66
 388 016c 5C       		.byte	92
 389 016d 20       		.byte	32
 390 016e 5D       		.byte	93
 391 016f 81       		.byte	-127
 392 0170 5E       		.byte	94
 393 0171 08       		.byte	8
 394 0172 63       		.byte	99
 395 0173 02       		.byte	2
 396 0174 88       		.byte	-120
 397 0175 10       		.byte	16
 398 0176 89       		.byte	-119
 399 0177 80       		.byte	-128
ARM GAS  C:\Users\devdev\AppData\Local\Temp\ccQhO4YG.s 			page 8


 400 0178 8F       		.byte	-113
 401 0179 40       		.byte	64
 402 017a 92       		.byte	-110
 403 017b 40       		.byte	64
 404 017c 93       		.byte	-109
 405 017d 60       		.byte	96
 406 017e 94       		.byte	-108
 407 017f 04       		.byte	4
 408 0180 9D       		.byte	-99
 409 0181 08       		.byte	8
 410 0182 A0       		.byte	-96
 411 0183 20       		.byte	32
 412 0184 A7       		.byte	-89
 413 0185 02       		.byte	2
 414 0186 AA       		.byte	-86
 415 0187 04       		.byte	4
 416 0188 AD       		.byte	-83
 417 0189 20       		.byte	32
 418 018a C0       		.byte	-64
 419 018b 71       		.byte	113
 420 018c C2       		.byte	-62
 421 018d AD       		.byte	-83
 422 018e C4       		.byte	-60
 423 018f F4       		.byte	-12
 424 0190 CA       		.byte	-54
 425 0191 E8       		.byte	-24
 426 0192 CC       		.byte	-52
 427 0193 A6       		.byte	-90
 428 0194 CE       		.byte	-50
 429 0195 C8       		.byte	-56
 430 0196 D0       		.byte	-48
 431 0197 A0       		.byte	-96
 432 0198 D2       		.byte	-46
 433 0199 20       		.byte	32
 434 019a D6       		.byte	-42
 435 019b F8       		.byte	-8
 436 019c D8       		.byte	-40
 437 019d 08       		.byte	8
 438 019e E8       		.byte	-24
 439 019f 08       		.byte	8
 440 01a0 EC       		.byte	-20
 441 01a1 04       		.byte	4
 442 01a2 00       		.byte	0
 443 01a3 04       		.byte	4
 444 01a4 04       		.byte	4
 445 01a5 08       		.byte	8
 446 01a6 0A       		.byte	10
 447 01a7 04       		.byte	4
 448 01a8 0B       		.byte	11
 449 01a9 06       		.byte	6
 450 01aa 11       		.byte	17
 451 01ab 04       		.byte	4
 452 01ac 12       		.byte	18
 453 01ad 02       		.byte	2
 454 01ae 1B       		.byte	27
 455 01af 01       		.byte	1
 456 01b0 26       		.byte	38
ARM GAS  C:\Users\devdev\AppData\Local\Temp\ccQhO4YG.s 			page 9


 457 01b1 08       		.byte	8
 458 01b2 28       		.byte	40
 459 01b3 01       		.byte	1
 460 01b4 30       		.byte	48
 461 01b5 01       		.byte	1
 462 01b6 31       		.byte	49
 463 01b7 02       		.byte	2
 464 01b8 32       		.byte	50
 465 01b9 02       		.byte	2
 466 01ba 34       		.byte	52
 467 01bb 04       		.byte	4
 468 01bc 35       		.byte	53
 469 01bd 04       		.byte	4
 470 01be 36       		.byte	54
 471 01bf 08       		.byte	8
 472 01c0 37       		.byte	55
 473 01c1 01       		.byte	1
 474 01c2 39       		.byte	57
 475 01c3 08       		.byte	8
 476 01c4 3E       		.byte	62
 477 01c5 01       		.byte	1
 478 01c6 40       		.byte	64
 479 01c7 30       		.byte	48
 480 01c8 41       		.byte	65
 481 01c9 06       		.byte	6
 482 01ca 45       		.byte	69
 483 01cb D1       		.byte	-47
 484 01cc 46       		.byte	70
 485 01cd 50       		.byte	80
 486 01ce 47       		.byte	71
 487 01cf 02       		.byte	2
 488 01d0 48       		.byte	72
 489 01d1 1B       		.byte	27
 490 01d2 49       		.byte	73
 491 01d3 FF       		.byte	-1
 492 01d4 4A       		.byte	74
 493 01d5 FF       		.byte	-1
 494 01d6 4B       		.byte	75
 495 01d7 FF       		.byte	-1
 496 01d8 4D       		.byte	77
 497 01d9 A0       		.byte	-96
 498 01da 4F       		.byte	79
 499 01db 04       		.byte	4
 500 01dc 50       		.byte	80
 501 01dd 18       		.byte	24
 502 01de 52       		.byte	82
 503 01df 80       		.byte	-128
 504 01e0 54       		.byte	84
 505 01e1 27       		.byte	39
 506 01e2 58       		.byte	88
 507 01e3 04       		.byte	4
 508 01e4 59       		.byte	89
 509 01e5 04       		.byte	4
 510 01e6 5A       		.byte	90
 511 01e7 04       		.byte	4
 512 01e8 5B       		.byte	91
 513 01e9 04       		.byte	4
ARM GAS  C:\Users\devdev\AppData\Local\Temp\ccQhO4YG.s 			page 10


 514 01ea 5F       		.byte	95
 515 01eb 01       		.byte	1
 516 01ec 60       		.byte	96
 517 01ed 40       		.byte	64
 518 01ee 62       		.byte	98
 519 01ef C0       		.byte	-64
 520 01f0 64       		.byte	100
 521 01f1 40       		.byte	64
 522 01f2 65       		.byte	101
 523 01f3 40       		.byte	64
 524 01f4 66       		.byte	102
 525 01f5 C0       		.byte	-64
 526 01f6 68       		.byte	104
 527 01f7 C0       		.byte	-64
 528 01f8 6A       		.byte	106
 529 01f9 C0       		.byte	-64
 530 01fa 6C       		.byte	108
 531 01fb C0       		.byte	-64
 532 01fc 6E       		.byte	110
 533 01fd C0       		.byte	-64
 534 01fe 80       		.byte	-128
 535 01ff 08       		.byte	8
 536 0200 83       		.byte	-125
 537 0201 01       		.byte	1
 538 0202 9E       		.byte	-98
 539 0203 0D       		.byte	13
 540 0204 A7       		.byte	-89
 541 0205 01       		.byte	1
 542 0206 AE       		.byte	-82
 543 0207 03       		.byte	3
 544 0208 B0       		.byte	-80
 545 0209 08       		.byte	8
 546 020a B2       		.byte	-78
 547 020b 02       		.byte	2
 548 020c B3       		.byte	-77
 549 020d 01       		.byte	1
 550 020e B4       		.byte	-76
 551 020f 01       		.byte	1
 552 0210 B6       		.byte	-74
 553 0211 04       		.byte	4
 554 0212 C0       		.byte	-64
 555 0213 30       		.byte	48
 556 0214 C1       		.byte	-63
 557 0215 02       		.byte	2
 558 0216 C5       		.byte	-59
 559 0217 D0       		.byte	-48
 560 0218 C6       		.byte	-58
 561 0219 50       		.byte	80
 562 021a C7       		.byte	-57
 563 021b 12       		.byte	18
 564 021c C8       		.byte	-56
 565 021d 3A       		.byte	58
 566 021e C9       		.byte	-55
 567 021f FF       		.byte	-1
 568 0220 CA       		.byte	-54
 569 0221 FF       		.byte	-1
 570 0222 CB       		.byte	-53
ARM GAS  C:\Users\devdev\AppData\Local\Temp\ccQhO4YG.s 			page 11


 571 0223 FF       		.byte	-1
 572 0224 CD       		.byte	-51
 573 0225 A0       		.byte	-96
 574 0226 CF       		.byte	-49
 575 0227 04       		.byte	4
 576 0228 D0       		.byte	-48
 577 0229 18       		.byte	24
 578 022a D2       		.byte	-46
 579 022b 80       		.byte	-128
 580 022c D4       		.byte	-44
 581 022d 27       		.byte	39
 582 022e D8       		.byte	-40
 583 022f 04       		.byte	4
 584 0230 D9       		.byte	-39
 585 0231 04       		.byte	4
 586 0232 DA       		.byte	-38
 587 0233 04       		.byte	4
 588 0234 DB       		.byte	-37
 589 0235 04       		.byte	4
 590 0236 DF       		.byte	-33
 591 0237 01       		.byte	1
 592 0238 E0       		.byte	-32
 593 0239 40       		.byte	64
 594 023a E2       		.byte	-30
 595 023b C0       		.byte	-64
 596 023c E4       		.byte	-28
 597 023d 40       		.byte	64
 598 023e E5       		.byte	-27
 599 023f 40       		.byte	64
 600 0240 E6       		.byte	-26
 601 0241 C0       		.byte	-64
 602 0242 E8       		.byte	-24
 603 0243 C0       		.byte	-64
 604 0244 EA       		.byte	-22
 605 0245 C0       		.byte	-64
 606 0246 EC       		.byte	-20
 607 0247 C0       		.byte	-64
 608 0248 EE       		.byte	-18
 609 0249 C0       		.byte	-64
 610 024a 00       		.byte	0
 611 024b 20       		.byte	32
 612 024c 01       		.byte	1
 613 024d 08       		.byte	8
 614 024e 02       		.byte	2
 615 024f 80       		.byte	-128
 616 0250 04       		.byte	4
 617 0251 01       		.byte	1
 618 0252 0B       		.byte	11
 619 0253 40       		.byte	64
 620 0254 0F       		.byte	15
 621 0255 02       		.byte	2
 622 0256 10       		.byte	16
 623 0257 20       		.byte	32
 624 0258 12       		.byte	18
 625 0259 08       		.byte	8
 626 025a 17       		.byte	23
 627 025b 80       		.byte	-128
ARM GAS  C:\Users\devdev\AppData\Local\Temp\ccQhO4YG.s 			page 12


 628 025c 18       		.byte	24
 629 025d 10       		.byte	16
 630 025e 19       		.byte	25
 631 025f 62       		.byte	98
 632 0260 1C       		.byte	28
 633 0261 01       		.byte	1
 634 0262 1D       		.byte	29
 635 0263 28       		.byte	40
 636 0264 1E       		.byte	30
 637 0265 80       		.byte	-128
 638 0266 21       		.byte	33
 639 0267 02       		.byte	2
 640 0268 22       		.byte	34
 641 0269 98       		.byte	-104
 642 026a 26       		.byte	38
 643 026b 04       		.byte	4
 644 026c 2F       		.byte	47
 645 026d 20       		.byte	32
 646 026e 30       		.byte	48
 647 026f 0C       		.byte	12
 648 0270 31       		.byte	49
 649 0271 02       		.byte	2
 650 0272 33       		.byte	51
 651 0273 20       		.byte	32
 652 0274 3B       		.byte	59
 653 0275 20       		.byte	32
 654 0276 3C       		.byte	60
 655 0277 02       		.byte	2
 656 0278 40       		.byte	64
 657 0279 10       		.byte	16
 658 027a 44       		.byte	68
 659 027b 08       		.byte	8
 660 027c 45       		.byte	69
 661 027d 08       		.byte	8
 662 027e 46       		.byte	70
 663 027f 08       		.byte	8
 664 0280 48       		.byte	72
 665 0281 28       		.byte	40
 666 0282 49       		.byte	73
 667 0283 01       		.byte	1
 668 0284 4D       		.byte	77
 669 0285 01       		.byte	1
 670 0286 50       		.byte	80
 671 0287 08       		.byte	8
 672 0288 53       		.byte	83
 673 0289 10       		.byte	16
 674 028a 54       		.byte	84
 675 028b 10       		.byte	16
 676 028c 56       		.byte	86
 677 028d 08       		.byte	8
 678 028e 57       		.byte	87
 679 028f 21       		.byte	33
 680 0290 58       		.byte	88
 681 0291 04       		.byte	4
 682 0292 59       		.byte	89
 683 0293 41       		.byte	65
 684 0294 5A       		.byte	90
ARM GAS  C:\Users\devdev\AppData\Local\Temp\ccQhO4YG.s 			page 13


 685 0295 20       		.byte	32
 686 0296 5C       		.byte	92
 687 0297 08       		.byte	8
 688 0298 5D       		.byte	93
 689 0299 21       		.byte	33
 690 029a 5E       		.byte	94
 691 029b 80       		.byte	-128
 692 029c 61       		.byte	97
 693 029d 10       		.byte	16
 694 029e 65       		.byte	101
 695 029f 10       		.byte	16
 696 02a0 73       		.byte	115
 697 02a1 40       		.byte	64
 698 02a2 74       		.byte	116
 699 02a3 01       		.byte	1
 700 02a4 77       		.byte	119
 701 02a5 80       		.byte	-128
 702 02a6 8C       		.byte	-116
 703 02a7 04       		.byte	4
 704 02a8 8D       		.byte	-115
 705 02a9 12       		.byte	18
 706 02aa 92       		.byte	-110
 707 02ab 40       		.byte	64
 708 02ac A7       		.byte	-89
 709 02ad 02       		.byte	2
 710 02ae B6       		.byte	-74
 711 02af 40       		.byte	64
 712 02b0 C0       		.byte	-64
 713 02b1 1E       		.byte	30
 714 02b2 C2       		.byte	-62
 715 02b3 88       		.byte	-120
 716 02b4 C4       		.byte	-60
 717 02b5 86       		.byte	-122
 718 02b6 CA       		.byte	-54
 719 02b7 40       		.byte	64
 720 02b8 CC       		.byte	-52
 721 02b9 05       		.byte	5
 722 02ba CE       		.byte	-50
 723 02bb 84       		.byte	-124
 724 02bc D0       		.byte	-48
 725 02bd 62       		.byte	98
 726 02be D2       		.byte	-46
 727 02bf 04       		.byte	4
 728 02c0 D6       		.byte	-42
 729 02c1 FF       		.byte	-1
 730 02c2 D8       		.byte	-40
 731 02c3 24       		.byte	36
 732 02c4 87       		.byte	-121
 733 02c5 02       		.byte	2
 734 02c6 E0       		.byte	-32
 735 02c7 08       		.byte	8
 736 02c8 E2       		.byte	-30
 737 02c9 10       		.byte	16
 738 02ca E6       		.byte	-26
 739 02cb 01       		.byte	1
 740 02cc 00       		.byte	0
 741 02cd 08       		.byte	8
ARM GAS  C:\Users\devdev\AppData\Local\Temp\ccQhO4YG.s 			page 14


 742 02ce 04       		.byte	4
 743 02cf 04       		.byte	4
 744 02d0 07       		.byte	7
 745 02d1 0E       		.byte	14
 746 02d2 0C       		.byte	12
 747 02d3 31       		.byte	49
 748 02d4 0E       		.byte	14
 749 02d5 02       		.byte	2
 750 02d6 10       		.byte	16
 751 02d7 14       		.byte	20
 752 02d8 12       		.byte	18
 753 02d9 01       		.byte	1
 754 02da 14       		.byte	20
 755 02db 31       		.byte	49
 756 02dc 15       		.byte	21
 757 02dd 08       		.byte	8
 758 02de 16       		.byte	22
 759 02df 06       		.byte	6
 760 02e0 1A       		.byte	26
 761 02e1 27       		.byte	39
 762 02e2 2F       		.byte	47
 763 02e3 05       		.byte	5
 764 02e4 30       		.byte	48
 765 02e5 07       		.byte	7
 766 02e6 31       		.byte	49
 767 02e7 04       		.byte	4
 768 02e8 32       		.byte	50
 769 02e9 30       		.byte	48
 770 02ea 33       		.byte	51
 771 02eb 01       		.byte	1
 772 02ec 34       		.byte	52
 773 02ed 08       		.byte	8
 774 02ee 35       		.byte	53
 775 02ef 02       		.byte	2
 776 02f0 37       		.byte	55
 777 02f1 08       		.byte	8
 778 02f2 38       		.byte	56
 779 02f3 08       		.byte	8
 780 02f4 3A       		.byte	58
 781 02f5 02       		.byte	2
 782 02f6 3E       		.byte	62
 783 02f7 04       		.byte	4
 784 02f8 40       		.byte	64
 785 02f9 20       		.byte	32
 786 02fa 41       		.byte	65
 787 02fb 06       		.byte	6
 788 02fc 45       		.byte	69
 789 02fd D1       		.byte	-47
 790 02fe 46       		.byte	70
 791 02ff 20       		.byte	32
 792 0300 48       		.byte	72
 793 0301 0B       		.byte	11
 794 0302 49       		.byte	73
 795 0303 FF       		.byte	-1
 796 0304 4A       		.byte	74
 797 0305 FF       		.byte	-1
 798 0306 4B       		.byte	75
ARM GAS  C:\Users\devdev\AppData\Local\Temp\ccQhO4YG.s 			page 15


 799 0307 FF       		.byte	-1
 800 0308 4D       		.byte	77
 801 0309 A0       		.byte	-96
 802 030a 4F       		.byte	79
 803 030b 04       		.byte	4
 804 030c 50       		.byte	80
 805 030d 18       		.byte	24
 806 030e 52       		.byte	82
 807 030f 80       		.byte	-128
 808 0310 54       		.byte	84
 809 0311 25       		.byte	37
 810 0312 58       		.byte	88
 811 0313 04       		.byte	4
 812 0314 59       		.byte	89
 813 0315 04       		.byte	4
 814 0316 5A       		.byte	90
 815 0317 04       		.byte	4
 816 0318 5B       		.byte	91
 817 0319 04       		.byte	4
 818 031a 5C       		.byte	92
 819 031b 12       		.byte	18
 820 031c 5D       		.byte	93
 821 031d 11       		.byte	17
 822 031e 5F       		.byte	95
 823 031f 01       		.byte	1
 824 0320 60       		.byte	96
 825 0321 40       		.byte	64
 826 0322 62       		.byte	98
 827 0323 C0       		.byte	-64
 828 0324 64       		.byte	100
 829 0325 40       		.byte	64
 830 0326 65       		.byte	101
 831 0327 40       		.byte	64
 832 0328 66       		.byte	102
 833 0329 C0       		.byte	-64
 834 032a 68       		.byte	104
 835 032b C0       		.byte	-64
 836 032c 6A       		.byte	106
 837 032d C0       		.byte	-64
 838 032e 6C       		.byte	108
 839 032f C0       		.byte	-64
 840 0330 6E       		.byte	110
 841 0331 C0       		.byte	-64
 842 0332 81       		.byte	-127
 843 0333 08       		.byte	8
 844 0334 85       		.byte	-123
 845 0335 0C       		.byte	12
 846 0336 89       		.byte	-119
 847 0337 0C       		.byte	12
 848 0338 8B       		.byte	-117
 849 0339 13       		.byte	19
 850 033a 90       		.byte	-112
 851 033b 01       		.byte	1
 852 033c 95       		.byte	-107
 853 033d 1F       		.byte	31
 854 033e 96       		.byte	-106
 855 033f 02       		.byte	2
ARM GAS  C:\Users\devdev\AppData\Local\Temp\ccQhO4YG.s 			page 16


 856 0340 99       		.byte	-103
 857 0341 04       		.byte	4
 858 0342 9F       		.byte	-97
 859 0343 12       		.byte	18
 860 0344 A1       		.byte	-95
 861 0345 0E       		.byte	14
 862 0346 A3       		.byte	-93
 863 0347 11       		.byte	17
 864 0348 A5       		.byte	-91
 865 0349 13       		.byte	19
 866 034a A7       		.byte	-89
 867 034b 0C       		.byte	12
 868 034c AE       		.byte	-82
 869 034d 02       		.byte	2
 870 034e B1       		.byte	-79
 871 034f 01       		.byte	1
 872 0350 B2       		.byte	-78
 873 0351 01       		.byte	1
 874 0352 B3       		.byte	-77
 875 0353 0E       		.byte	14
 876 0354 B4       		.byte	-76
 877 0355 02       		.byte	2
 878 0356 B5       		.byte	-75
 879 0357 1C       		.byte	28
 880 0358 B9       		.byte	-71
 881 0359 02       		.byte	2
 882 035a BB       		.byte	-69
 883 035b 20       		.byte	32
 884 035c BE       		.byte	-66
 885 035d 14       		.byte	20
 886 035e C0       		.byte	-64
 887 035f 03       		.byte	3
 888 0360 C5       		.byte	-59
 889 0361 15       		.byte	21
 890 0362 C8       		.byte	-56
 891 0363 03       		.byte	3
 892 0364 C9       		.byte	-55
 893 0365 FF       		.byte	-1
 894 0366 CA       		.byte	-54
 895 0367 07       		.byte	7
 896 0368 CB       		.byte	-53
 897 0369 FF       		.byte	-1
 898 036a CC       		.byte	-52
 899 036b 40       		.byte	64
 900 036c CD       		.byte	-51
 901 036d 20       		.byte	32
 902 036e CE       		.byte	-50
 903 036f F0       		.byte	-16
 904 0370 CF       		.byte	-49
 905 0371 05       		.byte	5
 906 0372 D0       		.byte	-48
 907 0373 08       		.byte	8
 908 0374 D4       		.byte	-44
 909 0375 18       		.byte	24
 910 0376 D6       		.byte	-42
 911 0377 04       		.byte	4
 912 0378 D8       		.byte	-40
ARM GAS  C:\Users\devdev\AppData\Local\Temp\ccQhO4YG.s 			page 17


 913 0379 04       		.byte	4
 914 037a D9       		.byte	-39
 915 037b 04       		.byte	4
 916 037c DA       		.byte	-38
 917 037d 04       		.byte	4
 918 037e DB       		.byte	-37
 919 037f 04       		.byte	4
 920 0380 DC       		.byte	-36
 921 0381 20       		.byte	32
 922 0382 DD       		.byte	-35
 923 0383 22       		.byte	34
 924 0384 DF       		.byte	-33
 925 0385 01       		.byte	1
 926 0386 E0       		.byte	-32
 927 0387 40       		.byte	64
 928 0388 E1       		.byte	-31
 929 0389 A8       		.byte	-88
 930 038a E2       		.byte	-30
 931 038b 40       		.byte	64
 932 038c E3       		.byte	-29
 933 038d 20       		.byte	32
 934 038e 04       		.byte	4
 935 038f 20       		.byte	32
 936 0390 05       		.byte	5
 937 0391 25       		.byte	37
 938 0392 07       		.byte	7
 939 0393 01       		.byte	1
 940 0394 0B       		.byte	11
 941 0395 A0       		.byte	-96
 942 0396 0C       		.byte	12
 943 0397 01       		.byte	1
 944 0398 0E       		.byte	14
 945 0399 64       		.byte	100
 946 039a 12       		.byte	18
 947 039b 02       		.byte	2
 948 039c 18       		.byte	24
 949 039d 24       		.byte	36
 950 039e 1C       		.byte	28
 951 039f 10       		.byte	16
 952 03a0 1D       		.byte	29
 953 03a1 10       		.byte	16
 954 03a2 1E       		.byte	30
 955 03a3 44       		.byte	68
 956 03a4 21       		.byte	33
 957 03a5 30       		.byte	48
 958 03a6 22       		.byte	34
 959 03a7 0A       		.byte	10
 960 03a8 23       		.byte	35
 961 03a9 10       		.byte	16
 962 03aa 25       		.byte	37
 963 03ab 01       		.byte	1
 964 03ac 26       		.byte	38
 965 03ad 80       		.byte	-128
 966 03ae 27       		.byte	39
 967 03af 18       		.byte	24
 968 03b0 2B       		.byte	43
 969 03b1 A0       		.byte	-96
ARM GAS  C:\Users\devdev\AppData\Local\Temp\ccQhO4YG.s 			page 18


 970 03b2 2E       		.byte	46
 971 03b3 80       		.byte	-128
 972 03b4 30       		.byte	48
 973 03b5 20       		.byte	32
 974 03b6 31       		.byte	49
 975 03b7 08       		.byte	8
 976 03b8 32       		.byte	50
 977 03b9 40       		.byte	64
 978 03ba 35       		.byte	53
 979 03bb 80       		.byte	-128
 980 03bc 36       		.byte	54
 981 03bd 80       		.byte	-128
 982 03be 37       		.byte	55
 983 03bf 08       		.byte	8
 984 03c0 38       		.byte	56
 985 03c1 08       		.byte	8
 986 03c2 39       		.byte	57
 987 03c3 20       		.byte	32
 988 03c4 3A       		.byte	58
 989 03c5 02       		.byte	2
 990 03c6 3F       		.byte	63
 991 03c7 04       		.byte	4
 992 03c8 40       		.byte	64
 993 03c9 10       		.byte	16
 994 03ca 47       		.byte	71
 995 03cb 10       		.byte	16
 996 03cc 48       		.byte	72
 997 03cd 40       		.byte	64
 998 03ce 49       		.byte	73
 999 03cf 05       		.byte	5
 1000 03d0 4B       		.byte	75
 1001 03d1 08       		.byte	8
 1002 03d2 4F       		.byte	79
 1003 03d3 25       		.byte	37
 1004 03d4 57       		.byte	87
 1005 03d5 10       		.byte	16
 1006 03d6 5A       		.byte	90
 1007 03d7 02       		.byte	2
 1008 03d8 5D       		.byte	93
 1009 03d9 84       		.byte	-124
 1010 03da 5F       		.byte	95
 1011 03db 01       		.byte	1
 1012 03dc 60       		.byte	96
 1013 03dd 86       		.byte	-122
 1014 03de 65       		.byte	101
 1015 03df 20       		.byte	32
 1016 03e0 76       		.byte	118
 1017 03e1 80       		.byte	-128
 1018 03e2 79       		.byte	121
 1019 03e3 04       		.byte	4
 1020 03e4 7B       		.byte	123
 1021 03e5 10       		.byte	16
 1022 03e6 80       		.byte	-128
 1023 03e7 80       		.byte	-128
 1024 03e8 96       		.byte	-106
 1025 03e9 04       		.byte	4
 1026 03ea 97       		.byte	-105
ARM GAS  C:\Users\devdev\AppData\Local\Temp\ccQhO4YG.s 			page 19


 1027 03eb 08       		.byte	8
 1028 03ec 98       		.byte	-104
 1029 03ed 02       		.byte	2
 1030 03ee 9B       		.byte	-101
 1031 03ef 21       		.byte	33
 1032 03f0 9C       		.byte	-100
 1033 03f1 01       		.byte	1
 1034 03f2 9D       		.byte	-99
 1035 03f3 14       		.byte	20
 1036 03f4 9E       		.byte	-98
 1037 03f5 40       		.byte	64
 1038 03f6 A1       		.byte	-95
 1039 03f7 08       		.byte	8
 1040 03f8 A2       		.byte	-94
 1041 03f9 10       		.byte	16
 1042 03fa A4       		.byte	-92
 1043 03fb 40       		.byte	64
 1044 03fc A6       		.byte	-90
 1045 03fd 08       		.byte	8
 1046 03fe B2       		.byte	-78
 1047 03ff 40       		.byte	64
 1048 0400 C0       		.byte	-64
 1049 0401 B0       		.byte	-80
 1050 0402 C2       		.byte	-62
 1051 0403 7C       		.byte	124
 1052 0404 C4       		.byte	-60
 1053 0405 01       		.byte	1
 1054 0406 CA       		.byte	-54
 1055 0407 13       		.byte	19
 1056 0408 CC       		.byte	-52
 1057 0409 4E       		.byte	78
 1058 040a CE       		.byte	-50
 1059 040b 47       		.byte	71
 1060 040c D0       		.byte	-48
 1061 040d 22       		.byte	34
 1062 040e D2       		.byte	-46
 1063 040f 20       		.byte	32
 1064 0410 D6       		.byte	-42
 1065 0411 D1       		.byte	-47
 1066 0412 D8       		.byte	-40
 1067 0413 2D       		.byte	45
 1068 0414 83       		.byte	-125
 1069 0415 05       		.byte	5
 1070 0416 8B       		.byte	-117
 1071 0417 04       		.byte	4
 1072 0418 97       		.byte	-105
 1073 0419 02       		.byte	2
 1074 041a B1       		.byte	-79
 1075 041b 06       		.byte	6
 1076 041c B7       		.byte	-73
 1077 041d 01       		.byte	1
 1078 041e B8       		.byte	-72
 1079 041f 80       		.byte	-128
 1080 0420 BF       		.byte	-65
 1081 0421 01       		.byte	1
 1082 0422 D6       		.byte	-42
 1083 0423 08       		.byte	8
ARM GAS  C:\Users\devdev\AppData\Local\Temp\ccQhO4YG.s 			page 20


 1084 0424 D8       		.byte	-40
 1085 0425 04       		.byte	4
 1086 0426 D9       		.byte	-39
 1087 0427 04       		.byte	4
 1088 0428 DB       		.byte	-37
 1089 0429 04       		.byte	4
 1090 042a DC       		.byte	-36
 1091 042b 21       		.byte	33
 1092 042c DD       		.byte	-35
 1093 042d 90       		.byte	-112
 1094 042e DF       		.byte	-33
 1095 042f 01       		.byte	1
 1096 0430 01       		.byte	1
 1097 0431 80       		.byte	-128
 1098 0432 03       		.byte	3
 1099 0433 A4       		.byte	-92
 1100 0434 09       		.byte	9
 1101 0435 28       		.byte	40
 1102 0436 0A       		.byte	10
 1103 0437 80       		.byte	-128
 1104 0438 0B       		.byte	11
 1105 0439 01       		.byte	1
 1106 043a 10       		.byte	16
 1107 043b A4       		.byte	-92
 1108 043c 11       		.byte	17
 1109 043d 80       		.byte	-128
 1110 043e 13       		.byte	19
 1111 043f 20       		.byte	32
 1112 0440 19       		.byte	25
 1113 0441 01       		.byte	1
 1114 0442 1B       		.byte	27
 1115 0443 A0       		.byte	-96
 1116 0444 1F       		.byte	31
 1117 0445 40       		.byte	64
 1118 0446 20       		.byte	32
 1119 0447 22       		.byte	34
 1120 0448 22       		.byte	34
 1121 0449 41       		.byte	65
 1122 044a 23       		.byte	35
 1123 044b 08       		.byte	8
 1124 044c 24       		.byte	36
 1125 044d 40       		.byte	64
 1126 044e 25       		.byte	37
 1127 044f 40       		.byte	64
 1128 0450 28       		.byte	40
 1129 0451 01       		.byte	1
 1130 0452 29       		.byte	41
 1131 0453 04       		.byte	4
 1132 0454 2A       		.byte	42
 1133 0455 20       		.byte	32
 1134 0456 2B       		.byte	43
 1135 0457 80       		.byte	-128
 1136 0458 30       		.byte	48
 1137 0459 04       		.byte	4
 1138 045a 31       		.byte	49
 1139 045b 20       		.byte	32
 1140 045c 32       		.byte	50
ARM GAS  C:\Users\devdev\AppData\Local\Temp\ccQhO4YG.s 			page 21


 1141 045d 40       		.byte	64
 1142 045e 35       		.byte	53
 1143 045f 04       		.byte	4
 1144 0460 37       		.byte	55
 1145 0461 0C       		.byte	12
 1146 0462 39       		.byte	57
 1147 0463 54       		.byte	84
 1148 0464 3B       		.byte	59
 1149 0465 02       		.byte	2
 1150 0466 3C       		.byte	60
 1151 0467 20       		.byte	32
 1152 0468 3E       		.byte	62
 1153 0469 20       		.byte	32
 1154 046a 3F       		.byte	63
 1155 046b 01       		.byte	1
 1156 046c 40       		.byte	64
 1157 046d 40       		.byte	64
 1158 046e 42       		.byte	66
 1159 046f 10       		.byte	16
 1160 0470 43       		.byte	67
 1161 0471 20       		.byte	32
 1162 0472 48       		.byte	72
 1163 0473 01       		.byte	1
 1164 0474 4B       		.byte	75
 1165 0475 10       		.byte	16
 1166 0476 52       		.byte	82
 1167 0477 40       		.byte	64
 1168 0478 53       		.byte	83
 1169 0479 10       		.byte	16
 1170 047a 59       		.byte	89
 1171 047b 01       		.byte	1
 1172 047c 5A       		.byte	90
 1173 047d 10       		.byte	16
 1174 047e 5B       		.byte	91
 1175 047f 20       		.byte	32
 1176 0480 5F       		.byte	95
 1177 0481 40       		.byte	64
 1178 0482 64       		.byte	100
 1179 0483 01       		.byte	1
 1180 0484 67       		.byte	103
 1181 0485 01       		.byte	1
 1182 0486 69       		.byte	105
 1183 0487 54       		.byte	84
 1184 0488 70       		.byte	112
 1185 0489 A4       		.byte	-92
 1186 048a 71       		.byte	113
 1187 048b 08       		.byte	8
 1188 048c 72       		.byte	114
 1189 048d 02       		.byte	2
 1190 048e 83       		.byte	-125
 1191 048f 21       		.byte	33
 1192 0490 87       		.byte	-121
 1193 0491 40       		.byte	64
 1194 0492 88       		.byte	-120
 1195 0493 10       		.byte	16
 1196 0494 89       		.byte	-119
 1197 0495 80       		.byte	-128
ARM GAS  C:\Users\devdev\AppData\Local\Temp\ccQhO4YG.s 			page 22


 1198 0496 8D       		.byte	-115
 1199 0497 01       		.byte	1
 1200 0498 93       		.byte	-109
 1201 0499 10       		.byte	16
 1202 049a 94       		.byte	-108
 1203 049b 08       		.byte	8
 1204 049c 96       		.byte	-106
 1205 049d 82       		.byte	-126
 1206 049e 97       		.byte	-105
 1207 049f A0       		.byte	-96
 1208 04a0 9B       		.byte	-101
 1209 04a1 20       		.byte	32
 1210 04a2 9E       		.byte	-98
 1211 04a3 42       		.byte	66
 1212 04a4 A1       		.byte	-95
 1213 04a5 21       		.byte	33
 1214 04a6 A4       		.byte	-92
 1215 04a7 20       		.byte	32
 1216 04a8 A7       		.byte	-89
 1217 04a9 A0       		.byte	-96
 1218 04aa C0       		.byte	-64
 1219 04ab 0F       		.byte	15
 1220 04ac C2       		.byte	-62
 1221 04ad 0F       		.byte	15
 1222 04ae C4       		.byte	-60
 1223 04af 0F       		.byte	15
 1224 04b0 CA       		.byte	-54
 1225 04b1 0F       		.byte	15
 1226 04b2 CC       		.byte	-52
 1227 04b3 4E       		.byte	78
 1228 04b4 CE       		.byte	-50
 1229 04b5 AF       		.byte	-81
 1230 04b6 D0       		.byte	-48
 1231 04b7 07       		.byte	7
 1232 04b8 D2       		.byte	-46
 1233 04b9 0C       		.byte	12
 1234 04ba D6       		.byte	-42
 1235 04bb 11       		.byte	17
 1236 04bc D8       		.byte	-40
 1237 04bd 10       		.byte	16
 1238 04be E2       		.byte	-30
 1239 04bf 10       		.byte	16
 1240 04c0 E6       		.byte	-26
 1241 04c1 02       		.byte	2
 1242 04c2 32       		.byte	50
 1243 04c3 40       		.byte	64
 1244 04c4 CC       		.byte	-52
 1245 04c5 10       		.byte	16
 1246 04c6 96       		.byte	-106
 1247 04c7 80       		.byte	-128
 1248 04c8 96       		.byte	-106
 1249 04c9 80       		.byte	-128
 1250 04ca 96       		.byte	-106
 1251 04cb 80       		.byte	-128
 1252 04cc 50       		.byte	80
 1253 04cd 02       		.byte	2
 1254 04ce 55       		.byte	85
ARM GAS  C:\Users\devdev\AppData\Local\Temp\ccQhO4YG.s 			page 23


 1255 04cf 04       		.byte	4
 1256 04d0 D4       		.byte	-44
 1257 04d1 03       		.byte	3
 1258 04d2 01       		.byte	1
 1259 04d3 80       		.byte	-128
 1260 04d4 05       		.byte	5
 1261 04d5 20       		.byte	32
 1262 04d6 59       		.byte	89
 1263 04d7 01       		.byte	1
 1264 04d8 67       		.byte	103
 1265 04d9 80       		.byte	-128
 1266 04da 84       		.byte	-124
 1267 04db 02       		.byte	2
 1268 04dc A4       		.byte	-92
 1269 04dd 02       		.byte	2
 1270 04de A5       		.byte	-91
 1271 04df 04       		.byte	4
 1272 04e0 C0       		.byte	-64
 1273 04e1 03       		.byte	3
 1274 04e2 D6       		.byte	-42
 1275 04e3 02       		.byte	2
 1276 04e4 D8       		.byte	-40
 1277 04e5 01       		.byte	1
 1278 04e6 51       		.byte	81
 1279 04e7 04       		.byte	4
 1280 04e8 57       		.byte	87
 1281 04e9 80       		.byte	-128
 1282 04ea 8D       		.byte	-115
 1283 04eb 04       		.byte	4
 1284 04ec 97       		.byte	-105
 1285 04ed 80       		.byte	-128
 1286 04ee 99       		.byte	-103
 1287 04ef 20       		.byte	32
 1288 04f0 9D       		.byte	-99
 1289 04f1 01       		.byte	1
 1290 04f2 A5       		.byte	-91
 1291 04f3 04       		.byte	4
 1292 04f4 B5       		.byte	-75
 1293 04f5 80       		.byte	-128
 1294 04f6 D4       		.byte	-44
 1295 04f7 06       		.byte	6
 1296 04f8 E4       		.byte	-28
 1297 04f9 02       		.byte	2
 1298 04fa EE       		.byte	-18
 1299 04fb 02       		.byte	2
 1300 04fc 8D       		.byte	-115
 1301 04fd 01       		.byte	1
 1302 04fe 97       		.byte	-105
 1303 04ff 80       		.byte	-128
 1304 0500 99       		.byte	-103
 1305 0501 20       		.byte	32
 1306 0502 9D       		.byte	-99
 1307 0503 01       		.byte	1
 1308 0504 AB       		.byte	-85
 1309 0505 80       		.byte	-128
 1310 0506 AD       		.byte	-83
 1311 0507 04       		.byte	4
ARM GAS  C:\Users\devdev\AppData\Local\Temp\ccQhO4YG.s 			page 24


 1312 0508 E4       		.byte	-28
 1313 0509 02       		.byte	2
 1314 050a 82       		.byte	-126
 1315 050b 40       		.byte	64
 1316 050c 96       		.byte	-106
 1317 050d 80       		.byte	-128
 1318 050e E6       		.byte	-26
 1319 050f 80       		.byte	-128
 1320 0510 7C       		.byte	124
 1321 0511 80       		.byte	-128
 1322 0512 8C       		.byte	-116
 1323 0513 80       		.byte	-128
 1324 0514 DE       		.byte	-34
 1325 0515 20       		.byte	32
 1326 0516 99       		.byte	-103
 1327 0517 20       		.byte	32
 1328 0518 B3       		.byte	-77
 1329 0519 40       		.byte	64
 1330 051a EC       		.byte	-20
 1331 051b 01       		.byte	1
 1332 051c 85       		.byte	-123
 1333 051d 20       		.byte	32
 1334 051e 99       		.byte	-103
 1335 051f 20       		.byte	32
 1336 0520 00       		.byte	0
 1337 0521 05       		.byte	5
 1338 0522 01       		.byte	1
 1339 0523 01       		.byte	1
 1340 0524 0C       		.byte	12
 1341 0525 05       		.byte	5
 1342 0526 0D       		.byte	13
 1343 0527 01       		.byte	1
 1344 0528 10       		.byte	16
 1345 0529 06       		.byte	6
 1346 052a 11       		.byte	17
 1347 052b 01       		.byte	1
 1348 052c 1C       		.byte	28
 1349 052d 06       		.byte	6
 1350 052e 1D       		.byte	29
 1351 052f 01       		.byte	1
 1352 0530 00       		.byte	0
 1353 0531 03       		.byte	3
 1354 0532 00       		.byte	0
 1355 0533 00       		.byte	0
 1356 0534 CC       		.byte	-52
 1357 0535 03       		.byte	3
 1358 0536 23       		.byte	35
 1359 0537 00       		.byte	0
 1360 0538 F3       		.byte	-13
 1361 0539 FC       		.byte	-4
 1362 053a 0C       		.byte	12
 1363 053b 00       		.byte	0
 1364 053c 03       		.byte	3
 1365 053d FC       		.byte	-4
 1366 053e 00       		.byte	0
 1367 053f 00       		.byte	0
 1368 0540 01       		.byte	1
ARM GAS  C:\Users\devdev\AppData\Local\Temp\ccQhO4YG.s 			page 25


 1369 0541 10       		.byte	16
 1370 0542 00       		.byte	0
 1371 0543 00       		.byte	0
 1372 0544 00       		.byte	0
 1373 0545 00       		.byte	0
 1374 0546 33       		.byte	51
 1375 0547 00       		.byte	0
 1376 0548 0C       		.byte	12
 1377 0549 03       		.byte	3
 1378 054a 00       		.byte	0
 1379 054b 00       		.byte	0
 1380 054c CF       		.byte	-49
 1381 054d 00       		.byte	0
 1382 054e 10       		.byte	16
 1383 054f 03       		.byte	3
 1384 0550 42       		.byte	66
 1385 0551 00       		.byte	0
 1386 0552 00       		.byte	0
 1387 0553 03       		.byte	3
 1388 0554 08       		.byte	8
 1389 0555 00       		.byte	0
 1390 0556 00       		.byte	0
 1391 0557 03       		.byte	3
 1392 0558 04       		.byte	4
 1393 0559 23       		.byte	35
 1394 055a 00       		.byte	0
 1395 055b C0       		.byte	-64
 1396 055c FF       		.byte	-1
 1397 055d 45       		.byte	69
 1398 055e 00       		.byte	0
 1399 055f 28       		.byte	40
 1400 0560 00       		.byte	0
 1401 0561 8A       		.byte	-118
 1402 0562 40       		.byte	64
 1403 0563 24       		.byte	36
 1404 0564 80       		.byte	-128
 1405 0565 03       		.byte	3
 1406 0566 00       		.byte	0
 1407 0567 0C       		.byte	12
 1408 0568 0F       		.byte	15
 1409 0569 E0       		.byte	-32
 1410 056a 7C       		.byte	124
 1411 056b 10       		.byte	16
 1412 056c 00       		.byte	0
 1413 056d 00       		.byte	0
 1414 056e A0       		.byte	-96
 1415 056f 00       		.byte	0
 1416 0570 00       		.byte	0
 1417 0571 00       		.byte	0
 1418 0572 01       		.byte	1
 1419 0573 00       		.byte	0
 1420 0574 25       		.byte	37
 1421 0575 03       		.byte	3
 1422 0576 06       		.byte	6
 1423 0577 00       		.byte	0
 1424 0578 04       		.byte	4
 1425 0579 00       		.byte	0
ARM GAS  C:\Users\devdev\AppData\Local\Temp\ccQhO4YG.s 			page 26


 1426 057a EC       		.byte	-20
 1427 057b 00       		.byte	0
 1428 057c 0C       		.byte	12
 1429 057d FF       		.byte	-1
 1430 057e FF       		.byte	-1
 1431 057f FF       		.byte	-1
 1432 0580 62       		.byte	98
 1433 0581 A0       		.byte	-96
 1434 0582 F0       		.byte	-16
 1435 0583 41       		.byte	65
 1436 0584 0C       		.byte	12
 1437 0585 00       		.byte	0
 1438 0586 00       		.byte	0
 1439 0587 00       		.byte	0
 1440 0588 00       		.byte	0
 1441 0589 00       		.byte	0
 1442 058a 02       		.byte	2
 1443 058b 13       		.byte	19
 1444 058c 04       		.byte	4
 1445 058d 04       		.byte	4
 1446 058e 04       		.byte	4
 1447 058f 04       		.byte	4
 1448 0590 22       		.byte	34
 1449 0591 22       		.byte	34
 1450 0592 00       		.byte	0
 1451 0593 01       		.byte	1
 1452 0594 00       		.byte	0
 1453 0595 00       		.byte	0
 1454 0596 00       		.byte	0
 1455 0597 00       		.byte	0
 1456 0598 00       		.byte	0
 1457 0599 00       		.byte	0
 1458 059a 40       		.byte	64
 1459 059b 02       		.byte	2
 1460 059c 00       		.byte	0
 1461 059d 10       		.byte	16
 1462 059e 30       		.byte	48
 1463 059f 10       		.byte	16
 1464 05a0 00       		.byte	0
 1465 05a1 10       		.byte	16
 1466 05a2 10       		.byte	16
 1467 05a3 12       		.byte	18
 1468 05a4 00       		.byte	0
 1469 05a5 00       		.byte	0
 1470 05a6 00       		.byte	0
 1471 05a7 00       		.byte	0
 1472 05a8 00       		.byte	0
 1473 05a9 00       		.byte	0
 1474 05aa 00       		.byte	0
 1475 05ab 00       		.byte	0
 1476 05ac 00       		.byte	0
 1477 05ad 00       		.byte	0
 1478 05ae 00       		.byte	0
 1479 05af 00       		.byte	0
 1480 05b0 00       		.byte	0
 1481 05b1 00       		.byte	0
 1482 05b2 00       		.byte	0
ARM GAS  C:\Users\devdev\AppData\Local\Temp\ccQhO4YG.s 			page 27


 1483 05b3 00       		.byte	0
 1484 05b4 00       		.byte	0
 1485 05b5 7F       		.byte	127
 1486 05b6 7F       		.byte	127
 1487 05b7 00       		.byte	0
 1488 05b8 00       		.byte	0
 1489 05b9 00       		.byte	0
 1490 05ba 00       		.byte	0
 1491 05bb 00       		.byte	0
 1492 05bc 00       		.byte	0
 1493 05bd 08       		.byte	8
 1494 05be 08       		.byte	8
 1495 05bf 00       		.byte	0
 1496 05c0 08       		.byte	8
 1497 05c1 00       		.byte	0
 1498 05c2 00       		.byte	0
 1499 05c3 00       		.byte	0
 1500 05c4 30       		.byte	48
 1501 05c5 00       		.byte	0
 1502 05c6 00       		.byte	0
 1503 05c7 30       		.byte	48
 1504 05c8 30       		.byte	48
 1505 05c9 00       		.byte	0
 1506 05ca 30       		.byte	48
 1507 05cb 00       		.byte	0
 1508 05cc 00       		.byte	0
 1509 05cd 00       		.byte	0
 1510 05ce 00       		.byte	0
 1511 05cf 00       		.byte	0
 1512 05d0 20       		.byte	32
 1513 05d1 00       		.byte	0
 1514 05d2 0C       		.byte	12
 1515 05d3 A0       		.byte	-96
 1516 05d4 A0       		.byte	-96
 1517 05d5 00       		.byte	0
 1518 05d6 A0       		.byte	-96
 1519 05d7 00       		.byte	0
 1520 05d8 00       		.byte	0
 1521 05d9 00       		.byte	0
 1522 05da 00       		.byte	0
 1523 05db 00       		.byte	0
 1524 05dc 00       		.byte	0
 1525 05dd 40       		.byte	64
 1526 05de 40       		.byte	64
 1527 05df 00       		.byte	0
 1528 05e0 00       		.byte	0
 1529 05e1 00       		.byte	0
 1530 05e2 00       		.byte	0
 1531 05e3 00       		.byte	0
 1532 05e4 00       		.byte	0
 1533 05e5 F0       		.byte	-16
 1534 05e6 F0       		.byte	-16
 1535 05e7 00       		.byte	0
 1536 05e8 00       		.byte	0
 1537 05e9 00       		.byte	0
 1538 05ea 00       		.byte	0
 1539 05eb 00       		.byte	0
ARM GAS  C:\Users\devdev\AppData\Local\Temp\ccQhO4YG.s 			page 28


 1540 05ec 00       		.byte	0
 1541 05ed 0A       		.byte	10
 1542 05ee 0A       		.byte	10
 1543 05ef 00       		.byte	0
 1544 05f0 00       		.byte	0
 1545 05f1 00       		.byte	0
 1546 05f2 00       		.byte	0
 1547 05f3 00       		.byte	0
 1548 05f4 04       		.byte	4
 1549 05f5 00       		.byte	0
 1550 05f6 00       		.byte	0
 1551 05f7 85       		.byte	-123
 1552 05f8 85       		.byte	-123
 1553 05f9 00       		.byte	0
 1554 05fa 05       		.byte	5
 1555 05fb 00       		.byte	0
 1556 05fc 00       		.byte	0
 1557 05fd 00       		.byte	0
 1558 05fe 00       		.byte	0
 1559 05ff 00       		.byte	0
 1560              		.global	cy_meta_custnvl
 1561              		.section	.cycustnvl,"a",%progbits
 1562              		.align	2
 1563              		.type	cy_meta_custnvl, %object
 1564              		.size	cy_meta_custnvl, 4
 1565              	cy_meta_custnvl:
 1566 0000 00       		.byte	0
 1567 0001 00       		.byte	0
 1568 0002 40       		.byte	64
 1569 0003 05       		.byte	5
 1570              		.global	cy_meta_wonvl
 1571              		.section	.cywolatch,"a",%progbits
 1572              		.align	2
 1573              		.type	cy_meta_wonvl, %object
 1574              		.size	cy_meta_wonvl, 4
 1575              	cy_meta_wonvl:
 1576 0000 BC       		.byte	-68
 1577 0001 90       		.byte	-112
 1578 0002 AC       		.byte	-84
 1579 0003 AF       		.byte	-81
 1580              		.global	cy_meta_flashprotect
 1581              		.section	.cyflashprotect,"a",%progbits
 1582              		.align	2
 1583              		.type	cy_meta_flashprotect, %object
 1584              		.size	cy_meta_flashprotect, 256
 1585              	cy_meta_flashprotect:
 1586 0000 00000000 		.space	256
 1586      00000000 
 1586      00000000 
 1586      00000000 
 1586      00000000 
 1587              		.global	cy_metadata
 1588              		.section	.cymeta,"a",%progbits
 1589              		.align	2
 1590              		.type	cy_metadata, %object
 1591              		.size	cy_metadata, 12
 1592              	cy_metadata:
ARM GAS  C:\Users\devdev\AppData\Local\Temp\ccQhO4YG.s 			page 29


 1593 0000 00       		.byte	0
 1594 0001 01       		.byte	1
 1595 0002 2E       		.byte	46
 1596 0003 12       		.byte	18
 1597 0004 30       		.byte	48
 1598 0005 69       		.byte	105
 1599 0006 00       		.byte	0
 1600 0007 01       		.byte	1
 1601 0008 00       		.byte	0
 1602 0009 00       		.byte	0
 1603 000a 00       		.byte	0
 1604 000b 00       		.byte	0
 1605              		.text
 1606              	.Letext0:
 1607              		.file 1 ".\\Generated_Source\\PSoC5\\cymetadata.c"
 1608              		.file 2 ".\\Generated_Source\\PSoC5\\cytypes.h"
 1609              		.section	.debug_info,"",%progbits
 1610              	.Ldebug_info0:
 1611 0000 3C010000 		.4byte	0x13c
 1612 0004 0200     		.2byte	0x2
 1613 0006 00000000 		.4byte	.Ldebug_abbrev0
 1614 000a 04       		.byte	0x4
 1615 000b 01       		.uleb128 0x1
 1616 000c 41010000 		.4byte	.LASF18
 1617 0010 01       		.byte	0x1
 1618 0011 00000000 		.4byte	.LASF19
 1619 0015 F7000000 		.4byte	.LASF20
 1620 0019 00000000 		.4byte	.Ldebug_line0
 1621 001d 02       		.uleb128 0x2
 1622 001e 01       		.byte	0x1
 1623 001f 06       		.byte	0x6
 1624 0020 93010000 		.4byte	.LASF0
 1625 0024 02       		.uleb128 0x2
 1626 0025 01       		.byte	0x1
 1627 0026 08       		.byte	0x8
 1628 0027 38000000 		.4byte	.LASF1
 1629 002b 02       		.uleb128 0x2
 1630 002c 02       		.byte	0x2
 1631 002d 05       		.byte	0x5
 1632 002e 31010000 		.4byte	.LASF2
 1633 0032 02       		.uleb128 0x2
 1634 0033 02       		.byte	0x2
 1635 0034 07       		.byte	0x7
 1636 0035 58000000 		.4byte	.LASF3
 1637 0039 02       		.uleb128 0x2
 1638 003a 04       		.byte	0x4
 1639 003b 05       		.byte	0x5
 1640 003c 8A010000 		.4byte	.LASF4
 1641 0040 02       		.uleb128 0x2
 1642 0041 04       		.byte	0x4
 1643 0042 07       		.byte	0x7
 1644 0043 46000000 		.4byte	.LASF5
 1645 0047 02       		.uleb128 0x2
 1646 0048 08       		.byte	0x8
 1647 0049 05       		.byte	0x5
 1648 004a E4000000 		.4byte	.LASF6
 1649 004e 02       		.uleb128 0x2
ARM GAS  C:\Users\devdev\AppData\Local\Temp\ccQhO4YG.s 			page 30


 1650 004f 08       		.byte	0x8
 1651 0050 07       		.byte	0x7
 1652 0051 A1000000 		.4byte	.LASF7
 1653 0055 03       		.uleb128 0x3
 1654 0056 04       		.byte	0x4
 1655 0057 05       		.byte	0x5
 1656 0058 696E7400 		.ascii	"int\000"
 1657 005c 02       		.uleb128 0x2
 1658 005d 04       		.byte	0x4
 1659 005e 07       		.byte	0x7
 1660 005f 94000000 		.4byte	.LASF8
 1661 0063 04       		.uleb128 0x4
 1662 0064 3B010000 		.4byte	.LASF21
 1663 0068 02       		.byte	0x2
 1664 0069 5B       		.byte	0x5b
 1665 006a 24000000 		.4byte	0x24
 1666 006e 02       		.uleb128 0x2
 1667 006f 04       		.byte	0x4
 1668 0070 04       		.byte	0x4
 1669 0071 32000000 		.4byte	.LASF9
 1670 0075 02       		.uleb128 0x2
 1671 0076 08       		.byte	0x8
 1672 0077 04       		.byte	0x4
 1673 0078 6B000000 		.4byte	.LASF10
 1674 007c 02       		.uleb128 0x2
 1675 007d 01       		.byte	0x1
 1676 007e 08       		.byte	0x8
 1677 007f F2000000 		.4byte	.LASF11
 1678 0083 05       		.uleb128 0x5
 1679 0084 63000000 		.4byte	0x63
 1680 0088 94000000 		.4byte	0x94
 1681 008c 06       		.uleb128 0x6
 1682 008d 94000000 		.4byte	0x94
 1683 0091 FF05     		.2byte	0x5ff
 1684 0093 00       		.byte	0
 1685 0094 02       		.uleb128 0x2
 1686 0095 04       		.byte	0x4
 1687 0096 07       		.byte	0x7
 1688 0097 DB000000 		.4byte	.LASF12
 1689 009b 07       		.uleb128 0x7
 1690 009c 82000000 		.4byte	.LASF13
 1691 00a0 01       		.byte	0x1
 1692 00a1 1C       		.byte	0x1c
 1693 00a2 AD000000 		.4byte	0xad
 1694 00a6 01       		.byte	0x1
 1695 00a7 05       		.byte	0x5
 1696 00a8 03       		.byte	0x3
 1697 00a9 00000000 		.4byte	cy_meta_configecc
 1698 00ad 08       		.uleb128 0x8
 1699 00ae 83000000 		.4byte	0x83
 1700 00b2 05       		.uleb128 0x5
 1701 00b3 63000000 		.4byte	0x63
 1702 00b7 C2000000 		.4byte	0xc2
 1703 00bb 09       		.uleb128 0x9
 1704 00bc 94000000 		.4byte	0x94
 1705 00c0 03       		.byte	0x3
 1706 00c1 00       		.byte	0
ARM GAS  C:\Users\devdev\AppData\Local\Temp\ccQhO4YG.s 			page 31


 1707 00c2 07       		.uleb128 0x7
 1708 00c3 72000000 		.4byte	.LASF14
 1709 00c7 01       		.byte	0x1
 1710 00c8 E6       		.byte	0xe6
 1711 00c9 D4000000 		.4byte	0xd4
 1712 00cd 01       		.byte	0x1
 1713 00ce 05       		.byte	0x5
 1714 00cf 03       		.byte	0x3
 1715 00d0 00000000 		.4byte	cy_meta_custnvl
 1716 00d4 08       		.uleb128 0x8
 1717 00d5 B2000000 		.4byte	0xb2
 1718 00d9 07       		.uleb128 0x7
 1719 00da CD000000 		.4byte	.LASF15
 1720 00de 01       		.byte	0x1
 1721 00df F1       		.byte	0xf1
 1722 00e0 EB000000 		.4byte	0xeb
 1723 00e4 01       		.byte	0x1
 1724 00e5 05       		.byte	0x5
 1725 00e6 03       		.byte	0x3
 1726 00e7 00000000 		.4byte	cy_meta_wonvl
 1727 00eb 08       		.uleb128 0x8
 1728 00ec B2000000 		.4byte	0xb2
 1729 00f0 05       		.uleb128 0x5
 1730 00f1 63000000 		.4byte	0x63
 1731 00f5 00010000 		.4byte	0x100
 1732 00f9 09       		.uleb128 0x9
 1733 00fa 94000000 		.4byte	0x94
 1734 00fe FF       		.byte	0xff
 1735 00ff 00       		.byte	0
 1736 0100 07       		.uleb128 0x7
 1737 0101 B8000000 		.4byte	.LASF16
 1738 0105 01       		.byte	0x1
 1739 0106 FC       		.byte	0xfc
 1740 0107 12010000 		.4byte	0x112
 1741 010b 01       		.byte	0x1
 1742 010c 05       		.byte	0x5
 1743 010d 03       		.byte	0x3
 1744 010e 00000000 		.4byte	cy_meta_flashprotect
 1745 0112 08       		.uleb128 0x8
 1746 0113 F0000000 		.4byte	0xf0
 1747 0117 05       		.uleb128 0x5
 1748 0118 63000000 		.4byte	0x63
 1749 011c 27010000 		.4byte	0x127
 1750 0120 09       		.uleb128 0x9
 1751 0121 94000000 		.4byte	0x94
 1752 0125 0B       		.byte	0xb
 1753 0126 00       		.byte	0
 1754 0127 0A       		.uleb128 0xa
 1755 0128 26000000 		.4byte	.LASF17
 1756 012c 01       		.byte	0x1
 1757 012d 2601     		.2byte	0x126
 1758 012f 3A010000 		.4byte	0x13a
 1759 0133 01       		.byte	0x1
 1760 0134 05       		.byte	0x5
 1761 0135 03       		.byte	0x3
 1762 0136 00000000 		.4byte	cy_metadata
 1763 013a 08       		.uleb128 0x8
ARM GAS  C:\Users\devdev\AppData\Local\Temp\ccQhO4YG.s 			page 32


 1764 013b 17010000 		.4byte	0x117
 1765 013f 00       		.byte	0
 1766              		.section	.debug_abbrev,"",%progbits
 1767              	.Ldebug_abbrev0:
 1768 0000 01       		.uleb128 0x1
 1769 0001 11       		.uleb128 0x11
 1770 0002 01       		.byte	0x1
 1771 0003 25       		.uleb128 0x25
 1772 0004 0E       		.uleb128 0xe
 1773 0005 13       		.uleb128 0x13
 1774 0006 0B       		.uleb128 0xb
 1775 0007 03       		.uleb128 0x3
 1776 0008 0E       		.uleb128 0xe
 1777 0009 1B       		.uleb128 0x1b
 1778 000a 0E       		.uleb128 0xe
 1779 000b 10       		.uleb128 0x10
 1780 000c 06       		.uleb128 0x6
 1781 000d 00       		.byte	0
 1782 000e 00       		.byte	0
 1783 000f 02       		.uleb128 0x2
 1784 0010 24       		.uleb128 0x24
 1785 0011 00       		.byte	0
 1786 0012 0B       		.uleb128 0xb
 1787 0013 0B       		.uleb128 0xb
 1788 0014 3E       		.uleb128 0x3e
 1789 0015 0B       		.uleb128 0xb
 1790 0016 03       		.uleb128 0x3
 1791 0017 0E       		.uleb128 0xe
 1792 0018 00       		.byte	0
 1793 0019 00       		.byte	0
 1794 001a 03       		.uleb128 0x3
 1795 001b 24       		.uleb128 0x24
 1796 001c 00       		.byte	0
 1797 001d 0B       		.uleb128 0xb
 1798 001e 0B       		.uleb128 0xb
 1799 001f 3E       		.uleb128 0x3e
 1800 0020 0B       		.uleb128 0xb
 1801 0021 03       		.uleb128 0x3
 1802 0022 08       		.uleb128 0x8
 1803 0023 00       		.byte	0
 1804 0024 00       		.byte	0
 1805 0025 04       		.uleb128 0x4
 1806 0026 16       		.uleb128 0x16
 1807 0027 00       		.byte	0
 1808 0028 03       		.uleb128 0x3
 1809 0029 0E       		.uleb128 0xe
 1810 002a 3A       		.uleb128 0x3a
 1811 002b 0B       		.uleb128 0xb
 1812 002c 3B       		.uleb128 0x3b
 1813 002d 0B       		.uleb128 0xb
 1814 002e 49       		.uleb128 0x49
 1815 002f 13       		.uleb128 0x13
 1816 0030 00       		.byte	0
 1817 0031 00       		.byte	0
 1818 0032 05       		.uleb128 0x5
 1819 0033 01       		.uleb128 0x1
 1820 0034 01       		.byte	0x1
ARM GAS  C:\Users\devdev\AppData\Local\Temp\ccQhO4YG.s 			page 33


 1821 0035 49       		.uleb128 0x49
 1822 0036 13       		.uleb128 0x13
 1823 0037 01       		.uleb128 0x1
 1824 0038 13       		.uleb128 0x13
 1825 0039 00       		.byte	0
 1826 003a 00       		.byte	0
 1827 003b 06       		.uleb128 0x6
 1828 003c 21       		.uleb128 0x21
 1829 003d 00       		.byte	0
 1830 003e 49       		.uleb128 0x49
 1831 003f 13       		.uleb128 0x13
 1832 0040 2F       		.uleb128 0x2f
 1833 0041 05       		.uleb128 0x5
 1834 0042 00       		.byte	0
 1835 0043 00       		.byte	0
 1836 0044 07       		.uleb128 0x7
 1837 0045 34       		.uleb128 0x34
 1838 0046 00       		.byte	0
 1839 0047 03       		.uleb128 0x3
 1840 0048 0E       		.uleb128 0xe
 1841 0049 3A       		.uleb128 0x3a
 1842 004a 0B       		.uleb128 0xb
 1843 004b 3B       		.uleb128 0x3b
 1844 004c 0B       		.uleb128 0xb
 1845 004d 49       		.uleb128 0x49
 1846 004e 13       		.uleb128 0x13
 1847 004f 3F       		.uleb128 0x3f
 1848 0050 0C       		.uleb128 0xc
 1849 0051 02       		.uleb128 0x2
 1850 0052 0A       		.uleb128 0xa
 1851 0053 00       		.byte	0
 1852 0054 00       		.byte	0
 1853 0055 08       		.uleb128 0x8
 1854 0056 26       		.uleb128 0x26
 1855 0057 00       		.byte	0
 1856 0058 49       		.uleb128 0x49
 1857 0059 13       		.uleb128 0x13
 1858 005a 00       		.byte	0
 1859 005b 00       		.byte	0
 1860 005c 09       		.uleb128 0x9
 1861 005d 21       		.uleb128 0x21
 1862 005e 00       		.byte	0
 1863 005f 49       		.uleb128 0x49
 1864 0060 13       		.uleb128 0x13
 1865 0061 2F       		.uleb128 0x2f
 1866 0062 0B       		.uleb128 0xb
 1867 0063 00       		.byte	0
 1868 0064 00       		.byte	0
 1869 0065 0A       		.uleb128 0xa
 1870 0066 34       		.uleb128 0x34
 1871 0067 00       		.byte	0
 1872 0068 03       		.uleb128 0x3
 1873 0069 0E       		.uleb128 0xe
 1874 006a 3A       		.uleb128 0x3a
 1875 006b 0B       		.uleb128 0xb
 1876 006c 3B       		.uleb128 0x3b
 1877 006d 05       		.uleb128 0x5
ARM GAS  C:\Users\devdev\AppData\Local\Temp\ccQhO4YG.s 			page 34


 1878 006e 49       		.uleb128 0x49
 1879 006f 13       		.uleb128 0x13
 1880 0070 3F       		.uleb128 0x3f
 1881 0071 0C       		.uleb128 0xc
 1882 0072 02       		.uleb128 0x2
 1883 0073 0A       		.uleb128 0xa
 1884 0074 00       		.byte	0
 1885 0075 00       		.byte	0
 1886 0076 00       		.byte	0
 1887              		.section	.debug_aranges,"",%progbits
 1888 0000 14000000 		.4byte	0x14
 1889 0004 0200     		.2byte	0x2
 1890 0006 00000000 		.4byte	.Ldebug_info0
 1891 000a 04       		.byte	0x4
 1892 000b 00       		.byte	0
 1893 000c 0000     		.2byte	0
 1894 000e 0000     		.2byte	0
 1895 0010 00000000 		.4byte	0
 1896 0014 00000000 		.4byte	0
 1897              		.section	.debug_line,"",%progbits
 1898              	.Ldebug_line0:
 1899 0000 4F000000 		.section	.debug_str,"MS",%progbits,1
 1899      02004900 
 1899      00000201 
 1899      FB0E0D00 
 1899      01010101 
 1900              	.LASF19:
 1901 0000 2E5C4765 		.ascii	".\\Generated_Source\\PSoC5\\cymetadata.c\000"
 1901      6E657261 
 1901      7465645F 
 1901      536F7572 
 1901      63655C50 
 1902              	.LASF17:
 1903 0026 63795F6D 		.ascii	"cy_metadata\000"
 1903      65746164 
 1903      61746100 
 1904              	.LASF9:
 1905 0032 666C6F61 		.ascii	"float\000"
 1905      7400
 1906              	.LASF1:
 1907 0038 756E7369 		.ascii	"unsigned char\000"
 1907      676E6564 
 1907      20636861 
 1907      7200
 1908              	.LASF5:
 1909 0046 6C6F6E67 		.ascii	"long unsigned int\000"
 1909      20756E73 
 1909      69676E65 
 1909      6420696E 
 1909      7400
 1910              	.LASF3:
 1911 0058 73686F72 		.ascii	"short unsigned int\000"
 1911      7420756E 
 1911      7369676E 
 1911      65642069 
 1911      6E7400
 1912              	.LASF10:
ARM GAS  C:\Users\devdev\AppData\Local\Temp\ccQhO4YG.s 			page 35


 1913 006b 646F7562 		.ascii	"double\000"
 1913      6C6500
 1914              	.LASF14:
 1915 0072 63795F6D 		.ascii	"cy_meta_custnvl\000"
 1915      6574615F 
 1915      63757374 
 1915      6E766C00 
 1916              	.LASF13:
 1917 0082 63795F6D 		.ascii	"cy_meta_configecc\000"
 1917      6574615F 
 1917      636F6E66 
 1917      69676563 
 1917      6300
 1918              	.LASF8:
 1919 0094 756E7369 		.ascii	"unsigned int\000"
 1919      676E6564 
 1919      20696E74 
 1919      00
 1920              	.LASF7:
 1921 00a1 6C6F6E67 		.ascii	"long long unsigned int\000"
 1921      206C6F6E 
 1921      6720756E 
 1921      7369676E 
 1921      65642069 
 1922              	.LASF16:
 1923 00b8 63795F6D 		.ascii	"cy_meta_flashprotect\000"
 1923      6574615F 
 1923      666C6173 
 1923      6870726F 
 1923      74656374 
 1924              	.LASF15:
 1925 00cd 63795F6D 		.ascii	"cy_meta_wonvl\000"
 1925      6574615F 
 1925      776F6E76 
 1925      6C00
 1926              	.LASF12:
 1927 00db 73697A65 		.ascii	"sizetype\000"
 1927      74797065 
 1927      00
 1928              	.LASF6:
 1929 00e4 6C6F6E67 		.ascii	"long long int\000"
 1929      206C6F6E 
 1929      6720696E 
 1929      7400
 1930              	.LASF11:
 1931 00f2 63686172 		.ascii	"char\000"
 1931      00
 1932              	.LASF20:
 1933 00f7 473A5C50 		.ascii	"G:\\PSoc program\\DskyTroostite1.0v\\Design01\\Desi"
 1933      536F6320 
 1933      70726F67 
 1933      72616D5C 
 1933      44736B79 
 1934 0126 676E3031 		.ascii	"gn01.cydsn\000"
 1934      2E637964 
 1934      736E00
 1935              	.LASF2:
ARM GAS  C:\Users\devdev\AppData\Local\Temp\ccQhO4YG.s 			page 36


 1936 0131 73686F72 		.ascii	"short int\000"
 1936      7420696E 
 1936      7400
 1937              	.LASF21:
 1938 013b 75696E74 		.ascii	"uint8\000"
 1938      3800
 1939              	.LASF18:
 1940 0141 474E5520 		.ascii	"GNU C 4.7.3 20130312 (release) [ARM/embedded-4_7-br"
 1940      4320342E 
 1940      372E3320 
 1940      32303133 
 1940      30333132 
 1941 0174 616E6368 		.ascii	"anch revision 196615]\000"
 1941      20726576 
 1941      6973696F 
 1941      6E203139 
 1941      36363135 
 1942              	.LASF4:
 1943 018a 6C6F6E67 		.ascii	"long int\000"
 1943      20696E74 
 1943      00
 1944              	.LASF0:
 1945 0193 7369676E 		.ascii	"signed char\000"
 1945      65642063 
 1945      68617200 
 1946              		.ident	"GCC: (GNU Tools for ARM Embedded Processors) 4.7.3 20130312 (release) [ARM/embedded-4_7-br
