ARM GAS  C:\Users\dsky\AppData\Local\Temp\ccqwhX8g.s 			page 1


   1              		.syntax unified
   2              		.cpu cortex-m3
   3              		.fpu softvfp
   4              		.eabi_attribute 20, 1
   5              		.eabi_attribute 21, 1
   6              		.eabi_attribute 23, 3
   7              		.eabi_attribute 24, 1
   8              		.eabi_attribute 25, 1
   9              		.eabi_attribute 26, 1
  10              		.eabi_attribute 30, 6
  11              		.eabi_attribute 34, 1
  12              		.eabi_attribute 18, 4
  13              		.thumb
  14              		.file	"QuadDec_1.c"
  15              		.text
  16              	.Ltext0:
  17              		.cfi_sections	.debug_frame
  18              		.global	QuadDec_1_initVar
  19              		.bss
  20              		.type	QuadDec_1_initVar, %object
  21              		.size	QuadDec_1_initVar, 1
  22              	QuadDec_1_initVar:
  23 0000 00       		.space	1
  24              		.section	.text.QuadDec_1_Init,"ax",%progbits
  25              		.align	2
  26              		.global	QuadDec_1_Init
  27              		.thumb
  28              		.thumb_func
  29              		.type	QuadDec_1_Init, %function
  30              	QuadDec_1_Init:
  31              	.LFB0:
  32              		.file 1 ".\\Generated_Source\\PSoC5\\QuadDec_1.c"
   1:.\Generated_Source\PSoC5/QuadDec_1.c **** /*******************************************************************************
   2:.\Generated_Source\PSoC5/QuadDec_1.c **** * File Name: QuadDec_1.c  
   3:.\Generated_Source\PSoC5/QuadDec_1.c **** * Version 2.30
   4:.\Generated_Source\PSoC5/QuadDec_1.c **** *
   5:.\Generated_Source\PSoC5/QuadDec_1.c **** * Description:
   6:.\Generated_Source\PSoC5/QuadDec_1.c **** *  This file provides the source code to the API for the Quadrature Decoder
   7:.\Generated_Source\PSoC5/QuadDec_1.c **** *  component.
   8:.\Generated_Source\PSoC5/QuadDec_1.c **** *
   9:.\Generated_Source\PSoC5/QuadDec_1.c **** * Note:
  10:.\Generated_Source\PSoC5/QuadDec_1.c **** *  None.
  11:.\Generated_Source\PSoC5/QuadDec_1.c **** *   
  12:.\Generated_Source\PSoC5/QuadDec_1.c **** ********************************************************************************
  13:.\Generated_Source\PSoC5/QuadDec_1.c **** * Copyright 2008-2012, Cypress Semiconductor Corporation.  All rights reserved.
  14:.\Generated_Source\PSoC5/QuadDec_1.c **** * You may use this file only in accordance with the license, terms, conditions, 
  15:.\Generated_Source\PSoC5/QuadDec_1.c **** * disclaimers, and limitations in the end user license agreement accompanying 
  16:.\Generated_Source\PSoC5/QuadDec_1.c **** * the software package with which this file was provided.
  17:.\Generated_Source\PSoC5/QuadDec_1.c **** *******************************************************************************/
  18:.\Generated_Source\PSoC5/QuadDec_1.c **** 
  19:.\Generated_Source\PSoC5/QuadDec_1.c **** #include "QuadDec_1.h"
  20:.\Generated_Source\PSoC5/QuadDec_1.c **** 
  21:.\Generated_Source\PSoC5/QuadDec_1.c **** #if (QuadDec_1_COUNTER_SIZE == QuadDec_1_COUNTER_SIZE_32_BIT)
  22:.\Generated_Source\PSoC5/QuadDec_1.c ****     #include "QuadDec_1_PVT.h"
  23:.\Generated_Source\PSoC5/QuadDec_1.c **** #endif /* QuadDec_1_COUNTER_SIZE == QuadDec_1_COUNTER_SIZE_32_BIT */
  24:.\Generated_Source\PSoC5/QuadDec_1.c **** 
  25:.\Generated_Source\PSoC5/QuadDec_1.c **** uint8 QuadDec_1_initVar = 0u;
ARM GAS  C:\Users\dsky\AppData\Local\Temp\ccqwhX8g.s 			page 2


  26:.\Generated_Source\PSoC5/QuadDec_1.c **** 
  27:.\Generated_Source\PSoC5/QuadDec_1.c **** 
  28:.\Generated_Source\PSoC5/QuadDec_1.c **** /*******************************************************************************
  29:.\Generated_Source\PSoC5/QuadDec_1.c **** * Function Name: QuadDec_1_Init
  30:.\Generated_Source\PSoC5/QuadDec_1.c **** ********************************************************************************
  31:.\Generated_Source\PSoC5/QuadDec_1.c **** *
  32:.\Generated_Source\PSoC5/QuadDec_1.c **** * Summary:
  33:.\Generated_Source\PSoC5/QuadDec_1.c **** *  Inits/Restores default QuadDec configuration provided with customizer.
  34:.\Generated_Source\PSoC5/QuadDec_1.c **** *
  35:.\Generated_Source\PSoC5/QuadDec_1.c **** * Parameters:
  36:.\Generated_Source\PSoC5/QuadDec_1.c **** *  None.
  37:.\Generated_Source\PSoC5/QuadDec_1.c **** *
  38:.\Generated_Source\PSoC5/QuadDec_1.c **** * Return:
  39:.\Generated_Source\PSoC5/QuadDec_1.c **** *  None.
  40:.\Generated_Source\PSoC5/QuadDec_1.c **** *
  41:.\Generated_Source\PSoC5/QuadDec_1.c **** *******************************************************************************/
  42:.\Generated_Source\PSoC5/QuadDec_1.c **** void QuadDec_1_Init(void) 
  43:.\Generated_Source\PSoC5/QuadDec_1.c **** {
  33              		.loc 1 43 0
  34              		.cfi_startproc
  35              		@ args = 0, pretend = 0, frame = 0
  36              		@ frame_needed = 1, uses_anonymous_args = 0
  37              		@ link register save eliminated.
  38 0000 80B4     		push	{r7}
  39              	.LCFI0:
  40              		.cfi_def_cfa_offset 4
  41              		.cfi_offset 7, -4
  42 0002 00AF     		add	r7, sp, #0
  43              	.LCFI1:
  44              		.cfi_def_cfa_register 7
  44:.\Generated_Source\PSoC5/QuadDec_1.c ****     #if (QuadDec_1_COUNTER_SIZE == QuadDec_1_COUNTER_SIZE_32_BIT)
  45:.\Generated_Source\PSoC5/QuadDec_1.c ****         /* Disable Interrupt. */
  46:.\Generated_Source\PSoC5/QuadDec_1.c ****         CyIntDisable(QuadDec_1_ISR_NUMBER);
  47:.\Generated_Source\PSoC5/QuadDec_1.c ****         /* Set the ISR to point to the QuadDec_1_isr Interrupt. */
  48:.\Generated_Source\PSoC5/QuadDec_1.c ****         (void) CyIntSetVector(QuadDec_1_ISR_NUMBER, & QuadDec_1_ISR);
  49:.\Generated_Source\PSoC5/QuadDec_1.c ****         /* Set the priority. */
  50:.\Generated_Source\PSoC5/QuadDec_1.c ****         CyIntSetPriority(QuadDec_1_ISR_NUMBER, QuadDec_1_ISR_PRIORITY);
  51:.\Generated_Source\PSoC5/QuadDec_1.c ****     #endif /* QuadDec_1_COUNTER_SIZE == QuadDec_1_COUNTER_SIZE_32_BIT */
  52:.\Generated_Source\PSoC5/QuadDec_1.c **** }
  45              		.loc 1 52 0
  46 0004 BD46     		mov	sp, r7
  47 0006 80BC     		pop	{r7}
  48 0008 7047     		bx	lr
  49              		.cfi_endproc
  50              	.LFE0:
  51              		.size	QuadDec_1_Init, .-QuadDec_1_Init
  52 000a 00BF     		.section	.text.QuadDec_1_Enable,"ax",%progbits
  53              		.align	2
  54              		.global	QuadDec_1_Enable
  55              		.thumb
  56              		.thumb_func
  57              		.type	QuadDec_1_Enable, %function
  58              	QuadDec_1_Enable:
  59              	.LFB1:
  53:.\Generated_Source\PSoC5/QuadDec_1.c **** 
  54:.\Generated_Source\PSoC5/QuadDec_1.c **** 
  55:.\Generated_Source\PSoC5/QuadDec_1.c **** /*******************************************************************************
ARM GAS  C:\Users\dsky\AppData\Local\Temp\ccqwhX8g.s 			page 3


  56:.\Generated_Source\PSoC5/QuadDec_1.c **** * Function Name: QuadDec_1_Enable
  57:.\Generated_Source\PSoC5/QuadDec_1.c **** ********************************************************************************
  58:.\Generated_Source\PSoC5/QuadDec_1.c **** *
  59:.\Generated_Source\PSoC5/QuadDec_1.c **** * Summary:
  60:.\Generated_Source\PSoC5/QuadDec_1.c **** *  This function enable interrupts from Component and also enable Component's
  61:.\Generated_Source\PSoC5/QuadDec_1.c **** *  ISR in case of 32-bit counter.
  62:.\Generated_Source\PSoC5/QuadDec_1.c **** *
  63:.\Generated_Source\PSoC5/QuadDec_1.c **** * Parameters:
  64:.\Generated_Source\PSoC5/QuadDec_1.c **** *  None.
  65:.\Generated_Source\PSoC5/QuadDec_1.c **** *
  66:.\Generated_Source\PSoC5/QuadDec_1.c **** * Return:
  67:.\Generated_Source\PSoC5/QuadDec_1.c **** *  None.
  68:.\Generated_Source\PSoC5/QuadDec_1.c **** *
  69:.\Generated_Source\PSoC5/QuadDec_1.c **** *******************************************************************************/
  70:.\Generated_Source\PSoC5/QuadDec_1.c **** void QuadDec_1_Enable(void) 
  71:.\Generated_Source\PSoC5/QuadDec_1.c **** {
  60              		.loc 1 71 0
  61              		.cfi_startproc
  62              		@ args = 0, pretend = 0, frame = 8
  63              		@ frame_needed = 1, uses_anonymous_args = 0
  64 0000 80B5     		push	{r7, lr}
  65              	.LCFI2:
  66              		.cfi_def_cfa_offset 8
  67              		.cfi_offset 7, -8
  68              		.cfi_offset 14, -4
  69 0002 82B0     		sub	sp, sp, #8
  70              	.LCFI3:
  71              		.cfi_def_cfa_offset 16
  72 0004 00AF     		add	r7, sp, #0
  73              	.LCFI4:
  74              		.cfi_def_cfa_register 7
  72:.\Generated_Source\PSoC5/QuadDec_1.c ****     uint8 enableInterrupts;
  73:.\Generated_Source\PSoC5/QuadDec_1.c **** 
  74:.\Generated_Source\PSoC5/QuadDec_1.c ****     QuadDec_1_SetInterruptMask(QuadDec_1_INIT_INT_MASK);
  75              		.loc 1 74 0
  76 0006 4FF00F00 		mov	r0, #15
  77 000a FFF7FEFF 		bl	QuadDec_1_SetInterruptMask
  75:.\Generated_Source\PSoC5/QuadDec_1.c **** 
  76:.\Generated_Source\PSoC5/QuadDec_1.c ****     enableInterrupts = CyEnterCriticalSection();
  78              		.loc 1 76 0
  79 000e FFF7FEFF 		bl	CyEnterCriticalSection
  80 0012 0346     		mov	r3, r0
  81 0014 FB71     		strb	r3, [r7, #7]
  77:.\Generated_Source\PSoC5/QuadDec_1.c **** 
  78:.\Generated_Source\PSoC5/QuadDec_1.c ****     /* Enable interrupts from Statusi register */
  79:.\Generated_Source\PSoC5/QuadDec_1.c ****     QuadDec_1_SR_AUX_CONTROL |= QuadDec_1_INTERRUPTS_ENABLE;
  82              		.loc 1 79 0
  83 0016 46F29753 		movw	r3, #26007
  84 001a C4F20003 		movt	r3, 16384
  85 001e 46F29752 		movw	r2, #26007
  86 0022 C4F20002 		movt	r2, 16384
  87 0026 1278     		ldrb	r2, [r2, #0]
  88 0028 D2B2     		uxtb	r2, r2
  89 002a 42F01002 		orr	r2, r2, #16
  90 002e D2B2     		uxtb	r2, r2
  91 0030 1A70     		strb	r2, [r3, #0]
  80:.\Generated_Source\PSoC5/QuadDec_1.c **** 
ARM GAS  C:\Users\dsky\AppData\Local\Temp\ccqwhX8g.s 			page 4


  81:.\Generated_Source\PSoC5/QuadDec_1.c ****     CyExitCriticalSection(enableInterrupts);
  92              		.loc 1 81 0
  93 0032 FB79     		ldrb	r3, [r7, #7]	@ zero_extendqisi2
  94 0034 1846     		mov	r0, r3
  95 0036 FFF7FEFF 		bl	CyExitCriticalSection
  82:.\Generated_Source\PSoC5/QuadDec_1.c **** 
  83:.\Generated_Source\PSoC5/QuadDec_1.c ****     #if (QuadDec_1_COUNTER_SIZE == QuadDec_1_COUNTER_SIZE_32_BIT)
  84:.\Generated_Source\PSoC5/QuadDec_1.c ****         /* Enable Component interrupts */
  85:.\Generated_Source\PSoC5/QuadDec_1.c ****         CyIntEnable(QuadDec_1_ISR_NUMBER);
  86:.\Generated_Source\PSoC5/QuadDec_1.c ****     #endif /* QuadDec_1_COUNTER_SIZE == QuadDec_1_COUNTER_SIZE_32_BIT */
  87:.\Generated_Source\PSoC5/QuadDec_1.c **** }
  96              		.loc 1 87 0
  97 003a 07F10807 		add	r7, r7, #8
  98 003e BD46     		mov	sp, r7
  99 0040 80BD     		pop	{r7, pc}
 100              		.cfi_endproc
 101              	.LFE1:
 102              		.size	QuadDec_1_Enable, .-QuadDec_1_Enable
 103 0042 00BF     		.section	.text.QuadDec_1_Start,"ax",%progbits
 104              		.align	2
 105              		.global	QuadDec_1_Start
 106              		.thumb
 107              		.thumb_func
 108              		.type	QuadDec_1_Start, %function
 109              	QuadDec_1_Start:
 110              	.LFB2:
  88:.\Generated_Source\PSoC5/QuadDec_1.c **** 
  89:.\Generated_Source\PSoC5/QuadDec_1.c **** 
  90:.\Generated_Source\PSoC5/QuadDec_1.c **** /*******************************************************************************
  91:.\Generated_Source\PSoC5/QuadDec_1.c **** * Function Name: QuadDec_1_Start
  92:.\Generated_Source\PSoC5/QuadDec_1.c **** ********************************************************************************
  93:.\Generated_Source\PSoC5/QuadDec_1.c **** *
  94:.\Generated_Source\PSoC5/QuadDec_1.c **** * Summary:
  95:.\Generated_Source\PSoC5/QuadDec_1.c **** *  Initializes UDBs and other relevant hardware.
  96:.\Generated_Source\PSoC5/QuadDec_1.c **** *  Resets counter, enables or disables all relevant interrupts.
  97:.\Generated_Source\PSoC5/QuadDec_1.c **** *  Starts monitoring the inputs and counting.
  98:.\Generated_Source\PSoC5/QuadDec_1.c **** *
  99:.\Generated_Source\PSoC5/QuadDec_1.c **** * Parameters:
 100:.\Generated_Source\PSoC5/QuadDec_1.c **** *  None.
 101:.\Generated_Source\PSoC5/QuadDec_1.c **** *
 102:.\Generated_Source\PSoC5/QuadDec_1.c **** * Return:
 103:.\Generated_Source\PSoC5/QuadDec_1.c **** *  None.
 104:.\Generated_Source\PSoC5/QuadDec_1.c **** *
 105:.\Generated_Source\PSoC5/QuadDec_1.c **** * Global variables:
 106:.\Generated_Source\PSoC5/QuadDec_1.c **** *  QuadDec_1_initVar - used to check initial configuration, modified on
 107:.\Generated_Source\PSoC5/QuadDec_1.c **** *  first function call.
 108:.\Generated_Source\PSoC5/QuadDec_1.c **** *
 109:.\Generated_Source\PSoC5/QuadDec_1.c **** * Reentrant:
 110:.\Generated_Source\PSoC5/QuadDec_1.c **** *  No.
 111:.\Generated_Source\PSoC5/QuadDec_1.c **** *
 112:.\Generated_Source\PSoC5/QuadDec_1.c **** *******************************************************************************/
 113:.\Generated_Source\PSoC5/QuadDec_1.c **** void QuadDec_1_Start(void) 
 114:.\Generated_Source\PSoC5/QuadDec_1.c **** {
 111              		.loc 1 114 0
 112              		.cfi_startproc
 113              		@ args = 0, pretend = 0, frame = 0
 114              		@ frame_needed = 1, uses_anonymous_args = 0
ARM GAS  C:\Users\dsky\AppData\Local\Temp\ccqwhX8g.s 			page 5


 115 0000 80B5     		push	{r7, lr}
 116              	.LCFI5:
 117              		.cfi_def_cfa_offset 8
 118              		.cfi_offset 7, -8
 119              		.cfi_offset 14, -4
 120 0002 00AF     		add	r7, sp, #0
 121              	.LCFI6:
 122              		.cfi_def_cfa_register 7
 115:.\Generated_Source\PSoC5/QuadDec_1.c ****     #if (QuadDec_1_COUNTER_SIZE == QuadDec_1_COUNTER_SIZE_8_BIT)
 116:.\Generated_Source\PSoC5/QuadDec_1.c ****         QuadDec_1_Cnt8_Start();
 123              		.loc 1 116 0
 124 0004 FFF7FEFF 		bl	QuadDec_1_Cnt8_Start
 117:.\Generated_Source\PSoC5/QuadDec_1.c ****         QuadDec_1_Cnt8_WriteCounter(QuadDec_1_COUNTER_INIT_VALUE);
 125              		.loc 1 117 0
 126 0008 4FF08000 		mov	r0, #128
 127 000c FFF7FEFF 		bl	QuadDec_1_Cnt8_WriteCounter
 118:.\Generated_Source\PSoC5/QuadDec_1.c ****     #else 
 119:.\Generated_Source\PSoC5/QuadDec_1.c ****         /* (QuadDec_1_COUNTER_SIZE == QuadDec_1_COUNTER_SIZE_16_BIT) || 
 120:.\Generated_Source\PSoC5/QuadDec_1.c ****         *  (QuadDec_1_COUNTER_SIZE == QuadDec_1_COUNTER_SIZE_32_BIT) 
 121:.\Generated_Source\PSoC5/QuadDec_1.c ****         */
 122:.\Generated_Source\PSoC5/QuadDec_1.c ****         QuadDec_1_Cnt16_Start();
 123:.\Generated_Source\PSoC5/QuadDec_1.c ****         QuadDec_1_Cnt16_WriteCounter(QuadDec_1_COUNTER_INIT_VALUE);
 124:.\Generated_Source\PSoC5/QuadDec_1.c ****     #endif /* QuadDec_1_COUNTER_SIZE == QuadDec_1_COUNTER_SIZE_8_BIT */
 125:.\Generated_Source\PSoC5/QuadDec_1.c **** 
 126:.\Generated_Source\PSoC5/QuadDec_1.c ****     if (QuadDec_1_initVar == 0u)
 128              		.loc 1 126 0
 129 0010 40F20003 		movw	r3, #:lower16:QuadDec_1_initVar
 130 0014 C0F20003 		movt	r3, #:upper16:QuadDec_1_initVar
 131 0018 1B78     		ldrb	r3, [r3, #0]	@ zero_extendqisi2
 132 001a 002B     		cmp	r3, #0
 133 001c 08D1     		bne	.L4
 127:.\Generated_Source\PSoC5/QuadDec_1.c ****     {
 128:.\Generated_Source\PSoC5/QuadDec_1.c ****         QuadDec_1_Init();
 134              		.loc 1 128 0
 135 001e FFF7FEFF 		bl	QuadDec_1_Init
 129:.\Generated_Source\PSoC5/QuadDec_1.c ****         QuadDec_1_initVar = 1u;
 136              		.loc 1 129 0
 137 0022 40F20003 		movw	r3, #:lower16:QuadDec_1_initVar
 138 0026 C0F20003 		movt	r3, #:upper16:QuadDec_1_initVar
 139 002a 4FF00102 		mov	r2, #1
 140 002e 1A70     		strb	r2, [r3, #0]
 141              	.L4:
 130:.\Generated_Source\PSoC5/QuadDec_1.c ****     }
 131:.\Generated_Source\PSoC5/QuadDec_1.c **** 
 132:.\Generated_Source\PSoC5/QuadDec_1.c ****     QuadDec_1_Enable();
 142              		.loc 1 132 0
 143 0030 FFF7FEFF 		bl	QuadDec_1_Enable
 133:.\Generated_Source\PSoC5/QuadDec_1.c **** }
 144              		.loc 1 133 0
 145 0034 80BD     		pop	{r7, pc}
 146              		.cfi_endproc
 147              	.LFE2:
 148              		.size	QuadDec_1_Start, .-QuadDec_1_Start
 149 0036 00BF     		.section	.text.QuadDec_1_Stop,"ax",%progbits
 150              		.align	2
 151              		.global	QuadDec_1_Stop
 152              		.thumb
ARM GAS  C:\Users\dsky\AppData\Local\Temp\ccqwhX8g.s 			page 6


 153              		.thumb_func
 154              		.type	QuadDec_1_Stop, %function
 155              	QuadDec_1_Stop:
 156              	.LFB3:
 134:.\Generated_Source\PSoC5/QuadDec_1.c **** 
 135:.\Generated_Source\PSoC5/QuadDec_1.c **** 
 136:.\Generated_Source\PSoC5/QuadDec_1.c **** /*******************************************************************************
 137:.\Generated_Source\PSoC5/QuadDec_1.c **** * Function Name: QuadDec_1_Stop
 138:.\Generated_Source\PSoC5/QuadDec_1.c **** ********************************************************************************
 139:.\Generated_Source\PSoC5/QuadDec_1.c **** *
 140:.\Generated_Source\PSoC5/QuadDec_1.c **** * Summary:
 141:.\Generated_Source\PSoC5/QuadDec_1.c **** *  Turns off UDBs and other relevant hardware.
 142:.\Generated_Source\PSoC5/QuadDec_1.c **** *
 143:.\Generated_Source\PSoC5/QuadDec_1.c **** * Parameters:
 144:.\Generated_Source\PSoC5/QuadDec_1.c **** *  None.
 145:.\Generated_Source\PSoC5/QuadDec_1.c **** *
 146:.\Generated_Source\PSoC5/QuadDec_1.c **** * Return:
 147:.\Generated_Source\PSoC5/QuadDec_1.c **** *  None.
 148:.\Generated_Source\PSoC5/QuadDec_1.c **** *
 149:.\Generated_Source\PSoC5/QuadDec_1.c **** *******************************************************************************/
 150:.\Generated_Source\PSoC5/QuadDec_1.c **** void QuadDec_1_Stop(void) 
 151:.\Generated_Source\PSoC5/QuadDec_1.c **** {
 157              		.loc 1 151 0
 158              		.cfi_startproc
 159              		@ args = 0, pretend = 0, frame = 8
 160              		@ frame_needed = 1, uses_anonymous_args = 0
 161 0000 80B5     		push	{r7, lr}
 162              	.LCFI7:
 163              		.cfi_def_cfa_offset 8
 164              		.cfi_offset 7, -8
 165              		.cfi_offset 14, -4
 166 0002 82B0     		sub	sp, sp, #8
 167              	.LCFI8:
 168              		.cfi_def_cfa_offset 16
 169 0004 00AF     		add	r7, sp, #0
 170              	.LCFI9:
 171              		.cfi_def_cfa_register 7
 152:.\Generated_Source\PSoC5/QuadDec_1.c ****     uint8 enableInterrupts;
 153:.\Generated_Source\PSoC5/QuadDec_1.c **** 
 154:.\Generated_Source\PSoC5/QuadDec_1.c ****     #if (QuadDec_1_COUNTER_SIZE == QuadDec_1_COUNTER_SIZE_8_BIT)
 155:.\Generated_Source\PSoC5/QuadDec_1.c ****         QuadDec_1_Cnt8_Stop();
 172              		.loc 1 155 0
 173 0006 FFF7FEFF 		bl	QuadDec_1_Cnt8_Stop
 156:.\Generated_Source\PSoC5/QuadDec_1.c ****     #else 
 157:.\Generated_Source\PSoC5/QuadDec_1.c ****         /* (QuadDec_1_COUNTER_SIZE == QuadDec_1_COUNTER_SIZE_16_BIT) ||
 158:.\Generated_Source\PSoC5/QuadDec_1.c ****         *  (QuadDec_1_COUNTER_SIZE == QuadDec_1_COUNTER_SIZE_32_BIT)
 159:.\Generated_Source\PSoC5/QuadDec_1.c ****         */
 160:.\Generated_Source\PSoC5/QuadDec_1.c ****         QuadDec_1_Cnt16_Stop();    /* counter disable */
 161:.\Generated_Source\PSoC5/QuadDec_1.c ****     #endif /* (QuadDec_1_COUNTER_SIZE == QuadDec_1_COUNTER_SIZE_8_BIT) */
 162:.\Generated_Source\PSoC5/QuadDec_1.c ****  
 163:.\Generated_Source\PSoC5/QuadDec_1.c ****     enableInterrupts = CyEnterCriticalSection();
 174              		.loc 1 163 0
 175 000a FFF7FEFF 		bl	CyEnterCriticalSection
 176 000e 0346     		mov	r3, r0
 177 0010 FB71     		strb	r3, [r7, #7]
 164:.\Generated_Source\PSoC5/QuadDec_1.c **** 
 165:.\Generated_Source\PSoC5/QuadDec_1.c ****     /* Disable interrupts interrupts from Statusi register */
ARM GAS  C:\Users\dsky\AppData\Local\Temp\ccqwhX8g.s 			page 7


 166:.\Generated_Source\PSoC5/QuadDec_1.c ****     QuadDec_1_SR_AUX_CONTROL &= (uint8) (~QuadDec_1_INTERRUPTS_ENABLE);
 178              		.loc 1 166 0
 179 0012 46F29753 		movw	r3, #26007
 180 0016 C4F20003 		movt	r3, 16384
 181 001a 46F29752 		movw	r2, #26007
 182 001e C4F20002 		movt	r2, 16384
 183 0022 1278     		ldrb	r2, [r2, #0]
 184 0024 D2B2     		uxtb	r2, r2
 185 0026 22F01002 		bic	r2, r2, #16
 186 002a D2B2     		uxtb	r2, r2
 187 002c 1A70     		strb	r2, [r3, #0]
 167:.\Generated_Source\PSoC5/QuadDec_1.c **** 
 168:.\Generated_Source\PSoC5/QuadDec_1.c ****     CyExitCriticalSection(enableInterrupts);
 188              		.loc 1 168 0
 189 002e FB79     		ldrb	r3, [r7, #7]	@ zero_extendqisi2
 190 0030 1846     		mov	r0, r3
 191 0032 FFF7FEFF 		bl	CyExitCriticalSection
 169:.\Generated_Source\PSoC5/QuadDec_1.c **** 
 170:.\Generated_Source\PSoC5/QuadDec_1.c ****     #if (QuadDec_1_COUNTER_SIZE == QuadDec_1_COUNTER_SIZE_32_BIT)
 171:.\Generated_Source\PSoC5/QuadDec_1.c ****         CyIntDisable(QuadDec_1_ISR_NUMBER);    /* interrupt disable */
 172:.\Generated_Source\PSoC5/QuadDec_1.c ****     #endif /* QuadDec_1_COUNTER_SIZE == QuadDec_1_COUNTER_SIZE_32_BIT */
 173:.\Generated_Source\PSoC5/QuadDec_1.c **** }
 192              		.loc 1 173 0
 193 0036 07F10807 		add	r7, r7, #8
 194 003a BD46     		mov	sp, r7
 195 003c 80BD     		pop	{r7, pc}
 196              		.cfi_endproc
 197              	.LFE3:
 198              		.size	QuadDec_1_Stop, .-QuadDec_1_Stop
 199 003e 00BF     		.section	.text.QuadDec_1_GetCounter,"ax",%progbits
 200              		.align	2
 201              		.global	QuadDec_1_GetCounter
 202              		.thumb
 203              		.thumb_func
 204              		.type	QuadDec_1_GetCounter, %function
 205              	QuadDec_1_GetCounter:
 206              	.LFB4:
 174:.\Generated_Source\PSoC5/QuadDec_1.c **** 
 175:.\Generated_Source\PSoC5/QuadDec_1.c **** 
 176:.\Generated_Source\PSoC5/QuadDec_1.c **** /*******************************************************************************
 177:.\Generated_Source\PSoC5/QuadDec_1.c **** * Function Name: QuadDec_1_GetCounter
 178:.\Generated_Source\PSoC5/QuadDec_1.c **** ********************************************************************************
 179:.\Generated_Source\PSoC5/QuadDec_1.c **** *
 180:.\Generated_Source\PSoC5/QuadDec_1.c **** * Summary:
 181:.\Generated_Source\PSoC5/QuadDec_1.c **** *  Reports the current value of the counter.
 182:.\Generated_Source\PSoC5/QuadDec_1.c **** *
 183:.\Generated_Source\PSoC5/QuadDec_1.c **** * Parameters:
 184:.\Generated_Source\PSoC5/QuadDec_1.c **** *  None.
 185:.\Generated_Source\PSoC5/QuadDec_1.c **** *
 186:.\Generated_Source\PSoC5/QuadDec_1.c **** * Return:
 187:.\Generated_Source\PSoC5/QuadDec_1.c **** *  The counter value. Return type is signed and per the counter size setting.
 188:.\Generated_Source\PSoC5/QuadDec_1.c **** *  A positive value indicates clockwise movement (B before A).
 189:.\Generated_Source\PSoC5/QuadDec_1.c **** *
 190:.\Generated_Source\PSoC5/QuadDec_1.c **** * Global variables:
 191:.\Generated_Source\PSoC5/QuadDec_1.c **** *  QuadDec_1_count32SoftPart - used to get hi 16 bit for current value
 192:.\Generated_Source\PSoC5/QuadDec_1.c **** *  of the 32-bit counter, when Counter size equal 32-bit.
 193:.\Generated_Source\PSoC5/QuadDec_1.c **** *
ARM GAS  C:\Users\dsky\AppData\Local\Temp\ccqwhX8g.s 			page 8


 194:.\Generated_Source\PSoC5/QuadDec_1.c **** *******************************************************************************/
 195:.\Generated_Source\PSoC5/QuadDec_1.c **** int8 QuadDec_1_GetCounter(void) 
 196:.\Generated_Source\PSoC5/QuadDec_1.c **** {
 207              		.loc 1 196 0
 208              		.cfi_startproc
 209              		@ args = 0, pretend = 0, frame = 8
 210              		@ frame_needed = 1, uses_anonymous_args = 0
 211 0000 80B5     		push	{r7, lr}
 212              	.LCFI10:
 213              		.cfi_def_cfa_offset 8
 214              		.cfi_offset 7, -8
 215              		.cfi_offset 14, -4
 216 0002 82B0     		sub	sp, sp, #8
 217              	.LCFI11:
 218              		.cfi_def_cfa_offset 16
 219 0004 00AF     		add	r7, sp, #0
 220              	.LCFI12:
 221              		.cfi_def_cfa_register 7
 197:.\Generated_Source\PSoC5/QuadDec_1.c ****     int8 count;
 198:.\Generated_Source\PSoC5/QuadDec_1.c ****     uint8 tmpCnt;
 199:.\Generated_Source\PSoC5/QuadDec_1.c **** 
 200:.\Generated_Source\PSoC5/QuadDec_1.c ****     #if (QuadDec_1_COUNTER_SIZE == QuadDec_1_COUNTER_SIZE_32_BIT)
 201:.\Generated_Source\PSoC5/QuadDec_1.c ****         int16 hwCount;
 202:.\Generated_Source\PSoC5/QuadDec_1.c **** 
 203:.\Generated_Source\PSoC5/QuadDec_1.c ****         CyIntDisable(QuadDec_1_ISR_NUMBER);
 204:.\Generated_Source\PSoC5/QuadDec_1.c **** 
 205:.\Generated_Source\PSoC5/QuadDec_1.c ****         tmpCnt = QuadDec_1_Cnt16_ReadCounter();
 206:.\Generated_Source\PSoC5/QuadDec_1.c ****         hwCount = (int16) ((int32) tmpCnt - (int32) QuadDec_1_COUNTER_INIT_VALUE);
 207:.\Generated_Source\PSoC5/QuadDec_1.c ****         count = QuadDec_1_count32SoftPart + hwCount;
 208:.\Generated_Source\PSoC5/QuadDec_1.c **** 
 209:.\Generated_Source\PSoC5/QuadDec_1.c ****         CyIntEnable(QuadDec_1_ISR_NUMBER);
 210:.\Generated_Source\PSoC5/QuadDec_1.c ****     #else 
 211:.\Generated_Source\PSoC5/QuadDec_1.c ****         /* (QuadDec_1_COUNTER_SIZE == QuadDec_1_COUNTER_SIZE_8_BIT) || 
 212:.\Generated_Source\PSoC5/QuadDec_1.c ****         *  (QuadDec_1_COUNTER_SIZE == QuadDec_1_COUNTER_SIZE_16_BIT)
 213:.\Generated_Source\PSoC5/QuadDec_1.c ****         */
 214:.\Generated_Source\PSoC5/QuadDec_1.c ****         #if (QuadDec_1_COUNTER_SIZE == QuadDec_1_COUNTER_SIZE_8_BIT)
 215:.\Generated_Source\PSoC5/QuadDec_1.c ****             tmpCnt = QuadDec_1_Cnt8_ReadCounter();
 222              		.loc 1 215 0
 223 0006 FFF7FEFF 		bl	QuadDec_1_Cnt8_ReadCounter
 224 000a 0346     		mov	r3, r0
 225 000c FB71     		strb	r3, [r7, #7]
 216:.\Generated_Source\PSoC5/QuadDec_1.c ****         #else /* (QuadDec_1_COUNTER_SIZE == QuadDec_1_COUNTER_SIZE_16_BIT) */
 217:.\Generated_Source\PSoC5/QuadDec_1.c ****             tmpCnt = QuadDec_1_Cnt16_ReadCounter();
 218:.\Generated_Source\PSoC5/QuadDec_1.c ****         #endif  /* QuadDec_1_COUNTER_SIZE == QuadDec_1_COUNTER_SIZE_8_BIT */
 219:.\Generated_Source\PSoC5/QuadDec_1.c **** 
 220:.\Generated_Source\PSoC5/QuadDec_1.c ****         count = (int8) ((int16) tmpCnt -
 226              		.loc 1 220 0
 227 000e FB79     		ldrb	r3, [r7, #7]
 228 0010 A3F18003 		sub	r3, r3, #128
 229 0014 DBB2     		uxtb	r3, r3
 230 0016 BB71     		strb	r3, [r7, #6]
 221:.\Generated_Source\PSoC5/QuadDec_1.c ****                 (int16) QuadDec_1_COUNTER_INIT_VALUE);
 222:.\Generated_Source\PSoC5/QuadDec_1.c **** 
 223:.\Generated_Source\PSoC5/QuadDec_1.c ****     #endif /* QuadDec_1_COUNTER_SIZE == QuadDec_1_COUNTER_SIZE_32_BIT */ 
 224:.\Generated_Source\PSoC5/QuadDec_1.c **** 
 225:.\Generated_Source\PSoC5/QuadDec_1.c ****     return (count);
 231              		.loc 1 225 0
ARM GAS  C:\Users\dsky\AppData\Local\Temp\ccqwhX8g.s 			page 9


 232 0018 BB79     		ldrb	r3, [r7, #6]	@ zero_extendqisi2
 233 001a 5BB2     		sxtb	r3, r3
 226:.\Generated_Source\PSoC5/QuadDec_1.c **** }
 234              		.loc 1 226 0
 235 001c 1846     		mov	r0, r3
 236 001e 07F10807 		add	r7, r7, #8
 237 0022 BD46     		mov	sp, r7
 238 0024 80BD     		pop	{r7, pc}
 239              		.cfi_endproc
 240              	.LFE4:
 241              		.size	QuadDec_1_GetCounter, .-QuadDec_1_GetCounter
 242 0026 00BF     		.section	.text.QuadDec_1_SetCounter,"ax",%progbits
 243              		.align	2
 244              		.global	QuadDec_1_SetCounter
 245              		.thumb
 246              		.thumb_func
 247              		.type	QuadDec_1_SetCounter, %function
 248              	QuadDec_1_SetCounter:
 249              	.LFB5:
 227:.\Generated_Source\PSoC5/QuadDec_1.c **** 
 228:.\Generated_Source\PSoC5/QuadDec_1.c **** 
 229:.\Generated_Source\PSoC5/QuadDec_1.c **** /*******************************************************************************
 230:.\Generated_Source\PSoC5/QuadDec_1.c **** * Function Name: QuadDec_1_SetCounter
 231:.\Generated_Source\PSoC5/QuadDec_1.c **** ********************************************************************************
 232:.\Generated_Source\PSoC5/QuadDec_1.c **** *
 233:.\Generated_Source\PSoC5/QuadDec_1.c **** * Summary:
 234:.\Generated_Source\PSoC5/QuadDec_1.c **** *  Sets the current value of the counter.
 235:.\Generated_Source\PSoC5/QuadDec_1.c **** *
 236:.\Generated_Source\PSoC5/QuadDec_1.c **** * Parameters:
 237:.\Generated_Source\PSoC5/QuadDec_1.c **** *  value:  The new value. Parameter type is signed and per the counter size
 238:.\Generated_Source\PSoC5/QuadDec_1.c **** *  setting.
 239:.\Generated_Source\PSoC5/QuadDec_1.c **** *
 240:.\Generated_Source\PSoC5/QuadDec_1.c **** * Return:
 241:.\Generated_Source\PSoC5/QuadDec_1.c **** *  None.
 242:.\Generated_Source\PSoC5/QuadDec_1.c **** *
 243:.\Generated_Source\PSoC5/QuadDec_1.c **** * Global variables:
 244:.\Generated_Source\PSoC5/QuadDec_1.c **** *  QuadDec_1_count32SoftPart - modified to set hi 16 bit for current
 245:.\Generated_Source\PSoC5/QuadDec_1.c **** *  value of the 32-bit counter, when Counter size equal 32-bit.
 246:.\Generated_Source\PSoC5/QuadDec_1.c **** *
 247:.\Generated_Source\PSoC5/QuadDec_1.c **** * Reentrant:
 248:.\Generated_Source\PSoC5/QuadDec_1.c **** *  No.
 249:.\Generated_Source\PSoC5/QuadDec_1.c **** *
 250:.\Generated_Source\PSoC5/QuadDec_1.c **** *******************************************************************************/
 251:.\Generated_Source\PSoC5/QuadDec_1.c **** void QuadDec_1_SetCounter(int8 value) 
 252:.\Generated_Source\PSoC5/QuadDec_1.c **** {
 250              		.loc 1 252 0
 251              		.cfi_startproc
 252              		@ args = 0, pretend = 0, frame = 16
 253              		@ frame_needed = 1, uses_anonymous_args = 0
 254 0000 80B5     		push	{r7, lr}
 255              	.LCFI13:
 256              		.cfi_def_cfa_offset 8
 257              		.cfi_offset 7, -8
 258              		.cfi_offset 14, -4
 259 0002 84B0     		sub	sp, sp, #16
 260              	.LCFI14:
 261              		.cfi_def_cfa_offset 24
ARM GAS  C:\Users\dsky\AppData\Local\Temp\ccqwhX8g.s 			page 10


 262 0004 00AF     		add	r7, sp, #0
 263              	.LCFI15:
 264              		.cfi_def_cfa_register 7
 265 0006 0346     		mov	r3, r0
 266 0008 FB71     		strb	r3, [r7, #7]
 253:.\Generated_Source\PSoC5/QuadDec_1.c ****     #if ((QuadDec_1_COUNTER_SIZE == QuadDec_1_COUNTER_SIZE_8_BIT) || \
 254:.\Generated_Source\PSoC5/QuadDec_1.c ****          (QuadDec_1_COUNTER_SIZE == QuadDec_1_COUNTER_SIZE_16_BIT))
 255:.\Generated_Source\PSoC5/QuadDec_1.c ****         uint8 count;
 256:.\Generated_Source\PSoC5/QuadDec_1.c ****         
 257:.\Generated_Source\PSoC5/QuadDec_1.c ****         if (value >= 0)
 267              		.loc 1 257 0
 268 000a 97F90730 		ldrsb	r3, [r7, #7]
 269 000e 002B     		cmp	r3, #0
 270 0010 04DB     		blt	.L9
 258:.\Generated_Source\PSoC5/QuadDec_1.c ****         {
 259:.\Generated_Source\PSoC5/QuadDec_1.c ****             count = (uint8) value + QuadDec_1_COUNTER_INIT_VALUE;
 271              		.loc 1 259 0
 272 0012 FB79     		ldrb	r3, [r7, #7]	@ zero_extendqisi2
 273 0014 A3F18003 		sub	r3, r3, #128
 274 0018 FB73     		strb	r3, [r7, #15]
 275 001a 03E0     		b	.L10
 276              	.L9:
 260:.\Generated_Source\PSoC5/QuadDec_1.c ****         }
 261:.\Generated_Source\PSoC5/QuadDec_1.c ****         else
 262:.\Generated_Source\PSoC5/QuadDec_1.c ****         {
 263:.\Generated_Source\PSoC5/QuadDec_1.c ****             count = (uint8) (-value);
 277              		.loc 1 263 0
 278 001c FB79     		ldrb	r3, [r7, #7]	@ zero_extendqisi2
 279 001e C3F10003 		rsb	r3, r3, #0
 280 0022 FB73     		strb	r3, [r7, #15]
 281              	.L10:
 264:.\Generated_Source\PSoC5/QuadDec_1.c ****         }
 265:.\Generated_Source\PSoC5/QuadDec_1.c ****         #if (QuadDec_1_COUNTER_SIZE == QuadDec_1_COUNTER_SIZE_8_BIT)
 266:.\Generated_Source\PSoC5/QuadDec_1.c ****             QuadDec_1_Cnt8_WriteCounter(count);
 282              		.loc 1 266 0
 283 0024 FB7B     		ldrb	r3, [r7, #15]	@ zero_extendqisi2
 284 0026 1846     		mov	r0, r3
 285 0028 FFF7FEFF 		bl	QuadDec_1_Cnt8_WriteCounter
 267:.\Generated_Source\PSoC5/QuadDec_1.c ****         #else /* (QuadDec_1_COUNTER_SIZE == QuadDec_1_COUNTER_SIZE_16_BIT) */
 268:.\Generated_Source\PSoC5/QuadDec_1.c ****             QuadDec_1_Cnt16_WriteCounter(count);
 269:.\Generated_Source\PSoC5/QuadDec_1.c ****         #endif  /* QuadDec_1_COUNTER_SIZE == QuadDec_1_COUNTER_SIZE_8_BIT */
 270:.\Generated_Source\PSoC5/QuadDec_1.c ****     #else /* (QuadDec_1_COUNTER_SIZE == QuadDec_1_COUNTER_SIZE_32_BIT) */
 271:.\Generated_Source\PSoC5/QuadDec_1.c ****         CyIntDisable(QuadDec_1_ISR_NUMBER);
 272:.\Generated_Source\PSoC5/QuadDec_1.c **** 
 273:.\Generated_Source\PSoC5/QuadDec_1.c ****         QuadDec_1_Cnt16_WriteCounter(QuadDec_1_COUNTER_INIT_VALUE);
 274:.\Generated_Source\PSoC5/QuadDec_1.c ****         QuadDec_1_count32SoftPart = value;
 275:.\Generated_Source\PSoC5/QuadDec_1.c **** 
 276:.\Generated_Source\PSoC5/QuadDec_1.c ****         CyIntEnable(QuadDec_1_ISR_NUMBER);
 277:.\Generated_Source\PSoC5/QuadDec_1.c ****     #endif  /* (QuadDec_1_COUNTER_SIZE == QuadDec_1_COUNTER_SIZE_8_BIT) ||
 278:.\Generated_Source\PSoC5/QuadDec_1.c ****              * (QuadDec_1_COUNTER_SIZE == QuadDec_1_COUNTER_SIZE_16_BIT)
 279:.\Generated_Source\PSoC5/QuadDec_1.c ****              */
 280:.\Generated_Source\PSoC5/QuadDec_1.c **** }
 286              		.loc 1 280 0
 287 002c 07F11007 		add	r7, r7, #16
 288 0030 BD46     		mov	sp, r7
 289 0032 80BD     		pop	{r7, pc}
 290              		.cfi_endproc
ARM GAS  C:\Users\dsky\AppData\Local\Temp\ccqwhX8g.s 			page 11


 291              	.LFE5:
 292              		.size	QuadDec_1_SetCounter, .-QuadDec_1_SetCounter
 293              		.section	.text.QuadDec_1_GetEvents,"ax",%progbits
 294              		.align	2
 295              		.global	QuadDec_1_GetEvents
 296              		.thumb
 297              		.thumb_func
 298              		.type	QuadDec_1_GetEvents, %function
 299              	QuadDec_1_GetEvents:
 300              	.LFB6:
 281:.\Generated_Source\PSoC5/QuadDec_1.c **** 
 282:.\Generated_Source\PSoC5/QuadDec_1.c **** 
 283:.\Generated_Source\PSoC5/QuadDec_1.c **** /*******************************************************************************
 284:.\Generated_Source\PSoC5/QuadDec_1.c **** * Function Name: QuadDec_1_GetEvents
 285:.\Generated_Source\PSoC5/QuadDec_1.c **** ********************************************************************************
 286:.\Generated_Source\PSoC5/QuadDec_1.c **** * 
 287:.\Generated_Source\PSoC5/QuadDec_1.c **** * Summary:
 288:.\Generated_Source\PSoC5/QuadDec_1.c **** *   Reports the current status of events. This function clears the bits of the 
 289:.\Generated_Source\PSoC5/QuadDec_1.c **** *   status register.
 290:.\Generated_Source\PSoC5/QuadDec_1.c **** *
 291:.\Generated_Source\PSoC5/QuadDec_1.c **** * Parameters:
 292:.\Generated_Source\PSoC5/QuadDec_1.c **** *  None.
 293:.\Generated_Source\PSoC5/QuadDec_1.c **** *
 294:.\Generated_Source\PSoC5/QuadDec_1.c **** * Return:
 295:.\Generated_Source\PSoC5/QuadDec_1.c **** *  The events, as bits in an unsigned 8-bit value:
 296:.\Generated_Source\PSoC5/QuadDec_1.c **** *    Bit      Description
 297:.\Generated_Source\PSoC5/QuadDec_1.c **** *     0        Counter overflow.
 298:.\Generated_Source\PSoC5/QuadDec_1.c **** *     1        Counter underflow.
 299:.\Generated_Source\PSoC5/QuadDec_1.c **** *     2        Counter reset due to index, if index input is used.
 300:.\Generated_Source\PSoC5/QuadDec_1.c **** *     3        Invalid A, B inputs state transition.
 301:.\Generated_Source\PSoC5/QuadDec_1.c **** *
 302:.\Generated_Source\PSoC5/QuadDec_1.c **** *******************************************************************************/
 303:.\Generated_Source\PSoC5/QuadDec_1.c **** uint8 QuadDec_1_GetEvents(void) 
 304:.\Generated_Source\PSoC5/QuadDec_1.c **** {
 301              		.loc 1 304 0
 302              		.cfi_startproc
 303              		@ args = 0, pretend = 0, frame = 0
 304              		@ frame_needed = 1, uses_anonymous_args = 0
 305              		@ link register save eliminated.
 306 0000 80B4     		push	{r7}
 307              	.LCFI16:
 308              		.cfi_def_cfa_offset 4
 309              		.cfi_offset 7, -4
 310 0002 00AF     		add	r7, sp, #0
 311              	.LCFI17:
 312              		.cfi_def_cfa_register 7
 305:.\Generated_Source\PSoC5/QuadDec_1.c ****     return (QuadDec_1_STATUS_REG & QuadDec_1_INIT_INT_MASK);
 313              		.loc 1 305 0
 314 0004 46F26753 		movw	r3, #25959
 315 0008 C4F20003 		movt	r3, 16384
 316 000c 1B78     		ldrb	r3, [r3, #0]
 317 000e DBB2     		uxtb	r3, r3
 318 0010 03F00F03 		and	r3, r3, #15
 319 0014 DBB2     		uxtb	r3, r3
 306:.\Generated_Source\PSoC5/QuadDec_1.c **** }
 320              		.loc 1 306 0
 321 0016 1846     		mov	r0, r3
ARM GAS  C:\Users\dsky\AppData\Local\Temp\ccqwhX8g.s 			page 12


 322 0018 BD46     		mov	sp, r7
 323 001a 80BC     		pop	{r7}
 324 001c 7047     		bx	lr
 325              		.cfi_endproc
 326              	.LFE6:
 327              		.size	QuadDec_1_GetEvents, .-QuadDec_1_GetEvents
 328 001e 00BF     		.section	.text.QuadDec_1_SetInterruptMask,"ax",%progbits
 329              		.align	2
 330              		.global	QuadDec_1_SetInterruptMask
 331              		.thumb
 332              		.thumb_func
 333              		.type	QuadDec_1_SetInterruptMask, %function
 334              	QuadDec_1_SetInterruptMask:
 335              	.LFB7:
 307:.\Generated_Source\PSoC5/QuadDec_1.c **** 
 308:.\Generated_Source\PSoC5/QuadDec_1.c **** 
 309:.\Generated_Source\PSoC5/QuadDec_1.c **** /*******************************************************************************
 310:.\Generated_Source\PSoC5/QuadDec_1.c **** * Function Name: QuadDec_1_SetInterruptMask
 311:.\Generated_Source\PSoC5/QuadDec_1.c **** ********************************************************************************
 312:.\Generated_Source\PSoC5/QuadDec_1.c **** *
 313:.\Generated_Source\PSoC5/QuadDec_1.c **** * Summary:
 314:.\Generated_Source\PSoC5/QuadDec_1.c **** *  Enables / disables interrupts due to the events.
 315:.\Generated_Source\PSoC5/QuadDec_1.c **** *  For the 32-bit counter, the overflow, underflow and reset interrupts cannot
 316:.\Generated_Source\PSoC5/QuadDec_1.c **** *  be disabled, these bits are ignored.
 317:.\Generated_Source\PSoC5/QuadDec_1.c **** *
 318:.\Generated_Source\PSoC5/QuadDec_1.c **** * Parameters:
 319:.\Generated_Source\PSoC5/QuadDec_1.c **** *  mask: Enable / disable bits in an 8-bit value, where 1 enables the interrupt.
 320:.\Generated_Source\PSoC5/QuadDec_1.c **** *
 321:.\Generated_Source\PSoC5/QuadDec_1.c **** * Return:
 322:.\Generated_Source\PSoC5/QuadDec_1.c **** *  None.
 323:.\Generated_Source\PSoC5/QuadDec_1.c **** *
 324:.\Generated_Source\PSoC5/QuadDec_1.c **** *******************************************************************************/
 325:.\Generated_Source\PSoC5/QuadDec_1.c **** void QuadDec_1_SetInterruptMask(uint8 mask) 
 326:.\Generated_Source\PSoC5/QuadDec_1.c **** {
 336              		.loc 1 326 0
 337              		.cfi_startproc
 338              		@ args = 0, pretend = 0, frame = 8
 339              		@ frame_needed = 1, uses_anonymous_args = 0
 340              		@ link register save eliminated.
 341 0000 80B4     		push	{r7}
 342              	.LCFI18:
 343              		.cfi_def_cfa_offset 4
 344              		.cfi_offset 7, -4
 345 0002 83B0     		sub	sp, sp, #12
 346              	.LCFI19:
 347              		.cfi_def_cfa_offset 16
 348 0004 00AF     		add	r7, sp, #0
 349              	.LCFI20:
 350              		.cfi_def_cfa_register 7
 351 0006 0346     		mov	r3, r0
 352 0008 FB71     		strb	r3, [r7, #7]
 327:.\Generated_Source\PSoC5/QuadDec_1.c ****     #if (QuadDec_1_COUNTER_SIZE == QuadDec_1_COUNTER_SIZE_32_BIT)
 328:.\Generated_Source\PSoC5/QuadDec_1.c ****         /* Underflow, Overflow and Reset interrupts for 32-bit Counter are always enable */
 329:.\Generated_Source\PSoC5/QuadDec_1.c ****         mask |= (QuadDec_1_COUNTER_OVERFLOW | QuadDec_1_COUNTER_UNDERFLOW |
 330:.\Generated_Source\PSoC5/QuadDec_1.c ****                  QuadDec_1_COUNTER_RESET);
 331:.\Generated_Source\PSoC5/QuadDec_1.c ****     #endif /* QuadDec_1_COUNTER_SIZE == QuadDec_1_COUNTER_SIZE_32_BIT */
 332:.\Generated_Source\PSoC5/QuadDec_1.c **** 
ARM GAS  C:\Users\dsky\AppData\Local\Temp\ccqwhX8g.s 			page 13


 333:.\Generated_Source\PSoC5/QuadDec_1.c ****     QuadDec_1_STATUS_MASK = mask;
 353              		.loc 1 333 0
 354 000a 46F28753 		movw	r3, #25991
 355 000e C4F20003 		movt	r3, 16384
 356 0012 FA79     		ldrb	r2, [r7, #7]
 357 0014 1A70     		strb	r2, [r3, #0]
 334:.\Generated_Source\PSoC5/QuadDec_1.c **** }
 358              		.loc 1 334 0
 359 0016 07F10C07 		add	r7, r7, #12
 360 001a BD46     		mov	sp, r7
 361 001c 80BC     		pop	{r7}
 362 001e 7047     		bx	lr
 363              		.cfi_endproc
 364              	.LFE7:
 365              		.size	QuadDec_1_SetInterruptMask, .-QuadDec_1_SetInterruptMask
 366              		.section	.text.QuadDec_1_GetInterruptMask,"ax",%progbits
 367              		.align	2
 368              		.global	QuadDec_1_GetInterruptMask
 369              		.thumb
 370              		.thumb_func
 371              		.type	QuadDec_1_GetInterruptMask, %function
 372              	QuadDec_1_GetInterruptMask:
 373              	.LFB8:
 335:.\Generated_Source\PSoC5/QuadDec_1.c **** 
 336:.\Generated_Source\PSoC5/QuadDec_1.c **** 
 337:.\Generated_Source\PSoC5/QuadDec_1.c **** /*******************************************************************************
 338:.\Generated_Source\PSoC5/QuadDec_1.c **** * Function Name: QuadDec_1_GetInterruptMask
 339:.\Generated_Source\PSoC5/QuadDec_1.c **** ********************************************************************************
 340:.\Generated_Source\PSoC5/QuadDec_1.c **** *
 341:.\Generated_Source\PSoC5/QuadDec_1.c **** * Summary:
 342:.\Generated_Source\PSoC5/QuadDec_1.c **** *  Reports the current interrupt mask settings.
 343:.\Generated_Source\PSoC5/QuadDec_1.c **** *
 344:.\Generated_Source\PSoC5/QuadDec_1.c **** * Parameters:
 345:.\Generated_Source\PSoC5/QuadDec_1.c **** *  None.
 346:.\Generated_Source\PSoC5/QuadDec_1.c **** *
 347:.\Generated_Source\PSoC5/QuadDec_1.c **** * Return:
 348:.\Generated_Source\PSoC5/QuadDec_1.c **** *  Enable / disable bits in an 8-bit value, where 1 enables the interrupt.
 349:.\Generated_Source\PSoC5/QuadDec_1.c **** *  For the 32-bit counter, the overflow, underflow and reset enable bits are
 350:.\Generated_Source\PSoC5/QuadDec_1.c **** *  always set.
 351:.\Generated_Source\PSoC5/QuadDec_1.c **** *
 352:.\Generated_Source\PSoC5/QuadDec_1.c **** *******************************************************************************/
 353:.\Generated_Source\PSoC5/QuadDec_1.c **** uint8 QuadDec_1_GetInterruptMask(void) 
 354:.\Generated_Source\PSoC5/QuadDec_1.c **** {
 374              		.loc 1 354 0
 375              		.cfi_startproc
 376              		@ args = 0, pretend = 0, frame = 0
 377              		@ frame_needed = 1, uses_anonymous_args = 0
 378              		@ link register save eliminated.
 379 0000 80B4     		push	{r7}
 380              	.LCFI21:
 381              		.cfi_def_cfa_offset 4
 382              		.cfi_offset 7, -4
 383 0002 00AF     		add	r7, sp, #0
 384              	.LCFI22:
 385              		.cfi_def_cfa_register 7
 355:.\Generated_Source\PSoC5/QuadDec_1.c ****     return (QuadDec_1_STATUS_MASK & QuadDec_1_INIT_INT_MASK);
 386              		.loc 1 355 0
ARM GAS  C:\Users\dsky\AppData\Local\Temp\ccqwhX8g.s 			page 14


 387 0004 46F28753 		movw	r3, #25991
 388 0008 C4F20003 		movt	r3, 16384
 389 000c 1B78     		ldrb	r3, [r3, #0]
 390 000e DBB2     		uxtb	r3, r3
 391 0010 03F00F03 		and	r3, r3, #15
 392 0014 DBB2     		uxtb	r3, r3
 356:.\Generated_Source\PSoC5/QuadDec_1.c **** }
 393              		.loc 1 356 0
 394 0016 1846     		mov	r0, r3
 395 0018 BD46     		mov	sp, r7
 396 001a 80BC     		pop	{r7}
 397 001c 7047     		bx	lr
 398              		.cfi_endproc
 399              	.LFE8:
 400              		.size	QuadDec_1_GetInterruptMask, .-QuadDec_1_GetInterruptMask
 401 001e 00BF     		.text
 402              	.Letext0:
 403              		.file 2 ".\\Generated_Source\\PSoC5\\cytypes.h"
 404              		.section	.debug_info,"",%progbits
 405              	.Ldebug_info0:
 406 0000 1C020000 		.4byte	0x21c
 407 0004 0200     		.2byte	0x2
 408 0006 00000000 		.4byte	.Ldebug_abbrev0
 409 000a 04       		.byte	0x4
 410 000b 01       		.uleb128 0x1
 411 000c F3010000 		.4byte	.LASF30
 412 0010 01       		.byte	0x1
 413 0011 25010000 		.4byte	.LASF31
 414 0015 66010000 		.4byte	.LASF32
 415 0019 00000000 		.4byte	.Ldebug_ranges0+0
 416 001d 00000000 		.4byte	0
 417 0021 00000000 		.4byte	0
 418 0025 00000000 		.4byte	.Ldebug_line0
 419 0029 02       		.uleb128 0x2
 420 002a 01       		.byte	0x1
 421 002b 06       		.byte	0x6
 422 002c E7010000 		.4byte	.LASF0
 423 0030 02       		.uleb128 0x2
 424 0031 01       		.byte	0x1
 425 0032 08       		.byte	0x8
 426 0033 4A000000 		.4byte	.LASF1
 427 0037 02       		.uleb128 0x2
 428 0038 02       		.byte	0x2
 429 0039 05       		.byte	0x5
 430 003a A0010000 		.4byte	.LASF2
 431 003e 02       		.uleb128 0x2
 432 003f 02       		.byte	0x2
 433 0040 07       		.byte	0x7
 434 0041 1C000000 		.4byte	.LASF3
 435 0045 03       		.uleb128 0x3
 436 0046 04       		.byte	0x4
 437 0047 05       		.byte	0x5
 438 0048 696E7400 		.ascii	"int\000"
 439 004c 02       		.uleb128 0x2
 440 004d 04       		.byte	0x4
 441 004e 07       		.byte	0x7
 442 004f D4000000 		.4byte	.LASF4
ARM GAS  C:\Users\dsky\AppData\Local\Temp\ccqwhX8g.s 			page 15


 443 0053 02       		.uleb128 0x2
 444 0054 08       		.byte	0x8
 445 0055 05       		.byte	0x5
 446 0056 53010000 		.4byte	.LASF5
 447 005a 02       		.uleb128 0x2
 448 005b 08       		.byte	0x8
 449 005c 07       		.byte	0x7
 450 005d 0E010000 		.4byte	.LASF6
 451 0061 02       		.uleb128 0x2
 452 0062 04       		.byte	0x4
 453 0063 05       		.byte	0x5
 454 0064 D9010000 		.4byte	.LASF7
 455 0068 02       		.uleb128 0x2
 456 0069 04       		.byte	0x4
 457 006a 07       		.byte	0x7
 458 006b 4A010000 		.4byte	.LASF8
 459 006f 02       		.uleb128 0x2
 460 0070 04       		.byte	0x4
 461 0071 07       		.byte	0x7
 462 0072 72000000 		.4byte	.LASF9
 463 0076 02       		.uleb128 0x2
 464 0077 01       		.byte	0x1
 465 0078 08       		.byte	0x8
 466 0079 E2010000 		.4byte	.LASF10
 467 007d 04       		.uleb128 0x4
 468 007e 84000000 		.4byte	.LASF11
 469 0082 02       		.byte	0x2
 470 0083 5B       		.byte	0x5b
 471 0084 30000000 		.4byte	0x30
 472 0088 04       		.uleb128 0x4
 473 0089 BA000000 		.4byte	.LASF12
 474 008d 02       		.byte	0x2
 475 008e 5E       		.byte	0x5e
 476 008f 29000000 		.4byte	0x29
 477 0093 04       		.uleb128 0x4
 478 0094 6C000000 		.4byte	.LASF13
 479 0098 02       		.byte	0x2
 480 0099 5F       		.byte	0x5f
 481 009a 37000000 		.4byte	0x37
 482 009e 02       		.uleb128 0x2
 483 009f 04       		.byte	0x4
 484 00a0 04       		.byte	0x4
 485 00a1 44000000 		.4byte	.LASF14
 486 00a5 02       		.uleb128 0x2
 487 00a6 08       		.byte	0x8
 488 00a7 04       		.byte	0x4
 489 00a8 A2000000 		.4byte	.LASF15
 490 00ac 04       		.uleb128 0x4
 491 00ad 67000000 		.4byte	.LASF16
 492 00b1 02       		.byte	0x2
 493 00b2 F0       		.byte	0xf0
 494 00b3 B7000000 		.4byte	0xb7
 495 00b7 05       		.uleb128 0x5
 496 00b8 7D000000 		.4byte	0x7d
 497 00bc 06       		.uleb128 0x6
 498 00bd 01       		.byte	0x1
 499 00be 3C020000 		.4byte	.LASF17
ARM GAS  C:\Users\dsky\AppData\Local\Temp\ccqwhX8g.s 			page 16


 500 00c2 01       		.byte	0x1
 501 00c3 2A       		.byte	0x2a
 502 00c4 01       		.byte	0x1
 503 00c5 00000000 		.4byte	.LFB0
 504 00c9 0A000000 		.4byte	.LFE0
 505 00cd 00000000 		.4byte	.LLST0
 506 00d1 01       		.byte	0x1
 507 00d2 07       		.uleb128 0x7
 508 00d3 01       		.byte	0x1
 509 00d4 A9000000 		.4byte	.LASF19
 510 00d8 01       		.byte	0x1
 511 00d9 46       		.byte	0x46
 512 00da 01       		.byte	0x1
 513 00db 00000000 		.4byte	.LFB1
 514 00df 42000000 		.4byte	.LFE1
 515 00e3 2C000000 		.4byte	.LLST1
 516 00e7 01       		.byte	0x1
 517 00e8 FB000000 		.4byte	0xfb
 518 00ec 08       		.uleb128 0x8
 519 00ed 91000000 		.4byte	.LASF21
 520 00f1 01       		.byte	0x1
 521 00f2 48       		.byte	0x48
 522 00f3 7D000000 		.4byte	0x7d
 523 00f7 02       		.byte	0x2
 524 00f8 91       		.byte	0x91
 525 00f9 77       		.sleb128 -9
 526 00fa 00       		.byte	0
 527 00fb 09       		.uleb128 0x9
 528 00fc 01       		.byte	0x1
 529 00fd 00000000 		.4byte	.LASF18
 530 0101 01       		.byte	0x1
 531 0102 71       		.byte	0x71
 532 0103 01       		.byte	0x1
 533 0104 00000000 		.4byte	.LFB2
 534 0108 36000000 		.4byte	.LFE2
 535 010c 64000000 		.4byte	.LLST2
 536 0110 01       		.byte	0x1
 537 0111 07       		.uleb128 0x7
 538 0112 01       		.byte	0x1
 539 0113 58000000 		.4byte	.LASF20
 540 0117 01       		.byte	0x1
 541 0118 96       		.byte	0x96
 542 0119 01       		.byte	0x1
 543 011a 00000000 		.4byte	.LFB3
 544 011e 3E000000 		.4byte	.LFE3
 545 0122 90000000 		.4byte	.LLST3
 546 0126 01       		.byte	0x1
 547 0127 3A010000 		.4byte	0x13a
 548 012b 08       		.uleb128 0x8
 549 012c 91000000 		.4byte	.LASF21
 550 0130 01       		.byte	0x1
 551 0131 98       		.byte	0x98
 552 0132 7D000000 		.4byte	0x7d
 553 0136 02       		.byte	0x2
 554 0137 91       		.byte	0x91
 555 0138 77       		.sleb128 -9
 556 0139 00       		.byte	0
ARM GAS  C:\Users\dsky\AppData\Local\Temp\ccqwhX8g.s 			page 17


 557 013a 0A       		.uleb128 0xa
 558 013b 01       		.byte	0x1
 559 013c 2F000000 		.4byte	.LASF33
 560 0140 01       		.byte	0x1
 561 0141 C3       		.byte	0xc3
 562 0142 01       		.byte	0x1
 563 0143 88000000 		.4byte	0x88
 564 0147 00000000 		.4byte	.LFB4
 565 014b 26000000 		.4byte	.LFE4
 566 014f C8000000 		.4byte	.LLST4
 567 0153 01       		.byte	0x1
 568 0154 75010000 		.4byte	0x175
 569 0158 08       		.uleb128 0x8
 570 0159 16000000 		.4byte	.LASF22
 571 015d 01       		.byte	0x1
 572 015e C5       		.byte	0xc5
 573 015f 88000000 		.4byte	0x88
 574 0163 02       		.byte	0x2
 575 0164 91       		.byte	0x91
 576 0165 76       		.sleb128 -10
 577 0166 08       		.uleb128 0x8
 578 0167 8A000000 		.4byte	.LASF23
 579 016b 01       		.byte	0x1
 580 016c C6       		.byte	0xc6
 581 016d 7D000000 		.4byte	0x7d
 582 0171 02       		.byte	0x2
 583 0172 91       		.byte	0x91
 584 0173 77       		.sleb128 -9
 585 0174 00       		.byte	0
 586 0175 07       		.uleb128 0x7
 587 0176 01       		.byte	0x1
 588 0177 BF000000 		.4byte	.LASF24
 589 017b 01       		.byte	0x1
 590 017c FB       		.byte	0xfb
 591 017d 01       		.byte	0x1
 592 017e 00000000 		.4byte	.LFB5
 593 0182 34000000 		.4byte	.LFE5
 594 0186 00010000 		.4byte	.LLST5
 595 018a 01       		.byte	0x1
 596 018b AC010000 		.4byte	0x1ac
 597 018f 0B       		.uleb128 0xb
 598 0190 10000000 		.4byte	.LASF26
 599 0194 01       		.byte	0x1
 600 0195 FB       		.byte	0xfb
 601 0196 88000000 		.4byte	0x88
 602 019a 02       		.byte	0x2
 603 019b 91       		.byte	0x91
 604 019c 6F       		.sleb128 -17
 605 019d 08       		.uleb128 0x8
 606 019e 16000000 		.4byte	.LASF22
 607 01a2 01       		.byte	0x1
 608 01a3 FF       		.byte	0xff
 609 01a4 7D000000 		.4byte	0x7d
 610 01a8 02       		.byte	0x2
 611 01a9 91       		.byte	0x91
 612 01aa 77       		.sleb128 -9
 613 01ab 00       		.byte	0
ARM GAS  C:\Users\dsky\AppData\Local\Temp\ccqwhX8g.s 			page 18


 614 01ac 0C       		.uleb128 0xc
 615 01ad 01       		.byte	0x1
 616 01ae AA010000 		.4byte	.LASF28
 617 01b2 01       		.byte	0x1
 618 01b3 2F01     		.2byte	0x12f
 619 01b5 01       		.byte	0x1
 620 01b6 7D000000 		.4byte	0x7d
 621 01ba 00000000 		.4byte	.LFB6
 622 01be 1E000000 		.4byte	.LFE6
 623 01c2 38010000 		.4byte	.LLST6
 624 01c6 01       		.byte	0x1
 625 01c7 0D       		.uleb128 0xd
 626 01c8 01       		.byte	0x1
 627 01c9 BE010000 		.4byte	.LASF25
 628 01cd 01       		.byte	0x1
 629 01ce 4501     		.2byte	0x145
 630 01d0 01       		.byte	0x1
 631 01d1 00000000 		.4byte	.LFB7
 632 01d5 20000000 		.4byte	.LFE7
 633 01d9 64010000 		.4byte	.LLST7
 634 01dd 01       		.byte	0x1
 635 01de F2010000 		.4byte	0x1f2
 636 01e2 0E       		.uleb128 0xe
 637 01e3 61010000 		.4byte	.LASF27
 638 01e7 01       		.byte	0x1
 639 01e8 4501     		.2byte	0x145
 640 01ea 7D000000 		.4byte	0x7d
 641 01ee 02       		.byte	0x2
 642 01ef 91       		.byte	0x91
 643 01f0 77       		.sleb128 -9
 644 01f1 00       		.byte	0
 645 01f2 0C       		.uleb128 0xc
 646 01f3 01       		.byte	0x1
 647 01f4 F3000000 		.4byte	.LASF29
 648 01f8 01       		.byte	0x1
 649 01f9 6101     		.2byte	0x161
 650 01fb 01       		.byte	0x1
 651 01fc 7D000000 		.4byte	0x7d
 652 0200 00000000 		.4byte	.LFB8
 653 0204 1E000000 		.4byte	.LFE8
 654 0208 9C010000 		.4byte	.LLST8
 655 020c 01       		.byte	0x1
 656 020d 0F       		.uleb128 0xf
 657 020e E1000000 		.4byte	.LASF34
 658 0212 01       		.byte	0x1
 659 0213 19       		.byte	0x19
 660 0214 7D000000 		.4byte	0x7d
 661 0218 01       		.byte	0x1
 662 0219 05       		.byte	0x5
 663 021a 03       		.byte	0x3
 664 021b 00000000 		.4byte	QuadDec_1_initVar
 665 021f 00       		.byte	0
 666              		.section	.debug_abbrev,"",%progbits
 667              	.Ldebug_abbrev0:
 668 0000 01       		.uleb128 0x1
 669 0001 11       		.uleb128 0x11
 670 0002 01       		.byte	0x1
ARM GAS  C:\Users\dsky\AppData\Local\Temp\ccqwhX8g.s 			page 19


 671 0003 25       		.uleb128 0x25
 672 0004 0E       		.uleb128 0xe
 673 0005 13       		.uleb128 0x13
 674 0006 0B       		.uleb128 0xb
 675 0007 03       		.uleb128 0x3
 676 0008 0E       		.uleb128 0xe
 677 0009 1B       		.uleb128 0x1b
 678 000a 0E       		.uleb128 0xe
 679 000b 55       		.uleb128 0x55
 680 000c 06       		.uleb128 0x6
 681 000d 11       		.uleb128 0x11
 682 000e 01       		.uleb128 0x1
 683 000f 52       		.uleb128 0x52
 684 0010 01       		.uleb128 0x1
 685 0011 10       		.uleb128 0x10
 686 0012 06       		.uleb128 0x6
 687 0013 00       		.byte	0
 688 0014 00       		.byte	0
 689 0015 02       		.uleb128 0x2
 690 0016 24       		.uleb128 0x24
 691 0017 00       		.byte	0
 692 0018 0B       		.uleb128 0xb
 693 0019 0B       		.uleb128 0xb
 694 001a 3E       		.uleb128 0x3e
 695 001b 0B       		.uleb128 0xb
 696 001c 03       		.uleb128 0x3
 697 001d 0E       		.uleb128 0xe
 698 001e 00       		.byte	0
 699 001f 00       		.byte	0
 700 0020 03       		.uleb128 0x3
 701 0021 24       		.uleb128 0x24
 702 0022 00       		.byte	0
 703 0023 0B       		.uleb128 0xb
 704 0024 0B       		.uleb128 0xb
 705 0025 3E       		.uleb128 0x3e
 706 0026 0B       		.uleb128 0xb
 707 0027 03       		.uleb128 0x3
 708 0028 08       		.uleb128 0x8
 709 0029 00       		.byte	0
 710 002a 00       		.byte	0
 711 002b 04       		.uleb128 0x4
 712 002c 16       		.uleb128 0x16
 713 002d 00       		.byte	0
 714 002e 03       		.uleb128 0x3
 715 002f 0E       		.uleb128 0xe
 716 0030 3A       		.uleb128 0x3a
 717 0031 0B       		.uleb128 0xb
 718 0032 3B       		.uleb128 0x3b
 719 0033 0B       		.uleb128 0xb
 720 0034 49       		.uleb128 0x49
 721 0035 13       		.uleb128 0x13
 722 0036 00       		.byte	0
 723 0037 00       		.byte	0
 724 0038 05       		.uleb128 0x5
 725 0039 35       		.uleb128 0x35
 726 003a 00       		.byte	0
 727 003b 49       		.uleb128 0x49
ARM GAS  C:\Users\dsky\AppData\Local\Temp\ccqwhX8g.s 			page 20


 728 003c 13       		.uleb128 0x13
 729 003d 00       		.byte	0
 730 003e 00       		.byte	0
 731 003f 06       		.uleb128 0x6
 732 0040 2E       		.uleb128 0x2e
 733 0041 00       		.byte	0
 734 0042 3F       		.uleb128 0x3f
 735 0043 0C       		.uleb128 0xc
 736 0044 03       		.uleb128 0x3
 737 0045 0E       		.uleb128 0xe
 738 0046 3A       		.uleb128 0x3a
 739 0047 0B       		.uleb128 0xb
 740 0048 3B       		.uleb128 0x3b
 741 0049 0B       		.uleb128 0xb
 742 004a 27       		.uleb128 0x27
 743 004b 0C       		.uleb128 0xc
 744 004c 11       		.uleb128 0x11
 745 004d 01       		.uleb128 0x1
 746 004e 12       		.uleb128 0x12
 747 004f 01       		.uleb128 0x1
 748 0050 40       		.uleb128 0x40
 749 0051 06       		.uleb128 0x6
 750 0052 9742     		.uleb128 0x2117
 751 0054 0C       		.uleb128 0xc
 752 0055 00       		.byte	0
 753 0056 00       		.byte	0
 754 0057 07       		.uleb128 0x7
 755 0058 2E       		.uleb128 0x2e
 756 0059 01       		.byte	0x1
 757 005a 3F       		.uleb128 0x3f
 758 005b 0C       		.uleb128 0xc
 759 005c 03       		.uleb128 0x3
 760 005d 0E       		.uleb128 0xe
 761 005e 3A       		.uleb128 0x3a
 762 005f 0B       		.uleb128 0xb
 763 0060 3B       		.uleb128 0x3b
 764 0061 0B       		.uleb128 0xb
 765 0062 27       		.uleb128 0x27
 766 0063 0C       		.uleb128 0xc
 767 0064 11       		.uleb128 0x11
 768 0065 01       		.uleb128 0x1
 769 0066 12       		.uleb128 0x12
 770 0067 01       		.uleb128 0x1
 771 0068 40       		.uleb128 0x40
 772 0069 06       		.uleb128 0x6
 773 006a 9642     		.uleb128 0x2116
 774 006c 0C       		.uleb128 0xc
 775 006d 01       		.uleb128 0x1
 776 006e 13       		.uleb128 0x13
 777 006f 00       		.byte	0
 778 0070 00       		.byte	0
 779 0071 08       		.uleb128 0x8
 780 0072 34       		.uleb128 0x34
 781 0073 00       		.byte	0
 782 0074 03       		.uleb128 0x3
 783 0075 0E       		.uleb128 0xe
 784 0076 3A       		.uleb128 0x3a
ARM GAS  C:\Users\dsky\AppData\Local\Temp\ccqwhX8g.s 			page 21


 785 0077 0B       		.uleb128 0xb
 786 0078 3B       		.uleb128 0x3b
 787 0079 0B       		.uleb128 0xb
 788 007a 49       		.uleb128 0x49
 789 007b 13       		.uleb128 0x13
 790 007c 02       		.uleb128 0x2
 791 007d 0A       		.uleb128 0xa
 792 007e 00       		.byte	0
 793 007f 00       		.byte	0
 794 0080 09       		.uleb128 0x9
 795 0081 2E       		.uleb128 0x2e
 796 0082 00       		.byte	0
 797 0083 3F       		.uleb128 0x3f
 798 0084 0C       		.uleb128 0xc
 799 0085 03       		.uleb128 0x3
 800 0086 0E       		.uleb128 0xe
 801 0087 3A       		.uleb128 0x3a
 802 0088 0B       		.uleb128 0xb
 803 0089 3B       		.uleb128 0x3b
 804 008a 0B       		.uleb128 0xb
 805 008b 27       		.uleb128 0x27
 806 008c 0C       		.uleb128 0xc
 807 008d 11       		.uleb128 0x11
 808 008e 01       		.uleb128 0x1
 809 008f 12       		.uleb128 0x12
 810 0090 01       		.uleb128 0x1
 811 0091 40       		.uleb128 0x40
 812 0092 06       		.uleb128 0x6
 813 0093 9642     		.uleb128 0x2116
 814 0095 0C       		.uleb128 0xc
 815 0096 00       		.byte	0
 816 0097 00       		.byte	0
 817 0098 0A       		.uleb128 0xa
 818 0099 2E       		.uleb128 0x2e
 819 009a 01       		.byte	0x1
 820 009b 3F       		.uleb128 0x3f
 821 009c 0C       		.uleb128 0xc
 822 009d 03       		.uleb128 0x3
 823 009e 0E       		.uleb128 0xe
 824 009f 3A       		.uleb128 0x3a
 825 00a0 0B       		.uleb128 0xb
 826 00a1 3B       		.uleb128 0x3b
 827 00a2 0B       		.uleb128 0xb
 828 00a3 27       		.uleb128 0x27
 829 00a4 0C       		.uleb128 0xc
 830 00a5 49       		.uleb128 0x49
 831 00a6 13       		.uleb128 0x13
 832 00a7 11       		.uleb128 0x11
 833 00a8 01       		.uleb128 0x1
 834 00a9 12       		.uleb128 0x12
 835 00aa 01       		.uleb128 0x1
 836 00ab 40       		.uleb128 0x40
 837 00ac 06       		.uleb128 0x6
 838 00ad 9642     		.uleb128 0x2116
 839 00af 0C       		.uleb128 0xc
 840 00b0 01       		.uleb128 0x1
 841 00b1 13       		.uleb128 0x13
ARM GAS  C:\Users\dsky\AppData\Local\Temp\ccqwhX8g.s 			page 22


 842 00b2 00       		.byte	0
 843 00b3 00       		.byte	0
 844 00b4 0B       		.uleb128 0xb
 845 00b5 05       		.uleb128 0x5
 846 00b6 00       		.byte	0
 847 00b7 03       		.uleb128 0x3
 848 00b8 0E       		.uleb128 0xe
 849 00b9 3A       		.uleb128 0x3a
 850 00ba 0B       		.uleb128 0xb
 851 00bb 3B       		.uleb128 0x3b
 852 00bc 0B       		.uleb128 0xb
 853 00bd 49       		.uleb128 0x49
 854 00be 13       		.uleb128 0x13
 855 00bf 02       		.uleb128 0x2
 856 00c0 0A       		.uleb128 0xa
 857 00c1 00       		.byte	0
 858 00c2 00       		.byte	0
 859 00c3 0C       		.uleb128 0xc
 860 00c4 2E       		.uleb128 0x2e
 861 00c5 00       		.byte	0
 862 00c6 3F       		.uleb128 0x3f
 863 00c7 0C       		.uleb128 0xc
 864 00c8 03       		.uleb128 0x3
 865 00c9 0E       		.uleb128 0xe
 866 00ca 3A       		.uleb128 0x3a
 867 00cb 0B       		.uleb128 0xb
 868 00cc 3B       		.uleb128 0x3b
 869 00cd 05       		.uleb128 0x5
 870 00ce 27       		.uleb128 0x27
 871 00cf 0C       		.uleb128 0xc
 872 00d0 49       		.uleb128 0x49
 873 00d1 13       		.uleb128 0x13
 874 00d2 11       		.uleb128 0x11
 875 00d3 01       		.uleb128 0x1
 876 00d4 12       		.uleb128 0x12
 877 00d5 01       		.uleb128 0x1
 878 00d6 40       		.uleb128 0x40
 879 00d7 06       		.uleb128 0x6
 880 00d8 9742     		.uleb128 0x2117
 881 00da 0C       		.uleb128 0xc
 882 00db 00       		.byte	0
 883 00dc 00       		.byte	0
 884 00dd 0D       		.uleb128 0xd
 885 00de 2E       		.uleb128 0x2e
 886 00df 01       		.byte	0x1
 887 00e0 3F       		.uleb128 0x3f
 888 00e1 0C       		.uleb128 0xc
 889 00e2 03       		.uleb128 0x3
 890 00e3 0E       		.uleb128 0xe
 891 00e4 3A       		.uleb128 0x3a
 892 00e5 0B       		.uleb128 0xb
 893 00e6 3B       		.uleb128 0x3b
 894 00e7 05       		.uleb128 0x5
 895 00e8 27       		.uleb128 0x27
 896 00e9 0C       		.uleb128 0xc
 897 00ea 11       		.uleb128 0x11
 898 00eb 01       		.uleb128 0x1
ARM GAS  C:\Users\dsky\AppData\Local\Temp\ccqwhX8g.s 			page 23


 899 00ec 12       		.uleb128 0x12
 900 00ed 01       		.uleb128 0x1
 901 00ee 40       		.uleb128 0x40
 902 00ef 06       		.uleb128 0x6
 903 00f0 9742     		.uleb128 0x2117
 904 00f2 0C       		.uleb128 0xc
 905 00f3 01       		.uleb128 0x1
 906 00f4 13       		.uleb128 0x13
 907 00f5 00       		.byte	0
 908 00f6 00       		.byte	0
 909 00f7 0E       		.uleb128 0xe
 910 00f8 05       		.uleb128 0x5
 911 00f9 00       		.byte	0
 912 00fa 03       		.uleb128 0x3
 913 00fb 0E       		.uleb128 0xe
 914 00fc 3A       		.uleb128 0x3a
 915 00fd 0B       		.uleb128 0xb
 916 00fe 3B       		.uleb128 0x3b
 917 00ff 05       		.uleb128 0x5
 918 0100 49       		.uleb128 0x49
 919 0101 13       		.uleb128 0x13
 920 0102 02       		.uleb128 0x2
 921 0103 0A       		.uleb128 0xa
 922 0104 00       		.byte	0
 923 0105 00       		.byte	0
 924 0106 0F       		.uleb128 0xf
 925 0107 34       		.uleb128 0x34
 926 0108 00       		.byte	0
 927 0109 03       		.uleb128 0x3
 928 010a 0E       		.uleb128 0xe
 929 010b 3A       		.uleb128 0x3a
 930 010c 0B       		.uleb128 0xb
 931 010d 3B       		.uleb128 0x3b
 932 010e 0B       		.uleb128 0xb
 933 010f 49       		.uleb128 0x49
 934 0110 13       		.uleb128 0x13
 935 0111 3F       		.uleb128 0x3f
 936 0112 0C       		.uleb128 0xc
 937 0113 02       		.uleb128 0x2
 938 0114 0A       		.uleb128 0xa
 939 0115 00       		.byte	0
 940 0116 00       		.byte	0
 941 0117 00       		.byte	0
 942              		.section	.debug_loc,"",%progbits
 943              	.Ldebug_loc0:
 944              	.LLST0:
 945 0000 00000000 		.4byte	.LFB0
 946 0004 02000000 		.4byte	.LCFI0
 947 0008 0200     		.2byte	0x2
 948 000a 7D       		.byte	0x7d
 949 000b 00       		.sleb128 0
 950 000c 02000000 		.4byte	.LCFI0
 951 0010 04000000 		.4byte	.LCFI1
 952 0014 0200     		.2byte	0x2
 953 0016 7D       		.byte	0x7d
 954 0017 04       		.sleb128 4
 955 0018 04000000 		.4byte	.LCFI1
ARM GAS  C:\Users\dsky\AppData\Local\Temp\ccqwhX8g.s 			page 24


 956 001c 0A000000 		.4byte	.LFE0
 957 0020 0200     		.2byte	0x2
 958 0022 77       		.byte	0x77
 959 0023 04       		.sleb128 4
 960 0024 00000000 		.4byte	0
 961 0028 00000000 		.4byte	0
 962              	.LLST1:
 963 002c 00000000 		.4byte	.LFB1
 964 0030 02000000 		.4byte	.LCFI2
 965 0034 0200     		.2byte	0x2
 966 0036 7D       		.byte	0x7d
 967 0037 00       		.sleb128 0
 968 0038 02000000 		.4byte	.LCFI2
 969 003c 04000000 		.4byte	.LCFI3
 970 0040 0200     		.2byte	0x2
 971 0042 7D       		.byte	0x7d
 972 0043 08       		.sleb128 8
 973 0044 04000000 		.4byte	.LCFI3
 974 0048 06000000 		.4byte	.LCFI4
 975 004c 0200     		.2byte	0x2
 976 004e 7D       		.byte	0x7d
 977 004f 10       		.sleb128 16
 978 0050 06000000 		.4byte	.LCFI4
 979 0054 42000000 		.4byte	.LFE1
 980 0058 0200     		.2byte	0x2
 981 005a 77       		.byte	0x77
 982 005b 10       		.sleb128 16
 983 005c 00000000 		.4byte	0
 984 0060 00000000 		.4byte	0
 985              	.LLST2:
 986 0064 00000000 		.4byte	.LFB2
 987 0068 02000000 		.4byte	.LCFI5
 988 006c 0200     		.2byte	0x2
 989 006e 7D       		.byte	0x7d
 990 006f 00       		.sleb128 0
 991 0070 02000000 		.4byte	.LCFI5
 992 0074 04000000 		.4byte	.LCFI6
 993 0078 0200     		.2byte	0x2
 994 007a 7D       		.byte	0x7d
 995 007b 08       		.sleb128 8
 996 007c 04000000 		.4byte	.LCFI6
 997 0080 36000000 		.4byte	.LFE2
 998 0084 0200     		.2byte	0x2
 999 0086 77       		.byte	0x77
 1000 0087 08       		.sleb128 8
 1001 0088 00000000 		.4byte	0
 1002 008c 00000000 		.4byte	0
 1003              	.LLST3:
 1004 0090 00000000 		.4byte	.LFB3
 1005 0094 02000000 		.4byte	.LCFI7
 1006 0098 0200     		.2byte	0x2
 1007 009a 7D       		.byte	0x7d
 1008 009b 00       		.sleb128 0
 1009 009c 02000000 		.4byte	.LCFI7
 1010 00a0 04000000 		.4byte	.LCFI8
 1011 00a4 0200     		.2byte	0x2
 1012 00a6 7D       		.byte	0x7d
ARM GAS  C:\Users\dsky\AppData\Local\Temp\ccqwhX8g.s 			page 25


 1013 00a7 08       		.sleb128 8
 1014 00a8 04000000 		.4byte	.LCFI8
 1015 00ac 06000000 		.4byte	.LCFI9
 1016 00b0 0200     		.2byte	0x2
 1017 00b2 7D       		.byte	0x7d
 1018 00b3 10       		.sleb128 16
 1019 00b4 06000000 		.4byte	.LCFI9
 1020 00b8 3E000000 		.4byte	.LFE3
 1021 00bc 0200     		.2byte	0x2
 1022 00be 77       		.byte	0x77
 1023 00bf 10       		.sleb128 16
 1024 00c0 00000000 		.4byte	0
 1025 00c4 00000000 		.4byte	0
 1026              	.LLST4:
 1027 00c8 00000000 		.4byte	.LFB4
 1028 00cc 02000000 		.4byte	.LCFI10
 1029 00d0 0200     		.2byte	0x2
 1030 00d2 7D       		.byte	0x7d
 1031 00d3 00       		.sleb128 0
 1032 00d4 02000000 		.4byte	.LCFI10
 1033 00d8 04000000 		.4byte	.LCFI11
 1034 00dc 0200     		.2byte	0x2
 1035 00de 7D       		.byte	0x7d
 1036 00df 08       		.sleb128 8
 1037 00e0 04000000 		.4byte	.LCFI11
 1038 00e4 06000000 		.4byte	.LCFI12
 1039 00e8 0200     		.2byte	0x2
 1040 00ea 7D       		.byte	0x7d
 1041 00eb 10       		.sleb128 16
 1042 00ec 06000000 		.4byte	.LCFI12
 1043 00f0 26000000 		.4byte	.LFE4
 1044 00f4 0200     		.2byte	0x2
 1045 00f6 77       		.byte	0x77
 1046 00f7 10       		.sleb128 16
 1047 00f8 00000000 		.4byte	0
 1048 00fc 00000000 		.4byte	0
 1049              	.LLST5:
 1050 0100 00000000 		.4byte	.LFB5
 1051 0104 02000000 		.4byte	.LCFI13
 1052 0108 0200     		.2byte	0x2
 1053 010a 7D       		.byte	0x7d
 1054 010b 00       		.sleb128 0
 1055 010c 02000000 		.4byte	.LCFI13
 1056 0110 04000000 		.4byte	.LCFI14
 1057 0114 0200     		.2byte	0x2
 1058 0116 7D       		.byte	0x7d
 1059 0117 08       		.sleb128 8
 1060 0118 04000000 		.4byte	.LCFI14
 1061 011c 06000000 		.4byte	.LCFI15
 1062 0120 0200     		.2byte	0x2
 1063 0122 7D       		.byte	0x7d
 1064 0123 18       		.sleb128 24
 1065 0124 06000000 		.4byte	.LCFI15
 1066 0128 34000000 		.4byte	.LFE5
 1067 012c 0200     		.2byte	0x2
 1068 012e 77       		.byte	0x77
 1069 012f 18       		.sleb128 24
ARM GAS  C:\Users\dsky\AppData\Local\Temp\ccqwhX8g.s 			page 26


 1070 0130 00000000 		.4byte	0
 1071 0134 00000000 		.4byte	0
 1072              	.LLST6:
 1073 0138 00000000 		.4byte	.LFB6
 1074 013c 02000000 		.4byte	.LCFI16
 1075 0140 0200     		.2byte	0x2
 1076 0142 7D       		.byte	0x7d
 1077 0143 00       		.sleb128 0
 1078 0144 02000000 		.4byte	.LCFI16
 1079 0148 04000000 		.4byte	.LCFI17
 1080 014c 0200     		.2byte	0x2
 1081 014e 7D       		.byte	0x7d
 1082 014f 04       		.sleb128 4
 1083 0150 04000000 		.4byte	.LCFI17
 1084 0154 1E000000 		.4byte	.LFE6
 1085 0158 0200     		.2byte	0x2
 1086 015a 77       		.byte	0x77
 1087 015b 04       		.sleb128 4
 1088 015c 00000000 		.4byte	0
 1089 0160 00000000 		.4byte	0
 1090              	.LLST7:
 1091 0164 00000000 		.4byte	.LFB7
 1092 0168 02000000 		.4byte	.LCFI18
 1093 016c 0200     		.2byte	0x2
 1094 016e 7D       		.byte	0x7d
 1095 016f 00       		.sleb128 0
 1096 0170 02000000 		.4byte	.LCFI18
 1097 0174 04000000 		.4byte	.LCFI19
 1098 0178 0200     		.2byte	0x2
 1099 017a 7D       		.byte	0x7d
 1100 017b 04       		.sleb128 4
 1101 017c 04000000 		.4byte	.LCFI19
 1102 0180 06000000 		.4byte	.LCFI20
 1103 0184 0200     		.2byte	0x2
 1104 0186 7D       		.byte	0x7d
 1105 0187 10       		.sleb128 16
 1106 0188 06000000 		.4byte	.LCFI20
 1107 018c 20000000 		.4byte	.LFE7
 1108 0190 0200     		.2byte	0x2
 1109 0192 77       		.byte	0x77
 1110 0193 10       		.sleb128 16
 1111 0194 00000000 		.4byte	0
 1112 0198 00000000 		.4byte	0
 1113              	.LLST8:
 1114 019c 00000000 		.4byte	.LFB8
 1115 01a0 02000000 		.4byte	.LCFI21
 1116 01a4 0200     		.2byte	0x2
 1117 01a6 7D       		.byte	0x7d
 1118 01a7 00       		.sleb128 0
 1119 01a8 02000000 		.4byte	.LCFI21
 1120 01ac 04000000 		.4byte	.LCFI22
 1121 01b0 0200     		.2byte	0x2
 1122 01b2 7D       		.byte	0x7d
 1123 01b3 04       		.sleb128 4
 1124 01b4 04000000 		.4byte	.LCFI22
 1125 01b8 1E000000 		.4byte	.LFE8
 1126 01bc 0200     		.2byte	0x2
ARM GAS  C:\Users\dsky\AppData\Local\Temp\ccqwhX8g.s 			page 27


 1127 01be 77       		.byte	0x77
 1128 01bf 04       		.sleb128 4
 1129 01c0 00000000 		.4byte	0
 1130 01c4 00000000 		.4byte	0
 1131              		.section	.debug_aranges,"",%progbits
 1132 0000 5C000000 		.4byte	0x5c
 1133 0004 0200     		.2byte	0x2
 1134 0006 00000000 		.4byte	.Ldebug_info0
 1135 000a 04       		.byte	0x4
 1136 000b 00       		.byte	0
 1137 000c 0000     		.2byte	0
 1138 000e 0000     		.2byte	0
 1139 0010 00000000 		.4byte	.LFB0
 1140 0014 0A000000 		.4byte	.LFE0-.LFB0
 1141 0018 00000000 		.4byte	.LFB1
 1142 001c 42000000 		.4byte	.LFE1-.LFB1
 1143 0020 00000000 		.4byte	.LFB2
 1144 0024 36000000 		.4byte	.LFE2-.LFB2
 1145 0028 00000000 		.4byte	.LFB3
 1146 002c 3E000000 		.4byte	.LFE3-.LFB3
 1147 0030 00000000 		.4byte	.LFB4
 1148 0034 26000000 		.4byte	.LFE4-.LFB4
 1149 0038 00000000 		.4byte	.LFB5
 1150 003c 34000000 		.4byte	.LFE5-.LFB5
 1151 0040 00000000 		.4byte	.LFB6
 1152 0044 1E000000 		.4byte	.LFE6-.LFB6
 1153 0048 00000000 		.4byte	.LFB7
 1154 004c 20000000 		.4byte	.LFE7-.LFB7
 1155 0050 00000000 		.4byte	.LFB8
 1156 0054 1E000000 		.4byte	.LFE8-.LFB8
 1157 0058 00000000 		.4byte	0
 1158 005c 00000000 		.4byte	0
 1159              		.section	.debug_ranges,"",%progbits
 1160              	.Ldebug_ranges0:
 1161 0000 00000000 		.4byte	.LFB0
 1162 0004 0A000000 		.4byte	.LFE0
 1163 0008 00000000 		.4byte	.LFB1
 1164 000c 42000000 		.4byte	.LFE1
 1165 0010 00000000 		.4byte	.LFB2
 1166 0014 36000000 		.4byte	.LFE2
 1167 0018 00000000 		.4byte	.LFB3
 1168 001c 3E000000 		.4byte	.LFE3
 1169 0020 00000000 		.4byte	.LFB4
 1170 0024 26000000 		.4byte	.LFE4
 1171 0028 00000000 		.4byte	.LFB5
 1172 002c 34000000 		.4byte	.LFE5
 1173 0030 00000000 		.4byte	.LFB6
 1174 0034 1E000000 		.4byte	.LFE6
 1175 0038 00000000 		.4byte	.LFB7
 1176 003c 20000000 		.4byte	.LFE7
 1177 0040 00000000 		.4byte	.LFB8
 1178 0044 1E000000 		.4byte	.LFE8
 1179 0048 00000000 		.4byte	0
 1180 004c 00000000 		.4byte	0
 1181              		.section	.debug_line,"",%progbits
 1182              	.Ldebug_line0:
 1183 0000 06010000 		.section	.debug_str,"MS",%progbits,1
ARM GAS  C:\Users\dsky\AppData\Local\Temp\ccqwhX8g.s 			page 28


 1183      02004800 
 1183      00000201 
 1183      FB0E0D00 
 1183      01010101 
 1184              	.LASF18:
 1185 0000 51756164 		.ascii	"QuadDec_1_Start\000"
 1185      4465635F 
 1185      315F5374 
 1185      61727400 
 1186              	.LASF26:
 1187 0010 76616C75 		.ascii	"value\000"
 1187      6500
 1188              	.LASF22:
 1189 0016 636F756E 		.ascii	"count\000"
 1189      7400
 1190              	.LASF3:
 1191 001c 73686F72 		.ascii	"short unsigned int\000"
 1191      7420756E 
 1191      7369676E 
 1191      65642069 
 1191      6E7400
 1192              	.LASF33:
 1193 002f 51756164 		.ascii	"QuadDec_1_GetCounter\000"
 1193      4465635F 
 1193      315F4765 
 1193      74436F75 
 1193      6E746572 
 1194              	.LASF14:
 1195 0044 666C6F61 		.ascii	"float\000"
 1195      7400
 1196              	.LASF1:
 1197 004a 756E7369 		.ascii	"unsigned char\000"
 1197      676E6564 
 1197      20636861 
 1197      7200
 1198              	.LASF20:
 1199 0058 51756164 		.ascii	"QuadDec_1_Stop\000"
 1199      4465635F 
 1199      315F5374 
 1199      6F7000
 1200              	.LASF16:
 1201 0067 72656738 		.ascii	"reg8\000"
 1201      00
 1202              	.LASF13:
 1203 006c 696E7431 		.ascii	"int16\000"
 1203      3600
 1204              	.LASF9:
 1205 0072 6C6F6E67 		.ascii	"long unsigned int\000"
 1205      20756E73 
 1205      69676E65 
 1205      6420696E 
 1205      7400
 1206              	.LASF11:
 1207 0084 75696E74 		.ascii	"uint8\000"
 1207      3800
 1208              	.LASF23:
 1209 008a 746D7043 		.ascii	"tmpCnt\000"
ARM GAS  C:\Users\dsky\AppData\Local\Temp\ccqwhX8g.s 			page 29


 1209      6E7400
 1210              	.LASF21:
 1211 0091 656E6162 		.ascii	"enableInterrupts\000"
 1211      6C65496E 
 1211      74657272 
 1211      75707473 
 1211      00
 1212              	.LASF15:
 1213 00a2 646F7562 		.ascii	"double\000"
 1213      6C6500
 1214              	.LASF19:
 1215 00a9 51756164 		.ascii	"QuadDec_1_Enable\000"
 1215      4465635F 
 1215      315F456E 
 1215      61626C65 
 1215      00
 1216              	.LASF12:
 1217 00ba 696E7438 		.ascii	"int8\000"
 1217      00
 1218              	.LASF24:
 1219 00bf 51756164 		.ascii	"QuadDec_1_SetCounter\000"
 1219      4465635F 
 1219      315F5365 
 1219      74436F75 
 1219      6E746572 
 1220              	.LASF4:
 1221 00d4 756E7369 		.ascii	"unsigned int\000"
 1221      676E6564 
 1221      20696E74 
 1221      00
 1222              	.LASF34:
 1223 00e1 51756164 		.ascii	"QuadDec_1_initVar\000"
 1223      4465635F 
 1223      315F696E 
 1223      69745661 
 1223      7200
 1224              	.LASF29:
 1225 00f3 51756164 		.ascii	"QuadDec_1_GetInterruptMask\000"
 1225      4465635F 
 1225      315F4765 
 1225      74496E74 
 1225      65727275 
 1226              	.LASF6:
 1227 010e 6C6F6E67 		.ascii	"long long unsigned int\000"
 1227      206C6F6E 
 1227      6720756E 
 1227      7369676E 
 1227      65642069 
 1228              	.LASF31:
 1229 0125 2E5C4765 		.ascii	".\\Generated_Source\\PSoC5\\QuadDec_1.c\000"
 1229      6E657261 
 1229      7465645F 
 1229      536F7572 
 1229      63655C50 
 1230              	.LASF8:
 1231 014a 73697A65 		.ascii	"sizetype\000"
 1231      74797065 
ARM GAS  C:\Users\dsky\AppData\Local\Temp\ccqwhX8g.s 			page 30


 1231      00
 1232              	.LASF5:
 1233 0153 6C6F6E67 		.ascii	"long long int\000"
 1233      206C6F6E 
 1233      6720696E 
 1233      7400
 1234              	.LASF27:
 1235 0161 6D61736B 		.ascii	"mask\000"
 1235      00
 1236              	.LASF32:
 1237 0166 4C3A5C50 		.ascii	"L:\\PSoc program\\DskyTroostite1.0v\\Design01\\Desi"
 1237      536F6320 
 1237      70726F67 
 1237      72616D5C 
 1237      44736B79 
 1238 0195 676E3031 		.ascii	"gn01.cydsn\000"
 1238      2E637964 
 1238      736E00
 1239              	.LASF2:
 1240 01a0 73686F72 		.ascii	"short int\000"
 1240      7420696E 
 1240      7400
 1241              	.LASF28:
 1242 01aa 51756164 		.ascii	"QuadDec_1_GetEvents\000"
 1242      4465635F 
 1242      315F4765 
 1242      74457665 
 1242      6E747300 
 1243              	.LASF25:
 1244 01be 51756164 		.ascii	"QuadDec_1_SetInterruptMask\000"
 1244      4465635F 
 1244      315F5365 
 1244      74496E74 
 1244      65727275 
 1245              	.LASF7:
 1246 01d9 6C6F6E67 		.ascii	"long int\000"
 1246      20696E74 
 1246      00
 1247              	.LASF10:
 1248 01e2 63686172 		.ascii	"char\000"
 1248      00
 1249              	.LASF0:
 1250 01e7 7369676E 		.ascii	"signed char\000"
 1250      65642063 
 1250      68617200 
 1251              	.LASF30:
 1252 01f3 474E5520 		.ascii	"GNU C 4.7.3 20130312 (release) [ARM/embedded-4_7-br"
 1252      4320342E 
 1252      372E3320 
 1252      32303133 
 1252      30333132 
 1253 0226 616E6368 		.ascii	"anch revision 196615]\000"
 1253      20726576 
 1253      6973696F 
 1253      6E203139 
 1253      36363135 
 1254              	.LASF17:
ARM GAS  C:\Users\dsky\AppData\Local\Temp\ccqwhX8g.s 			page 31


 1255 023c 51756164 		.ascii	"QuadDec_1_Init\000"
 1255      4465635F 
 1255      315F496E 
 1255      697400
 1256              		.ident	"GCC: (GNU Tools for ARM Embedded Processors) 4.7.3 20130312 (release) [ARM/embedded-4_7-br
