--------------- Build Started: 05/15/2015 06:57:53 Project: Design01, Configuration: ARM GCC 4.7.3 Debug ---------------
cydsfit.exe "-.appdatapath" "C:\Users\devdev\AppData\Local\Cypress Semiconductor\PSoC Creator\3.0" "-.fdsnotice" "-.fdswarpdepfile=warp_dependencies.txt" "-.fdselabdepfile=elab_dependencies.txt" "-.fdsbldfile=generated_files.txt" "-p" "C:\Users\devdev\Documents\PSoC Creator\SFT1.0v\Design01.cydsn\Design01.cyprj" "-d" "CY8C5868AXI-LP035" "-s" "C:\Users\devdev\Documents\PSoC Creator\SFT1.0v\Design01.cydsn\Generated_Source\PSoC5" "--" "-yv2" "-v3" "-ygs" "-q10" "-o2" "-.fftcfgtype=LE"
Elaborating Design...
HDL Generation ...
Synthesis ...
Place and Route ...
Tech mapping ...
Info: mpr.M0037: Unused pieces of the design have been optimized out. See the Tech mapping section of the report file for details. (App=cydsfit)
Analog Placement ...
Analog Routing ...
Analog Code Generation ...
Digital Placement ...
Digital Routing ...
Bitstream Generation ...
Static timing analysis ...
API Generation ...
Dependency Generation ...
Clean Temporary Files ...
arm-none-eabi-gcc.exe -I. -I./Generated_Source/PSoC5 -Wno-main -mcpu=cortex-m3 -mthumb -Wall -g -D DEBUG -Wa,-alh=.\CortexM3\ARM_GCC_473\Debug\main.lst -ffunction-sections -c .\main.c -o .\CortexM3\ARM_GCC_473\Debug\main.o
arm-none-eabi-gcc.exe -I. -I./Generated_Source/PSoC5 -Wno-main -mcpu=cortex-m3 -mthumb -Wall -g -D DEBUG -Wa,-alh=.\CortexM3\ARM_GCC_473\Debug\cyfitter_cfg.lst -ffunction-sections -c .\Generated_Source\PSoC5\cyfitter_cfg.c -o .\CortexM3\ARM_GCC_473\Debug\cyfitter_cfg.o
arm-none-eabi-gcc.exe -I. -I./Generated_Source/PSoC5 -Wno-main -mcpu=cortex-m3 -mthumb -Wall -g -D DEBUG -Wa,-alh=.\CortexM3\ARM_GCC_473\Debug\cymetadata.lst -ffunction-sections -c .\Generated_Source\PSoC5\cymetadata.c -o .\CortexM3\ARM_GCC_473\Debug\cymetadata.o
arm-none-eabi-gcc.exe -I. -I./Generated_Source/PSoC5 -Wno-main -mcpu=cortex-m3 -mthumb -Wall -g -D DEBUG -Wa,-alh=.\CortexM3\ARM_GCC_473\Debug\B_LED.lst -ffunction-sections -c .\Generated_Source\PSoC5\B_LED.c -o .\CortexM3\ARM_GCC_473\Debug\B_LED.o
arm-none-eabi-gcc.exe -I. -I./Generated_Source/PSoC5 -Wno-main -mcpu=cortex-m3 -mthumb -Wall -g -D DEBUG -Wa,-alh=.\CortexM3\ARM_GCC_473\Debug\R_LED.lst -ffunction-sections -c .\Generated_Source\PSoC5\R_LED.c -o .\CortexM3\ARM_GCC_473\Debug\R_LED.o
arm-none-eabi-gcc.exe -I. -I./Generated_Source/PSoC5 -Wno-main -mcpu=cortex-m3 -mthumb -Wall -g -D DEBUG -Wa,-alh=.\CortexM3\ARM_GCC_473\Debug\Cm3Start.lst -ffunction-sections -c .\Generated_Source\PSoC5\Cm3Start.c -o .\CortexM3\ARM_GCC_473\Debug\Cm3Start.o
arm-none-eabi-as.exe -I. -I./Generated_Source/PSoC5 -mcpu=cortex-m3 -mthumb -g -alh=.\CortexM3\ARM_GCC_473\Debug/CyBootAsmGnu.lst -o .\CortexM3\ARM_GCC_473\Debug\CyBootAsmGnu.o .\Generated_Source\PSoC5\CyBootAsmGnu.s
arm-none-eabi-gcc.exe -I. -I./Generated_Source/PSoC5 -Wno-main -mcpu=cortex-m3 -mthumb -Wall -g -D DEBUG -Wa,-alh=.\CortexM3\ARM_GCC_473\Debug\CyDmac.lst -ffunction-sections -c .\Generated_Source\PSoC5\CyDmac.c -o .\CortexM3\ARM_GCC_473\Debug\CyDmac.o
arm-none-eabi-gcc.exe -I. -I./Generated_Source/PSoC5 -Wno-main -mcpu=cortex-m3 -mthumb -Wall -g -D DEBUG -Wa,-alh=.\CortexM3\ARM_GCC_473\Debug\CyFlash.lst -ffunction-sections -c .\Generated_Source\PSoC5\CyFlash.c -o .\CortexM3\ARM_GCC_473\Debug\CyFlash.o
arm-none-eabi-gcc.exe -I. -I./Generated_Source/PSoC5 -Wno-main -mcpu=cortex-m3 -mthumb -Wall -g -D DEBUG -Wa,-alh=.\CortexM3\ARM_GCC_473\Debug\CyLib.lst -ffunction-sections -c .\Generated_Source\PSoC5\CyLib.c -o .\CortexM3\ARM_GCC_473\Debug\CyLib.o
arm-none-eabi-gcc.exe -I. -I./Generated_Source/PSoC5 -Wno-main -mcpu=cortex-m3 -mthumb -Wall -g -D DEBUG -Wa,-alh=.\CortexM3\ARM_GCC_473\Debug\cyPm.lst -ffunction-sections -c .\Generated_Source\PSoC5\cyPm.c -o .\CortexM3\ARM_GCC_473\Debug\cyPm.o
arm-none-eabi-gcc.exe -I. -I./Generated_Source/PSoC5 -Wno-main -mcpu=cortex-m3 -mthumb -Wall -g -D DEBUG -Wa,-alh=.\CortexM3\ARM_GCC_473\Debug\CySpc.lst -ffunction-sections -c .\Generated_Source\PSoC5\CySpc.c -o .\CortexM3\ARM_GCC_473\Debug\CySpc.o
arm-none-eabi-gcc.exe -I. -I./Generated_Source/PSoC5 -Wno-main -mcpu=cortex-m3 -mthumb -Wall -g -D DEBUG -Wa,-alh=.\CortexM3\ARM_GCC_473\Debug\cyutils.lst -ffunction-sections -c .\Generated_Source\PSoC5\cyutils.c -o .\CortexM3\ARM_GCC_473\Debug\cyutils.o
arm-none-eabi-gcc.exe -I. -I./Generated_Source/PSoC5 -Wno-main -mcpu=cortex-m3 -mthumb -Wall -g -D DEBUG -Wa,-alh=.\CortexM3\ARM_GCC_473\Debug\PWM_1.lst -ffunction-sections -c .\Generated_Source\PSoC5\PWM_1.c -o .\CortexM3\ARM_GCC_473\Debug\PWM_1.o
arm-none-eabi-gcc.exe -I. -I./Generated_Source/PSoC5 -Wno-main -mcpu=cortex-m3 -mthumb -Wall -g -D DEBUG -Wa,-alh=.\CortexM3\ARM_GCC_473\Debug\PWM_1_PM.lst -ffunction-sections -c .\Generated_Source\PSoC5\PWM_1_PM.c -o .\CortexM3\ARM_GCC_473\Debug\PWM_1_PM.o
arm-none-eabi-gcc.exe -I. -I./Generated_Source/PSoC5 -Wno-main -mcpu=cortex-m3 -mthumb -Wall -g -D DEBUG -Wa,-alh=.\CortexM3\ARM_GCC_473\Debug\BuzzerPin.lst -ffunction-sections -c .\Generated_Source\PSoC5\BuzzerPin.c -o .\CortexM3\ARM_GCC_473\Debug\BuzzerPin.o
arm-none-eabi-gcc.exe -I. -I./Generated_Source/PSoC5 -Wno-main -mcpu=cortex-m3 -mthumb -Wall -g -D DEBUG -Wa,-alh=.\CortexM3\ARM_GCC_473\Debug\Clock_1.lst -ffunction-sections -c .\Generated_Source\PSoC5\Clock_1.c -o .\CortexM3\ARM_GCC_473\Debug\Clock_1.o
arm-none-eabi-gcc.exe -I. -I./Generated_Source/PSoC5 -Wno-main -mcpu=cortex-m3 -mthumb -Wall -g -D DEBUG -Wa,-alh=.\CortexM3\ARM_GCC_473\Debug\I2C_1.lst -ffunction-sections -c .\Generated_Source\PSoC5\I2C_1.c -o .\CortexM3\ARM_GCC_473\Debug\I2C_1.o
arm-none-eabi-gcc.exe -I. -I./Generated_Source/PSoC5 -Wno-main -mcpu=cortex-m3 -mthumb -Wall -g -D DEBUG -Wa,-alh=.\CortexM3\ARM_GCC_473\Debug\I2C_1_BOOT.lst -ffunction-sections -c .\Generated_Source\PSoC5\I2C_1_BOOT.c -o .\CortexM3\ARM_GCC_473\Debug\I2C_1_BOOT.o
arm-none-eabi-gcc.exe -I. -I./Generated_Source/PSoC5 -Wno-main -mcpu=cortex-m3 -mthumb -Wall -g -D DEBUG -Wa,-alh=.\CortexM3\ARM_GCC_473\Debug\I2C_1_INT.lst -ffunction-sections -c .\Generated_Source\PSoC5\I2C_1_INT.c -o .\CortexM3\ARM_GCC_473\Debug\I2C_1_INT.o
arm-none-eabi-gcc.exe -I. -I./Generated_Source/PSoC5 -Wno-main -mcpu=cortex-m3 -mthumb -Wall -g -D DEBUG -Wa,-alh=.\CortexM3\ARM_GCC_473\Debug\I2C_1_PM.lst -ffunction-sections -c .\Generated_Source\PSoC5\I2C_1_PM.c -o .\CortexM3\ARM_GCC_473\Debug\I2C_1_PM.o
arm-none-eabi-gcc.exe -I. -I./Generated_Source/PSoC5 -Wno-main -mcpu=cortex-m3 -mthumb -Wall -g -D DEBUG -Wa,-alh=.\CortexM3\ARM_GCC_473\Debug\I2C_1_SLAVE.lst -ffunction-sections -c .\Generated_Source\PSoC5\I2C_1_SLAVE.c -o .\CortexM3\ARM_GCC_473\Debug\I2C_1_SLAVE.o
arm-none-eabi-gcc.exe -I. -I./Generated_Source/PSoC5 -Wno-main -mcpu=cortex-m3 -mthumb -Wall -g -D DEBUG -Wa,-alh=.\CortexM3\ARM_GCC_473\Debug\I2C_1_MASTER.lst -ffunction-sections -c .\Generated_Source\PSoC5\I2C_1_MASTER.c -o .\CortexM3\ARM_GCC_473\Debug\I2C_1_MASTER.o
arm-none-eabi-gcc.exe -I. -I./Generated_Source/PSoC5 -Wno-main -mcpu=cortex-m3 -mthumb -Wall -g -D DEBUG -Wa,-alh=.\CortexM3\ARM_GCC_473\Debug\I2C_2.lst -ffunction-sections -c .\Generated_Source\PSoC5\I2C_2.c -o .\CortexM3\ARM_GCC_473\Debug\I2C_2.o
arm-none-eabi-gcc.exe -I. -I./Generated_Source/PSoC5 -Wno-main -mcpu=cortex-m3 -mthumb -Wall -g -D DEBUG -Wa,-alh=.\CortexM3\ARM_GCC_473\Debug\I2C_2_BOOT.lst -ffunction-sections -c .\Generated_Source\PSoC5\I2C_2_BOOT.c -o .\CortexM3\ARM_GCC_473\Debug\I2C_2_BOOT.o
arm-none-eabi-gcc.exe -I. -I./Generated_Source/PSoC5 -Wno-main -mcpu=cortex-m3 -mthumb -Wall -g -D DEBUG -Wa,-alh=.\CortexM3\ARM_GCC_473\Debug\I2C_2_INT.lst -ffunction-sections -c .\Generated_Source\PSoC5\I2C_2_INT.c -o .\CortexM3\ARM_GCC_473\Debug\I2C_2_INT.o
arm-none-eabi-gcc.exe -I. -I./Generated_Source/PSoC5 -Wno-main -mcpu=cortex-m3 -mthumb -Wall -g -D DEBUG -Wa,-alh=.\CortexM3\ARM_GCC_473\Debug\I2C_2_PM.lst -ffunction-sections -c .\Generated_Source\PSoC5\I2C_2_PM.c -o .\CortexM3\ARM_GCC_473\Debug\I2C_2_PM.o
arm-none-eabi-gcc.exe -I. -I./Generated_Source/PSoC5 -Wno-main -mcpu=cortex-m3 -mthumb -Wall -g -D DEBUG -Wa,-alh=.\CortexM3\ARM_GCC_473\Debug\I2C_2_SLAVE.lst -ffunction-sections -c .\Generated_Source\PSoC5\I2C_2_SLAVE.c -o .\CortexM3\ARM_GCC_473\Debug\I2C_2_SLAVE.o
arm-none-eabi-gcc.exe -I. -I./Generated_Source/PSoC5 -Wno-main -mcpu=cortex-m3 -mthumb -Wall -g -D DEBUG -Wa,-alh=.\CortexM3\ARM_GCC_473\Debug\I2C_2_MASTER.lst -ffunction-sections -c .\Generated_Source\PSoC5\I2C_2_MASTER.c -o .\CortexM3\ARM_GCC_473\Debug\I2C_2_MASTER.o
arm-none-eabi-gcc.exe -I. -I./Generated_Source/PSoC5 -Wno-main -mcpu=cortex-m3 -mthumb -Wall -g -D DEBUG -Wa,-alh=.\CortexM3\ARM_GCC_473\Debug\I2C_3.lst -ffunction-sections -c .\Generated_Source\PSoC5\I2C_3.c -o .\CortexM3\ARM_GCC_473\Debug\I2C_3.o
arm-none-eabi-gcc.exe -I. -I./Generated_Source/PSoC5 -Wno-main -mcpu=cortex-m3 -mthumb -Wall -g -D DEBUG -Wa,-alh=.\CortexM3\ARM_GCC_473\Debug\I2C_3_BOOT.lst -ffunction-sections -c .\Generated_Source\PSoC5\I2C_3_BOOT.c -o .\CortexM3\ARM_GCC_473\Debug\I2C_3_BOOT.o
arm-none-eabi-gcc.exe -I. -I./Generated_Source/PSoC5 -Wno-main -mcpu=cortex-m3 -mthumb -Wall -g -D DEBUG -Wa,-alh=.\CortexM3\ARM_GCC_473\Debug\I2C_3_INT.lst -ffunction-sections -c .\Generated_Source\PSoC5\I2C_3_INT.c -o .\CortexM3\ARM_GCC_473\Debug\I2C_3_INT.o
arm-none-eabi-gcc.exe -I. -I./Generated_Source/PSoC5 -Wno-main -mcpu=cortex-m3 -mthumb -Wall -g -D DEBUG -Wa,-alh=.\CortexM3\ARM_GCC_473\Debug\I2C_3_PM.lst -ffunction-sections -c .\Generated_Source\PSoC5\I2C_3_PM.c -o .\CortexM3\ARM_GCC_473\Debug\I2C_3_PM.o
arm-none-eabi-gcc.exe -I. -I./Generated_Source/PSoC5 -Wno-main -mcpu=cortex-m3 -mthumb -Wall -g -D DEBUG -Wa,-alh=.\CortexM3\ARM_GCC_473\Debug\I2C_3_SLAVE.lst -ffunction-sections -c .\Generated_Source\PSoC5\I2C_3_SLAVE.c -o .\CortexM3\ARM_GCC_473\Debug\I2C_3_SLAVE.o
arm-none-eabi-gcc.exe -I. -I./Generated_Source/PSoC5 -Wno-main -mcpu=cortex-m3 -mthumb -Wall -g -D DEBUG -Wa,-alh=.\CortexM3\ARM_GCC_473\Debug\I2C_3_MASTER.lst -ffunction-sections -c .\Generated_Source\PSoC5\I2C_3_MASTER.c -o .\CortexM3\ARM_GCC_473\Debug\I2C_3_MASTER.o
arm-none-eabi-gcc.exe -I. -I./Generated_Source/PSoC5 -Wno-main -mcpu=cortex-m3 -mthumb -Wall -g -D DEBUG -Wa,-alh=.\CortexM3\ARM_GCC_473\Debug\DATA1.lst -ffunction-sections -c .\Generated_Source\PSoC5\DATA1.c -o .\CortexM3\ARM_GCC_473\Debug\DATA1.o
arm-none-eabi-gcc.exe -I. -I./Generated_Source/PSoC5 -Wno-main -mcpu=cortex-m3 -mthumb -Wall -g -D DEBUG -Wa,-alh=.\CortexM3\ARM_GCC_473\Debug\CLCK1.lst -ffunction-sections -c .\Generated_Source\PSoC5\CLCK1.c -o .\CortexM3\ARM_GCC_473\Debug\CLCK1.o
arm-none-eabi-gcc.exe -I. -I./Generated_Source/PSoC5 -Wno-main -mcpu=cortex-m3 -mthumb -Wall -g -D DEBUG -Wa,-alh=.\CortexM3\ARM_GCC_473\Debug\DATA2.lst -ffunction-sections -c .\Generated_Source\PSoC5\DATA2.c -o .\CortexM3\ARM_GCC_473\Debug\DATA2.o
arm-none-eabi-gcc.exe -I. -I./Generated_Source/PSoC5 -Wno-main -mcpu=cortex-m3 -mthumb -Wall -g -D DEBUG -Wa,-alh=.\CortexM3\ARM_GCC_473\Debug\CLCK2.lst -ffunction-sections -c .\Generated_Source\PSoC5\CLCK2.c -o .\CortexM3\ARM_GCC_473\Debug\CLCK2.o
arm-none-eabi-gcc.exe -I. -I./Generated_Source/PSoC5 -Wno-main -mcpu=cortex-m3 -mthumb -Wall -g -D DEBUG -Wa,-alh=.\CortexM3\ARM_GCC_473\Debug\DATA3.lst -ffunction-sections -c .\Generated_Source\PSoC5\DATA3.c -o .\CortexM3\ARM_GCC_473\Debug\DATA3.o
arm-none-eabi-gcc.exe -I. -I./Generated_Source/PSoC5 -Wno-main -mcpu=cortex-m3 -mthumb -Wall -g -D DEBUG -Wa,-alh=.\CortexM3\ARM_GCC_473\Debug\CLCK3.lst -ffunction-sections -c .\Generated_Source\PSoC5\CLCK3.c -o .\CortexM3\ARM_GCC_473\Debug\CLCK3.o
arm-none-eabi-gcc.exe -I. -I./Generated_Source/PSoC5 -Wno-main -mcpu=cortex-m3 -mthumb -Wall -g -D DEBUG -Wa,-alh=.\CortexM3\ARM_GCC_473\Debug\I2C_1_IntClock.lst -ffunction-sections -c .\Generated_Source\PSoC5\I2C_1_IntClock.c -o .\CortexM3\ARM_GCC_473\Debug\I2C_1_IntClock.o
arm-none-eabi-gcc.exe -I. -I./Generated_Source/PSoC5 -Wno-main -mcpu=cortex-m3 -mthumb -Wall -g -D DEBUG -Wa,-alh=.\CortexM3\ARM_GCC_473\Debug\I2C_2_IntClock.lst -ffunction-sections -c .\Generated_Source\PSoC5\I2C_2_IntClock.c -o .\CortexM3\ARM_GCC_473\Debug\I2C_2_IntClock.o
arm-none-eabi-gcc.exe -I. -I./Generated_Source/PSoC5 -Wno-main -mcpu=cortex-m3 -mthumb -Wall -g -D DEBUG -Wa,-alh=.\CortexM3\ARM_GCC_473\Debug\Enable2.lst -ffunction-sections -c .\Generated_Source\PSoC5\Enable2.c -o .\CortexM3\ARM_GCC_473\Debug\Enable2.o
arm-none-eabi-gcc.exe -I. -I./Generated_Source/PSoC5 -Wno-main -mcpu=cortex-m3 -mthumb -Wall -g -D DEBUG -Wa,-alh=.\CortexM3\ARM_GCC_473\Debug\UART_1.lst -ffunction-sections -c .\Generated_Source\PSoC5\UART_1.c -o .\CortexM3\ARM_GCC_473\Debug\UART_1.o
arm-none-eabi-gcc.exe -I. -I./Generated_Source/PSoC5 -Wno-main -mcpu=cortex-m3 -mthumb -Wall -g -D DEBUG -Wa,-alh=.\CortexM3\ARM_GCC_473\Debug\UART_1_PM.lst -ffunction-sections -c .\Generated_Source\PSoC5\UART_1_PM.c -o .\CortexM3\ARM_GCC_473\Debug\UART_1_PM.o
arm-none-eabi-gcc.exe -I. -I./Generated_Source/PSoC5 -Wno-main -mcpu=cortex-m3 -mthumb -Wall -g -D DEBUG -Wa,-alh=.\CortexM3\ARM_GCC_473\Debug\UART_1_INT.lst -ffunction-sections -c .\Generated_Source\PSoC5\UART_1_INT.c -o .\CortexM3\ARM_GCC_473\Debug\UART_1_INT.o
arm-none-eabi-gcc.exe -I. -I./Generated_Source/PSoC5 -Wno-main -mcpu=cortex-m3 -mthumb -Wall -g -D DEBUG -Wa,-alh=.\CortexM3\ARM_GCC_473\Debug\UART_1_BOOT.lst -ffunction-sections -c .\Generated_Source\PSoC5\UART_1_BOOT.c -o .\CortexM3\ARM_GCC_473\Debug\UART_1_BOOT.o
arm-none-eabi-gcc.exe -I. -I./Generated_Source/PSoC5 -Wno-main -mcpu=cortex-m3 -mthumb -Wall -g -D DEBUG -Wa,-alh=.\CortexM3\ARM_GCC_473\Debug\isr_1.lst -ffunction-sections -c .\Generated_Source\PSoC5\isr_1.c -o .\CortexM3\ARM_GCC_473\Debug\isr_1.o
arm-none-eabi-gcc.exe -I. -I./Generated_Source/PSoC5 -Wno-main -mcpu=cortex-m3 -mthumb -Wall -g -D DEBUG -Wa,-alh=.\CortexM3\ARM_GCC_473\Debug\UART_1_IntClock.lst -ffunction-sections -c .\Generated_Source\PSoC5\UART_1_IntClock.c -o .\CortexM3\ARM_GCC_473\Debug\UART_1_IntClock.o
arm-none-eabi-gcc.exe -I. -I./Generated_Source/PSoC5 -Wno-main -mcpu=cortex-m3 -mthumb -Wall -g -D DEBUG -Wa,-alh=.\CortexM3\ARM_GCC_473\Debug\rts.lst -ffunction-sections -c .\Generated_Source\PSoC5\rts.c -o .\CortexM3\ARM_GCC_473\Debug\rts.o
arm-none-eabi-gcc.exe -I. -I./Generated_Source/PSoC5 -Wno-main -mcpu=cortex-m3 -mthumb -Wall -g -D DEBUG -Wa,-alh=.\CortexM3\ARM_GCC_473\Debug\cts.lst -ffunction-sections -c .\Generated_Source\PSoC5\cts.c -o .\CortexM3\ARM_GCC_473\Debug\cts.o
arm-none-eabi-ar.exe -rs .\CortexM3\ARM_GCC_473\Debug\Design01.a .\CortexM3\ARM_GCC_473\Debug\cyfitter_cfg.o .\CortexM3\ARM_GCC_473\Debug\B_LED.o .\CortexM3\ARM_GCC_473\Debug\R_LED.o .\CortexM3\ARM_GCC_473\Debug\CyBootAsmGnu.o .\CortexM3\ARM_GCC_473\Debug\CyDmac.o .\CortexM3\ARM_GCC_473\Debug\CyFlash.o .\CortexM3\ARM_GCC_473\Debug\CyLib.o .\CortexM3\ARM_GCC_473\Debug\cyPm.o .\CortexM3\ARM_GCC_473\Debug\CySpc.o .\CortexM3\ARM_GCC_473\Debug\cyutils.o .\CortexM3\ARM_GCC_473\Debug\PWM_1.o .\CortexM3\ARM_GCC_473\Debug\PWM_1_PM.o .\CortexM3\ARM_GCC_473\Debug\BuzzerPin.o .\CortexM3\ARM_GCC_473\Debug\Clock_1.o .\CortexM3\ARM_GCC_473\Debug\I2C_1.o .\CortexM3\ARM_GCC_473\Debug\I2C_1_BOOT.o .\CortexM3\ARM_GCC_473\Debug\I2C_1_INT.o .\CortexM3\ARM_GCC_473\Debug\I2C_1_PM.o .\CortexM3\ARM_GCC_473\Debug\I2C_1_SLAVE.o .\CortexM3\ARM_GCC_473\Debug\I2C_1_MASTER.o .\CortexM3\ARM_GCC_473\Debug\I2C_2.o .\CortexM3\ARM_GCC_473\Debug\I2C_2_BOOT.o .\CortexM3\ARM_GCC_473\Debug\I2C_2_INT.o .\CortexM3\ARM_GCC_473\Debug\I2C_2_PM.o .\CortexM3\ARM_GCC_473\Debug\I2C_2_SLAVE.o .\CortexM3\ARM_GCC_473\Debug\I2C_2_MASTER.o .\CortexM3\ARM_GCC_473\Debug\I2C_3.o .\CortexM3\ARM_GCC_473\Debug\I2C_3_BOOT.o .\CortexM3\ARM_GCC_473\Debug\I2C_3_INT.o .\CortexM3\ARM_GCC_473\Debug\I2C_3_PM.o .\CortexM3\ARM_GCC_473\Debug\I2C_3_SLAVE.o .\CortexM3\ARM_GCC_473\Debug\I2C_3_MASTER.o .\CortexM3\ARM_GCC_473\Debug\DATA1.o .\CortexM3\ARM_GCC_473\Debug\CLCK1.o .\CortexM3\ARM_GCC_473\Debug\DATA2.o .\CortexM3\ARM_GCC_473\Debug\CLCK2.o .\CortexM3\ARM_GCC_473\Debug\DATA3.o .\CortexM3\ARM_GCC_473\Debug\CLCK3.o .\CortexM3\ARM_GCC_473\Debug\I2C_1_IntClock.o .\CortexM3\ARM_GCC_473\Debug\I2C_2_IntClock.o .\CortexM3\ARM_GCC_473\Debug\Enable2.o .\CortexM3\ARM_GCC_473\Debug\UART_1.o .\CortexM3\ARM_GCC_473\Debug\UART_1_PM.o .\CortexM3\ARM_GCC_473\Debug\UART_1_INT.o .\CortexM3\ARM_GCC_473\Debug\UART_1_BOOT.o .\CortexM3\ARM_GCC_473\Debug\isr_1.o .\CortexM3\ARM_GCC_473\Debug\UART_1_IntClock.o .\CortexM3\ARM_GCC_473\Debug\rts.o .\CortexM3\ARM_GCC_473\Debug\cts.o
arm-none-eabi-ar.exe: creating .\CortexM3\ARM_GCC_473\Debug\Design01.a
arm-none-eabi-gcc.exe -mthumb -march=armv7-m -mfix-cortex-m3-ldrd -T .\Generated_Source\PSoC5\cm3gcc.ld -g -Wl,-Map,.\CortexM3\ARM_GCC_473\Debug\Design01.map -specs=nano.specs -Wl,--gc-sections -Wl,--start-group -o .\CortexM3\ARM_GCC_473\Debug\Design01.elf .\CortexM3\ARM_GCC_473\Debug\main.o .\CortexM3\ARM_GCC_473\Debug\cymetadata.o .\CortexM3\ARM_GCC_473\Debug\Cm3Start.o .\CortexM3\ARM_GCC_473\Debug\Design01.a "C:\Program Files (x86)\Cypress\PSoC Creator\3.0\PSoC Creator\psoc\content\cycomponentlibrary\CyComponentLibrary.cylib\CortexM3\ARM_GCC_473\Debug\CyComponentLibrary.a" -Wl,--end-group
cyelftool.exe -C "C:\Users\devdev\Documents\PSoC Creator\SFT1.0v\Design01.cydsn\CortexM3\ARM_GCC_473\Debug\Design01.elf" --flash_size 262144 --flash_row_size 256
cyelftool.exe -S "C:\Users\devdev\Documents\PSoC Creator\SFT1.0v\Design01.cydsn\CortexM3\ARM_GCC_473\Debug\Design01.elf"
Flash used: 5926 of 262144 bytes (2.3%).
SRAM used: 20853 of 65536 bytes (31.8%).
--------------- Build Succeeded: 05/15/2015 06:58:22 ---------------
