ARM GAS  C:\Users\devdev\AppData\Local\Temp\ccI0bpQV.s 			page 1


   1              		.syntax unified
   2              		.cpu cortex-m3
   3              		.fpu softvfp
   4              		.eabi_attribute 20, 1
   5              		.eabi_attribute 21, 1
   6              		.eabi_attribute 23, 3
   7              		.eabi_attribute 24, 1
   8              		.eabi_attribute 25, 1
   9              		.eabi_attribute 26, 1
  10              		.eabi_attribute 30, 6
  11              		.eabi_attribute 34, 1
  12              		.eabi_attribute 18, 4
  13              		.thumb
  14              		.file	"I2C_3.c"
  15              		.text
  16              	.Ltext0:
  17              		.cfi_sections	.debug_frame
  18              		.global	I2C_3_initVar
  19              		.bss
  20              		.type	I2C_3_initVar, %object
  21              		.size	I2C_3_initVar, 1
  22              	I2C_3_initVar:
  23 0000 00       		.space	1
  24              		.comm	I2C_3_state,1,1
  25              		.section	.text.I2C_3_Init,"ax",%progbits
  26              		.align	2
  27              		.global	I2C_3_Init
  28              		.thumb
  29              		.thumb_func
  30              		.type	I2C_3_Init, %function
  31              	I2C_3_Init:
  32              	.LFB0:
  33              		.file 1 ".\\Generated_Source\\PSoC5\\I2C_3.c"
   1:.\Generated_Source\PSoC5/I2C_3.c **** /*******************************************************************************
   2:.\Generated_Source\PSoC5/I2C_3.c **** * File Name: I2C_3.c
   3:.\Generated_Source\PSoC5/I2C_3.c **** * Version 3.30
   4:.\Generated_Source\PSoC5/I2C_3.c **** *
   5:.\Generated_Source\PSoC5/I2C_3.c **** * Description:
   6:.\Generated_Source\PSoC5/I2C_3.c **** *  This file provides the source code of APIs for the I2C component.
   7:.\Generated_Source\PSoC5/I2C_3.c **** *  Actual protocol and operation code resides in the interrupt service routine
   8:.\Generated_Source\PSoC5/I2C_3.c **** *  file.
   9:.\Generated_Source\PSoC5/I2C_3.c **** *
  10:.\Generated_Source\PSoC5/I2C_3.c **** * Note:
  11:.\Generated_Source\PSoC5/I2C_3.c **** *
  12:.\Generated_Source\PSoC5/I2C_3.c **** *******************************************************************************
  13:.\Generated_Source\PSoC5/I2C_3.c **** * Copyright 2008-2012, Cypress Semiconductor Corporation. All rights reserved.
  14:.\Generated_Source\PSoC5/I2C_3.c **** * You may use this file only in accordance with the license, terms, conditions,
  15:.\Generated_Source\PSoC5/I2C_3.c **** * disclaimers, and limitations in the end user license agreement accompanying
  16:.\Generated_Source\PSoC5/I2C_3.c **** * the software package with which this file was provided.
  17:.\Generated_Source\PSoC5/I2C_3.c **** *******************************************************************************/
  18:.\Generated_Source\PSoC5/I2C_3.c **** 
  19:.\Generated_Source\PSoC5/I2C_3.c **** #include "I2C_3_PVT.h"
  20:.\Generated_Source\PSoC5/I2C_3.c **** 
  21:.\Generated_Source\PSoC5/I2C_3.c **** 
  22:.\Generated_Source\PSoC5/I2C_3.c **** /**********************************
  23:.\Generated_Source\PSoC5/I2C_3.c **** *      System variables
  24:.\Generated_Source\PSoC5/I2C_3.c **** **********************************/
ARM GAS  C:\Users\devdev\AppData\Local\Temp\ccI0bpQV.s 			page 2


  25:.\Generated_Source\PSoC5/I2C_3.c **** 
  26:.\Generated_Source\PSoC5/I2C_3.c **** uint8 I2C_3_initVar = 0u;    /* Defines if component was initialized */
  27:.\Generated_Source\PSoC5/I2C_3.c **** 
  28:.\Generated_Source\PSoC5/I2C_3.c **** volatile uint8 I2C_3_state;  /* Current state of I2C FSM */
  29:.\Generated_Source\PSoC5/I2C_3.c **** 
  30:.\Generated_Source\PSoC5/I2C_3.c **** 
  31:.\Generated_Source\PSoC5/I2C_3.c **** /*******************************************************************************
  32:.\Generated_Source\PSoC5/I2C_3.c **** * Function Name: I2C_3_Init
  33:.\Generated_Source\PSoC5/I2C_3.c **** ********************************************************************************
  34:.\Generated_Source\PSoC5/I2C_3.c **** *
  35:.\Generated_Source\PSoC5/I2C_3.c **** * Summary:
  36:.\Generated_Source\PSoC5/I2C_3.c **** *  Initializes I2C registers with initial values provided from customizer.
  37:.\Generated_Source\PSoC5/I2C_3.c **** *
  38:.\Generated_Source\PSoC5/I2C_3.c **** * Parameters:
  39:.\Generated_Source\PSoC5/I2C_3.c **** *  None
  40:.\Generated_Source\PSoC5/I2C_3.c **** *
  41:.\Generated_Source\PSoC5/I2C_3.c **** * Return:
  42:.\Generated_Source\PSoC5/I2C_3.c **** *  None
  43:.\Generated_Source\PSoC5/I2C_3.c **** *
  44:.\Generated_Source\PSoC5/I2C_3.c **** * Global variables:
  45:.\Generated_Source\PSoC5/I2C_3.c **** *  None
  46:.\Generated_Source\PSoC5/I2C_3.c **** *
  47:.\Generated_Source\PSoC5/I2C_3.c **** * Reentrant:
  48:.\Generated_Source\PSoC5/I2C_3.c **** *  No
  49:.\Generated_Source\PSoC5/I2C_3.c **** *
  50:.\Generated_Source\PSoC5/I2C_3.c **** *******************************************************************************/
  51:.\Generated_Source\PSoC5/I2C_3.c **** void I2C_3_Init(void) 
  52:.\Generated_Source\PSoC5/I2C_3.c **** {
  34              		.loc 1 52 0
  35              		.cfi_startproc
  36              		@ args = 0, pretend = 0, frame = 0
  37              		@ frame_needed = 1, uses_anonymous_args = 0
  38 0000 80B5     		push	{r7, lr}
  39              	.LCFI0:
  40              		.cfi_def_cfa_offset 8
  41              		.cfi_offset 7, -8
  42              		.cfi_offset 14, -4
  43 0002 00AF     		add	r7, sp, #0
  44              	.LCFI1:
  45              		.cfi_def_cfa_register 7
  53:.\Generated_Source\PSoC5/I2C_3.c ****     #if(I2C_3_FF_IMPLEMENTED)
  54:.\Generated_Source\PSoC5/I2C_3.c ****         I2C_3_CFG_REG  = I2C_3_DEFAULT_CFG;
  46              		.loc 1 54 0
  47 0004 44F6D613 		movw	r3, #18902
  48 0008 C4F20003 		movt	r3, 16384
  49 000c 4FF00302 		mov	r2, #3
  50 0010 1A70     		strb	r2, [r3, #0]
  55:.\Generated_Source\PSoC5/I2C_3.c ****         I2C_3_XCFG_REG = I2C_3_DEFAULT_XCFG;
  51              		.loc 1 55 0
  52 0012 44F6C813 		movw	r3, #18888
  53 0016 C4F20003 		movt	r3, 16384
  54 001a 4FF08102 		mov	r2, #129
  55 001e 1A70     		strb	r2, [r3, #0]
  56:.\Generated_Source\PSoC5/I2C_3.c **** 
  57:.\Generated_Source\PSoC5/I2C_3.c ****         #if(CY_PSOC5A)
  58:.\Generated_Source\PSoC5/I2C_3.c ****             I2C_3_CLKDIV_REG  = LO8(I2C_3_DEFAULT_DIVIDE_FACTOR);
  59:.\Generated_Source\PSoC5/I2C_3.c ****         #else
ARM GAS  C:\Users\devdev\AppData\Local\Temp\ccI0bpQV.s 			page 3


  60:.\Generated_Source\PSoC5/I2C_3.c ****             I2C_3_CLKDIV1_REG = LO8(I2C_3_DEFAULT_DIVIDE_FACTOR);
  56              		.loc 1 60 0
  57 0020 44F6DB13 		movw	r3, #18907
  58 0024 C4F20003 		movt	r3, 16384
  59 0028 4FF00F02 		mov	r2, #15
  60 002c 1A70     		strb	r2, [r3, #0]
  61:.\Generated_Source\PSoC5/I2C_3.c ****             I2C_3_CLKDIV2_REG = HI8(I2C_3_DEFAULT_DIVIDE_FACTOR);
  61              		.loc 1 61 0
  62 002e 44F6DC13 		movw	r3, #18908
  63 0032 C4F20003 		movt	r3, 16384
  64 0036 4FF00002 		mov	r2, #0
  65 003a 1A70     		strb	r2, [r3, #0]
  62:.\Generated_Source\PSoC5/I2C_3.c ****         #endif /* (CY_PSOC5A) */
  63:.\Generated_Source\PSoC5/I2C_3.c **** 
  64:.\Generated_Source\PSoC5/I2C_3.c ****     #else
  65:.\Generated_Source\PSoC5/I2C_3.c ****         uint8 enableInterrupts;
  66:.\Generated_Source\PSoC5/I2C_3.c **** 
  67:.\Generated_Source\PSoC5/I2C_3.c ****         I2C_3_CFG_REG      = I2C_3_DEFAULT_CFG;      /* control  */
  68:.\Generated_Source\PSoC5/I2C_3.c ****         I2C_3_INT_MASK_REG = I2C_3_DEFAULT_INT_MASK; /* int_mask */
  69:.\Generated_Source\PSoC5/I2C_3.c **** 
  70:.\Generated_Source\PSoC5/I2C_3.c ****         /* Enable interrupts from block */
  71:.\Generated_Source\PSoC5/I2C_3.c ****         enableInterrupts = CyEnterCriticalSection();
  72:.\Generated_Source\PSoC5/I2C_3.c ****         I2C_3_INT_ENABLE_REG |= I2C_3_INTR_ENABLE; /* aux_ctl */
  73:.\Generated_Source\PSoC5/I2C_3.c ****         CyExitCriticalSection(enableInterrupts);
  74:.\Generated_Source\PSoC5/I2C_3.c **** 
  75:.\Generated_Source\PSoC5/I2C_3.c ****         #if(I2C_3_MODE_MASTER_ENABLED)
  76:.\Generated_Source\PSoC5/I2C_3.c ****             I2C_3_MCLK_PRD_REG = I2C_3_DEFAULT_MCLK_PRD;
  77:.\Generated_Source\PSoC5/I2C_3.c ****             I2C_3_MCLK_CMP_REG = I2C_3_DEFAULT_MCLK_CMP;
  78:.\Generated_Source\PSoC5/I2C_3.c ****          #endif /* (I2C_3_MODE_MASTER_ENABLED) */
  79:.\Generated_Source\PSoC5/I2C_3.c **** 
  80:.\Generated_Source\PSoC5/I2C_3.c ****         #if(I2C_3_MODE_SLAVE_ENABLED)
  81:.\Generated_Source\PSoC5/I2C_3.c ****             I2C_3_PERIOD_REG = I2C_3_DEFAULT_PERIOD;
  82:.\Generated_Source\PSoC5/I2C_3.c ****         #endif  /* (I2C_3_MODE_SLAVE_ENABLED) */
  83:.\Generated_Source\PSoC5/I2C_3.c **** 
  84:.\Generated_Source\PSoC5/I2C_3.c ****     #endif /* (I2C_3_FF_IMPLEMENTED) */
  85:.\Generated_Source\PSoC5/I2C_3.c **** 
  86:.\Generated_Source\PSoC5/I2C_3.c ****     #if(I2C_3_TIMEOUT_ENABLED)
  87:.\Generated_Source\PSoC5/I2C_3.c ****         I2C_3_TimeoutInit();
  88:.\Generated_Source\PSoC5/I2C_3.c ****     #endif /* (I2C_3_TIMEOUT_ENABLED) */
  89:.\Generated_Source\PSoC5/I2C_3.c **** 
  90:.\Generated_Source\PSoC5/I2C_3.c ****     /* Disable Interrupt and set vector and priority */
  91:.\Generated_Source\PSoC5/I2C_3.c ****     CyIntDisable    (I2C_3_ISR_NUMBER);
  66              		.loc 1 91 0
  67 003c 4EF28013 		movw	r3, #57728
  68 0040 CEF20003 		movt	r3, 57344
  69 0044 4FF40042 		mov	r2, #32768
  70 0048 1A60     		str	r2, [r3, #0]
  92:.\Generated_Source\PSoC5/I2C_3.c ****     CyIntSetPriority(I2C_3_ISR_NUMBER, I2C_3_ISR_PRIORITY);
  71              		.loc 1 92 0
  72 004a 4FF00F00 		mov	r0, #15
  73 004e 4FF00701 		mov	r1, #7
  74 0052 FFF7FEFF 		bl	CyIntSetPriority
  93:.\Generated_Source\PSoC5/I2C_3.c ****     #if(I2C_3_INTERN_I2C_INTR_HANDLER)
  94:.\Generated_Source\PSoC5/I2C_3.c ****         (void) CyIntSetVector(I2C_3_ISR_NUMBER, &I2C_3_ISR);
  75              		.loc 1 94 0
  76 0056 4FF00F00 		mov	r0, #15
  77 005a 40F20001 		movw	r1, #:lower16:I2C_3_ISR
ARM GAS  C:\Users\devdev\AppData\Local\Temp\ccI0bpQV.s 			page 4


  78 005e C0F20001 		movt	r1, #:upper16:I2C_3_ISR
  79 0062 FFF7FEFF 		bl	CyIntSetVector
  95:.\Generated_Source\PSoC5/I2C_3.c ****     #endif /* (I2C_3_INTERN_I2C_INTR_HANDLER) */
  96:.\Generated_Source\PSoC5/I2C_3.c **** 
  97:.\Generated_Source\PSoC5/I2C_3.c **** 
  98:.\Generated_Source\PSoC5/I2C_3.c ****     /* Put state machine in idle state */
  99:.\Generated_Source\PSoC5/I2C_3.c ****     I2C_3_state = I2C_3_SM_IDLE;
  80              		.loc 1 99 0
  81 0066 40F20003 		movw	r3, #:lower16:I2C_3_state
  82 006a C0F20003 		movt	r3, #:upper16:I2C_3_state
  83 006e 4FF01002 		mov	r2, #16
  84 0072 1A70     		strb	r2, [r3, #0]
 100:.\Generated_Source\PSoC5/I2C_3.c **** 
 101:.\Generated_Source\PSoC5/I2C_3.c ****     #if(I2C_3_MODE_SLAVE_ENABLED)
 102:.\Generated_Source\PSoC5/I2C_3.c ****         /* Reset status and buffers index */
 103:.\Generated_Source\PSoC5/I2C_3.c ****         I2C_3_SlaveClearReadBuf();
  85              		.loc 1 103 0
  86 0074 FFF7FEFF 		bl	I2C_3_SlaveClearReadBuf
 104:.\Generated_Source\PSoC5/I2C_3.c ****         I2C_3_SlaveClearWriteBuf();
  87              		.loc 1 104 0
  88 0078 FFF7FEFF 		bl	I2C_3_SlaveClearWriteBuf
 105:.\Generated_Source\PSoC5/I2C_3.c ****         I2C_3_slStatus = 0u; /* Reset slave status */
  89              		.loc 1 105 0
  90 007c 40F20003 		movw	r3, #:lower16:I2C_3_slStatus
  91 0080 C0F20003 		movt	r3, #:upper16:I2C_3_slStatus
  92 0084 4FF00002 		mov	r2, #0
  93 0088 1A70     		strb	r2, [r3, #0]
 106:.\Generated_Source\PSoC5/I2C_3.c **** 
 107:.\Generated_Source\PSoC5/I2C_3.c ****         /* Set default address */
 108:.\Generated_Source\PSoC5/I2C_3.c ****         I2C_3_SlaveSetAddress(I2C_3_DEFAULT_ADDR);
  94              		.loc 1 108 0
  95 008a 4FF00800 		mov	r0, #8
  96 008e FFF7FEFF 		bl	I2C_3_SlaveSetAddress
 109:.\Generated_Source\PSoC5/I2C_3.c ****     #endif /* (I2C_3_MODE_SLAVE_ENABLED) */
 110:.\Generated_Source\PSoC5/I2C_3.c **** 
 111:.\Generated_Source\PSoC5/I2C_3.c ****     #if(I2C_3_MODE_MASTER_ENABLED)
 112:.\Generated_Source\PSoC5/I2C_3.c ****         /* Reset status and buffers index */
 113:.\Generated_Source\PSoC5/I2C_3.c ****         I2C_3_MasterClearReadBuf();
  97              		.loc 1 113 0
  98 0092 FFF7FEFF 		bl	I2C_3_MasterClearReadBuf
 114:.\Generated_Source\PSoC5/I2C_3.c ****         I2C_3_MasterClearWriteBuf();
  99              		.loc 1 114 0
 100 0096 FFF7FEFF 		bl	I2C_3_MasterClearWriteBuf
 115:.\Generated_Source\PSoC5/I2C_3.c ****         (void) I2C_3_MasterClearStatus();
 101              		.loc 1 115 0
 102 009a FFF7FEFF 		bl	I2C_3_MasterClearStatus
 116:.\Generated_Source\PSoC5/I2C_3.c ****     #endif /* (I2C_3_MODE_MASTER_ENABLED) */
 117:.\Generated_Source\PSoC5/I2C_3.c **** }
 103              		.loc 1 117 0
 104 009e 80BD     		pop	{r7, pc}
 105              		.cfi_endproc
 106              	.LFE0:
 107              		.size	I2C_3_Init, .-I2C_3_Init
 108              		.section	.text.I2C_3_Enable,"ax",%progbits
 109              		.align	2
 110              		.global	I2C_3_Enable
 111              		.thumb
ARM GAS  C:\Users\devdev\AppData\Local\Temp\ccI0bpQV.s 			page 5


 112              		.thumb_func
 113              		.type	I2C_3_Enable, %function
 114              	I2C_3_Enable:
 115              	.LFB1:
 118:.\Generated_Source\PSoC5/I2C_3.c **** 
 119:.\Generated_Source\PSoC5/I2C_3.c **** 
 120:.\Generated_Source\PSoC5/I2C_3.c **** /*******************************************************************************
 121:.\Generated_Source\PSoC5/I2C_3.c **** * Function Name: I2C_3_Enable
 122:.\Generated_Source\PSoC5/I2C_3.c **** ********************************************************************************
 123:.\Generated_Source\PSoC5/I2C_3.c **** *
 124:.\Generated_Source\PSoC5/I2C_3.c **** * Summary:
 125:.\Generated_Source\PSoC5/I2C_3.c **** *  Enables I2C operations.
 126:.\Generated_Source\PSoC5/I2C_3.c **** *
 127:.\Generated_Source\PSoC5/I2C_3.c **** * Parameters:
 128:.\Generated_Source\PSoC5/I2C_3.c **** *  None
 129:.\Generated_Source\PSoC5/I2C_3.c **** *
 130:.\Generated_Source\PSoC5/I2C_3.c **** * Return:
 131:.\Generated_Source\PSoC5/I2C_3.c **** *  None
 132:.\Generated_Source\PSoC5/I2C_3.c **** *
 133:.\Generated_Source\PSoC5/I2C_3.c **** * Global variables:
 134:.\Generated_Source\PSoC5/I2C_3.c **** *  None
 135:.\Generated_Source\PSoC5/I2C_3.c **** *
 136:.\Generated_Source\PSoC5/I2C_3.c **** *******************************************************************************/
 137:.\Generated_Source\PSoC5/I2C_3.c **** void I2C_3_Enable(void) 
 138:.\Generated_Source\PSoC5/I2C_3.c **** {
 116              		.loc 1 138 0
 117              		.cfi_startproc
 118              		@ args = 0, pretend = 0, frame = 8
 119              		@ frame_needed = 1, uses_anonymous_args = 0
 120 0000 80B5     		push	{r7, lr}
 121              	.LCFI2:
 122              		.cfi_def_cfa_offset 8
 123              		.cfi_offset 7, -8
 124              		.cfi_offset 14, -4
 125 0002 82B0     		sub	sp, sp, #8
 126              	.LCFI3:
 127              		.cfi_def_cfa_offset 16
 128 0004 00AF     		add	r7, sp, #0
 129              	.LCFI4:
 130              		.cfi_def_cfa_register 7
 139:.\Generated_Source\PSoC5/I2C_3.c ****     #if(I2C_3_FF_IMPLEMENTED)
 140:.\Generated_Source\PSoC5/I2C_3.c ****         uint8 enableInterrupts;
 141:.\Generated_Source\PSoC5/I2C_3.c **** 
 142:.\Generated_Source\PSoC5/I2C_3.c ****         /* Enable power to I2C FF block */
 143:.\Generated_Source\PSoC5/I2C_3.c ****         enableInterrupts = CyEnterCriticalSection();
 131              		.loc 1 143 0
 132 0006 FFF7FEFF 		bl	CyEnterCriticalSection
 133 000a 0346     		mov	r3, r0
 134 000c FB71     		strb	r3, [r7, #7]
 144:.\Generated_Source\PSoC5/I2C_3.c ****         I2C_3_ACT_PWRMGR_REG  |= I2C_3_ACT_PWR_EN;
 135              		.loc 1 144 0
 136 000e 44F2A533 		movw	r3, #17317
 137 0012 C4F20003 		movt	r3, 16384
 138 0016 44F2A532 		movw	r2, #17317
 139 001a C4F20002 		movt	r2, 16384
 140 001e 1278     		ldrb	r2, [r2, #0]
 141 0020 D2B2     		uxtb	r2, r2
ARM GAS  C:\Users\devdev\AppData\Local\Temp\ccI0bpQV.s 			page 6


 142 0022 42F00402 		orr	r2, r2, #4
 143 0026 D2B2     		uxtb	r2, r2
 144 0028 1A70     		strb	r2, [r3, #0]
 145:.\Generated_Source\PSoC5/I2C_3.c ****         I2C_3_STBY_PWRMGR_REG |= I2C_3_STBY_PWR_EN;
 145              		.loc 1 145 0
 146 002a 44F2B533 		movw	r3, #17333
 147 002e C4F20003 		movt	r3, 16384
 148 0032 44F2B532 		movw	r2, #17333
 149 0036 C4F20002 		movt	r2, 16384
 150 003a 1278     		ldrb	r2, [r2, #0]
 151 003c D2B2     		uxtb	r2, r2
 152 003e 42F00402 		orr	r2, r2, #4
 153 0042 D2B2     		uxtb	r2, r2
 154 0044 1A70     		strb	r2, [r3, #0]
 146:.\Generated_Source\PSoC5/I2C_3.c ****         CyExitCriticalSection(enableInterrupts);
 155              		.loc 1 146 0
 156 0046 FB79     		ldrb	r3, [r7, #7]	@ zero_extendqisi2
 157 0048 1846     		mov	r0, r3
 158 004a FFF7FEFF 		bl	CyExitCriticalSection
 147:.\Generated_Source\PSoC5/I2C_3.c **** 
 148:.\Generated_Source\PSoC5/I2C_3.c ****     #else
 149:.\Generated_Source\PSoC5/I2C_3.c **** 
 150:.\Generated_Source\PSoC5/I2C_3.c ****         #if(I2C_3_MODE_SLAVE_ENABLED)
 151:.\Generated_Source\PSoC5/I2C_3.c ****             uint8 enableInterrupts;
 152:.\Generated_Source\PSoC5/I2C_3.c ****         #endif /* (I2C_3_MODE_SLAVE_ENABLED) */
 153:.\Generated_Source\PSoC5/I2C_3.c **** 
 154:.\Generated_Source\PSoC5/I2C_3.c ****         #if(I2C_3_MODE_SLAVE_ENABLED)
 155:.\Generated_Source\PSoC5/I2C_3.c ****             /* Enable slave bit counter */
 156:.\Generated_Source\PSoC5/I2C_3.c ****             enableInterrupts = CyEnterCriticalSection();
 157:.\Generated_Source\PSoC5/I2C_3.c ****             I2C_3_COUNTER_AUX_CTL_REG |= I2C_3_CNT7_ENABLE;   /* aux_ctl */
 158:.\Generated_Source\PSoC5/I2C_3.c ****             CyExitCriticalSection(enableInterrupts);
 159:.\Generated_Source\PSoC5/I2C_3.c ****         #endif /* (I2C_3_MODE_SLAVE_ENABLED) */
 160:.\Generated_Source\PSoC5/I2C_3.c **** 
 161:.\Generated_Source\PSoC5/I2C_3.c ****         I2C_3_CFG_REG |= I2C_3_ENABLE_MS;
 162:.\Generated_Source\PSoC5/I2C_3.c **** 
 163:.\Generated_Source\PSoC5/I2C_3.c ****     #endif /* (I2C_3_FF_IMPLEMENTED) */
 164:.\Generated_Source\PSoC5/I2C_3.c **** 
 165:.\Generated_Source\PSoC5/I2C_3.c ****     #if(I2C_3_TIMEOUT_ENABLED)
 166:.\Generated_Source\PSoC5/I2C_3.c ****         I2C_3_TimeoutEnable();
 167:.\Generated_Source\PSoC5/I2C_3.c ****     #endif /* (I2C_3_TIMEOUT_ENABLED) */
 168:.\Generated_Source\PSoC5/I2C_3.c **** }
 159              		.loc 1 168 0
 160 004e 07F10807 		add	r7, r7, #8
 161 0052 BD46     		mov	sp, r7
 162 0054 80BD     		pop	{r7, pc}
 163              		.cfi_endproc
 164              	.LFE1:
 165              		.size	I2C_3_Enable, .-I2C_3_Enable
 166 0056 00BF     		.section	.text.I2C_3_Start,"ax",%progbits
 167              		.align	2
 168              		.global	I2C_3_Start
 169              		.thumb
 170              		.thumb_func
 171              		.type	I2C_3_Start, %function
 172              	I2C_3_Start:
 173              	.LFB2:
 169:.\Generated_Source\PSoC5/I2C_3.c **** 
ARM GAS  C:\Users\devdev\AppData\Local\Temp\ccI0bpQV.s 			page 7


 170:.\Generated_Source\PSoC5/I2C_3.c **** 
 171:.\Generated_Source\PSoC5/I2C_3.c **** /*******************************************************************************
 172:.\Generated_Source\PSoC5/I2C_3.c **** * Function Name: I2C_3_Start
 173:.\Generated_Source\PSoC5/I2C_3.c **** ********************************************************************************
 174:.\Generated_Source\PSoC5/I2C_3.c **** *
 175:.\Generated_Source\PSoC5/I2C_3.c **** * Summary:
 176:.\Generated_Source\PSoC5/I2C_3.c **** *  Starts the I2C hardware. Enables Active mode power template bits or clock
 177:.\Generated_Source\PSoC5/I2C_3.c **** *  gating as appropriate. It is required to be executed before I2C bus
 178:.\Generated_Source\PSoC5/I2C_3.c **** *  operation.
 179:.\Generated_Source\PSoC5/I2C_3.c **** *  The I2C interrupt remains disabled after this function call.
 180:.\Generated_Source\PSoC5/I2C_3.c **** *
 181:.\Generated_Source\PSoC5/I2C_3.c **** * Parameters:
 182:.\Generated_Source\PSoC5/I2C_3.c **** *  None
 183:.\Generated_Source\PSoC5/I2C_3.c **** *
 184:.\Generated_Source\PSoC5/I2C_3.c **** * Return:
 185:.\Generated_Source\PSoC5/I2C_3.c **** *  None
 186:.\Generated_Source\PSoC5/I2C_3.c **** *
 187:.\Generated_Source\PSoC5/I2C_3.c **** * Side Effects:
 188:.\Generated_Source\PSoC5/I2C_3.c **** *  This component automatically enables it's interrupt.  If I2C is enabled
 189:.\Generated_Source\PSoC5/I2C_3.c **** *  without the interrupt enabled, it could lock up the I2C bus.
 190:.\Generated_Source\PSoC5/I2C_3.c **** *
 191:.\Generated_Source\PSoC5/I2C_3.c **** * Global variables:
 192:.\Generated_Source\PSoC5/I2C_3.c **** *  I2C_3_initVar - used to check initial configuration, modified
 193:.\Generated_Source\PSoC5/I2C_3.c **** *  on first function call.
 194:.\Generated_Source\PSoC5/I2C_3.c **** *
 195:.\Generated_Source\PSoC5/I2C_3.c **** * Reentrant:
 196:.\Generated_Source\PSoC5/I2C_3.c **** *  No
 197:.\Generated_Source\PSoC5/I2C_3.c **** *
 198:.\Generated_Source\PSoC5/I2C_3.c **** *******************************************************************************/
 199:.\Generated_Source\PSoC5/I2C_3.c **** void I2C_3_Start(void) 
 200:.\Generated_Source\PSoC5/I2C_3.c **** {
 174              		.loc 1 200 0
 175              		.cfi_startproc
 176              		@ args = 0, pretend = 0, frame = 0
 177              		@ frame_needed = 1, uses_anonymous_args = 0
 178 0000 80B5     		push	{r7, lr}
 179              	.LCFI5:
 180              		.cfi_def_cfa_offset 8
 181              		.cfi_offset 7, -8
 182              		.cfi_offset 14, -4
 183 0002 00AF     		add	r7, sp, #0
 184              	.LCFI6:
 185              		.cfi_def_cfa_register 7
 201:.\Generated_Source\PSoC5/I2C_3.c ****     /* Initialize I2C registers, reset I2C buffer index and clears status */
 202:.\Generated_Source\PSoC5/I2C_3.c ****     if(0u == I2C_3_initVar)
 186              		.loc 1 202 0
 187 0004 40F20003 		movw	r3, #:lower16:I2C_3_initVar
 188 0008 C0F20003 		movt	r3, #:upper16:I2C_3_initVar
 189 000c 1B78     		ldrb	r3, [r3, #0]	@ zero_extendqisi2
 190 000e 002B     		cmp	r3, #0
 191 0010 08D1     		bne	.L4
 203:.\Generated_Source\PSoC5/I2C_3.c ****     {
 204:.\Generated_Source\PSoC5/I2C_3.c ****         I2C_3_Init();
 192              		.loc 1 204 0
 193 0012 FFF7FEFF 		bl	I2C_3_Init
 205:.\Generated_Source\PSoC5/I2C_3.c ****         I2C_3_initVar = 1u; /* Component initialized */
 194              		.loc 1 205 0
ARM GAS  C:\Users\devdev\AppData\Local\Temp\ccI0bpQV.s 			page 8


 195 0016 40F20003 		movw	r3, #:lower16:I2C_3_initVar
 196 001a C0F20003 		movt	r3, #:upper16:I2C_3_initVar
 197 001e 4FF00102 		mov	r2, #1
 198 0022 1A70     		strb	r2, [r3, #0]
 199              	.L4:
 206:.\Generated_Source\PSoC5/I2C_3.c ****     }
 207:.\Generated_Source\PSoC5/I2C_3.c **** 
 208:.\Generated_Source\PSoC5/I2C_3.c ****     I2C_3_Enable();
 200              		.loc 1 208 0
 201 0024 FFF7FEFF 		bl	I2C_3_Enable
 209:.\Generated_Source\PSoC5/I2C_3.c ****     I2C_3_EnableInt();
 202              		.loc 1 209 0
 203 0028 4FF46143 		mov	r3, #57600
 204 002c CEF20003 		movt	r3, 57344
 205 0030 4FF40042 		mov	r2, #32768
 206 0034 1A60     		str	r2, [r3, #0]
 210:.\Generated_Source\PSoC5/I2C_3.c **** }
 207              		.loc 1 210 0
 208 0036 80BD     		pop	{r7, pc}
 209              		.cfi_endproc
 210              	.LFE2:
 211              		.size	I2C_3_Start, .-I2C_3_Start
 212              		.section	.text.I2C_3_Stop,"ax",%progbits
 213              		.align	2
 214              		.global	I2C_3_Stop
 215              		.thumb
 216              		.thumb_func
 217              		.type	I2C_3_Stop, %function
 218              	I2C_3_Stop:
 219              	.LFB3:
 211:.\Generated_Source\PSoC5/I2C_3.c **** 
 212:.\Generated_Source\PSoC5/I2C_3.c **** 
 213:.\Generated_Source\PSoC5/I2C_3.c **** /*******************************************************************************
 214:.\Generated_Source\PSoC5/I2C_3.c **** * Function Name: I2C_3_Stop
 215:.\Generated_Source\PSoC5/I2C_3.c **** ********************************************************************************
 216:.\Generated_Source\PSoC5/I2C_3.c **** *
 217:.\Generated_Source\PSoC5/I2C_3.c **** * Summary:
 218:.\Generated_Source\PSoC5/I2C_3.c **** *  Disables I2C hardware and disables I2C interrupt. Disables Active mode power
 219:.\Generated_Source\PSoC5/I2C_3.c **** *  template bits or clock gating as appropriate.
 220:.\Generated_Source\PSoC5/I2C_3.c **** *
 221:.\Generated_Source\PSoC5/I2C_3.c **** * Parameters:
 222:.\Generated_Source\PSoC5/I2C_3.c **** *  None
 223:.\Generated_Source\PSoC5/I2C_3.c **** *
 224:.\Generated_Source\PSoC5/I2C_3.c **** * Return:
 225:.\Generated_Source\PSoC5/I2C_3.c **** *  None
 226:.\Generated_Source\PSoC5/I2C_3.c **** *
 227:.\Generated_Source\PSoC5/I2C_3.c **** *******************************************************************************/
 228:.\Generated_Source\PSoC5/I2C_3.c **** void I2C_3_Stop(void) 
 229:.\Generated_Source\PSoC5/I2C_3.c **** {
 220              		.loc 1 229 0
 221              		.cfi_startproc
 222              		@ args = 0, pretend = 0, frame = 8
 223              		@ frame_needed = 1, uses_anonymous_args = 0
 224 0000 80B5     		push	{r7, lr}
 225              	.LCFI7:
 226              		.cfi_def_cfa_offset 8
 227              		.cfi_offset 7, -8
ARM GAS  C:\Users\devdev\AppData\Local\Temp\ccI0bpQV.s 			page 9


 228              		.cfi_offset 14, -4
 229 0002 82B0     		sub	sp, sp, #8
 230              	.LCFI8:
 231              		.cfi_def_cfa_offset 16
 232 0004 00AF     		add	r7, sp, #0
 233              	.LCFI9:
 234              		.cfi_def_cfa_register 7
 230:.\Generated_Source\PSoC5/I2C_3.c ****     #if((I2C_3_FF_IMPLEMENTED)  || \
 231:.\Generated_Source\PSoC5/I2C_3.c ****         (I2C_3_UDB_IMPLEMENTED && I2C_3_MODE_SLAVE_ENABLED))
 232:.\Generated_Source\PSoC5/I2C_3.c ****         uint8 enableInterrupts;
 233:.\Generated_Source\PSoC5/I2C_3.c ****     #endif /* ((I2C_3_FF_IMPLEMENTED)  || \
 234:.\Generated_Source\PSoC5/I2C_3.c ****                (I2C_3_UDB_IMPLEMENTED && I2C_3_MODE_SLAVE_ENABLED)) */
 235:.\Generated_Source\PSoC5/I2C_3.c **** 
 236:.\Generated_Source\PSoC5/I2C_3.c ****     I2C_3_DisableInt();
 235              		.loc 1 236 0
 236 0006 4EF28013 		movw	r3, #57728
 237 000a CEF20003 		movt	r3, 57344
 238 000e 4FF40042 		mov	r2, #32768
 239 0012 1A60     		str	r2, [r3, #0]
 237:.\Generated_Source\PSoC5/I2C_3.c **** 
 238:.\Generated_Source\PSoC5/I2C_3.c ****     I2C_3_DISABLE_INT_ON_STOP;   /* Interrupt on Stop can be enabled by write */
 240              		.loc 1 238 0
 241 0014 44F6D613 		movw	r3, #18902
 242 0018 C4F20003 		movt	r3, 16384
 243 001c 44F6D612 		movw	r2, #18902
 244 0020 C4F20002 		movt	r2, 16384
 245 0024 1278     		ldrb	r2, [r2, #0]
 246 0026 D2B2     		uxtb	r2, r2
 247 0028 22F01002 		bic	r2, r2, #16
 248 002c D2B2     		uxtb	r2, r2
 249 002e 1A70     		strb	r2, [r3, #0]
 239:.\Generated_Source\PSoC5/I2C_3.c ****     (void) I2C_3_CSR_REG;        /* Clear CSR reg */
 250              		.loc 1 239 0
 251 0030 44F6D713 		movw	r3, #18903
 252 0034 C4F20003 		movt	r3, 16384
 253 0038 1B78     		ldrb	r3, [r3, #0]
 240:.\Generated_Source\PSoC5/I2C_3.c ****     
 241:.\Generated_Source\PSoC5/I2C_3.c ****     #if(I2C_3_TIMEOUT_ENABLED)
 242:.\Generated_Source\PSoC5/I2C_3.c ****         I2C_3_TimeoutStop();
 243:.\Generated_Source\PSoC5/I2C_3.c ****     #endif  /* End (I2C_3_TIMEOUT_ENABLED) */
 244:.\Generated_Source\PSoC5/I2C_3.c **** 
 245:.\Generated_Source\PSoC5/I2C_3.c ****     #if(I2C_3_FF_IMPLEMENTED)
 246:.\Generated_Source\PSoC5/I2C_3.c ****         #if(CY_PSOC3 || CY_PSOC5LP)
 247:.\Generated_Source\PSoC5/I2C_3.c ****             /* Store registers which are held in reset when Master and Slave bits are cleared */
 248:.\Generated_Source\PSoC5/I2C_3.c ****             #if(I2C_3_MODE_SLAVE_ENABLED)
 249:.\Generated_Source\PSoC5/I2C_3.c ****                 I2C_3_backup.addr = I2C_3_ADDR_REG;
 254              		.loc 1 249 0
 255 003a 44F6CA13 		movw	r3, #18890
 256 003e C4F20003 		movt	r3, 16384
 257 0042 1B78     		ldrb	r3, [r3, #0]
 258 0044 DAB2     		uxtb	r2, r3
 259 0046 40F20003 		movw	r3, #:lower16:I2C_3_backup
 260 004a C0F20003 		movt	r3, #:upper16:I2C_3_backup
 261 004e DA70     		strb	r2, [r3, #3]
 250:.\Generated_Source\PSoC5/I2C_3.c ****             #endif /* (I2C_3_MODE_SLAVE_ENABLED) */
 251:.\Generated_Source\PSoC5/I2C_3.c **** 
 252:.\Generated_Source\PSoC5/I2C_3.c ****             I2C_3_backup.clkDiv1  = I2C_3_CLKDIV1_REG;
ARM GAS  C:\Users\devdev\AppData\Local\Temp\ccI0bpQV.s 			page 10


 262              		.loc 1 252 0
 263 0050 44F6DB13 		movw	r3, #18907
 264 0054 C4F20003 		movt	r3, 16384
 265 0058 1B78     		ldrb	r3, [r3, #0]
 266 005a DAB2     		uxtb	r2, r3
 267 005c 40F20003 		movw	r3, #:lower16:I2C_3_backup
 268 0060 C0F20003 		movt	r3, #:upper16:I2C_3_backup
 269 0064 1A71     		strb	r2, [r3, #4]
 253:.\Generated_Source\PSoC5/I2C_3.c ****             I2C_3_backup.clkDiv2  = I2C_3_CLKDIV2_REG;
 270              		.loc 1 253 0
 271 0066 44F6DC13 		movw	r3, #18908
 272 006a C4F20003 		movt	r3, 16384
 273 006e 1B78     		ldrb	r3, [r3, #0]
 274 0070 DAB2     		uxtb	r2, r3
 275 0072 40F20003 		movw	r3, #:lower16:I2C_3_backup
 276 0076 C0F20003 		movt	r3, #:upper16:I2C_3_backup
 277 007a 5A71     		strb	r2, [r3, #5]
 254:.\Generated_Source\PSoC5/I2C_3.c **** 
 255:.\Generated_Source\PSoC5/I2C_3.c **** 
 256:.\Generated_Source\PSoC5/I2C_3.c ****             /* Reset FF block */
 257:.\Generated_Source\PSoC5/I2C_3.c ****             I2C_3_CFG_REG &= ((uint8) ~I2C_3_ENABLE_MS);
 278              		.loc 1 257 0
 279 007c 44F6D613 		movw	r3, #18902
 280 0080 C4F20003 		movt	r3, 16384
 281 0084 44F6D612 		movw	r2, #18902
 282 0088 C4F20002 		movt	r2, 16384
 283 008c 1278     		ldrb	r2, [r2, #0]
 284 008e D2B2     		uxtb	r2, r2
 285 0090 22F00302 		bic	r2, r2, #3
 286 0094 D2B2     		uxtb	r2, r2
 287 0096 1A70     		strb	r2, [r3, #0]
 258:.\Generated_Source\PSoC5/I2C_3.c ****             CyDelayUs(I2C_3_FF_RESET_DELAY);
 288              		.loc 1 258 0
 289 0098 4FF00200 		mov	r0, #2
 290 009c FFF7FEFF 		bl	CyDelayUs
 259:.\Generated_Source\PSoC5/I2C_3.c ****             I2C_3_CFG_REG |= ((uint8)  I2C_3_ENABLE_MS);
 291              		.loc 1 259 0
 292 00a0 44F6D613 		movw	r3, #18902
 293 00a4 C4F20003 		movt	r3, 16384
 294 00a8 44F6D612 		movw	r2, #18902
 295 00ac C4F20002 		movt	r2, 16384
 296 00b0 1278     		ldrb	r2, [r2, #0]
 297 00b2 D2B2     		uxtb	r2, r2
 298 00b4 42F00302 		orr	r2, r2, #3
 299 00b8 D2B2     		uxtb	r2, r2
 300 00ba 1A70     		strb	r2, [r3, #0]
 260:.\Generated_Source\PSoC5/I2C_3.c **** 
 261:.\Generated_Source\PSoC5/I2C_3.c **** 
 262:.\Generated_Source\PSoC5/I2C_3.c ****             /* Restore registers */
 263:.\Generated_Source\PSoC5/I2C_3.c ****             #if(I2C_3_MODE_SLAVE_ENABLED)
 264:.\Generated_Source\PSoC5/I2C_3.c ****                 I2C_3_ADDR_REG = I2C_3_backup.addr;
 301              		.loc 1 264 0
 302 00bc 44F6CA13 		movw	r3, #18890
 303 00c0 C4F20003 		movt	r3, 16384
 304 00c4 40F20002 		movw	r2, #:lower16:I2C_3_backup
 305 00c8 C0F20002 		movt	r2, #:upper16:I2C_3_backup
 306 00cc D278     		ldrb	r2, [r2, #3]	@ zero_extendqisi2
ARM GAS  C:\Users\devdev\AppData\Local\Temp\ccI0bpQV.s 			page 11


 307 00ce 1A70     		strb	r2, [r3, #0]
 265:.\Generated_Source\PSoC5/I2C_3.c ****             #endif /* (I2C_3_MODE_SLAVE_ENABLED) */
 266:.\Generated_Source\PSoC5/I2C_3.c **** 
 267:.\Generated_Source\PSoC5/I2C_3.c ****             I2C_3_CLKDIV1_REG = I2C_3_backup.clkDiv1;
 308              		.loc 1 267 0
 309 00d0 44F6DB13 		movw	r3, #18907
 310 00d4 C4F20003 		movt	r3, 16384
 311 00d8 40F20002 		movw	r2, #:lower16:I2C_3_backup
 312 00dc C0F20002 		movt	r2, #:upper16:I2C_3_backup
 313 00e0 1279     		ldrb	r2, [r2, #4]	@ zero_extendqisi2
 314 00e2 1A70     		strb	r2, [r3, #0]
 268:.\Generated_Source\PSoC5/I2C_3.c ****             I2C_3_CLKDIV2_REG = I2C_3_backup.clkDiv2;
 315              		.loc 1 268 0
 316 00e4 44F6DC13 		movw	r3, #18908
 317 00e8 C4F20003 		movt	r3, 16384
 318 00ec 40F20002 		movw	r2, #:lower16:I2C_3_backup
 319 00f0 C0F20002 		movt	r2, #:upper16:I2C_3_backup
 320 00f4 5279     		ldrb	r2, [r2, #5]	@ zero_extendqisi2
 321 00f6 1A70     		strb	r2, [r3, #0]
 269:.\Generated_Source\PSoC5/I2C_3.c **** 
 270:.\Generated_Source\PSoC5/I2C_3.c ****         #endif /* (CY_PSOC3 || CY_PSOC5LP) */
 271:.\Generated_Source\PSoC5/I2C_3.c **** 
 272:.\Generated_Source\PSoC5/I2C_3.c ****         /* Disable power to I2C block */
 273:.\Generated_Source\PSoC5/I2C_3.c ****         enableInterrupts = CyEnterCriticalSection();
 322              		.loc 1 273 0
 323 00f8 FFF7FEFF 		bl	CyEnterCriticalSection
 324 00fc 0346     		mov	r3, r0
 325 00fe FB71     		strb	r3, [r7, #7]
 274:.\Generated_Source\PSoC5/I2C_3.c ****         I2C_3_ACT_PWRMGR_REG  &= ((uint8) ~I2C_3_ACT_PWR_EN);
 326              		.loc 1 274 0
 327 0100 44F2A533 		movw	r3, #17317
 328 0104 C4F20003 		movt	r3, 16384
 329 0108 44F2A532 		movw	r2, #17317
 330 010c C4F20002 		movt	r2, 16384
 331 0110 1278     		ldrb	r2, [r2, #0]
 332 0112 D2B2     		uxtb	r2, r2
 333 0114 22F00402 		bic	r2, r2, #4
 334 0118 D2B2     		uxtb	r2, r2
 335 011a 1A70     		strb	r2, [r3, #0]
 275:.\Generated_Source\PSoC5/I2C_3.c ****         I2C_3_STBY_PWRMGR_REG &= ((uint8) ~I2C_3_STBY_PWR_EN);
 336              		.loc 1 275 0
 337 011c 44F2B533 		movw	r3, #17333
 338 0120 C4F20003 		movt	r3, 16384
 339 0124 44F2B532 		movw	r2, #17333
 340 0128 C4F20002 		movt	r2, 16384
 341 012c 1278     		ldrb	r2, [r2, #0]
 342 012e D2B2     		uxtb	r2, r2
 343 0130 22F00402 		bic	r2, r2, #4
 344 0134 D2B2     		uxtb	r2, r2
 345 0136 1A70     		strb	r2, [r3, #0]
 276:.\Generated_Source\PSoC5/I2C_3.c ****         CyExitCriticalSection(enableInterrupts);
 346              		.loc 1 276 0
 347 0138 FB79     		ldrb	r3, [r7, #7]	@ zero_extendqisi2
 348 013a 1846     		mov	r0, r3
 349 013c FFF7FEFF 		bl	CyExitCriticalSection
 277:.\Generated_Source\PSoC5/I2C_3.c **** 
 278:.\Generated_Source\PSoC5/I2C_3.c ****     #else
ARM GAS  C:\Users\devdev\AppData\Local\Temp\ccI0bpQV.s 			page 12


 279:.\Generated_Source\PSoC5/I2C_3.c **** 
 280:.\Generated_Source\PSoC5/I2C_3.c ****         #if(I2C_3_MODE_SLAVE_ENABLED)
 281:.\Generated_Source\PSoC5/I2C_3.c ****             /* Disable slave bit counter */
 282:.\Generated_Source\PSoC5/I2C_3.c ****             enableInterrupts = CyEnterCriticalSection();
 283:.\Generated_Source\PSoC5/I2C_3.c ****             I2C_3_COUNTER_AUX_CTL_REG &= ((uint8) ~I2C_3_CNT7_ENABLE);
 284:.\Generated_Source\PSoC5/I2C_3.c ****             CyExitCriticalSection(enableInterrupts);
 285:.\Generated_Source\PSoC5/I2C_3.c ****         #endif /* (I2C_3_MODE_SLAVE_ENABLED) */
 286:.\Generated_Source\PSoC5/I2C_3.c **** 
 287:.\Generated_Source\PSoC5/I2C_3.c ****         I2C_3_CFG_REG &= ((uint8) ~I2C_3_ENABLE_MS);
 288:.\Generated_Source\PSoC5/I2C_3.c **** 
 289:.\Generated_Source\PSoC5/I2C_3.c ****     #endif /* (I2C_3_FF_IMPLEMENTED) */
 290:.\Generated_Source\PSoC5/I2C_3.c **** 
 291:.\Generated_Source\PSoC5/I2C_3.c ****     I2C_3_ClearPendingInt();  /* Clear interrupt triggers on reset */
 350              		.loc 1 291 0
 351 0140 4EF28023 		movw	r3, #57984
 352 0144 CEF20003 		movt	r3, 57344
 353 0148 4FF40042 		mov	r2, #32768
 354 014c 1A60     		str	r2, [r3, #0]
 292:.\Generated_Source\PSoC5/I2C_3.c **** 
 293:.\Generated_Source\PSoC5/I2C_3.c ****     I2C_3_state = I2C_3_SM_IDLE;  /* Reset software FSM */
 355              		.loc 1 293 0
 356 014e 40F20003 		movw	r3, #:lower16:I2C_3_state
 357 0152 C0F20003 		movt	r3, #:upper16:I2C_3_state
 358 0156 4FF01002 		mov	r2, #16
 359 015a 1A70     		strb	r2, [r3, #0]
 294:.\Generated_Source\PSoC5/I2C_3.c **** }
 360              		.loc 1 294 0
 361 015c 07F10807 		add	r7, r7, #8
 362 0160 BD46     		mov	sp, r7
 363 0162 80BD     		pop	{r7, pc}
 364              		.cfi_endproc
 365              	.LFE3:
 366              		.size	I2C_3_Stop, .-I2C_3_Stop
 367              		.text
 368              	.Letext0:
 369              		.file 2 ".\\Generated_Source\\PSoC5\\cytypes.h"
 370              		.file 3 ".\\Generated_Source\\PSoC5\\I2C_3.h"
 371              		.file 4 ".\\Generated_Source\\PSoC5\\I2C_3_PVT.h"
 372              		.section	.debug_info,"",%progbits
 373              	.Ldebug_info0:
 374 0000 ED010000 		.4byte	0x1ed
 375 0004 0200     		.2byte	0x2
 376 0006 00000000 		.4byte	.Ldebug_abbrev0
 377 000a 04       		.byte	0x4
 378 000b 01       		.uleb128 0x1
 379 000c 93010000 		.4byte	.LASF33
 380 0010 01       		.byte	0x1
 381 0011 1F000000 		.4byte	.LASF34
 382 0015 03010000 		.4byte	.LASF35
 383 0019 00000000 		.4byte	.Ldebug_ranges0+0
 384 001d 00000000 		.4byte	0
 385 0021 00000000 		.4byte	0
 386 0025 00000000 		.4byte	.Ldebug_line0
 387 0029 02       		.uleb128 0x2
 388 002a 01       		.byte	0x1
 389 002b 06       		.byte	0x6
 390 002c EB010000 		.4byte	.LASF0
ARM GAS  C:\Users\devdev\AppData\Local\Temp\ccI0bpQV.s 			page 13


 391 0030 02       		.uleb128 0x2
 392 0031 01       		.byte	0x1
 393 0032 08       		.byte	0x8
 394 0033 73000000 		.4byte	.LASF1
 395 0037 02       		.uleb128 0x2
 396 0038 02       		.byte	0x2
 397 0039 05       		.byte	0x5
 398 003a 83010000 		.4byte	.LASF2
 399 003e 02       		.uleb128 0x2
 400 003f 02       		.byte	0x2
 401 0040 07       		.byte	0x7
 402 0041 F7010000 		.4byte	.LASF3
 403 0045 02       		.uleb128 0x2
 404 0046 04       		.byte	0x4
 405 0047 05       		.byte	0x5
 406 0048 DC010000 		.4byte	.LASF4
 407 004c 02       		.uleb128 0x2
 408 004d 04       		.byte	0x4
 409 004e 07       		.byte	0x7
 410 004f 86000000 		.4byte	.LASF5
 411 0053 02       		.uleb128 0x2
 412 0054 08       		.byte	0x8
 413 0055 05       		.byte	0x5
 414 0056 4A010000 		.4byte	.LASF6
 415 005a 02       		.uleb128 0x2
 416 005b 08       		.byte	0x8
 417 005c 07       		.byte	0x7
 418 005d DC000000 		.4byte	.LASF7
 419 0061 03       		.uleb128 0x3
 420 0062 04       		.byte	0x4
 421 0063 05       		.byte	0x5
 422 0064 696E7400 		.ascii	"int\000"
 423 0068 02       		.uleb128 0x2
 424 0069 04       		.byte	0x4
 425 006a 07       		.byte	0x7
 426 006b CF000000 		.4byte	.LASF8
 427 006f 04       		.uleb128 0x4
 428 0070 8D010000 		.4byte	.LASF9
 429 0074 02       		.byte	0x2
 430 0075 5B       		.byte	0x5b
 431 0076 30000000 		.4byte	0x30
 432 007a 04       		.uleb128 0x4
 433 007b B5000000 		.4byte	.LASF10
 434 007f 02       		.byte	0x2
 435 0080 5C       		.byte	0x5c
 436 0081 3E000000 		.4byte	0x3e
 437 0085 04       		.uleb128 0x4
 438 0086 BC000000 		.4byte	.LASF11
 439 008a 02       		.byte	0x2
 440 008b 5D       		.byte	0x5d
 441 008c 4C000000 		.4byte	0x4c
 442 0090 02       		.uleb128 0x2
 443 0091 04       		.byte	0x4
 444 0092 04       		.byte	0x4
 445 0093 52000000 		.4byte	.LASF12
 446 0097 02       		.uleb128 0x2
 447 0098 08       		.byte	0x8
ARM GAS  C:\Users\devdev\AppData\Local\Temp\ccI0bpQV.s 			page 14


 448 0099 04       		.byte	0x4
 449 009a AE000000 		.4byte	.LASF13
 450 009e 02       		.uleb128 0x2
 451 009f 01       		.byte	0x1
 452 00a0 08       		.byte	0x8
 453 00a1 40000000 		.4byte	.LASF14
 454 00a5 04       		.uleb128 0x4
 455 00a6 81000000 		.4byte	.LASF15
 456 00aa 02       		.byte	0x2
 457 00ab F0       		.byte	0xf0
 458 00ac B0000000 		.4byte	0xb0
 459 00b0 05       		.uleb128 0x5
 460 00b1 6F000000 		.4byte	0x6f
 461 00b5 04       		.uleb128 0x4
 462 00b6 E5010000 		.4byte	.LASF16
 463 00ba 02       		.byte	0x2
 464 00bb F2       		.byte	0xf2
 465 00bc C0000000 		.4byte	0xc0
 466 00c0 05       		.uleb128 0x5
 467 00c1 85000000 		.4byte	0x85
 468 00c5 02       		.uleb128 0x2
 469 00c6 04       		.byte	0x4
 470 00c7 07       		.byte	0x7
 471 00c8 41010000 		.4byte	.LASF17
 472 00cc 06       		.uleb128 0x6
 473 00cd 06       		.byte	0x6
 474 00ce 03       		.byte	0x3
 475 00cf 78       		.byte	0x78
 476 00d0 29010000 		.4byte	0x129
 477 00d4 07       		.uleb128 0x7
 478 00d5 C3000000 		.4byte	.LASF18
 479 00d9 03       		.byte	0x3
 480 00da 7A       		.byte	0x7a
 481 00db 6F000000 		.4byte	0x6f
 482 00df 02       		.byte	0x2
 483 00e0 23       		.byte	0x23
 484 00e1 00       		.uleb128 0
 485 00e2 07       		.uleb128 0x7
 486 00e3 6F010000 		.4byte	.LASF19
 487 00e7 03       		.byte	0x3
 488 00e8 7D       		.byte	0x7d
 489 00e9 6F000000 		.4byte	0x6f
 490 00ed 02       		.byte	0x2
 491 00ee 23       		.byte	0x23
 492 00ef 01       		.uleb128 0x1
 493 00f0 08       		.uleb128 0x8
 494 00f1 63666700 		.ascii	"cfg\000"
 495 00f5 03       		.byte	0x3
 496 00f6 7E       		.byte	0x7e
 497 00f7 6F000000 		.4byte	0x6f
 498 00fb 02       		.byte	0x2
 499 00fc 23       		.byte	0x23
 500 00fd 02       		.uleb128 0x2
 501 00fe 07       		.uleb128 0x7
 502 00ff 98000000 		.4byte	.LASF20
 503 0103 03       		.byte	0x3
 504 0104 81       		.byte	0x81
ARM GAS  C:\Users\devdev\AppData\Local\Temp\ccI0bpQV.s 			page 15


 505 0105 6F000000 		.4byte	0x6f
 506 0109 02       		.byte	0x2
 507 010a 23       		.byte	0x23
 508 010b 03       		.uleb128 0x3
 509 010c 07       		.uleb128 0x7
 510 010d F3000000 		.4byte	.LASF21
 511 0111 03       		.byte	0x3
 512 0112 87       		.byte	0x87
 513 0113 6F000000 		.4byte	0x6f
 514 0117 02       		.byte	0x2
 515 0118 23       		.byte	0x23
 516 0119 04       		.uleb128 0x4
 517 011a 07       		.uleb128 0x7
 518 011b FB000000 		.4byte	.LASF22
 519 011f 03       		.byte	0x3
 520 0120 88       		.byte	0x88
 521 0121 6F000000 		.4byte	0x6f
 522 0125 02       		.byte	0x2
 523 0126 23       		.byte	0x23
 524 0127 05       		.uleb128 0x5
 525 0128 00       		.byte	0
 526 0129 04       		.uleb128 0x4
 527 012a 00000000 		.4byte	.LASF23
 528 012e 03       		.byte	0x3
 529 012f A2       		.byte	0xa2
 530 0130 CC000000 		.4byte	0xcc
 531 0134 09       		.uleb128 0x9
 532 0135 01       		.byte	0x1
 533 0136 64010000 		.4byte	.LASF24
 534 013a 01       		.byte	0x1
 535 013b 33       		.byte	0x33
 536 013c 01       		.byte	0x1
 537 013d 00000000 		.4byte	.LFB0
 538 0141 A0000000 		.4byte	.LFE0
 539 0145 00000000 		.4byte	.LLST0
 540 0149 01       		.byte	0x1
 541 014a 0A       		.uleb128 0xa
 542 014b 01       		.byte	0x1
 543 014c 58000000 		.4byte	.LASF26
 544 0150 01       		.byte	0x1
 545 0151 89       		.byte	0x89
 546 0152 01       		.byte	0x1
 547 0153 00000000 		.4byte	.LFB1
 548 0157 56000000 		.4byte	.LFE1
 549 015b 2C000000 		.4byte	.LLST1
 550 015f 01       		.byte	0x1
 551 0160 73010000 		.4byte	0x173
 552 0164 0B       		.uleb128 0xb
 553 0165 9D000000 		.4byte	.LASF28
 554 0169 01       		.byte	0x1
 555 016a 8C       		.byte	0x8c
 556 016b 6F000000 		.4byte	0x6f
 557 016f 02       		.byte	0x2
 558 0170 91       		.byte	0x91
 559 0171 77       		.sleb128 -9
 560 0172 00       		.byte	0
 561 0173 09       		.uleb128 0x9
ARM GAS  C:\Users\devdev\AppData\Local\Temp\ccI0bpQV.s 			page 16


 562 0174 01       		.byte	0x1
 563 0175 0A020000 		.4byte	.LASF25
 564 0179 01       		.byte	0x1
 565 017a C7       		.byte	0xc7
 566 017b 01       		.byte	0x1
 567 017c 00000000 		.4byte	.LFB2
 568 0180 38000000 		.4byte	.LFE2
 569 0184 64000000 		.4byte	.LLST2
 570 0188 01       		.byte	0x1
 571 0189 0A       		.uleb128 0xa
 572 018a 01       		.byte	0x1
 573 018b 14000000 		.4byte	.LASF27
 574 018f 01       		.byte	0x1
 575 0190 E4       		.byte	0xe4
 576 0191 01       		.byte	0x1
 577 0192 00000000 		.4byte	.LFB3
 578 0196 64010000 		.4byte	.LFE3
 579 019a 90000000 		.4byte	.LLST3
 580 019e 01       		.byte	0x1
 581 019f B2010000 		.4byte	0x1b2
 582 01a3 0B       		.uleb128 0xb
 583 01a4 9D000000 		.4byte	.LASF28
 584 01a8 01       		.byte	0x1
 585 01a9 E8       		.byte	0xe8
 586 01aa 6F000000 		.4byte	0x6f
 587 01ae 02       		.byte	0x2
 588 01af 91       		.byte	0x91
 589 01b0 77       		.sleb128 -9
 590 01b1 00       		.byte	0
 591 01b2 0C       		.uleb128 0xc
 592 01b3 65000000 		.4byte	.LASF29
 593 01b7 01       		.byte	0x1
 594 01b8 1A       		.byte	0x1a
 595 01b9 6F000000 		.4byte	0x6f
 596 01bd 01       		.byte	0x1
 597 01be 05       		.byte	0x5
 598 01bf 03       		.byte	0x3
 599 01c0 00000000 		.4byte	I2C_3_initVar
 600 01c4 0D       		.uleb128 0xd
 601 01c5 45000000 		.4byte	.LASF30
 602 01c9 04       		.byte	0x4
 603 01ca 21       		.byte	0x21
 604 01cb 29010000 		.4byte	0x129
 605 01cf 01       		.byte	0x1
 606 01d0 01       		.byte	0x1
 607 01d1 0C       		.uleb128 0xc
 608 01d2 58010000 		.4byte	.LASF31
 609 01d6 01       		.byte	0x1
 610 01d7 1C       		.byte	0x1c
 611 01d8 B0000000 		.4byte	0xb0
 612 01dc 01       		.byte	0x1
 613 01dd 05       		.byte	0x5
 614 01de 03       		.byte	0x3
 615 01df 00000000 		.4byte	I2C_3_state
 616 01e3 0D       		.uleb128 0xd
 617 01e4 74010000 		.4byte	.LASF32
 618 01e8 04       		.byte	0x4
ARM GAS  C:\Users\devdev\AppData\Local\Temp\ccI0bpQV.s 			page 17


 619 01e9 38       		.byte	0x38
 620 01ea B0000000 		.4byte	0xb0
 621 01ee 01       		.byte	0x1
 622 01ef 01       		.byte	0x1
 623 01f0 00       		.byte	0
 624              		.section	.debug_abbrev,"",%progbits
 625              	.Ldebug_abbrev0:
 626 0000 01       		.uleb128 0x1
 627 0001 11       		.uleb128 0x11
 628 0002 01       		.byte	0x1
 629 0003 25       		.uleb128 0x25
 630 0004 0E       		.uleb128 0xe
 631 0005 13       		.uleb128 0x13
 632 0006 0B       		.uleb128 0xb
 633 0007 03       		.uleb128 0x3
 634 0008 0E       		.uleb128 0xe
 635 0009 1B       		.uleb128 0x1b
 636 000a 0E       		.uleb128 0xe
 637 000b 55       		.uleb128 0x55
 638 000c 06       		.uleb128 0x6
 639 000d 11       		.uleb128 0x11
 640 000e 01       		.uleb128 0x1
 641 000f 52       		.uleb128 0x52
 642 0010 01       		.uleb128 0x1
 643 0011 10       		.uleb128 0x10
 644 0012 06       		.uleb128 0x6
 645 0013 00       		.byte	0
 646 0014 00       		.byte	0
 647 0015 02       		.uleb128 0x2
 648 0016 24       		.uleb128 0x24
 649 0017 00       		.byte	0
 650 0018 0B       		.uleb128 0xb
 651 0019 0B       		.uleb128 0xb
 652 001a 3E       		.uleb128 0x3e
 653 001b 0B       		.uleb128 0xb
 654 001c 03       		.uleb128 0x3
 655 001d 0E       		.uleb128 0xe
 656 001e 00       		.byte	0
 657 001f 00       		.byte	0
 658 0020 03       		.uleb128 0x3
 659 0021 24       		.uleb128 0x24
 660 0022 00       		.byte	0
 661 0023 0B       		.uleb128 0xb
 662 0024 0B       		.uleb128 0xb
 663 0025 3E       		.uleb128 0x3e
 664 0026 0B       		.uleb128 0xb
 665 0027 03       		.uleb128 0x3
 666 0028 08       		.uleb128 0x8
 667 0029 00       		.byte	0
 668 002a 00       		.byte	0
 669 002b 04       		.uleb128 0x4
 670 002c 16       		.uleb128 0x16
 671 002d 00       		.byte	0
 672 002e 03       		.uleb128 0x3
 673 002f 0E       		.uleb128 0xe
 674 0030 3A       		.uleb128 0x3a
 675 0031 0B       		.uleb128 0xb
ARM GAS  C:\Users\devdev\AppData\Local\Temp\ccI0bpQV.s 			page 18


 676 0032 3B       		.uleb128 0x3b
 677 0033 0B       		.uleb128 0xb
 678 0034 49       		.uleb128 0x49
 679 0035 13       		.uleb128 0x13
 680 0036 00       		.byte	0
 681 0037 00       		.byte	0
 682 0038 05       		.uleb128 0x5
 683 0039 35       		.uleb128 0x35
 684 003a 00       		.byte	0
 685 003b 49       		.uleb128 0x49
 686 003c 13       		.uleb128 0x13
 687 003d 00       		.byte	0
 688 003e 00       		.byte	0
 689 003f 06       		.uleb128 0x6
 690 0040 13       		.uleb128 0x13
 691 0041 01       		.byte	0x1
 692 0042 0B       		.uleb128 0xb
 693 0043 0B       		.uleb128 0xb
 694 0044 3A       		.uleb128 0x3a
 695 0045 0B       		.uleb128 0xb
 696 0046 3B       		.uleb128 0x3b
 697 0047 0B       		.uleb128 0xb
 698 0048 01       		.uleb128 0x1
 699 0049 13       		.uleb128 0x13
 700 004a 00       		.byte	0
 701 004b 00       		.byte	0
 702 004c 07       		.uleb128 0x7
 703 004d 0D       		.uleb128 0xd
 704 004e 00       		.byte	0
 705 004f 03       		.uleb128 0x3
 706 0050 0E       		.uleb128 0xe
 707 0051 3A       		.uleb128 0x3a
 708 0052 0B       		.uleb128 0xb
 709 0053 3B       		.uleb128 0x3b
 710 0054 0B       		.uleb128 0xb
 711 0055 49       		.uleb128 0x49
 712 0056 13       		.uleb128 0x13
 713 0057 38       		.uleb128 0x38
 714 0058 0A       		.uleb128 0xa
 715 0059 00       		.byte	0
 716 005a 00       		.byte	0
 717 005b 08       		.uleb128 0x8
 718 005c 0D       		.uleb128 0xd
 719 005d 00       		.byte	0
 720 005e 03       		.uleb128 0x3
 721 005f 08       		.uleb128 0x8
 722 0060 3A       		.uleb128 0x3a
 723 0061 0B       		.uleb128 0xb
 724 0062 3B       		.uleb128 0x3b
 725 0063 0B       		.uleb128 0xb
 726 0064 49       		.uleb128 0x49
 727 0065 13       		.uleb128 0x13
 728 0066 38       		.uleb128 0x38
 729 0067 0A       		.uleb128 0xa
 730 0068 00       		.byte	0
 731 0069 00       		.byte	0
 732 006a 09       		.uleb128 0x9
ARM GAS  C:\Users\devdev\AppData\Local\Temp\ccI0bpQV.s 			page 19


 733 006b 2E       		.uleb128 0x2e
 734 006c 00       		.byte	0
 735 006d 3F       		.uleb128 0x3f
 736 006e 0C       		.uleb128 0xc
 737 006f 03       		.uleb128 0x3
 738 0070 0E       		.uleb128 0xe
 739 0071 3A       		.uleb128 0x3a
 740 0072 0B       		.uleb128 0xb
 741 0073 3B       		.uleb128 0x3b
 742 0074 0B       		.uleb128 0xb
 743 0075 27       		.uleb128 0x27
 744 0076 0C       		.uleb128 0xc
 745 0077 11       		.uleb128 0x11
 746 0078 01       		.uleb128 0x1
 747 0079 12       		.uleb128 0x12
 748 007a 01       		.uleb128 0x1
 749 007b 40       		.uleb128 0x40
 750 007c 06       		.uleb128 0x6
 751 007d 9642     		.uleb128 0x2116
 752 007f 0C       		.uleb128 0xc
 753 0080 00       		.byte	0
 754 0081 00       		.byte	0
 755 0082 0A       		.uleb128 0xa
 756 0083 2E       		.uleb128 0x2e
 757 0084 01       		.byte	0x1
 758 0085 3F       		.uleb128 0x3f
 759 0086 0C       		.uleb128 0xc
 760 0087 03       		.uleb128 0x3
 761 0088 0E       		.uleb128 0xe
 762 0089 3A       		.uleb128 0x3a
 763 008a 0B       		.uleb128 0xb
 764 008b 3B       		.uleb128 0x3b
 765 008c 0B       		.uleb128 0xb
 766 008d 27       		.uleb128 0x27
 767 008e 0C       		.uleb128 0xc
 768 008f 11       		.uleb128 0x11
 769 0090 01       		.uleb128 0x1
 770 0091 12       		.uleb128 0x12
 771 0092 01       		.uleb128 0x1
 772 0093 40       		.uleb128 0x40
 773 0094 06       		.uleb128 0x6
 774 0095 9642     		.uleb128 0x2116
 775 0097 0C       		.uleb128 0xc
 776 0098 01       		.uleb128 0x1
 777 0099 13       		.uleb128 0x13
 778 009a 00       		.byte	0
 779 009b 00       		.byte	0
 780 009c 0B       		.uleb128 0xb
 781 009d 34       		.uleb128 0x34
 782 009e 00       		.byte	0
 783 009f 03       		.uleb128 0x3
 784 00a0 0E       		.uleb128 0xe
 785 00a1 3A       		.uleb128 0x3a
 786 00a2 0B       		.uleb128 0xb
 787 00a3 3B       		.uleb128 0x3b
 788 00a4 0B       		.uleb128 0xb
 789 00a5 49       		.uleb128 0x49
ARM GAS  C:\Users\devdev\AppData\Local\Temp\ccI0bpQV.s 			page 20


 790 00a6 13       		.uleb128 0x13
 791 00a7 02       		.uleb128 0x2
 792 00a8 0A       		.uleb128 0xa
 793 00a9 00       		.byte	0
 794 00aa 00       		.byte	0
 795 00ab 0C       		.uleb128 0xc
 796 00ac 34       		.uleb128 0x34
 797 00ad 00       		.byte	0
 798 00ae 03       		.uleb128 0x3
 799 00af 0E       		.uleb128 0xe
 800 00b0 3A       		.uleb128 0x3a
 801 00b1 0B       		.uleb128 0xb
 802 00b2 3B       		.uleb128 0x3b
 803 00b3 0B       		.uleb128 0xb
 804 00b4 49       		.uleb128 0x49
 805 00b5 13       		.uleb128 0x13
 806 00b6 3F       		.uleb128 0x3f
 807 00b7 0C       		.uleb128 0xc
 808 00b8 02       		.uleb128 0x2
 809 00b9 0A       		.uleb128 0xa
 810 00ba 00       		.byte	0
 811 00bb 00       		.byte	0
 812 00bc 0D       		.uleb128 0xd
 813 00bd 34       		.uleb128 0x34
 814 00be 00       		.byte	0
 815 00bf 03       		.uleb128 0x3
 816 00c0 0E       		.uleb128 0xe
 817 00c1 3A       		.uleb128 0x3a
 818 00c2 0B       		.uleb128 0xb
 819 00c3 3B       		.uleb128 0x3b
 820 00c4 0B       		.uleb128 0xb
 821 00c5 49       		.uleb128 0x49
 822 00c6 13       		.uleb128 0x13
 823 00c7 3F       		.uleb128 0x3f
 824 00c8 0C       		.uleb128 0xc
 825 00c9 3C       		.uleb128 0x3c
 826 00ca 0C       		.uleb128 0xc
 827 00cb 00       		.byte	0
 828 00cc 00       		.byte	0
 829 00cd 00       		.byte	0
 830              		.section	.debug_loc,"",%progbits
 831              	.Ldebug_loc0:
 832              	.LLST0:
 833 0000 00000000 		.4byte	.LFB0
 834 0004 02000000 		.4byte	.LCFI0
 835 0008 0200     		.2byte	0x2
 836 000a 7D       		.byte	0x7d
 837 000b 00       		.sleb128 0
 838 000c 02000000 		.4byte	.LCFI0
 839 0010 04000000 		.4byte	.LCFI1
 840 0014 0200     		.2byte	0x2
 841 0016 7D       		.byte	0x7d
 842 0017 08       		.sleb128 8
 843 0018 04000000 		.4byte	.LCFI1
 844 001c A0000000 		.4byte	.LFE0
 845 0020 0200     		.2byte	0x2
 846 0022 77       		.byte	0x77
ARM GAS  C:\Users\devdev\AppData\Local\Temp\ccI0bpQV.s 			page 21


 847 0023 08       		.sleb128 8
 848 0024 00000000 		.4byte	0
 849 0028 00000000 		.4byte	0
 850              	.LLST1:
 851 002c 00000000 		.4byte	.LFB1
 852 0030 02000000 		.4byte	.LCFI2
 853 0034 0200     		.2byte	0x2
 854 0036 7D       		.byte	0x7d
 855 0037 00       		.sleb128 0
 856 0038 02000000 		.4byte	.LCFI2
 857 003c 04000000 		.4byte	.LCFI3
 858 0040 0200     		.2byte	0x2
 859 0042 7D       		.byte	0x7d
 860 0043 08       		.sleb128 8
 861 0044 04000000 		.4byte	.LCFI3
 862 0048 06000000 		.4byte	.LCFI4
 863 004c 0200     		.2byte	0x2
 864 004e 7D       		.byte	0x7d
 865 004f 10       		.sleb128 16
 866 0050 06000000 		.4byte	.LCFI4
 867 0054 56000000 		.4byte	.LFE1
 868 0058 0200     		.2byte	0x2
 869 005a 77       		.byte	0x77
 870 005b 10       		.sleb128 16
 871 005c 00000000 		.4byte	0
 872 0060 00000000 		.4byte	0
 873              	.LLST2:
 874 0064 00000000 		.4byte	.LFB2
 875 0068 02000000 		.4byte	.LCFI5
 876 006c 0200     		.2byte	0x2
 877 006e 7D       		.byte	0x7d
 878 006f 00       		.sleb128 0
 879 0070 02000000 		.4byte	.LCFI5
 880 0074 04000000 		.4byte	.LCFI6
 881 0078 0200     		.2byte	0x2
 882 007a 7D       		.byte	0x7d
 883 007b 08       		.sleb128 8
 884 007c 04000000 		.4byte	.LCFI6
 885 0080 38000000 		.4byte	.LFE2
 886 0084 0200     		.2byte	0x2
 887 0086 77       		.byte	0x77
 888 0087 08       		.sleb128 8
 889 0088 00000000 		.4byte	0
 890 008c 00000000 		.4byte	0
 891              	.LLST3:
 892 0090 00000000 		.4byte	.LFB3
 893 0094 02000000 		.4byte	.LCFI7
 894 0098 0200     		.2byte	0x2
 895 009a 7D       		.byte	0x7d
 896 009b 00       		.sleb128 0
 897 009c 02000000 		.4byte	.LCFI7
 898 00a0 04000000 		.4byte	.LCFI8
 899 00a4 0200     		.2byte	0x2
 900 00a6 7D       		.byte	0x7d
 901 00a7 08       		.sleb128 8
 902 00a8 04000000 		.4byte	.LCFI8
 903 00ac 06000000 		.4byte	.LCFI9
ARM GAS  C:\Users\devdev\AppData\Local\Temp\ccI0bpQV.s 			page 22


 904 00b0 0200     		.2byte	0x2
 905 00b2 7D       		.byte	0x7d
 906 00b3 10       		.sleb128 16
 907 00b4 06000000 		.4byte	.LCFI9
 908 00b8 64010000 		.4byte	.LFE3
 909 00bc 0200     		.2byte	0x2
 910 00be 77       		.byte	0x77
 911 00bf 10       		.sleb128 16
 912 00c0 00000000 		.4byte	0
 913 00c4 00000000 		.4byte	0
 914              		.section	.debug_aranges,"",%progbits
 915 0000 34000000 		.4byte	0x34
 916 0004 0200     		.2byte	0x2
 917 0006 00000000 		.4byte	.Ldebug_info0
 918 000a 04       		.byte	0x4
 919 000b 00       		.byte	0
 920 000c 0000     		.2byte	0
 921 000e 0000     		.2byte	0
 922 0010 00000000 		.4byte	.LFB0
 923 0014 A0000000 		.4byte	.LFE0-.LFB0
 924 0018 00000000 		.4byte	.LFB1
 925 001c 56000000 		.4byte	.LFE1-.LFB1
 926 0020 00000000 		.4byte	.LFB2
 927 0024 38000000 		.4byte	.LFE2-.LFB2
 928 0028 00000000 		.4byte	.LFB3
 929 002c 64010000 		.4byte	.LFE3-.LFB3
 930 0030 00000000 		.4byte	0
 931 0034 00000000 		.4byte	0
 932              		.section	.debug_ranges,"",%progbits
 933              	.Ldebug_ranges0:
 934 0000 00000000 		.4byte	.LFB0
 935 0004 A0000000 		.4byte	.LFE0
 936 0008 00000000 		.4byte	.LFB1
 937 000c 56000000 		.4byte	.LFE1
 938 0010 00000000 		.4byte	.LFB2
 939 0014 38000000 		.4byte	.LFE2
 940 0018 00000000 		.4byte	.LFB3
 941 001c 64010000 		.4byte	.LFE3
 942 0020 00000000 		.4byte	0
 943 0024 00000000 		.4byte	0
 944              		.section	.debug_line,"",%progbits
 945              	.Ldebug_line0:
 946 0000 D9000000 		.section	.debug_str,"MS",%progbits,1
 946      02005E00 
 946      00000201 
 946      FB0E0D00 
 946      01010101 
 947              	.LASF23:
 948 0000 4932435F 		.ascii	"I2C_3_BACKUP_STRUCT\000"
 948      335F4241 
 948      434B5550 
 948      5F535452 
 948      55435400 
 949              	.LASF27:
 950 0014 4932435F 		.ascii	"I2C_3_Stop\000"
 950      335F5374 
 950      6F7000
ARM GAS  C:\Users\devdev\AppData\Local\Temp\ccI0bpQV.s 			page 23


 951              	.LASF34:
 952 001f 2E5C4765 		.ascii	".\\Generated_Source\\PSoC5\\I2C_3.c\000"
 952      6E657261 
 952      7465645F 
 952      536F7572 
 952      63655C50 
 953              	.LASF14:
 954 0040 63686172 		.ascii	"char\000"
 954      00
 955              	.LASF30:
 956 0045 4932435F 		.ascii	"I2C_3_backup\000"
 956      335F6261 
 956      636B7570 
 956      00
 957              	.LASF12:
 958 0052 666C6F61 		.ascii	"float\000"
 958      7400
 959              	.LASF26:
 960 0058 4932435F 		.ascii	"I2C_3_Enable\000"
 960      335F456E 
 960      61626C65 
 960      00
 961              	.LASF29:
 962 0065 4932435F 		.ascii	"I2C_3_initVar\000"
 962      335F696E 
 962      69745661 
 962      7200
 963              	.LASF1:
 964 0073 756E7369 		.ascii	"unsigned char\000"
 964      676E6564 
 964      20636861 
 964      7200
 965              	.LASF15:
 966 0081 72656738 		.ascii	"reg8\000"
 966      00
 967              	.LASF5:
 968 0086 6C6F6E67 		.ascii	"long unsigned int\000"
 968      20756E73 
 968      69676E65 
 968      6420696E 
 968      7400
 969              	.LASF20:
 970 0098 61646472 		.ascii	"addr\000"
 970      00
 971              	.LASF28:
 972 009d 656E6162 		.ascii	"enableInterrupts\000"
 972      6C65496E 
 972      74657272 
 972      75707473 
 972      00
 973              	.LASF13:
 974 00ae 646F7562 		.ascii	"double\000"
 974      6C6500
 975              	.LASF10:
 976 00b5 75696E74 		.ascii	"uint16\000"
 976      313600
 977              	.LASF11:
ARM GAS  C:\Users\devdev\AppData\Local\Temp\ccI0bpQV.s 			page 24


 978 00bc 75696E74 		.ascii	"uint32\000"
 978      333200
 979              	.LASF18:
 980 00c3 656E6162 		.ascii	"enableState\000"
 980      6C655374 
 980      61746500 
 981              	.LASF8:
 982 00cf 756E7369 		.ascii	"unsigned int\000"
 982      676E6564 
 982      20696E74 
 982      00
 983              	.LASF7:
 984 00dc 6C6F6E67 		.ascii	"long long unsigned int\000"
 984      206C6F6E 
 984      6720756E 
 984      7369676E 
 984      65642069 
 985              	.LASF21:
 986 00f3 636C6B44 		.ascii	"clkDiv1\000"
 986      69763100 
 987              	.LASF22:
 988 00fb 636C6B44 		.ascii	"clkDiv2\000"
 988      69763200 
 989              	.LASF35:
 990 0103 433A5C55 		.ascii	"C:\\Users\\devdev\\Documents\\PSoC Creator\\SFT1.0v"
 990      73657273 
 990      5C646576 
 990      6465765C 
 990      446F6375 
 991 0131 5C446573 		.ascii	"\\Design01.cydsn\000"
 991      69676E30 
 991      312E6379 
 991      64736E00 
 992              	.LASF17:
 993 0141 73697A65 		.ascii	"sizetype\000"
 993      74797065 
 993      00
 994              	.LASF6:
 995 014a 6C6F6E67 		.ascii	"long long int\000"
 995      206C6F6E 
 995      6720696E 
 995      7400
 996              	.LASF31:
 997 0158 4932435F 		.ascii	"I2C_3_state\000"
 997      335F7374 
 997      61746500 
 998              	.LASF24:
 999 0164 4932435F 		.ascii	"I2C_3_Init\000"
 999      335F496E 
 999      697400
 1000              	.LASF19:
 1001 016f 78636667 		.ascii	"xcfg\000"
 1001      00
 1002              	.LASF32:
 1003 0174 4932435F 		.ascii	"I2C_3_slStatus\000"
 1003      335F736C 
 1003      53746174 
ARM GAS  C:\Users\devdev\AppData\Local\Temp\ccI0bpQV.s 			page 25


 1003      757300
 1004              	.LASF2:
 1005 0183 73686F72 		.ascii	"short int\000"
 1005      7420696E 
 1005      7400
 1006              	.LASF9:
 1007 018d 75696E74 		.ascii	"uint8\000"
 1007      3800
 1008              	.LASF33:
 1009 0193 474E5520 		.ascii	"GNU C 4.7.3 20130312 (release) [ARM/embedded-4_7-br"
 1009      4320342E 
 1009      372E3320 
 1009      32303133 
 1009      30333132 
 1010 01c6 616E6368 		.ascii	"anch revision 196615]\000"
 1010      20726576 
 1010      6973696F 
 1010      6E203139 
 1010      36363135 
 1011              	.LASF4:
 1012 01dc 6C6F6E67 		.ascii	"long int\000"
 1012      20696E74 
 1012      00
 1013              	.LASF16:
 1014 01e5 72656733 		.ascii	"reg32\000"
 1014      3200
 1015              	.LASF0:
 1016 01eb 7369676E 		.ascii	"signed char\000"
 1016      65642063 
 1016      68617200 
 1017              	.LASF3:
 1018 01f7 73686F72 		.ascii	"short unsigned int\000"
 1018      7420756E 
 1018      7369676E 
 1018      65642069 
 1018      6E7400
 1019              	.LASF25:
 1020 020a 4932435F 		.ascii	"I2C_3_Start\000"
 1020      335F5374 
 1020      61727400 
 1021              		.ident	"GCC: (GNU Tools for ARM Embedded Processors) 4.7.3 20130312 (release) [ARM/embedded-4_7-br
