ARM GAS  C:\Users\devdev\AppData\Local\Temp\ccPNxJAx.s 			page 1


   1              		.syntax unified
   2              		.cpu cortex-m3
   3              		.fpu softvfp
   4              		.eabi_attribute 20, 1
   5              		.eabi_attribute 21, 1
   6              		.eabi_attribute 23, 3
   7              		.eabi_attribute 24, 1
   8              		.eabi_attribute 25, 1
   9              		.eabi_attribute 26, 1
  10              		.eabi_attribute 30, 6
  11              		.eabi_attribute 34, 1
  12              		.eabi_attribute 18, 4
  13              		.thumb
  14              		.file	"main.c"
  15              		.text
  16              	.Ltext0:
  17              		.cfi_sections	.debug_frame
  18              		.global	x1
  19              		.data
  20              		.type	x1, %object
  21              		.size	x1, 1
  22              	x1:
  23 0000 7F       		.byte	127
  24              		.comm	num,17,4
  25              		.comm	astic,4,4
  26              		.comm	sum1,1,1
  27              		.comm	mode,1,1
  28              		.comm	ButtonStatus1,1,1
  29              		.comm	ButtonStatus2,1,1
  30              		.comm	CheckSum,1,1
  31              		.section	.text.myHandler,"ax",%progbits
  32              		.align	2
  33              		.global	myHandler
  34              		.thumb
  35              		.thumb_func
  36              		.type	myHandler, %function
  37              	myHandler:
  38              	.LFB56:
  39              		.file 1 ".\\main.c"
   1:.\main.c      **** /* ========================================
   2:.\main.c      ****  *
   3:.\main.c      ****  * Copyright YOUR COMPANY, THE YEAR
   4:.\main.c      ****  * All Rights Reserved
   5:.\main.c      ****  * UNPUBLISHED, LICENSED SOFTWARE.
   6:.\main.c      ****  *
   7:.\main.c      ****  * CONFIDENTIAL AND PROPRIETARY INFORMATION
   8:.\main.c      ****  * WHICH IS THE PROPERTY OF your company.
   9:.\main.c      ****  *
  10:.\main.c      ****  * ========================================
  11:.\main.c      **** */
  12:.\main.c      **** #include	"global01.h"
  13:.\main.c      **** #include <project.h>
  14:.\main.c      **** 
  15:.\main.c      **** int8 x1=127;
  16:.\main.c      **** void PI(void);
  17:.\main.c      **** void B_LED_ON(void);
  18:.\main.c      **** void R_LED_ON(void);
ARM GAS  C:\Users\devdev\AppData\Local\Temp\ccPNxJAx.s 			page 2


  19:.\main.c      **** void B_LED_OFF(void);
  20:.\main.c      **** void R_LED_OFF(void);
  21:.\main.c      **** 
  22:.\main.c      **** uint8 num[17],astic[4];
  23:.\main.c      **** uint8 sum1,mode;
  24:.\main.c      **** uint8 ButtonStatus1,ButtonStatus2,CheckSum;
  25:.\main.c      **** 
  26:.\main.c      **** CY_ISR(myHandler){
  40              		.loc 1 26 0
  41              		.cfi_startproc
  42              		@ args = 0, pretend = 0, frame = 0
  43              		@ frame_needed = 1, uses_anonymous_args = 0
  44 0000 80B5     		push	{r7, lr}
  45              	.LCFI0:
  46              		.cfi_def_cfa_offset 8
  47              		.cfi_offset 7, -8
  48              		.cfi_offset 14, -4
  49 0002 00AF     		add	r7, sp, #0
  50              	.LCFI1:
  51              		.cfi_def_cfa_register 7
  27:.\main.c      ****     num[8] = num[7];
  52              		.loc 1 27 0
  53 0004 40F20003 		movw	r3, #:lower16:num
  54 0008 C0F20003 		movt	r3, #:upper16:num
  55 000c DA79     		ldrb	r2, [r3, #7]	@ zero_extendqisi2
  56 000e 40F20003 		movw	r3, #:lower16:num
  57 0012 C0F20003 		movt	r3, #:upper16:num
  58 0016 1A72     		strb	r2, [r3, #8]
  28:.\main.c      ****     num[7] = num[6];
  59              		.loc 1 28 0
  60 0018 40F20003 		movw	r3, #:lower16:num
  61 001c C0F20003 		movt	r3, #:upper16:num
  62 0020 9A79     		ldrb	r2, [r3, #6]	@ zero_extendqisi2
  63 0022 40F20003 		movw	r3, #:lower16:num
  64 0026 C0F20003 		movt	r3, #:upper16:num
  65 002a DA71     		strb	r2, [r3, #7]
  29:.\main.c      ****     num[6] = num[5];
  66              		.loc 1 29 0
  67 002c 40F20003 		movw	r3, #:lower16:num
  68 0030 C0F20003 		movt	r3, #:upper16:num
  69 0034 5A79     		ldrb	r2, [r3, #5]	@ zero_extendqisi2
  70 0036 40F20003 		movw	r3, #:lower16:num
  71 003a C0F20003 		movt	r3, #:upper16:num
  72 003e 9A71     		strb	r2, [r3, #6]
  30:.\main.c      ****     num[5] = num[4];
  73              		.loc 1 30 0
  74 0040 40F20003 		movw	r3, #:lower16:num
  75 0044 C0F20003 		movt	r3, #:upper16:num
  76 0048 1A79     		ldrb	r2, [r3, #4]	@ zero_extendqisi2
  77 004a 40F20003 		movw	r3, #:lower16:num
  78 004e C0F20003 		movt	r3, #:upper16:num
  79 0052 5A71     		strb	r2, [r3, #5]
  31:.\main.c      ****     num[4] = num[3];
  80              		.loc 1 31 0
  81 0054 40F20003 		movw	r3, #:lower16:num
  82 0058 C0F20003 		movt	r3, #:upper16:num
  83 005c DA78     		ldrb	r2, [r3, #3]	@ zero_extendqisi2
ARM GAS  C:\Users\devdev\AppData\Local\Temp\ccPNxJAx.s 			page 3


  84 005e 40F20003 		movw	r3, #:lower16:num
  85 0062 C0F20003 		movt	r3, #:upper16:num
  86 0066 1A71     		strb	r2, [r3, #4]
  32:.\main.c      ****     num[3] = num[2];
  87              		.loc 1 32 0
  88 0068 40F20003 		movw	r3, #:lower16:num
  89 006c C0F20003 		movt	r3, #:upper16:num
  90 0070 9A78     		ldrb	r2, [r3, #2]	@ zero_extendqisi2
  91 0072 40F20003 		movw	r3, #:lower16:num
  92 0076 C0F20003 		movt	r3, #:upper16:num
  93 007a DA70     		strb	r2, [r3, #3]
  33:.\main.c      ****     num[2] = num[1];
  94              		.loc 1 33 0
  95 007c 40F20003 		movw	r3, #:lower16:num
  96 0080 C0F20003 		movt	r3, #:upper16:num
  97 0084 5A78     		ldrb	r2, [r3, #1]	@ zero_extendqisi2
  98 0086 40F20003 		movw	r3, #:lower16:num
  99 008a C0F20003 		movt	r3, #:upper16:num
 100 008e 9A70     		strb	r2, [r3, #2]
  34:.\main.c      ****     num[1] = UART_1_ReadRxData();
 101              		.loc 1 34 0
 102 0090 FFF7FEFF 		bl	UART_1_ReadRxData
 103 0094 0346     		mov	r3, r0
 104 0096 1A46     		mov	r2, r3
 105 0098 40F20003 		movw	r3, #:lower16:num
 106 009c C0F20003 		movt	r3, #:upper16:num
 107 00a0 5A70     		strb	r2, [r3, #1]
  35:.\main.c      **** R_LED_ON();
 108              		.loc 1 35 0
 109 00a2 FFF7FEFF 		bl	R_LED_ON
  36:.\main.c      ****     if(num[8]==0x80){
 110              		.loc 1 36 0
 111 00a6 40F20003 		movw	r3, #:lower16:num
 112 00aa C0F20003 		movt	r3, #:upper16:num
 113 00ae 1B7A     		ldrb	r3, [r3, #8]	@ zero_extendqisi2
 114 00b0 802B     		cmp	r3, #128
 115 00b2 40F0CE80 		bne	.L1
  37:.\main.c      ****         sum1 = num[2]+num[3]+num[4]+num[5]+num[6]+num[7];
 116              		.loc 1 37 0
 117 00b6 40F20003 		movw	r3, #:lower16:num
 118 00ba C0F20003 		movt	r3, #:upper16:num
 119 00be 9A78     		ldrb	r2, [r3, #2]	@ zero_extendqisi2
 120 00c0 40F20003 		movw	r3, #:lower16:num
 121 00c4 C0F20003 		movt	r3, #:upper16:num
 122 00c8 DB78     		ldrb	r3, [r3, #3]	@ zero_extendqisi2
 123 00ca D318     		adds	r3, r2, r3
 124 00cc DAB2     		uxtb	r2, r3
 125 00ce 40F20003 		movw	r3, #:lower16:num
 126 00d2 C0F20003 		movt	r3, #:upper16:num
 127 00d6 1B79     		ldrb	r3, [r3, #4]	@ zero_extendqisi2
 128 00d8 D318     		adds	r3, r2, r3
 129 00da DAB2     		uxtb	r2, r3
 130 00dc 40F20003 		movw	r3, #:lower16:num
 131 00e0 C0F20003 		movt	r3, #:upper16:num
 132 00e4 5B79     		ldrb	r3, [r3, #5]	@ zero_extendqisi2
 133 00e6 D318     		adds	r3, r2, r3
 134 00e8 DAB2     		uxtb	r2, r3
ARM GAS  C:\Users\devdev\AppData\Local\Temp\ccPNxJAx.s 			page 4


 135 00ea 40F20003 		movw	r3, #:lower16:num
 136 00ee C0F20003 		movt	r3, #:upper16:num
 137 00f2 9B79     		ldrb	r3, [r3, #6]	@ zero_extendqisi2
 138 00f4 D318     		adds	r3, r2, r3
 139 00f6 DAB2     		uxtb	r2, r3
 140 00f8 40F20003 		movw	r3, #:lower16:num
 141 00fc C0F20003 		movt	r3, #:upper16:num
 142 0100 DB79     		ldrb	r3, [r3, #7]	@ zero_extendqisi2
 143 0102 D318     		adds	r3, r2, r3
 144 0104 DAB2     		uxtb	r2, r3
 145 0106 40F20003 		movw	r3, #:lower16:sum1
 146 010a C0F20003 		movt	r3, #:upper16:sum1
 147 010e 1A70     		strb	r2, [r3, #0]
  38:.\main.c      ****         sum1 = sum1 & 0X7f;
 148              		.loc 1 38 0
 149 0110 40F20003 		movw	r3, #:lower16:sum1
 150 0114 C0F20003 		movt	r3, #:upper16:sum1
 151 0118 1B78     		ldrb	r3, [r3, #0]	@ zero_extendqisi2
 152 011a 03F07F03 		and	r3, r3, #127
 153 011e DAB2     		uxtb	r2, r3
 154 0120 40F20003 		movw	r3, #:lower16:sum1
 155 0124 C0F20003 		movt	r3, #:upper16:sum1
 156 0128 1A70     		strb	r2, [r3, #0]
  39:.\main.c      **** 		CheckSum = num[1];
 157              		.loc 1 39 0
 158 012a 40F20003 		movw	r3, #:lower16:num
 159 012e C0F20003 		movt	r3, #:upper16:num
 160 0132 5A78     		ldrb	r2, [r3, #1]	@ zero_extendqisi2
 161 0134 40F20003 		movw	r3, #:lower16:CheckSum
 162 0138 C0F20003 		movt	r3, #:upper16:CheckSum
 163 013c 1A70     		strb	r2, [r3, #0]
  40:.\main.c      **** 		
  41:.\main.c      **** 		astic[3] = num[2];//Right UD
 164              		.loc 1 41 0
 165 013e 40F20003 		movw	r3, #:lower16:num
 166 0142 C0F20003 		movt	r3, #:upper16:num
 167 0146 9A78     		ldrb	r2, [r3, #2]	@ zero_extendqisi2
 168 0148 40F20003 		movw	r3, #:lower16:astic
 169 014c C0F20003 		movt	r3, #:upper16:astic
 170 0150 DA70     		strb	r2, [r3, #3]
  42:.\main.c      **** 		astic[2] = num[3];//Right RL
 171              		.loc 1 42 0
 172 0152 40F20003 		movw	r3, #:lower16:num
 173 0156 C0F20003 		movt	r3, #:upper16:num
 174 015a DA78     		ldrb	r2, [r3, #3]	@ zero_extendqisi2
 175 015c 40F20003 		movw	r3, #:lower16:astic
 176 0160 C0F20003 		movt	r3, #:upper16:astic
 177 0164 9A70     		strb	r2, [r3, #2]
  43:.\main.c      **** 		astic[1] = num[4];//Left UD
 178              		.loc 1 43 0
 179 0166 40F20003 		movw	r3, #:lower16:num
 180 016a C0F20003 		movt	r3, #:upper16:num
 181 016e 1A79     		ldrb	r2, [r3, #4]	@ zero_extendqisi2
 182 0170 40F20003 		movw	r3, #:lower16:astic
 183 0174 C0F20003 		movt	r3, #:upper16:astic
 184 0178 5A70     		strb	r2, [r3, #1]
  44:.\main.c      **** 		astic[0] = num[5];//Left RL
ARM GAS  C:\Users\devdev\AppData\Local\Temp\ccPNxJAx.s 			page 5


 185              		.loc 1 44 0
 186 017a 40F20003 		movw	r3, #:lower16:num
 187 017e C0F20003 		movt	r3, #:upper16:num
 188 0182 5A79     		ldrb	r2, [r3, #5]	@ zero_extendqisi2
 189 0184 40F20003 		movw	r3, #:lower16:astic
 190 0188 C0F20003 		movt	r3, #:upper16:astic
 191 018c 1A70     		strb	r2, [r3, #0]
  45:.\main.c      **** 		
  46:.\main.c      **** 		ButtonStatus1 = num[7];
 192              		.loc 1 46 0
 193 018e 40F20003 		movw	r3, #:lower16:num
 194 0192 C0F20003 		movt	r3, #:upper16:num
 195 0196 DA79     		ldrb	r2, [r3, #7]	@ zero_extendqisi2
 196 0198 40F20003 		movw	r3, #:lower16:ButtonStatus1
 197 019c C0F20003 		movt	r3, #:upper16:ButtonStatus1
 198 01a0 1A70     		strb	r2, [r3, #0]
  47:.\main.c      **** 		ButtonStatus2 = num[6];
 199              		.loc 1 47 0
 200 01a2 40F20003 		movw	r3, #:lower16:num
 201 01a6 C0F20003 		movt	r3, #:upper16:num
 202 01aa 9A79     		ldrb	r2, [r3, #6]	@ zero_extendqisi2
 203 01ac 40F20003 		movw	r3, #:lower16:ButtonStatus2
 204 01b0 C0F20003 		movt	r3, #:upper16:ButtonStatus2
 205 01b4 1A70     		strb	r2, [r3, #0]
  48:.\main.c      **** 
  49:.\main.c      **** 	    if((num[7] & B_L1) != 0){//L1
 206              		.loc 1 49 0
 207 01b6 40F20003 		movw	r3, #:lower16:num
 208 01ba C0F20003 		movt	r3, #:upper16:num
 209 01be DB79     		ldrb	r3, [r3, #7]	@ zero_extendqisi2
 210 01c0 03F00203 		and	r3, r3, #2
 211 01c4 002B     		cmp	r3, #0
 212 01c6 1DD0     		beq	.L3
  50:.\main.c      **** 			if(mode==0){mode=4;}else{mode = mode - 1;}
 213              		.loc 1 50 0
 214 01c8 40F20003 		movw	r3, #:lower16:mode
 215 01cc C0F20003 		movt	r3, #:upper16:mode
 216 01d0 1B78     		ldrb	r3, [r3, #0]	@ zero_extendqisi2
 217 01d2 002B     		cmp	r3, #0
 218 01d4 07D1     		bne	.L4
 219              		.loc 1 50 0 is_stmt 0 discriminator 1
 220 01d6 40F20003 		movw	r3, #:lower16:mode
 221 01da C0F20003 		movt	r3, #:upper16:mode
 222 01de 4FF00402 		mov	r2, #4
 223 01e2 1A70     		strb	r2, [r3, #0]
 224 01e4 0CE0     		b	.L5
 225              	.L4:
 226              		.loc 1 50 0 discriminator 2
 227 01e6 40F20003 		movw	r3, #:lower16:mode
 228 01ea C0F20003 		movt	r3, #:upper16:mode
 229 01ee 1B78     		ldrb	r3, [r3, #0]	@ zero_extendqisi2
 230 01f0 03F1FF33 		add	r3, r3, #-1
 231 01f4 DAB2     		uxtb	r2, r3
 232 01f6 40F20003 		movw	r3, #:lower16:mode
 233 01fa C0F20003 		movt	r3, #:upper16:mode
 234 01fe 1A70     		strb	r2, [r3, #0]
 235              	.L5:
ARM GAS  C:\Users\devdev\AppData\Local\Temp\ccPNxJAx.s 			page 6


  51:.\main.c      ****             R_LED_ON();
 236              		.loc 1 51 0 is_stmt 1
 237 0200 FFF7FEFF 		bl	R_LED_ON
 238              	.L3:
  52:.\main.c      **** 		} 
  53:.\main.c      ****         
  54:.\main.c      **** 	    if((num[7] & B_R1) != 0){//R1
 239              		.loc 1 54 0
 240 0204 40F20003 		movw	r3, #:lower16:num
 241 0208 C0F20003 		movt	r3, #:upper16:num
 242 020c DB79     		ldrb	r3, [r3, #7]	@ zero_extendqisi2
 243 020e 03F00803 		and	r3, r3, #8
 244 0212 002B     		cmp	r3, #0
 245 0214 1DD0     		beq	.L1
  55:.\main.c      **** 			if(mode==4){mode=0;}else{mode = mode + 1;}
 246              		.loc 1 55 0
 247 0216 40F20003 		movw	r3, #:lower16:mode
 248 021a C0F20003 		movt	r3, #:upper16:mode
 249 021e 1B78     		ldrb	r3, [r3, #0]	@ zero_extendqisi2
 250 0220 042B     		cmp	r3, #4
 251 0222 07D1     		bne	.L6
 252              		.loc 1 55 0 is_stmt 0 discriminator 1
 253 0224 40F20003 		movw	r3, #:lower16:mode
 254 0228 C0F20003 		movt	r3, #:upper16:mode
 255 022c 4FF00002 		mov	r2, #0
 256 0230 1A70     		strb	r2, [r3, #0]
 257 0232 0CE0     		b	.L7
 258              	.L6:
 259              		.loc 1 55 0 discriminator 2
 260 0234 40F20003 		movw	r3, #:lower16:mode
 261 0238 C0F20003 		movt	r3, #:upper16:mode
 262 023c 1B78     		ldrb	r3, [r3, #0]	@ zero_extendqisi2
 263 023e 03F10103 		add	r3, r3, #1
 264 0242 DAB2     		uxtb	r2, r3
 265 0244 40F20003 		movw	r3, #:lower16:mode
 266 0248 C0F20003 		movt	r3, #:upper16:mode
 267 024c 1A70     		strb	r2, [r3, #0]
 268              	.L7:
  56:.\main.c      ****             R_LED_OFF();
 269              		.loc 1 56 0 is_stmt 1
 270 024e FFF7FEFF 		bl	R_LED_OFF
 271              	.L1:
  57:.\main.c      **** 		}
  58:.\main.c      ****     }               
  59:.\main.c      **** }
 272              		.loc 1 59 0
 273 0252 80BD     		pop	{r7, pc}
 274              		.cfi_endproc
 275              	.LFE56:
 276              		.size	myHandler, .-myHandler
 277              		.section	.text.RightFrontMotor,"ax",%progbits
 278              		.align	2
 279              		.global	RightFrontMotor
 280              		.thumb
 281              		.thumb_func
 282              		.type	RightFrontMotor, %function
 283              	RightFrontMotor:
ARM GAS  C:\Users\devdev\AppData\Local\Temp\ccPNxJAx.s 			page 7


 284              	.LFB57:
  60:.\main.c      **** /*
  61:.\main.c      **** 1:RightRear
  62:.\main.c      **** 2:RightFront
  63:.\main.c      **** 3:LeftFront
  64:.\main.c      **** 4:LeftRear
  65:.\main.c      **** */
  66:.\main.c      **** 
  67:.\main.c      **** void RightFrontMotor(int16 nRotate){
 285              		.loc 1 67 0
 286              		.cfi_startproc
 287              		@ args = 0, pretend = 0, frame = 16
 288              		@ frame_needed = 1, uses_anonymous_args = 0
 289 0000 80B5     		push	{r7, lr}
 290              	.LCFI2:
 291              		.cfi_def_cfa_offset 8
 292              		.cfi_offset 7, -8
 293              		.cfi_offset 14, -4
 294 0002 84B0     		sub	sp, sp, #16
 295              	.LCFI3:
 296              		.cfi_def_cfa_offset 24
 297 0004 00AF     		add	r7, sp, #0
 298              	.LCFI4:
 299              		.cfi_def_cfa_register 7
 300 0006 0346     		mov	r3, r0
 301 0008 FB80     		strh	r3, [r7, #6]	@ movhi
  68:.\main.c      ****     int16 nPwm;
  69:.\main.c      ****     if(nRotate==0){
 302              		.loc 1 69 0
 303 000a B7F90630 		ldrsh	r3, [r7, #6]
 304 000e 002B     		cmp	r3, #0
 305 0010 03D1     		bne	.L9
  70:.\main.c      ****         nPwm = 0;
 306              		.loc 1 70 0
 307 0012 4FF00003 		mov	r3, #0
 308 0016 FB81     		strh	r3, [r7, #14]	@ movhi
 309 0018 22E0     		b	.L10
 310              	.L9:
  71:.\main.c      ****     }else{
  72:.\main.c      ****         if(nRotate<-255){nRotate=-255;}
 311              		.loc 1 72 0
 312 001a B7F90630 		ldrsh	r3, [r7, #6]
 313 001e 13F1FF0F 		cmn	r3, #255
 314 0022 02DA     		bge	.L11
 315              		.loc 1 72 0 is_stmt 0 discriminator 1
 316 0024 4FF60173 		movw	r3, #65281
 317 0028 FB80     		strh	r3, [r7, #6]	@ movhi
 318              	.L11:
  73:.\main.c      ****         if(nRotate>255){nRotate=255;}
 319              		.loc 1 73 0 is_stmt 1
 320 002a B7F90630 		ldrsh	r3, [r7, #6]
 321 002e FF2B     		cmp	r3, #255
 322 0030 02DD     		ble	.L12
 323              		.loc 1 73 0 is_stmt 0 discriminator 1
 324 0032 4FF0FF03 		mov	r3, #255
 325 0036 FB80     		strh	r3, [r7, #6]	@ movhi
 326              	.L12:
ARM GAS  C:\Users\devdev\AppData\Local\Temp\ccPNxJAx.s 			page 8


  74:.\main.c      ****         if(nRotate<0){
 327              		.loc 1 74 0 is_stmt 1
 328 0038 B7F90630 		ldrsh	r3, [r7, #6]
 329 003c 002B     		cmp	r3, #0
 330 003e 09DA     		bge	.L13
  75:.\main.c      ****             CW_CCW_2_Write(1);           
 331              		.loc 1 75 0
 332 0040 4FF00100 		mov	r0, #1
 333 0044 FFF7FEFF 		bl	CW_CCW_2_Write
  76:.\main.c      ****             nPwm = -nRotate;
 334              		.loc 1 76 0
 335 0048 FB88     		ldrh	r3, [r7, #6]
 336 004a C3F10003 		rsb	r3, r3, #0
 337 004e 9BB2     		uxth	r3, r3
 338 0050 FB81     		strh	r3, [r7, #14]	@ movhi
 339 0052 05E0     		b	.L10
 340              	.L13:
  77:.\main.c      ****         }else{
  78:.\main.c      ****             CW_CCW_2_Write(0);           
 341              		.loc 1 78 0
 342 0054 4FF00000 		mov	r0, #0
 343 0058 FFF7FEFF 		bl	CW_CCW_2_Write
  79:.\main.c      ****             nPwm = nRotate;
 344              		.loc 1 79 0
 345 005c FB88     		ldrh	r3, [r7, #6]	@ movhi
 346 005e FB81     		strh	r3, [r7, #14]	@ movhi
 347              	.L10:
  80:.\main.c      ****         }    
  81:.\main.c      ****     }
  82:.\main.c      ****     VDAC8_2_SetValue(nPwm);
 348              		.loc 1 82 0
 349 0060 FB89     		ldrh	r3, [r7, #14]	@ movhi
 350 0062 DBB2     		uxtb	r3, r3
 351 0064 1846     		mov	r0, r3
 352 0066 FFF7FEFF 		bl	VDAC8_2_SetValue
  83:.\main.c      **** }
 353              		.loc 1 83 0
 354 006a 07F11007 		add	r7, r7, #16
 355 006e BD46     		mov	sp, r7
 356 0070 80BD     		pop	{r7, pc}
 357              		.cfi_endproc
 358              	.LFE57:
 359              		.size	RightFrontMotor, .-RightFrontMotor
 360 0072 00BF     		.section	.text.RightRearMotor,"ax",%progbits
 361              		.align	2
 362              		.global	RightRearMotor
 363              		.thumb
 364              		.thumb_func
 365              		.type	RightRearMotor, %function
 366              	RightRearMotor:
 367              	.LFB58:
  84:.\main.c      **** void RightRearMotor(int16 nRotate){
 368              		.loc 1 84 0
 369              		.cfi_startproc
 370              		@ args = 0, pretend = 0, frame = 16
 371              		@ frame_needed = 1, uses_anonymous_args = 0
 372 0000 80B5     		push	{r7, lr}
ARM GAS  C:\Users\devdev\AppData\Local\Temp\ccPNxJAx.s 			page 9


 373              	.LCFI5:
 374              		.cfi_def_cfa_offset 8
 375              		.cfi_offset 7, -8
 376              		.cfi_offset 14, -4
 377 0002 84B0     		sub	sp, sp, #16
 378              	.LCFI6:
 379              		.cfi_def_cfa_offset 24
 380 0004 00AF     		add	r7, sp, #0
 381              	.LCFI7:
 382              		.cfi_def_cfa_register 7
 383 0006 0346     		mov	r3, r0
 384 0008 FB80     		strh	r3, [r7, #6]	@ movhi
  85:.\main.c      ****     int16 nPwm;
  86:.\main.c      ****     if(nRotate==0){
 385              		.loc 1 86 0
 386 000a B7F90630 		ldrsh	r3, [r7, #6]
 387 000e 002B     		cmp	r3, #0
 388 0010 03D1     		bne	.L15
  87:.\main.c      ****         nPwm = 0;
 389              		.loc 1 87 0
 390 0012 4FF00003 		mov	r3, #0
 391 0016 FB81     		strh	r3, [r7, #14]	@ movhi
 392 0018 22E0     		b	.L16
 393              	.L15:
  88:.\main.c      ****     }else{
  89:.\main.c      ****         if(nRotate<-255){nRotate=-255;}
 394              		.loc 1 89 0
 395 001a B7F90630 		ldrsh	r3, [r7, #6]
 396 001e 13F1FF0F 		cmn	r3, #255
 397 0022 02DA     		bge	.L17
 398              		.loc 1 89 0 is_stmt 0 discriminator 1
 399 0024 4FF60173 		movw	r3, #65281
 400 0028 FB80     		strh	r3, [r7, #6]	@ movhi
 401              	.L17:
  90:.\main.c      ****         if(nRotate>255){nRotate=255;}
 402              		.loc 1 90 0 is_stmt 1
 403 002a B7F90630 		ldrsh	r3, [r7, #6]
 404 002e FF2B     		cmp	r3, #255
 405 0030 02DD     		ble	.L18
 406              		.loc 1 90 0 is_stmt 0 discriminator 1
 407 0032 4FF0FF03 		mov	r3, #255
 408 0036 FB80     		strh	r3, [r7, #6]	@ movhi
 409              	.L18:
  91:.\main.c      ****         if(nRotate<0){
 410              		.loc 1 91 0 is_stmt 1
 411 0038 B7F90630 		ldrsh	r3, [r7, #6]
 412 003c 002B     		cmp	r3, #0
 413 003e 09DA     		bge	.L19
  92:.\main.c      ****             CW_CCW_1_Write(1);           
 414              		.loc 1 92 0
 415 0040 4FF00100 		mov	r0, #1
 416 0044 FFF7FEFF 		bl	CW_CCW_1_Write
  93:.\main.c      ****             nPwm = -nRotate;
 417              		.loc 1 93 0
 418 0048 FB88     		ldrh	r3, [r7, #6]
 419 004a C3F10003 		rsb	r3, r3, #0
 420 004e 9BB2     		uxth	r3, r3
ARM GAS  C:\Users\devdev\AppData\Local\Temp\ccPNxJAx.s 			page 10


 421 0050 FB81     		strh	r3, [r7, #14]	@ movhi
 422 0052 05E0     		b	.L16
 423              	.L19:
  94:.\main.c      ****         }else{
  95:.\main.c      ****             CW_CCW_1_Write(0);           
 424              		.loc 1 95 0
 425 0054 4FF00000 		mov	r0, #0
 426 0058 FFF7FEFF 		bl	CW_CCW_1_Write
  96:.\main.c      ****             nPwm = nRotate;
 427              		.loc 1 96 0
 428 005c FB88     		ldrh	r3, [r7, #6]	@ movhi
 429 005e FB81     		strh	r3, [r7, #14]	@ movhi
 430              	.L16:
  97:.\main.c      ****         }    
  98:.\main.c      ****     }
  99:.\main.c      ****     VDAC8_1_SetValue(nPwm);
 431              		.loc 1 99 0
 432 0060 FB89     		ldrh	r3, [r7, #14]	@ movhi
 433 0062 DBB2     		uxtb	r3, r3
 434 0064 1846     		mov	r0, r3
 435 0066 FFF7FEFF 		bl	VDAC8_1_SetValue
 100:.\main.c      **** }
 436              		.loc 1 100 0
 437 006a 07F11007 		add	r7, r7, #16
 438 006e BD46     		mov	sp, r7
 439 0070 80BD     		pop	{r7, pc}
 440              		.cfi_endproc
 441              	.LFE58:
 442              		.size	RightRearMotor, .-RightRearMotor
 443 0072 00BF     		.section	.text.LeftFrontMotor,"ax",%progbits
 444              		.align	2
 445              		.global	LeftFrontMotor
 446              		.thumb
 447              		.thumb_func
 448              		.type	LeftFrontMotor, %function
 449              	LeftFrontMotor:
 450              	.LFB59:
 101:.\main.c      **** void LeftFrontMotor(int16 nRotate){
 451              		.loc 1 101 0
 452              		.cfi_startproc
 453              		@ args = 0, pretend = 0, frame = 16
 454              		@ frame_needed = 1, uses_anonymous_args = 0
 455 0000 80B5     		push	{r7, lr}
 456              	.LCFI8:
 457              		.cfi_def_cfa_offset 8
 458              		.cfi_offset 7, -8
 459              		.cfi_offset 14, -4
 460 0002 84B0     		sub	sp, sp, #16
 461              	.LCFI9:
 462              		.cfi_def_cfa_offset 24
 463 0004 00AF     		add	r7, sp, #0
 464              	.LCFI10:
 465              		.cfi_def_cfa_register 7
 466 0006 0346     		mov	r3, r0
 467 0008 FB80     		strh	r3, [r7, #6]	@ movhi
 102:.\main.c      ****     int16 nPwm;
 103:.\main.c      ****     if(nRotate==0){
ARM GAS  C:\Users\devdev\AppData\Local\Temp\ccPNxJAx.s 			page 11


 468              		.loc 1 103 0
 469 000a B7F90630 		ldrsh	r3, [r7, #6]
 470 000e 002B     		cmp	r3, #0
 471 0010 03D1     		bne	.L21
 104:.\main.c      ****         nPwm = 0;
 472              		.loc 1 104 0
 473 0012 4FF00003 		mov	r3, #0
 474 0016 FB81     		strh	r3, [r7, #14]	@ movhi
 475 0018 22E0     		b	.L22
 476              	.L21:
 105:.\main.c      ****     }else{
 106:.\main.c      ****         if(nRotate<-255){nRotate=-255;}
 477              		.loc 1 106 0
 478 001a B7F90630 		ldrsh	r3, [r7, #6]
 479 001e 13F1FF0F 		cmn	r3, #255
 480 0022 02DA     		bge	.L23
 481              		.loc 1 106 0 is_stmt 0 discriminator 1
 482 0024 4FF60173 		movw	r3, #65281
 483 0028 FB80     		strh	r3, [r7, #6]	@ movhi
 484              	.L23:
 107:.\main.c      ****         if(nRotate>255){nRotate=255;}
 485              		.loc 1 107 0 is_stmt 1
 486 002a B7F90630 		ldrsh	r3, [r7, #6]
 487 002e FF2B     		cmp	r3, #255
 488 0030 02DD     		ble	.L24
 489              		.loc 1 107 0 is_stmt 0 discriminator 1
 490 0032 4FF0FF03 		mov	r3, #255
 491 0036 FB80     		strh	r3, [r7, #6]	@ movhi
 492              	.L24:
 108:.\main.c      ****         if(nRotate<0){
 493              		.loc 1 108 0 is_stmt 1
 494 0038 B7F90630 		ldrsh	r3, [r7, #6]
 495 003c 002B     		cmp	r3, #0
 496 003e 09DA     		bge	.L25
 109:.\main.c      ****             CW_CCW_3_Write(0);           
 497              		.loc 1 109 0
 498 0040 4FF00000 		mov	r0, #0
 499 0044 FFF7FEFF 		bl	CW_CCW_3_Write
 110:.\main.c      ****             nPwm = -nRotate;
 500              		.loc 1 110 0
 501 0048 FB88     		ldrh	r3, [r7, #6]
 502 004a C3F10003 		rsb	r3, r3, #0
 503 004e 9BB2     		uxth	r3, r3
 504 0050 FB81     		strh	r3, [r7, #14]	@ movhi
 505 0052 05E0     		b	.L22
 506              	.L25:
 111:.\main.c      ****         }else{
 112:.\main.c      ****             CW_CCW_3_Write(1);           
 507              		.loc 1 112 0
 508 0054 4FF00100 		mov	r0, #1
 509 0058 FFF7FEFF 		bl	CW_CCW_3_Write
 113:.\main.c      ****             nPwm = nRotate;
 510              		.loc 1 113 0
 511 005c FB88     		ldrh	r3, [r7, #6]	@ movhi
 512 005e FB81     		strh	r3, [r7, #14]	@ movhi
 513              	.L22:
 114:.\main.c      ****         }    
ARM GAS  C:\Users\devdev\AppData\Local\Temp\ccPNxJAx.s 			page 12


 115:.\main.c      ****     }
 116:.\main.c      ****     VDAC8_3_SetValue(nPwm);
 514              		.loc 1 116 0
 515 0060 FB89     		ldrh	r3, [r7, #14]	@ movhi
 516 0062 DBB2     		uxtb	r3, r3
 517 0064 1846     		mov	r0, r3
 518 0066 FFF7FEFF 		bl	VDAC8_3_SetValue
 117:.\main.c      **** }
 519              		.loc 1 117 0
 520 006a 07F11007 		add	r7, r7, #16
 521 006e BD46     		mov	sp, r7
 522 0070 80BD     		pop	{r7, pc}
 523              		.cfi_endproc
 524              	.LFE59:
 525              		.size	LeftFrontMotor, .-LeftFrontMotor
 526 0072 00BF     		.section	.text.LeftRearMotor,"ax",%progbits
 527              		.align	2
 528              		.global	LeftRearMotor
 529              		.thumb
 530              		.thumb_func
 531              		.type	LeftRearMotor, %function
 532              	LeftRearMotor:
 533              	.LFB60:
 118:.\main.c      **** void LeftRearMotor(int16 nRotate){
 534              		.loc 1 118 0
 535              		.cfi_startproc
 536              		@ args = 0, pretend = 0, frame = 16
 537              		@ frame_needed = 1, uses_anonymous_args = 0
 538 0000 80B5     		push	{r7, lr}
 539              	.LCFI11:
 540              		.cfi_def_cfa_offset 8
 541              		.cfi_offset 7, -8
 542              		.cfi_offset 14, -4
 543 0002 84B0     		sub	sp, sp, #16
 544              	.LCFI12:
 545              		.cfi_def_cfa_offset 24
 546 0004 00AF     		add	r7, sp, #0
 547              	.LCFI13:
 548              		.cfi_def_cfa_register 7
 549 0006 0346     		mov	r3, r0
 550 0008 FB80     		strh	r3, [r7, #6]	@ movhi
 119:.\main.c      ****     int16 nPwm;
 120:.\main.c      ****     if(nRotate==0){
 551              		.loc 1 120 0
 552 000a B7F90630 		ldrsh	r3, [r7, #6]
 553 000e 002B     		cmp	r3, #0
 554 0010 03D1     		bne	.L27
 121:.\main.c      ****         nPwm = 0;
 555              		.loc 1 121 0
 556 0012 4FF00003 		mov	r3, #0
 557 0016 FB81     		strh	r3, [r7, #14]	@ movhi
 558 0018 22E0     		b	.L28
 559              	.L27:
 122:.\main.c      ****     }else{
 123:.\main.c      ****         if(nRotate<-255){nRotate=-255;}
 560              		.loc 1 123 0
 561 001a B7F90630 		ldrsh	r3, [r7, #6]
ARM GAS  C:\Users\devdev\AppData\Local\Temp\ccPNxJAx.s 			page 13


 562 001e 13F1FF0F 		cmn	r3, #255
 563 0022 02DA     		bge	.L29
 564              		.loc 1 123 0 is_stmt 0 discriminator 1
 565 0024 4FF60173 		movw	r3, #65281
 566 0028 FB80     		strh	r3, [r7, #6]	@ movhi
 567              	.L29:
 124:.\main.c      ****         if(nRotate>255){nRotate=255;}
 568              		.loc 1 124 0 is_stmt 1
 569 002a B7F90630 		ldrsh	r3, [r7, #6]
 570 002e FF2B     		cmp	r3, #255
 571 0030 02DD     		ble	.L30
 572              		.loc 1 124 0 is_stmt 0 discriminator 1
 573 0032 4FF0FF03 		mov	r3, #255
 574 0036 FB80     		strh	r3, [r7, #6]	@ movhi
 575              	.L30:
 125:.\main.c      ****         if(nRotate<0){
 576              		.loc 1 125 0 is_stmt 1
 577 0038 B7F90630 		ldrsh	r3, [r7, #6]
 578 003c 002B     		cmp	r3, #0
 579 003e 09DA     		bge	.L31
 126:.\main.c      ****             CW_CCW_4_Write(0);           
 580              		.loc 1 126 0
 581 0040 4FF00000 		mov	r0, #0
 582 0044 FFF7FEFF 		bl	CW_CCW_4_Write
 127:.\main.c      ****             nPwm = -nRotate;
 583              		.loc 1 127 0
 584 0048 FB88     		ldrh	r3, [r7, #6]
 585 004a C3F10003 		rsb	r3, r3, #0
 586 004e 9BB2     		uxth	r3, r3
 587 0050 FB81     		strh	r3, [r7, #14]	@ movhi
 588 0052 05E0     		b	.L28
 589              	.L31:
 128:.\main.c      ****         }else{
 129:.\main.c      ****             CW_CCW_4_Write(1);           
 590              		.loc 1 129 0
 591 0054 4FF00100 		mov	r0, #1
 592 0058 FFF7FEFF 		bl	CW_CCW_4_Write
 130:.\main.c      ****             nPwm = nRotate;
 593              		.loc 1 130 0
 594 005c FB88     		ldrh	r3, [r7, #6]	@ movhi
 595 005e FB81     		strh	r3, [r7, #14]	@ movhi
 596              	.L28:
 131:.\main.c      ****         }    
 132:.\main.c      ****     }
 133:.\main.c      ****     VDAC8_4_SetValue(nPwm);
 597              		.loc 1 133 0
 598 0060 FB89     		ldrh	r3, [r7, #14]	@ movhi
 599 0062 DBB2     		uxtb	r3, r3
 600 0064 1846     		mov	r0, r3
 601 0066 FFF7FEFF 		bl	VDAC8_4_SetValue
 134:.\main.c      **** }
 602              		.loc 1 134 0
 603 006a 07F11007 		add	r7, r7, #16
 604 006e BD46     		mov	sp, r7
 605 0070 80BD     		pop	{r7, pc}
 606              		.cfi_endproc
 607              	.LFE60:
ARM GAS  C:\Users\devdev\AppData\Local\Temp\ccPNxJAx.s 			page 14


 608              		.size	LeftRearMotor, .-LeftRearMotor
 609 0072 00BF     		.section	.text.main,"ax",%progbits
 610              		.align	2
 611              		.global	main
 612              		.thumb
 613              		.thumb_func
 614              		.type	main, %function
 615              	main:
 616              	.LFB61:
 135:.\main.c      **** 
 136:.\main.c      **** int main()
 137:.\main.c      **** {
 617              		.loc 1 137 0
 618              		.cfi_startproc
 619              		@ args = 0, pretend = 0, frame = 0
 620              		@ frame_needed = 1, uses_anonymous_args = 0
 621 0000 80B5     		push	{r7, lr}
 622              	.LCFI14:
 623              		.cfi_def_cfa_offset 8
 624              		.cfi_offset 7, -8
 625              		.cfi_offset 14, -4
 626 0002 00AF     		add	r7, sp, #0
 627              	.LCFI15:
 628              		.cfi_def_cfa_register 7
 138:.\main.c      ****     isr_1_StartEx((cyisraddress)myHandler);
 629              		.loc 1 138 0
 630 0004 40F20000 		movw	r0, #:lower16:myHandler
 631 0008 C0F20000 		movt	r0, #:upper16:myHandler
 632 000c FFF7FEFF 		bl	isr_1_StartEx
 139:.\main.c      ****     /* Place your initialization/startup code here (e.g. MyInst_Start()) */
 140:.\main.c      ****     PI();
 633              		.loc 1 140 0
 634 0010 FFF7FEFF 		bl	PI
 141:.\main.c      ****     VDAC8_1_Start();
 635              		.loc 1 141 0
 636 0014 FFF7FEFF 		bl	VDAC8_1_Start
 142:.\main.c      ****     VDAC8_1_SetValue(0u);
 637              		.loc 1 142 0
 638 0018 4FF00000 		mov	r0, #0
 639 001c FFF7FEFF 		bl	VDAC8_1_SetValue
 143:.\main.c      ****     VDAC8_2_Start();
 640              		.loc 1 143 0
 641 0020 FFF7FEFF 		bl	VDAC8_2_Start
 144:.\main.c      ****     VDAC8_2_SetValue(0u);
 642              		.loc 1 144 0
 643 0024 4FF00000 		mov	r0, #0
 644 0028 FFF7FEFF 		bl	VDAC8_2_SetValue
 145:.\main.c      ****     VDAC8_3_Start();
 645              		.loc 1 145 0
 646 002c FFF7FEFF 		bl	VDAC8_3_Start
 146:.\main.c      ****     VDAC8_3_SetValue(0u);
 647              		.loc 1 146 0
 648 0030 4FF00000 		mov	r0, #0
 649 0034 FFF7FEFF 		bl	VDAC8_3_SetValue
 147:.\main.c      ****     VDAC8_4_Start();
 650              		.loc 1 147 0
 651 0038 FFF7FEFF 		bl	VDAC8_4_Start
ARM GAS  C:\Users\devdev\AppData\Local\Temp\ccPNxJAx.s 			page 15


 148:.\main.c      ****     VDAC8_4_SetValue(0u);
 652              		.loc 1 148 0
 653 003c 4FF00000 		mov	r0, #0
 654 0040 FFF7FEFF 		bl	VDAC8_4_SetValue
 149:.\main.c      **** 
 150:.\main.c      ****     RUN_BRAKE_1_Write(1);
 655              		.loc 1 150 0
 656 0044 4FF00100 		mov	r0, #1
 657 0048 FFF7FEFF 		bl	RUN_BRAKE_1_Write
 151:.\main.c      ****     RUN_BRAKE_2_Write(1);
 658              		.loc 1 151 0
 659 004c 4FF00100 		mov	r0, #1
 660 0050 FFF7FEFF 		bl	RUN_BRAKE_2_Write
 152:.\main.c      ****     RUN_BRAKE_3_Write(1);
 661              		.loc 1 152 0
 662 0054 4FF00100 		mov	r0, #1
 663 0058 FFF7FEFF 		bl	RUN_BRAKE_3_Write
 153:.\main.c      ****     RUN_BRAKE_4_Write(1);    
 664              		.loc 1 153 0
 665 005c 4FF00100 		mov	r0, #1
 666 0060 FFF7FEFF 		bl	RUN_BRAKE_4_Write
 667              	.L33:
 154:.\main.c      ****     
 155:.\main.c      ****     while(1){
 156:.\main.c      ****     LeftRearMotor(x1);
 668              		.loc 1 156 0 discriminator 1
 669 0064 40F20003 		movw	r3, #:lower16:x1
 670 0068 C0F20003 		movt	r3, #:upper16:x1
 671 006c 1B78     		ldrb	r3, [r3, #0]	@ zero_extendqisi2
 672 006e 5BB2     		sxtb	r3, r3
 673 0070 9BB2     		uxth	r3, r3
 674 0072 1BB2     		sxth	r3, r3
 675 0074 1846     		mov	r0, r3
 676 0076 FFF7FEFF 		bl	LeftRearMotor
 157:.\main.c      ****     LeftFrontMotor(-x1);
 677              		.loc 1 157 0 discriminator 1
 678 007a 40F20003 		movw	r3, #:lower16:x1
 679 007e C0F20003 		movt	r3, #:upper16:x1
 680 0082 1B78     		ldrb	r3, [r3, #0]	@ zero_extendqisi2
 681 0084 5BB2     		sxtb	r3, r3
 682 0086 9BB2     		uxth	r3, r3
 683 0088 C3F10003 		rsb	r3, r3, #0
 684 008c 9BB2     		uxth	r3, r3
 685 008e 9BB2     		uxth	r3, r3
 686 0090 1BB2     		sxth	r3, r3
 687 0092 1846     		mov	r0, r3
 688 0094 FFF7FEFF 		bl	LeftFrontMotor
 158:.\main.c      ****     RightRearMotor(-x1);
 689              		.loc 1 158 0 discriminator 1
 690 0098 40F20003 		movw	r3, #:lower16:x1
 691 009c C0F20003 		movt	r3, #:upper16:x1
 692 00a0 1B78     		ldrb	r3, [r3, #0]	@ zero_extendqisi2
 693 00a2 5BB2     		sxtb	r3, r3
 694 00a4 9BB2     		uxth	r3, r3
 695 00a6 C3F10003 		rsb	r3, r3, #0
 696 00aa 9BB2     		uxth	r3, r3
 697 00ac 9BB2     		uxth	r3, r3
ARM GAS  C:\Users\devdev\AppData\Local\Temp\ccPNxJAx.s 			page 16


 698 00ae 1BB2     		sxth	r3, r3
 699 00b0 1846     		mov	r0, r3
 700 00b2 FFF7FEFF 		bl	RightRearMotor
 159:.\main.c      ****     RightFrontMotor(x1);
 701              		.loc 1 159 0 discriminator 1
 702 00b6 40F20003 		movw	r3, #:lower16:x1
 703 00ba C0F20003 		movt	r3, #:upper16:x1
 704 00be 1B78     		ldrb	r3, [r3, #0]	@ zero_extendqisi2
 705 00c0 5BB2     		sxtb	r3, r3
 706 00c2 9BB2     		uxth	r3, r3
 707 00c4 1BB2     		sxth	r3, r3
 708 00c6 1846     		mov	r0, r3
 709 00c8 FFF7FEFF 		bl	RightFrontMotor
 160:.\main.c      ****     CyDelay(500);
 710              		.loc 1 160 0 discriminator 1
 711 00cc 4FF4FA70 		mov	r0, #500
 712 00d0 FFF7FEFF 		bl	CyDelay
 161:.\main.c      ****     LeftRearMotor(-x1);
 713              		.loc 1 161 0 discriminator 1
 714 00d4 40F20003 		movw	r3, #:lower16:x1
 715 00d8 C0F20003 		movt	r3, #:upper16:x1
 716 00dc 1B78     		ldrb	r3, [r3, #0]	@ zero_extendqisi2
 717 00de 5BB2     		sxtb	r3, r3
 718 00e0 9BB2     		uxth	r3, r3
 719 00e2 C3F10003 		rsb	r3, r3, #0
 720 00e6 9BB2     		uxth	r3, r3
 721 00e8 9BB2     		uxth	r3, r3
 722 00ea 1BB2     		sxth	r3, r3
 723 00ec 1846     		mov	r0, r3
 724 00ee FFF7FEFF 		bl	LeftRearMotor
 162:.\main.c      ****     LeftFrontMotor(x1);
 725              		.loc 1 162 0 discriminator 1
 726 00f2 40F20003 		movw	r3, #:lower16:x1
 727 00f6 C0F20003 		movt	r3, #:upper16:x1
 728 00fa 1B78     		ldrb	r3, [r3, #0]	@ zero_extendqisi2
 729 00fc 5BB2     		sxtb	r3, r3
 730 00fe 9BB2     		uxth	r3, r3
 731 0100 1BB2     		sxth	r3, r3
 732 0102 1846     		mov	r0, r3
 733 0104 FFF7FEFF 		bl	LeftFrontMotor
 163:.\main.c      ****     RightRearMotor(x1);
 734              		.loc 1 163 0 discriminator 1
 735 0108 40F20003 		movw	r3, #:lower16:x1
 736 010c C0F20003 		movt	r3, #:upper16:x1
 737 0110 1B78     		ldrb	r3, [r3, #0]	@ zero_extendqisi2
 738 0112 5BB2     		sxtb	r3, r3
 739 0114 9BB2     		uxth	r3, r3
 740 0116 1BB2     		sxth	r3, r3
 741 0118 1846     		mov	r0, r3
 742 011a FFF7FEFF 		bl	RightRearMotor
 164:.\main.c      ****     RightFrontMotor(-x1);
 743              		.loc 1 164 0 discriminator 1
 744 011e 40F20003 		movw	r3, #:lower16:x1
 745 0122 C0F20003 		movt	r3, #:upper16:x1
 746 0126 1B78     		ldrb	r3, [r3, #0]	@ zero_extendqisi2
 747 0128 5BB2     		sxtb	r3, r3
 748 012a 9BB2     		uxth	r3, r3
ARM GAS  C:\Users\devdev\AppData\Local\Temp\ccPNxJAx.s 			page 17


 749 012c C3F10003 		rsb	r3, r3, #0
 750 0130 9BB2     		uxth	r3, r3
 751 0132 9BB2     		uxth	r3, r3
 752 0134 1BB2     		sxth	r3, r3
 753 0136 1846     		mov	r0, r3
 754 0138 FFF7FEFF 		bl	RightFrontMotor
 165:.\main.c      ****     CyDelay(500);    
 755              		.loc 1 165 0 discriminator 1
 756 013c 4FF4FA70 		mov	r0, #500
 757 0140 FFF7FEFF 		bl	CyDelay
 166:.\main.c      ****     }
 758              		.loc 1 166 0 discriminator 1
 759 0144 8EE7     		b	.L33
 760              		.cfi_endproc
 761              	.LFE61:
 762              		.size	main, .-main
 763 0146 00BF     		.section	.text.PI,"ax",%progbits
 764              		.align	2
 765              		.global	PI
 766              		.thumb
 767              		.thumb_func
 768              		.type	PI, %function
 769              	PI:
 770              	.LFB62:
 167:.\main.c      ****     
 168:.\main.c      ****     while(1){
 169:.\main.c      ****     LeftRearMotor(15);
 170:.\main.c      ****     CyDelay(1000);
 171:.\main.c      ****     LeftRearMotor(11);
 172:.\main.c      ****     CyDelay(1000);    
 173:.\main.c      ****     }
 174:.\main.c      ****     
 175:.\main.c      ****     
 176:.\main.c      ****     while(1){
 177:.\main.c      ****     VDAC8_1_SetValue(0u);
 178:.\main.c      ****     VDAC8_2_SetValue(0u);
 179:.\main.c      ****     VDAC8_3_SetValue(0u);
 180:.\main.c      ****     VDAC8_4_SetValue(0u);
 181:.\main.c      ****     CyDelay(10000);
 182:.\main.c      ****     B_LED_ON();
 183:.\main.c      ****     
 184:.\main.c      ****     VDAC8_1_SetValue(100u);
 185:.\main.c      ****     VDAC8_2_SetValue(100u);
 186:.\main.c      ****     VDAC8_3_SetValue(100u);
 187:.\main.c      ****     VDAC8_4_SetValue(100u);
 188:.\main.c      ****     CyDelay(10000);
 189:.\main.c      ****     B_LED_OFF();
 190:.\main.c      ****     }
 191:.\main.c      ****     
 192:.\main.c      ****                 
 193:.\main.c      **** 
 194:.\main.c      ****             CW_CCW_1_Write(1);
 195:.\main.c      ****             CW_CCW_2_Write(1);
 196:.\main.c      ****             CW_CCW_3_Write(1);
 197:.\main.c      ****             CW_CCW_4_Write(1);
 198:.\main.c      ****   Enable2_Write(1);
 199:.\main.c      ****     CyDelay(100);
ARM GAS  C:\Users\devdev\AppData\Local\Temp\ccPNxJAx.s 			page 18


 200:.\main.c      ****     PI();
 201:.\main.c      ****   //  I2C_1_Start();
 202:.\main.c      ****     I2C_2_Start();
 203:.\main.c      ****    // I2C_3_Start();
 204:.\main.c      ****             //        I2C_1_MasterSendStart(0,1);//ADDRESS,RW;    0:WRITE 1:READ
 205:.\main.c      ****                 
 206:.\main.c      ****     CYGlobalIntEnable; 
 207:.\main.c      ****     isr_1_Enable();
 208:.\main.c      ****     while(1){
 209:.\main.c      ****     B_LED_ON();
 210:.\main.c      ****     CyDelay(100);
 211:.\main.c      ****     B_LED_OFF();
 212:.\main.c      ****     CyDelay(1000);
 213:.\main.c      ****     }
 214:.\main.c      ****     
 215:.\main.c      ****     //            I2C_3_MasterSendStart(0,1);//ADDRESS,RW;    0:WRITE 1:READ
 216:.\main.c      **** while(1){
 217:.\main.c      **** 
 218:.\main.c      **** //                
 219:.\main.c      **** //              //  I2C_1_MasterWriteByte('A');
 220:.\main.c      ****             I2C_2_MasterSendStart(4,0);//ADDRESS,RW;    0:WRITE 1:READ
 221:.\main.c      **** 
 222:.\main.c      ****             I2C_2_MasterWriteByte(84);
 223:.\main.c      **** //  //              I2C_3_MasterWriteByte('A');
 224:.\main.c      **** ////                        I2C_1_MasterSendStop();
 225:.\main.c      **** //                CyDelay(10);
 226:.\main.c      **** //
 227:.\main.c      ****             I2C_2_MasterSendStop();
 228:.\main.c      **** //
 229:.\main.c      **** //                                        I2C_3_MasterSendStop();
 230:.\main.c      ****         R_LED_ON();            
 231:.\main.c      ****         CyDelay(1);
 232:.\main.c      **** 
 233:.\main.c      ****         R_LED_OFF();
 234:.\main.c      ****         CyDelay(1);
 235:.\main.c      **** 
 236:.\main.c      **** 
 237:.\main.c      **** }
 238:.\main.c      ****     
 239:.\main.c      **** 
 240:.\main.c      ****     /* CyGlobalIntEnable; */ /* Uncomment this line to enable global interrupts. */
 241:.\main.c      ****     for(;;)
 242:.\main.c      ****     {
 243:.\main.c      ****                 I2C_1_MasterSendStart(0,1);//ADDRESS,RW;    0:WRITE 1:READ
 244:.\main.c      ****         
 245:.\main.c      ****         I2C_1_MasterSendStop();
 246:.\main.c      ****         
 247:.\main.c      ****         
 248:.\main.c      ****             I2C_2_MasterSendStart(4,0);//ADDRESS,RW;    0:WRITE 1:READ
 249:.\main.c      ****     I2C_2_MasterWriteByte('A');
 250:.\main.c      ****         I2C_2_MasterSendStop();
 251:.\main.c      ****         /* Place your application code here. */
 252:.\main.c      ****         
 253:.\main.c      ****     }
 254:.\main.c      **** }
 255:.\main.c      **** 
 256:.\main.c      **** void PI(void){
ARM GAS  C:\Users\devdev\AppData\Local\Temp\ccPNxJAx.s 			page 19


 771              		.loc 1 256 0
 772              		.cfi_startproc
 773              		@ args = 0, pretend = 0, frame = 0
 774              		@ frame_needed = 1, uses_anonymous_args = 0
 775 0000 80B5     		push	{r7, lr}
 776              	.LCFI16:
 777              		.cfi_def_cfa_offset 8
 778              		.cfi_offset 7, -8
 779              		.cfi_offset 14, -4
 780 0002 00AF     		add	r7, sp, #0
 781              	.LCFI17:
 782              		.cfi_def_cfa_register 7
 257:.\main.c      ****     PWM_1_Start();
 783              		.loc 1 257 0
 784 0004 FFF7FEFF 		bl	PWM_1_Start
 258:.\main.c      ****     PWM_1_WriteCompare(127);
 785              		.loc 1 258 0
 786 0008 4FF07F00 		mov	r0, #127
 787 000c FFF7FEFF 		bl	PWM_1_WriteCompare
 259:.\main.c      ****     CyDelay(200);
 788              		.loc 1 259 0
 789 0010 4FF0C800 		mov	r0, #200
 790 0014 FFF7FEFF 		bl	CyDelay
 260:.\main.c      ****     PWM_1_WriteCompare(0);
 791              		.loc 1 260 0
 792 0018 4FF00000 		mov	r0, #0
 793 001c FFF7FEFF 		bl	PWM_1_WriteCompare
 261:.\main.c      ****     PWM_1_Stop();    
 794              		.loc 1 261 0
 795 0020 FFF7FEFF 		bl	PWM_1_Stop
 262:.\main.c      **** }
 796              		.loc 1 262 0
 797 0024 80BD     		pop	{r7, pc}
 798              		.cfi_endproc
 799              	.LFE62:
 800              		.size	PI, .-PI
 801 0026 00BF     		.section	.text.R_LED_ON,"ax",%progbits
 802              		.align	2
 803              		.global	R_LED_ON
 804              		.thumb
 805              		.thumb_func
 806              		.type	R_LED_ON, %function
 807              	R_LED_ON:
 808              	.LFB63:
 263:.\main.c      **** void R_LED_ON(void){
 809              		.loc 1 263 0
 810              		.cfi_startproc
 811              		@ args = 0, pretend = 0, frame = 0
 812              		@ frame_needed = 1, uses_anonymous_args = 0
 813 0000 80B5     		push	{r7, lr}
 814              	.LCFI18:
 815              		.cfi_def_cfa_offset 8
 816              		.cfi_offset 7, -8
 817              		.cfi_offset 14, -4
 818 0002 00AF     		add	r7, sp, #0
 819              	.LCFI19:
 820              		.cfi_def_cfa_register 7
ARM GAS  C:\Users\devdev\AppData\Local\Temp\ccPNxJAx.s 			page 20


 264:.\main.c      ****     R_LED_Write(1);
 821              		.loc 1 264 0
 822 0004 4FF00100 		mov	r0, #1
 823 0008 FFF7FEFF 		bl	R_LED_Write
 265:.\main.c      **** }
 824              		.loc 1 265 0
 825 000c 80BD     		pop	{r7, pc}
 826              		.cfi_endproc
 827              	.LFE63:
 828              		.size	R_LED_ON, .-R_LED_ON
 829 000e 00BF     		.section	.text.R_LED_OFF,"ax",%progbits
 830              		.align	2
 831              		.global	R_LED_OFF
 832              		.thumb
 833              		.thumb_func
 834              		.type	R_LED_OFF, %function
 835              	R_LED_OFF:
 836              	.LFB64:
 266:.\main.c      **** void R_LED_OFF(void){
 837              		.loc 1 266 0
 838              		.cfi_startproc
 839              		@ args = 0, pretend = 0, frame = 0
 840              		@ frame_needed = 1, uses_anonymous_args = 0
 841 0000 80B5     		push	{r7, lr}
 842              	.LCFI20:
 843              		.cfi_def_cfa_offset 8
 844              		.cfi_offset 7, -8
 845              		.cfi_offset 14, -4
 846 0002 00AF     		add	r7, sp, #0
 847              	.LCFI21:
 848              		.cfi_def_cfa_register 7
 267:.\main.c      ****         R_LED_Write(0);
 849              		.loc 1 267 0
 850 0004 4FF00000 		mov	r0, #0
 851 0008 FFF7FEFF 		bl	R_LED_Write
 268:.\main.c      **** }
 852              		.loc 1 268 0
 853 000c 80BD     		pop	{r7, pc}
 854              		.cfi_endproc
 855              	.LFE64:
 856              		.size	R_LED_OFF, .-R_LED_OFF
 857 000e 00BF     		.section	.text.B_LED_ON,"ax",%progbits
 858              		.align	2
 859              		.global	B_LED_ON
 860              		.thumb
 861              		.thumb_func
 862              		.type	B_LED_ON, %function
 863              	B_LED_ON:
 864              	.LFB65:
 269:.\main.c      **** void B_LED_ON(void){
 865              		.loc 1 269 0
 866              		.cfi_startproc
 867              		@ args = 0, pretend = 0, frame = 0
 868              		@ frame_needed = 1, uses_anonymous_args = 0
 869 0000 80B5     		push	{r7, lr}
 870              	.LCFI22:
 871              		.cfi_def_cfa_offset 8
ARM GAS  C:\Users\devdev\AppData\Local\Temp\ccPNxJAx.s 			page 21


 872              		.cfi_offset 7, -8
 873              		.cfi_offset 14, -4
 874 0002 00AF     		add	r7, sp, #0
 875              	.LCFI23:
 876              		.cfi_def_cfa_register 7
 270:.\main.c      ****     B_LED_Write(1);
 877              		.loc 1 270 0
 878 0004 4FF00100 		mov	r0, #1
 879 0008 FFF7FEFF 		bl	B_LED_Write
 271:.\main.c      **** }
 880              		.loc 1 271 0
 881 000c 80BD     		pop	{r7, pc}
 882              		.cfi_endproc
 883              	.LFE65:
 884              		.size	B_LED_ON, .-B_LED_ON
 885 000e 00BF     		.section	.text.B_LED_OFF,"ax",%progbits
 886              		.align	2
 887              		.global	B_LED_OFF
 888              		.thumb
 889              		.thumb_func
 890              		.type	B_LED_OFF, %function
 891              	B_LED_OFF:
 892              	.LFB66:
 272:.\main.c      **** void B_LED_OFF(void){
 893              		.loc 1 272 0
 894              		.cfi_startproc
 895              		@ args = 0, pretend = 0, frame = 0
 896              		@ frame_needed = 1, uses_anonymous_args = 0
 897 0000 80B5     		push	{r7, lr}
 898              	.LCFI24:
 899              		.cfi_def_cfa_offset 8
 900              		.cfi_offset 7, -8
 901              		.cfi_offset 14, -4
 902 0002 00AF     		add	r7, sp, #0
 903              	.LCFI25:
 904              		.cfi_def_cfa_register 7
 273:.\main.c      ****     B_LED_Write(0);
 905              		.loc 1 273 0
 906 0004 4FF00000 		mov	r0, #0
 907 0008 FFF7FEFF 		bl	B_LED_Write
 274:.\main.c      **** }
 908              		.loc 1 274 0
 909 000c 80BD     		pop	{r7, pc}
 910              		.cfi_endproc
 911              	.LFE66:
 912              		.size	B_LED_OFF, .-B_LED_OFF
 913 000e 00BF     		.text
 914              	.Letext0:
 915              		.file 2 "c:\\program files (x86)\\cypress\\psoc creator\\3.0\\psoc creator\\import\\gnu_cs\\arm\\4
 916              		.file 3 "./Generated_Source/PSoC5/cytypes.h"
 917              		.file 4 "./Generated_Source/PSoC5/core_cm3.h"
 918              		.section	.debug_info,"",%progbits
 919              	.Ldebug_info0:
 920 0000 07030000 		.4byte	0x307
 921 0004 0200     		.2byte	0x2
 922 0006 00000000 		.4byte	.Ldebug_abbrev0
 923 000a 04       		.byte	0x4
ARM GAS  C:\Users\devdev\AppData\Local\Temp\ccPNxJAx.s 			page 22


 924 000b 01       		.uleb128 0x1
 925 000c 56010000 		.4byte	.LASF37
 926 0010 01       		.byte	0x1
 927 0011 44000000 		.4byte	.LASF38
 928 0015 ED000000 		.4byte	.LASF39
 929 0019 00000000 		.4byte	.Ldebug_ranges0+0
 930 001d 00000000 		.4byte	0
 931 0021 00000000 		.4byte	0
 932 0025 00000000 		.4byte	.Ldebug_line0
 933 0029 02       		.uleb128 0x2
 934 002a 01       		.byte	0x1
 935 002b 06       		.byte	0x6
 936 002c CB010000 		.4byte	.LASF0
 937 0030 02       		.uleb128 0x2
 938 0031 01       		.byte	0x1
 939 0032 08       		.byte	0x8
 940 0033 36000000 		.4byte	.LASF1
 941 0037 02       		.uleb128 0x2
 942 0038 02       		.byte	0x2
 943 0039 05       		.byte	0x5
 944 003a 46010000 		.4byte	.LASF2
 945 003e 02       		.uleb128 0x2
 946 003f 02       		.byte	0x2
 947 0040 07       		.byte	0x7
 948 0041 5E000000 		.4byte	.LASF3
 949 0045 03       		.uleb128 0x3
 950 0046 14010000 		.4byte	.LASF9
 951 004a 02       		.byte	0x2
 952 004b 4F       		.byte	0x4f
 953 004c 50000000 		.4byte	0x50
 954 0050 02       		.uleb128 0x2
 955 0051 04       		.byte	0x4
 956 0052 05       		.byte	0x5
 957 0053 C2010000 		.4byte	.LASF4
 958 0057 02       		.uleb128 0x2
 959 0058 04       		.byte	0x4
 960 0059 07       		.byte	0x7
 961 005a 9B000000 		.4byte	.LASF5
 962 005e 02       		.uleb128 0x2
 963 005f 08       		.byte	0x8
 964 0060 05       		.byte	0x5
 965 0061 25010000 		.4byte	.LASF6
 966 0065 02       		.uleb128 0x2
 967 0066 08       		.byte	0x8
 968 0067 07       		.byte	0x7
 969 0068 C4000000 		.4byte	.LASF7
 970 006c 04       		.uleb128 0x4
 971 006d 04       		.byte	0x4
 972 006e 05       		.byte	0x5
 973 006f 696E7400 		.ascii	"int\000"
 974 0073 02       		.uleb128 0x2
 975 0074 04       		.byte	0x4
 976 0075 07       		.byte	0x7
 977 0076 B7000000 		.4byte	.LASF8
 978 007a 03       		.uleb128 0x3
 979 007b 50010000 		.4byte	.LASF10
 980 007f 03       		.byte	0x3
ARM GAS  C:\Users\devdev\AppData\Local\Temp\ccPNxJAx.s 			page 23


 981 0080 5B       		.byte	0x5b
 982 0081 30000000 		.4byte	0x30
 983 0085 03       		.uleb128 0x3
 984 0086 B2000000 		.4byte	.LASF11
 985 008a 03       		.byte	0x3
 986 008b 5E       		.byte	0x5e
 987 008c 29000000 		.4byte	0x29
 988 0090 03       		.uleb128 0x3
 989 0091 52000000 		.4byte	.LASF12
 990 0095 03       		.byte	0x3
 991 0096 5F       		.byte	0x5f
 992 0097 37000000 		.4byte	0x37
 993 009b 02       		.uleb128 0x2
 994 009c 04       		.byte	0x4
 995 009d 04       		.byte	0x4
 996 009e 30000000 		.4byte	.LASF13
 997 00a2 02       		.uleb128 0x2
 998 00a3 08       		.byte	0x8
 999 00a4 04       		.byte	0x4
 1000 00a5 D7010000 		.4byte	.LASF14
 1001 00a9 02       		.uleb128 0x2
 1002 00aa 01       		.byte	0x1
 1003 00ab 08       		.byte	0x8
 1004 00ac 33010000 		.4byte	.LASF15
 1005 00b0 05       		.uleb128 0x5
 1006 00b1 E0000000 		.4byte	.LASF16
 1007 00b5 03       		.byte	0x3
 1008 00b6 0201     		.2byte	0x102
 1009 00b8 BC000000 		.4byte	0xbc
 1010 00bc 06       		.uleb128 0x6
 1011 00bd 04       		.byte	0x4
 1012 00be C2000000 		.4byte	0xc2
 1013 00c2 07       		.uleb128 0x7
 1014 00c3 01       		.byte	0x1
 1015 00c4 02       		.uleb128 0x2
 1016 00c5 04       		.byte	0x4
 1017 00c6 07       		.byte	0x7
 1018 00c7 1C010000 		.4byte	.LASF17
 1019 00cb 08       		.uleb128 0x8
 1020 00cc 7A000000 		.4byte	0x7a
 1021 00d0 DB000000 		.4byte	0xdb
 1022 00d4 09       		.uleb128 0x9
 1023 00d5 C4000000 		.4byte	0xc4
 1024 00d9 03       		.byte	0x3
 1025 00da 00       		.byte	0
 1026 00db 0A       		.uleb128 0xa
 1027 00dc 01       		.byte	0x1
 1028 00dd A9010000 		.4byte	.LASF24
 1029 00e1 01       		.byte	0x1
 1030 00e2 1A       		.byte	0x1a
 1031 00e3 01       		.byte	0x1
 1032 00e4 00000000 		.4byte	.LFB56
 1033 00e8 54020000 		.4byte	.LFE56
 1034 00ec 00000000 		.4byte	.LLST0
 1035 00f0 01       		.byte	0x1
 1036 00f1 0B       		.uleb128 0xb
 1037 00f2 01       		.byte	0x1
ARM GAS  C:\Users\devdev\AppData\Local\Temp\ccPNxJAx.s 			page 24


 1038 00f3 1B000000 		.4byte	.LASF18
 1039 00f7 01       		.byte	0x1
 1040 00f8 43       		.byte	0x43
 1041 00f9 01       		.byte	0x1
 1042 00fa 00000000 		.4byte	.LFB57
 1043 00fe 72000000 		.4byte	.LFE57
 1044 0102 2C000000 		.4byte	.LLST1
 1045 0106 01       		.byte	0x1
 1046 0107 28010000 		.4byte	0x128
 1047 010b 0C       		.uleb128 0xc
 1048 010c 0A000000 		.4byte	.LASF20
 1049 0110 01       		.byte	0x1
 1050 0111 43       		.byte	0x43
 1051 0112 90000000 		.4byte	0x90
 1052 0116 02       		.byte	0x2
 1053 0117 91       		.byte	0x91
 1054 0118 6E       		.sleb128 -18
 1055 0119 0D       		.uleb128 0xd
 1056 011a 4D000000 		.4byte	.LASF21
 1057 011e 01       		.byte	0x1
 1058 011f 44       		.byte	0x44
 1059 0120 90000000 		.4byte	0x90
 1060 0124 02       		.byte	0x2
 1061 0125 91       		.byte	0x91
 1062 0126 76       		.sleb128 -10
 1063 0127 00       		.byte	0
 1064 0128 0B       		.uleb128 0xb
 1065 0129 01       		.byte	0x1
 1066 012a B3010000 		.4byte	.LASF19
 1067 012e 01       		.byte	0x1
 1068 012f 54       		.byte	0x54
 1069 0130 01       		.byte	0x1
 1070 0131 00000000 		.4byte	.LFB58
 1071 0135 72000000 		.4byte	.LFE58
 1072 0139 64000000 		.4byte	.LLST2
 1073 013d 01       		.byte	0x1
 1074 013e 5F010000 		.4byte	0x15f
 1075 0142 0C       		.uleb128 0xc
 1076 0143 0A000000 		.4byte	.LASF20
 1077 0147 01       		.byte	0x1
 1078 0148 54       		.byte	0x54
 1079 0149 90000000 		.4byte	0x90
 1080 014d 02       		.byte	0x2
 1081 014e 91       		.byte	0x91
 1082 014f 6E       		.sleb128 -18
 1083 0150 0D       		.uleb128 0xd
 1084 0151 4D000000 		.4byte	.LASF21
 1085 0155 01       		.byte	0x1
 1086 0156 55       		.byte	0x55
 1087 0157 90000000 		.4byte	0x90
 1088 015b 02       		.byte	0x2
 1089 015c 91       		.byte	0x91
 1090 015d 76       		.sleb128 -10
 1091 015e 00       		.byte	0
 1092 015f 0B       		.uleb128 0xb
 1093 0160 01       		.byte	0x1
 1094 0161 8C000000 		.4byte	.LASF22
ARM GAS  C:\Users\devdev\AppData\Local\Temp\ccPNxJAx.s 			page 25


 1095 0165 01       		.byte	0x1
 1096 0166 65       		.byte	0x65
 1097 0167 01       		.byte	0x1
 1098 0168 00000000 		.4byte	.LFB59
 1099 016c 72000000 		.4byte	.LFE59
 1100 0170 9C000000 		.4byte	.LLST3
 1101 0174 01       		.byte	0x1
 1102 0175 96010000 		.4byte	0x196
 1103 0179 0C       		.uleb128 0xc
 1104 017a 0A000000 		.4byte	.LASF20
 1105 017e 01       		.byte	0x1
 1106 017f 65       		.byte	0x65
 1107 0180 90000000 		.4byte	0x90
 1108 0184 02       		.byte	0x2
 1109 0185 91       		.byte	0x91
 1110 0186 6E       		.sleb128 -18
 1111 0187 0D       		.uleb128 0xd
 1112 0188 4D000000 		.4byte	.LASF21
 1113 018c 01       		.byte	0x1
 1114 018d 66       		.byte	0x66
 1115 018e 90000000 		.4byte	0x90
 1116 0192 02       		.byte	0x2
 1117 0193 91       		.byte	0x91
 1118 0194 76       		.sleb128 -10
 1119 0195 00       		.byte	0
 1120 0196 0B       		.uleb128 0xb
 1121 0197 01       		.byte	0x1
 1122 0198 F0010000 		.4byte	.LASF23
 1123 019c 01       		.byte	0x1
 1124 019d 76       		.byte	0x76
 1125 019e 01       		.byte	0x1
 1126 019f 00000000 		.4byte	.LFB60
 1127 01a3 72000000 		.4byte	.LFE60
 1128 01a7 D4000000 		.4byte	.LLST4
 1129 01ab 01       		.byte	0x1
 1130 01ac CD010000 		.4byte	0x1cd
 1131 01b0 0C       		.uleb128 0xc
 1132 01b1 0A000000 		.4byte	.LASF20
 1133 01b5 01       		.byte	0x1
 1134 01b6 76       		.byte	0x76
 1135 01b7 90000000 		.4byte	0x90
 1136 01bb 02       		.byte	0x2
 1137 01bc 91       		.byte	0x91
 1138 01bd 6E       		.sleb128 -18
 1139 01be 0D       		.uleb128 0xd
 1140 01bf 4D000000 		.4byte	.LASF21
 1141 01c3 01       		.byte	0x1
 1142 01c4 77       		.byte	0x77
 1143 01c5 90000000 		.4byte	0x90
 1144 01c9 02       		.byte	0x2
 1145 01ca 91       		.byte	0x91
 1146 01cb 76       		.sleb128 -10
 1147 01cc 00       		.byte	0
 1148 01cd 0E       		.uleb128 0xe
 1149 01ce 01       		.byte	0x1
 1150 01cf AD000000 		.4byte	.LASF25
 1151 01d3 01       		.byte	0x1
ARM GAS  C:\Users\devdev\AppData\Local\Temp\ccPNxJAx.s 			page 26


 1152 01d4 88       		.byte	0x88
 1153 01d5 6C000000 		.4byte	0x6c
 1154 01d9 00000000 		.4byte	.LFB61
 1155 01dd 46010000 		.4byte	.LFE61
 1156 01e1 0C010000 		.4byte	.LLST5
 1157 01e5 01       		.byte	0x1
 1158 01e6 0F       		.uleb128 0xf
 1159 01e7 01       		.byte	0x1
 1160 01e8 504900   		.ascii	"PI\000"
 1161 01eb 01       		.byte	0x1
 1162 01ec 0001     		.2byte	0x100
 1163 01ee 01       		.byte	0x1
 1164 01ef 00000000 		.4byte	.LFB62
 1165 01f3 26000000 		.4byte	.LFE62
 1166 01f7 38010000 		.4byte	.LLST6
 1167 01fb 01       		.byte	0x1
 1168 01fc 10       		.uleb128 0x10
 1169 01fd 01       		.byte	0x1
 1170 01fe DE010000 		.4byte	.LASF26
 1171 0202 01       		.byte	0x1
 1172 0203 0701     		.2byte	0x107
 1173 0205 01       		.byte	0x1
 1174 0206 00000000 		.4byte	.LFB63
 1175 020a 0E000000 		.4byte	.LFE63
 1176 020e 64010000 		.4byte	.LLST7
 1177 0212 01       		.byte	0x1
 1178 0213 10       		.uleb128 0x10
 1179 0214 01       		.byte	0x1
 1180 0215 9F010000 		.4byte	.LASF27
 1181 0219 01       		.byte	0x1
 1182 021a 0A01     		.2byte	0x10a
 1183 021c 01       		.byte	0x1
 1184 021d 00000000 		.4byte	.LFB64
 1185 0221 0E000000 		.4byte	.LFE64
 1186 0225 90010000 		.4byte	.LLST8
 1187 0229 01       		.byte	0x1
 1188 022a 10       		.uleb128 0x10
 1189 022b 01       		.byte	0x1
 1190 022c E7010000 		.4byte	.LASF28
 1191 0230 01       		.byte	0x1
 1192 0231 0D01     		.2byte	0x10d
 1193 0233 01       		.byte	0x1
 1194 0234 00000000 		.4byte	.LFB65
 1195 0238 0E000000 		.4byte	.LFE65
 1196 023c BC010000 		.4byte	.LLST9
 1197 0240 01       		.byte	0x1
 1198 0241 10       		.uleb128 0x10
 1199 0242 01       		.byte	0x1
 1200 0243 00000000 		.4byte	.LASF29
 1201 0247 01       		.byte	0x1
 1202 0248 1001     		.2byte	0x110
 1203 024a 01       		.byte	0x1
 1204 024b 00000000 		.4byte	.LFB66
 1205 024f 0E000000 		.4byte	.LFE66
 1206 0253 E8010000 		.4byte	.LLST10
 1207 0257 01       		.byte	0x1
 1208 0258 11       		.uleb128 0x11
ARM GAS  C:\Users\devdev\AppData\Local\Temp\ccPNxJAx.s 			page 27


 1209 0259 71000000 		.4byte	.LASF30
 1210 025d 04       		.byte	0x4
 1211 025e 1606     		.2byte	0x616
 1212 0260 66020000 		.4byte	0x266
 1213 0264 01       		.byte	0x1
 1214 0265 01       		.byte	0x1
 1215 0266 12       		.uleb128 0x12
 1216 0267 45000000 		.4byte	0x45
 1217 026b 13       		.uleb128 0x13
 1218 026c 783100   		.ascii	"x1\000"
 1219 026f 01       		.byte	0x1
 1220 0270 0F       		.byte	0xf
 1221 0271 85000000 		.4byte	0x85
 1222 0275 01       		.byte	0x1
 1223 0276 05       		.byte	0x5
 1224 0277 03       		.byte	0x3
 1225 0278 00000000 		.4byte	x1
 1226 027c 08       		.uleb128 0x8
 1227 027d 7A000000 		.4byte	0x7a
 1228 0281 8C020000 		.4byte	0x28c
 1229 0285 09       		.uleb128 0x9
 1230 0286 C4000000 		.4byte	0xc4
 1231 028a 10       		.byte	0x10
 1232 028b 00       		.byte	0
 1233 028c 13       		.uleb128 0x13
 1234 028d 6E756D00 		.ascii	"num\000"
 1235 0291 01       		.byte	0x1
 1236 0292 16       		.byte	0x16
 1237 0293 7C020000 		.4byte	0x27c
 1238 0297 01       		.byte	0x1
 1239 0298 05       		.byte	0x5
 1240 0299 03       		.byte	0x3
 1241 029a 00000000 		.4byte	num
 1242 029e 14       		.uleb128 0x14
 1243 029f 58000000 		.4byte	.LASF31
 1244 02a3 01       		.byte	0x1
 1245 02a4 16       		.byte	0x16
 1246 02a5 CB000000 		.4byte	0xcb
 1247 02a9 01       		.byte	0x1
 1248 02aa 05       		.byte	0x5
 1249 02ab 03       		.byte	0x3
 1250 02ac 00000000 		.4byte	astic
 1251 02b0 14       		.uleb128 0x14
 1252 02b1 2B000000 		.4byte	.LASF32
 1253 02b5 01       		.byte	0x1
 1254 02b6 17       		.byte	0x17
 1255 02b7 7A000000 		.4byte	0x7a
 1256 02bb 01       		.byte	0x1
 1257 02bc 05       		.byte	0x5
 1258 02bd 03       		.byte	0x3
 1259 02be 00000000 		.4byte	sum1
 1260 02c2 14       		.uleb128 0x14
 1261 02c3 DB000000 		.4byte	.LASF33
 1262 02c7 01       		.byte	0x1
 1263 02c8 17       		.byte	0x17
 1264 02c9 7A000000 		.4byte	0x7a
 1265 02cd 01       		.byte	0x1
ARM GAS  C:\Users\devdev\AppData\Local\Temp\ccPNxJAx.s 			page 28


 1266 02ce 05       		.byte	0x5
 1267 02cf 03       		.byte	0x3
 1268 02d0 00000000 		.4byte	mode
 1269 02d4 14       		.uleb128 0x14
 1270 02d5 38010000 		.4byte	.LASF34
 1271 02d9 01       		.byte	0x1
 1272 02da 18       		.byte	0x18
 1273 02db 7A000000 		.4byte	0x7a
 1274 02df 01       		.byte	0x1
 1275 02e0 05       		.byte	0x5
 1276 02e1 03       		.byte	0x3
 1277 02e2 00000000 		.4byte	ButtonStatus1
 1278 02e6 14       		.uleb128 0x14
 1279 02e7 7E000000 		.4byte	.LASF35
 1280 02eb 01       		.byte	0x1
 1281 02ec 18       		.byte	0x18
 1282 02ed 7A000000 		.4byte	0x7a
 1283 02f1 01       		.byte	0x1
 1284 02f2 05       		.byte	0x5
 1285 02f3 03       		.byte	0x3
 1286 02f4 00000000 		.4byte	ButtonStatus2
 1287 02f8 14       		.uleb128 0x14
 1288 02f9 12000000 		.4byte	.LASF36
 1289 02fd 01       		.byte	0x1
 1290 02fe 18       		.byte	0x18
 1291 02ff 7A000000 		.4byte	0x7a
 1292 0303 01       		.byte	0x1
 1293 0304 05       		.byte	0x5
 1294 0305 03       		.byte	0x3
 1295 0306 00000000 		.4byte	CheckSum
 1296 030a 00       		.byte	0
 1297              		.section	.debug_abbrev,"",%progbits
 1298              	.Ldebug_abbrev0:
 1299 0000 01       		.uleb128 0x1
 1300 0001 11       		.uleb128 0x11
 1301 0002 01       		.byte	0x1
 1302 0003 25       		.uleb128 0x25
 1303 0004 0E       		.uleb128 0xe
 1304 0005 13       		.uleb128 0x13
 1305 0006 0B       		.uleb128 0xb
 1306 0007 03       		.uleb128 0x3
 1307 0008 0E       		.uleb128 0xe
 1308 0009 1B       		.uleb128 0x1b
 1309 000a 0E       		.uleb128 0xe
 1310 000b 55       		.uleb128 0x55
 1311 000c 06       		.uleb128 0x6
 1312 000d 11       		.uleb128 0x11
 1313 000e 01       		.uleb128 0x1
 1314 000f 52       		.uleb128 0x52
 1315 0010 01       		.uleb128 0x1
 1316 0011 10       		.uleb128 0x10
 1317 0012 06       		.uleb128 0x6
 1318 0013 00       		.byte	0
 1319 0014 00       		.byte	0
 1320 0015 02       		.uleb128 0x2
 1321 0016 24       		.uleb128 0x24
 1322 0017 00       		.byte	0
ARM GAS  C:\Users\devdev\AppData\Local\Temp\ccPNxJAx.s 			page 29


 1323 0018 0B       		.uleb128 0xb
 1324 0019 0B       		.uleb128 0xb
 1325 001a 3E       		.uleb128 0x3e
 1326 001b 0B       		.uleb128 0xb
 1327 001c 03       		.uleb128 0x3
 1328 001d 0E       		.uleb128 0xe
 1329 001e 00       		.byte	0
 1330 001f 00       		.byte	0
 1331 0020 03       		.uleb128 0x3
 1332 0021 16       		.uleb128 0x16
 1333 0022 00       		.byte	0
 1334 0023 03       		.uleb128 0x3
 1335 0024 0E       		.uleb128 0xe
 1336 0025 3A       		.uleb128 0x3a
 1337 0026 0B       		.uleb128 0xb
 1338 0027 3B       		.uleb128 0x3b
 1339 0028 0B       		.uleb128 0xb
 1340 0029 49       		.uleb128 0x49
 1341 002a 13       		.uleb128 0x13
 1342 002b 00       		.byte	0
 1343 002c 00       		.byte	0
 1344 002d 04       		.uleb128 0x4
 1345 002e 24       		.uleb128 0x24
 1346 002f 00       		.byte	0
 1347 0030 0B       		.uleb128 0xb
 1348 0031 0B       		.uleb128 0xb
 1349 0032 3E       		.uleb128 0x3e
 1350 0033 0B       		.uleb128 0xb
 1351 0034 03       		.uleb128 0x3
 1352 0035 08       		.uleb128 0x8
 1353 0036 00       		.byte	0
 1354 0037 00       		.byte	0
 1355 0038 05       		.uleb128 0x5
 1356 0039 16       		.uleb128 0x16
 1357 003a 00       		.byte	0
 1358 003b 03       		.uleb128 0x3
 1359 003c 0E       		.uleb128 0xe
 1360 003d 3A       		.uleb128 0x3a
 1361 003e 0B       		.uleb128 0xb
 1362 003f 3B       		.uleb128 0x3b
 1363 0040 05       		.uleb128 0x5
 1364 0041 49       		.uleb128 0x49
 1365 0042 13       		.uleb128 0x13
 1366 0043 00       		.byte	0
 1367 0044 00       		.byte	0
 1368 0045 06       		.uleb128 0x6
 1369 0046 0F       		.uleb128 0xf
 1370 0047 00       		.byte	0
 1371 0048 0B       		.uleb128 0xb
 1372 0049 0B       		.uleb128 0xb
 1373 004a 49       		.uleb128 0x49
 1374 004b 13       		.uleb128 0x13
 1375 004c 00       		.byte	0
 1376 004d 00       		.byte	0
 1377 004e 07       		.uleb128 0x7
 1378 004f 15       		.uleb128 0x15
 1379 0050 00       		.byte	0
ARM GAS  C:\Users\devdev\AppData\Local\Temp\ccPNxJAx.s 			page 30


 1380 0051 27       		.uleb128 0x27
 1381 0052 0C       		.uleb128 0xc
 1382 0053 00       		.byte	0
 1383 0054 00       		.byte	0
 1384 0055 08       		.uleb128 0x8
 1385 0056 01       		.uleb128 0x1
 1386 0057 01       		.byte	0x1
 1387 0058 49       		.uleb128 0x49
 1388 0059 13       		.uleb128 0x13
 1389 005a 01       		.uleb128 0x1
 1390 005b 13       		.uleb128 0x13
 1391 005c 00       		.byte	0
 1392 005d 00       		.byte	0
 1393 005e 09       		.uleb128 0x9
 1394 005f 21       		.uleb128 0x21
 1395 0060 00       		.byte	0
 1396 0061 49       		.uleb128 0x49
 1397 0062 13       		.uleb128 0x13
 1398 0063 2F       		.uleb128 0x2f
 1399 0064 0B       		.uleb128 0xb
 1400 0065 00       		.byte	0
 1401 0066 00       		.byte	0
 1402 0067 0A       		.uleb128 0xa
 1403 0068 2E       		.uleb128 0x2e
 1404 0069 00       		.byte	0
 1405 006a 3F       		.uleb128 0x3f
 1406 006b 0C       		.uleb128 0xc
 1407 006c 03       		.uleb128 0x3
 1408 006d 0E       		.uleb128 0xe
 1409 006e 3A       		.uleb128 0x3a
 1410 006f 0B       		.uleb128 0xb
 1411 0070 3B       		.uleb128 0x3b
 1412 0071 0B       		.uleb128 0xb
 1413 0072 27       		.uleb128 0x27
 1414 0073 0C       		.uleb128 0xc
 1415 0074 11       		.uleb128 0x11
 1416 0075 01       		.uleb128 0x1
 1417 0076 12       		.uleb128 0x12
 1418 0077 01       		.uleb128 0x1
 1419 0078 40       		.uleb128 0x40
 1420 0079 06       		.uleb128 0x6
 1421 007a 9642     		.uleb128 0x2116
 1422 007c 0C       		.uleb128 0xc
 1423 007d 00       		.byte	0
 1424 007e 00       		.byte	0
 1425 007f 0B       		.uleb128 0xb
 1426 0080 2E       		.uleb128 0x2e
 1427 0081 01       		.byte	0x1
 1428 0082 3F       		.uleb128 0x3f
 1429 0083 0C       		.uleb128 0xc
 1430 0084 03       		.uleb128 0x3
 1431 0085 0E       		.uleb128 0xe
 1432 0086 3A       		.uleb128 0x3a
 1433 0087 0B       		.uleb128 0xb
 1434 0088 3B       		.uleb128 0x3b
 1435 0089 0B       		.uleb128 0xb
 1436 008a 27       		.uleb128 0x27
ARM GAS  C:\Users\devdev\AppData\Local\Temp\ccPNxJAx.s 			page 31


 1437 008b 0C       		.uleb128 0xc
 1438 008c 11       		.uleb128 0x11
 1439 008d 01       		.uleb128 0x1
 1440 008e 12       		.uleb128 0x12
 1441 008f 01       		.uleb128 0x1
 1442 0090 40       		.uleb128 0x40
 1443 0091 06       		.uleb128 0x6
 1444 0092 9642     		.uleb128 0x2116
 1445 0094 0C       		.uleb128 0xc
 1446 0095 01       		.uleb128 0x1
 1447 0096 13       		.uleb128 0x13
 1448 0097 00       		.byte	0
 1449 0098 00       		.byte	0
 1450 0099 0C       		.uleb128 0xc
 1451 009a 05       		.uleb128 0x5
 1452 009b 00       		.byte	0
 1453 009c 03       		.uleb128 0x3
 1454 009d 0E       		.uleb128 0xe
 1455 009e 3A       		.uleb128 0x3a
 1456 009f 0B       		.uleb128 0xb
 1457 00a0 3B       		.uleb128 0x3b
 1458 00a1 0B       		.uleb128 0xb
 1459 00a2 49       		.uleb128 0x49
 1460 00a3 13       		.uleb128 0x13
 1461 00a4 02       		.uleb128 0x2
 1462 00a5 0A       		.uleb128 0xa
 1463 00a6 00       		.byte	0
 1464 00a7 00       		.byte	0
 1465 00a8 0D       		.uleb128 0xd
 1466 00a9 34       		.uleb128 0x34
 1467 00aa 00       		.byte	0
 1468 00ab 03       		.uleb128 0x3
 1469 00ac 0E       		.uleb128 0xe
 1470 00ad 3A       		.uleb128 0x3a
 1471 00ae 0B       		.uleb128 0xb
 1472 00af 3B       		.uleb128 0x3b
 1473 00b0 0B       		.uleb128 0xb
 1474 00b1 49       		.uleb128 0x49
 1475 00b2 13       		.uleb128 0x13
 1476 00b3 02       		.uleb128 0x2
 1477 00b4 0A       		.uleb128 0xa
 1478 00b5 00       		.byte	0
 1479 00b6 00       		.byte	0
 1480 00b7 0E       		.uleb128 0xe
 1481 00b8 2E       		.uleb128 0x2e
 1482 00b9 00       		.byte	0
 1483 00ba 3F       		.uleb128 0x3f
 1484 00bb 0C       		.uleb128 0xc
 1485 00bc 03       		.uleb128 0x3
 1486 00bd 0E       		.uleb128 0xe
 1487 00be 3A       		.uleb128 0x3a
 1488 00bf 0B       		.uleb128 0xb
 1489 00c0 3B       		.uleb128 0x3b
 1490 00c1 0B       		.uleb128 0xb
 1491 00c2 49       		.uleb128 0x49
 1492 00c3 13       		.uleb128 0x13
 1493 00c4 11       		.uleb128 0x11
ARM GAS  C:\Users\devdev\AppData\Local\Temp\ccPNxJAx.s 			page 32


 1494 00c5 01       		.uleb128 0x1
 1495 00c6 12       		.uleb128 0x12
 1496 00c7 01       		.uleb128 0x1
 1497 00c8 40       		.uleb128 0x40
 1498 00c9 06       		.uleb128 0x6
 1499 00ca 9642     		.uleb128 0x2116
 1500 00cc 0C       		.uleb128 0xc
 1501 00cd 00       		.byte	0
 1502 00ce 00       		.byte	0
 1503 00cf 0F       		.uleb128 0xf
 1504 00d0 2E       		.uleb128 0x2e
 1505 00d1 00       		.byte	0
 1506 00d2 3F       		.uleb128 0x3f
 1507 00d3 0C       		.uleb128 0xc
 1508 00d4 03       		.uleb128 0x3
 1509 00d5 08       		.uleb128 0x8
 1510 00d6 3A       		.uleb128 0x3a
 1511 00d7 0B       		.uleb128 0xb
 1512 00d8 3B       		.uleb128 0x3b
 1513 00d9 05       		.uleb128 0x5
 1514 00da 27       		.uleb128 0x27
 1515 00db 0C       		.uleb128 0xc
 1516 00dc 11       		.uleb128 0x11
 1517 00dd 01       		.uleb128 0x1
 1518 00de 12       		.uleb128 0x12
 1519 00df 01       		.uleb128 0x1
 1520 00e0 40       		.uleb128 0x40
 1521 00e1 06       		.uleb128 0x6
 1522 00e2 9642     		.uleb128 0x2116
 1523 00e4 0C       		.uleb128 0xc
 1524 00e5 00       		.byte	0
 1525 00e6 00       		.byte	0
 1526 00e7 10       		.uleb128 0x10
 1527 00e8 2E       		.uleb128 0x2e
 1528 00e9 00       		.byte	0
 1529 00ea 3F       		.uleb128 0x3f
 1530 00eb 0C       		.uleb128 0xc
 1531 00ec 03       		.uleb128 0x3
 1532 00ed 0E       		.uleb128 0xe
 1533 00ee 3A       		.uleb128 0x3a
 1534 00ef 0B       		.uleb128 0xb
 1535 00f0 3B       		.uleb128 0x3b
 1536 00f1 05       		.uleb128 0x5
 1537 00f2 27       		.uleb128 0x27
 1538 00f3 0C       		.uleb128 0xc
 1539 00f4 11       		.uleb128 0x11
 1540 00f5 01       		.uleb128 0x1
 1541 00f6 12       		.uleb128 0x12
 1542 00f7 01       		.uleb128 0x1
 1543 00f8 40       		.uleb128 0x40
 1544 00f9 06       		.uleb128 0x6
 1545 00fa 9642     		.uleb128 0x2116
 1546 00fc 0C       		.uleb128 0xc
 1547 00fd 00       		.byte	0
 1548 00fe 00       		.byte	0
 1549 00ff 11       		.uleb128 0x11
 1550 0100 34       		.uleb128 0x34
ARM GAS  C:\Users\devdev\AppData\Local\Temp\ccPNxJAx.s 			page 33


 1551 0101 00       		.byte	0
 1552 0102 03       		.uleb128 0x3
 1553 0103 0E       		.uleb128 0xe
 1554 0104 3A       		.uleb128 0x3a
 1555 0105 0B       		.uleb128 0xb
 1556 0106 3B       		.uleb128 0x3b
 1557 0107 05       		.uleb128 0x5
 1558 0108 49       		.uleb128 0x49
 1559 0109 13       		.uleb128 0x13
 1560 010a 3F       		.uleb128 0x3f
 1561 010b 0C       		.uleb128 0xc
 1562 010c 3C       		.uleb128 0x3c
 1563 010d 0C       		.uleb128 0xc
 1564 010e 00       		.byte	0
 1565 010f 00       		.byte	0
 1566 0110 12       		.uleb128 0x12
 1567 0111 35       		.uleb128 0x35
 1568 0112 00       		.byte	0
 1569 0113 49       		.uleb128 0x49
 1570 0114 13       		.uleb128 0x13
 1571 0115 00       		.byte	0
 1572 0116 00       		.byte	0
 1573 0117 13       		.uleb128 0x13
 1574 0118 34       		.uleb128 0x34
 1575 0119 00       		.byte	0
 1576 011a 03       		.uleb128 0x3
 1577 011b 08       		.uleb128 0x8
 1578 011c 3A       		.uleb128 0x3a
 1579 011d 0B       		.uleb128 0xb
 1580 011e 3B       		.uleb128 0x3b
 1581 011f 0B       		.uleb128 0xb
 1582 0120 49       		.uleb128 0x49
 1583 0121 13       		.uleb128 0x13
 1584 0122 3F       		.uleb128 0x3f
 1585 0123 0C       		.uleb128 0xc
 1586 0124 02       		.uleb128 0x2
 1587 0125 0A       		.uleb128 0xa
 1588 0126 00       		.byte	0
 1589 0127 00       		.byte	0
 1590 0128 14       		.uleb128 0x14
 1591 0129 34       		.uleb128 0x34
 1592 012a 00       		.byte	0
 1593 012b 03       		.uleb128 0x3
 1594 012c 0E       		.uleb128 0xe
 1595 012d 3A       		.uleb128 0x3a
 1596 012e 0B       		.uleb128 0xb
 1597 012f 3B       		.uleb128 0x3b
 1598 0130 0B       		.uleb128 0xb
 1599 0131 49       		.uleb128 0x49
 1600 0132 13       		.uleb128 0x13
 1601 0133 3F       		.uleb128 0x3f
 1602 0134 0C       		.uleb128 0xc
 1603 0135 02       		.uleb128 0x2
 1604 0136 0A       		.uleb128 0xa
 1605 0137 00       		.byte	0
 1606 0138 00       		.byte	0
 1607 0139 00       		.byte	0
ARM GAS  C:\Users\devdev\AppData\Local\Temp\ccPNxJAx.s 			page 34


 1608              		.section	.debug_loc,"",%progbits
 1609              	.Ldebug_loc0:
 1610              	.LLST0:
 1611 0000 00000000 		.4byte	.LFB56
 1612 0004 02000000 		.4byte	.LCFI0
 1613 0008 0200     		.2byte	0x2
 1614 000a 7D       		.byte	0x7d
 1615 000b 00       		.sleb128 0
 1616 000c 02000000 		.4byte	.LCFI0
 1617 0010 04000000 		.4byte	.LCFI1
 1618 0014 0200     		.2byte	0x2
 1619 0016 7D       		.byte	0x7d
 1620 0017 08       		.sleb128 8
 1621 0018 04000000 		.4byte	.LCFI1
 1622 001c 54020000 		.4byte	.LFE56
 1623 0020 0200     		.2byte	0x2
 1624 0022 77       		.byte	0x77
 1625 0023 08       		.sleb128 8
 1626 0024 00000000 		.4byte	0
 1627 0028 00000000 		.4byte	0
 1628              	.LLST1:
 1629 002c 00000000 		.4byte	.LFB57
 1630 0030 02000000 		.4byte	.LCFI2
 1631 0034 0200     		.2byte	0x2
 1632 0036 7D       		.byte	0x7d
 1633 0037 00       		.sleb128 0
 1634 0038 02000000 		.4byte	.LCFI2
 1635 003c 04000000 		.4byte	.LCFI3
 1636 0040 0200     		.2byte	0x2
 1637 0042 7D       		.byte	0x7d
 1638 0043 08       		.sleb128 8
 1639 0044 04000000 		.4byte	.LCFI3
 1640 0048 06000000 		.4byte	.LCFI4
 1641 004c 0200     		.2byte	0x2
 1642 004e 7D       		.byte	0x7d
 1643 004f 18       		.sleb128 24
 1644 0050 06000000 		.4byte	.LCFI4
 1645 0054 72000000 		.4byte	.LFE57
 1646 0058 0200     		.2byte	0x2
 1647 005a 77       		.byte	0x77
 1648 005b 18       		.sleb128 24
 1649 005c 00000000 		.4byte	0
 1650 0060 00000000 		.4byte	0
 1651              	.LLST2:
 1652 0064 00000000 		.4byte	.LFB58
 1653 0068 02000000 		.4byte	.LCFI5
 1654 006c 0200     		.2byte	0x2
 1655 006e 7D       		.byte	0x7d
 1656 006f 00       		.sleb128 0
 1657 0070 02000000 		.4byte	.LCFI5
 1658 0074 04000000 		.4byte	.LCFI6
 1659 0078 0200     		.2byte	0x2
 1660 007a 7D       		.byte	0x7d
 1661 007b 08       		.sleb128 8
 1662 007c 04000000 		.4byte	.LCFI6
 1663 0080 06000000 		.4byte	.LCFI7
 1664 0084 0200     		.2byte	0x2
ARM GAS  C:\Users\devdev\AppData\Local\Temp\ccPNxJAx.s 			page 35


 1665 0086 7D       		.byte	0x7d
 1666 0087 18       		.sleb128 24
 1667 0088 06000000 		.4byte	.LCFI7
 1668 008c 72000000 		.4byte	.LFE58
 1669 0090 0200     		.2byte	0x2
 1670 0092 77       		.byte	0x77
 1671 0093 18       		.sleb128 24
 1672 0094 00000000 		.4byte	0
 1673 0098 00000000 		.4byte	0
 1674              	.LLST3:
 1675 009c 00000000 		.4byte	.LFB59
 1676 00a0 02000000 		.4byte	.LCFI8
 1677 00a4 0200     		.2byte	0x2
 1678 00a6 7D       		.byte	0x7d
 1679 00a7 00       		.sleb128 0
 1680 00a8 02000000 		.4byte	.LCFI8
 1681 00ac 04000000 		.4byte	.LCFI9
 1682 00b0 0200     		.2byte	0x2
 1683 00b2 7D       		.byte	0x7d
 1684 00b3 08       		.sleb128 8
 1685 00b4 04000000 		.4byte	.LCFI9
 1686 00b8 06000000 		.4byte	.LCFI10
 1687 00bc 0200     		.2byte	0x2
 1688 00be 7D       		.byte	0x7d
 1689 00bf 18       		.sleb128 24
 1690 00c0 06000000 		.4byte	.LCFI10
 1691 00c4 72000000 		.4byte	.LFE59
 1692 00c8 0200     		.2byte	0x2
 1693 00ca 77       		.byte	0x77
 1694 00cb 18       		.sleb128 24
 1695 00cc 00000000 		.4byte	0
 1696 00d0 00000000 		.4byte	0
 1697              	.LLST4:
 1698 00d4 00000000 		.4byte	.LFB60
 1699 00d8 02000000 		.4byte	.LCFI11
 1700 00dc 0200     		.2byte	0x2
 1701 00de 7D       		.byte	0x7d
 1702 00df 00       		.sleb128 0
 1703 00e0 02000000 		.4byte	.LCFI11
 1704 00e4 04000000 		.4byte	.LCFI12
 1705 00e8 0200     		.2byte	0x2
 1706 00ea 7D       		.byte	0x7d
 1707 00eb 08       		.sleb128 8
 1708 00ec 04000000 		.4byte	.LCFI12
 1709 00f0 06000000 		.4byte	.LCFI13
 1710 00f4 0200     		.2byte	0x2
 1711 00f6 7D       		.byte	0x7d
 1712 00f7 18       		.sleb128 24
 1713 00f8 06000000 		.4byte	.LCFI13
 1714 00fc 72000000 		.4byte	.LFE60
 1715 0100 0200     		.2byte	0x2
 1716 0102 77       		.byte	0x77
 1717 0103 18       		.sleb128 24
 1718 0104 00000000 		.4byte	0
 1719 0108 00000000 		.4byte	0
 1720              	.LLST5:
 1721 010c 00000000 		.4byte	.LFB61
ARM GAS  C:\Users\devdev\AppData\Local\Temp\ccPNxJAx.s 			page 36


 1722 0110 02000000 		.4byte	.LCFI14
 1723 0114 0200     		.2byte	0x2
 1724 0116 7D       		.byte	0x7d
 1725 0117 00       		.sleb128 0
 1726 0118 02000000 		.4byte	.LCFI14
 1727 011c 04000000 		.4byte	.LCFI15
 1728 0120 0200     		.2byte	0x2
 1729 0122 7D       		.byte	0x7d
 1730 0123 08       		.sleb128 8
 1731 0124 04000000 		.4byte	.LCFI15
 1732 0128 46010000 		.4byte	.LFE61
 1733 012c 0200     		.2byte	0x2
 1734 012e 77       		.byte	0x77
 1735 012f 08       		.sleb128 8
 1736 0130 00000000 		.4byte	0
 1737 0134 00000000 		.4byte	0
 1738              	.LLST6:
 1739 0138 00000000 		.4byte	.LFB62
 1740 013c 02000000 		.4byte	.LCFI16
 1741 0140 0200     		.2byte	0x2
 1742 0142 7D       		.byte	0x7d
 1743 0143 00       		.sleb128 0
 1744 0144 02000000 		.4byte	.LCFI16
 1745 0148 04000000 		.4byte	.LCFI17
 1746 014c 0200     		.2byte	0x2
 1747 014e 7D       		.byte	0x7d
 1748 014f 08       		.sleb128 8
 1749 0150 04000000 		.4byte	.LCFI17
 1750 0154 26000000 		.4byte	.LFE62
 1751 0158 0200     		.2byte	0x2
 1752 015a 77       		.byte	0x77
 1753 015b 08       		.sleb128 8
 1754 015c 00000000 		.4byte	0
 1755 0160 00000000 		.4byte	0
 1756              	.LLST7:
 1757 0164 00000000 		.4byte	.LFB63
 1758 0168 02000000 		.4byte	.LCFI18
 1759 016c 0200     		.2byte	0x2
 1760 016e 7D       		.byte	0x7d
 1761 016f 00       		.sleb128 0
 1762 0170 02000000 		.4byte	.LCFI18
 1763 0174 04000000 		.4byte	.LCFI19
 1764 0178 0200     		.2byte	0x2
 1765 017a 7D       		.byte	0x7d
 1766 017b 08       		.sleb128 8
 1767 017c 04000000 		.4byte	.LCFI19
 1768 0180 0E000000 		.4byte	.LFE63
 1769 0184 0200     		.2byte	0x2
 1770 0186 77       		.byte	0x77
 1771 0187 08       		.sleb128 8
 1772 0188 00000000 		.4byte	0
 1773 018c 00000000 		.4byte	0
 1774              	.LLST8:
 1775 0190 00000000 		.4byte	.LFB64
 1776 0194 02000000 		.4byte	.LCFI20
 1777 0198 0200     		.2byte	0x2
 1778 019a 7D       		.byte	0x7d
ARM GAS  C:\Users\devdev\AppData\Local\Temp\ccPNxJAx.s 			page 37


 1779 019b 00       		.sleb128 0
 1780 019c 02000000 		.4byte	.LCFI20
 1781 01a0 04000000 		.4byte	.LCFI21
 1782 01a4 0200     		.2byte	0x2
 1783 01a6 7D       		.byte	0x7d
 1784 01a7 08       		.sleb128 8
 1785 01a8 04000000 		.4byte	.LCFI21
 1786 01ac 0E000000 		.4byte	.LFE64
 1787 01b0 0200     		.2byte	0x2
 1788 01b2 77       		.byte	0x77
 1789 01b3 08       		.sleb128 8
 1790 01b4 00000000 		.4byte	0
 1791 01b8 00000000 		.4byte	0
 1792              	.LLST9:
 1793 01bc 00000000 		.4byte	.LFB65
 1794 01c0 02000000 		.4byte	.LCFI22
 1795 01c4 0200     		.2byte	0x2
 1796 01c6 7D       		.byte	0x7d
 1797 01c7 00       		.sleb128 0
 1798 01c8 02000000 		.4byte	.LCFI22
 1799 01cc 04000000 		.4byte	.LCFI23
 1800 01d0 0200     		.2byte	0x2
 1801 01d2 7D       		.byte	0x7d
 1802 01d3 08       		.sleb128 8
 1803 01d4 04000000 		.4byte	.LCFI23
 1804 01d8 0E000000 		.4byte	.LFE65
 1805 01dc 0200     		.2byte	0x2
 1806 01de 77       		.byte	0x77
 1807 01df 08       		.sleb128 8
 1808 01e0 00000000 		.4byte	0
 1809 01e4 00000000 		.4byte	0
 1810              	.LLST10:
 1811 01e8 00000000 		.4byte	.LFB66
 1812 01ec 02000000 		.4byte	.LCFI24
 1813 01f0 0200     		.2byte	0x2
 1814 01f2 7D       		.byte	0x7d
 1815 01f3 00       		.sleb128 0
 1816 01f4 02000000 		.4byte	.LCFI24
 1817 01f8 04000000 		.4byte	.LCFI25
 1818 01fc 0200     		.2byte	0x2
 1819 01fe 7D       		.byte	0x7d
 1820 01ff 08       		.sleb128 8
 1821 0200 04000000 		.4byte	.LCFI25
 1822 0204 0E000000 		.4byte	.LFE66
 1823 0208 0200     		.2byte	0x2
 1824 020a 77       		.byte	0x77
 1825 020b 08       		.sleb128 8
 1826 020c 00000000 		.4byte	0
 1827 0210 00000000 		.4byte	0
 1828              		.section	.debug_aranges,"",%progbits
 1829 0000 6C000000 		.4byte	0x6c
 1830 0004 0200     		.2byte	0x2
 1831 0006 00000000 		.4byte	.Ldebug_info0
 1832 000a 04       		.byte	0x4
 1833 000b 00       		.byte	0
 1834 000c 0000     		.2byte	0
 1835 000e 0000     		.2byte	0
ARM GAS  C:\Users\devdev\AppData\Local\Temp\ccPNxJAx.s 			page 38


 1836 0010 00000000 		.4byte	.LFB56
 1837 0014 54020000 		.4byte	.LFE56-.LFB56
 1838 0018 00000000 		.4byte	.LFB57
 1839 001c 72000000 		.4byte	.LFE57-.LFB57
 1840 0020 00000000 		.4byte	.LFB58
 1841 0024 72000000 		.4byte	.LFE58-.LFB58
 1842 0028 00000000 		.4byte	.LFB59
 1843 002c 72000000 		.4byte	.LFE59-.LFB59
 1844 0030 00000000 		.4byte	.LFB60
 1845 0034 72000000 		.4byte	.LFE60-.LFB60
 1846 0038 00000000 		.4byte	.LFB61
 1847 003c 46010000 		.4byte	.LFE61-.LFB61
 1848 0040 00000000 		.4byte	.LFB62
 1849 0044 26000000 		.4byte	.LFE62-.LFB62
 1850 0048 00000000 		.4byte	.LFB63
 1851 004c 0E000000 		.4byte	.LFE63-.LFB63
 1852 0050 00000000 		.4byte	.LFB64
 1853 0054 0E000000 		.4byte	.LFE64-.LFB64
 1854 0058 00000000 		.4byte	.LFB65
 1855 005c 0E000000 		.4byte	.LFE65-.LFB65
 1856 0060 00000000 		.4byte	.LFB66
 1857 0064 0E000000 		.4byte	.LFE66-.LFB66
 1858 0068 00000000 		.4byte	0
 1859 006c 00000000 		.4byte	0
 1860              		.section	.debug_ranges,"",%progbits
 1861              	.Ldebug_ranges0:
 1862 0000 00000000 		.4byte	.LFB56
 1863 0004 54020000 		.4byte	.LFE56
 1864 0008 00000000 		.4byte	.LFB57
 1865 000c 72000000 		.4byte	.LFE57
 1866 0010 00000000 		.4byte	.LFB58
 1867 0014 72000000 		.4byte	.LFE58
 1868 0018 00000000 		.4byte	.LFB59
 1869 001c 72000000 		.4byte	.LFE59
 1870 0020 00000000 		.4byte	.LFB60
 1871 0024 72000000 		.4byte	.LFE60
 1872 0028 00000000 		.4byte	.LFB61
 1873 002c 46010000 		.4byte	.LFE61
 1874 0030 00000000 		.4byte	.LFB62
 1875 0034 26000000 		.4byte	.LFE62
 1876 0038 00000000 		.4byte	.LFB63
 1877 003c 0E000000 		.4byte	.LFE63
 1878 0040 00000000 		.4byte	.LFB64
 1879 0044 0E000000 		.4byte	.LFE64
 1880 0048 00000000 		.4byte	.LFB65
 1881 004c 0E000000 		.4byte	.LFE65
 1882 0050 00000000 		.4byte	.LFB66
 1883 0054 0E000000 		.4byte	.LFE66
 1884 0058 00000000 		.4byte	0
 1885 005c 00000000 		.4byte	0
 1886              		.section	.debug_line,"",%progbits
 1887              	.Ldebug_line0:
 1888 0000 99020000 		.section	.debug_str,"MS",%progbits,1
 1888      0200F900 
 1888      00000201 
 1888      FB0E0D00 
 1888      01010101 
ARM GAS  C:\Users\devdev\AppData\Local\Temp\ccPNxJAx.s 			page 39


 1889              	.LASF29:
 1890 0000 425F4C45 		.ascii	"B_LED_OFF\000"
 1890      445F4F46 
 1890      4600
 1891              	.LASF20:
 1892 000a 6E526F74 		.ascii	"nRotate\000"
 1892      61746500 
 1893              	.LASF36:
 1894 0012 43686563 		.ascii	"CheckSum\000"
 1894      6B53756D 
 1894      00
 1895              	.LASF18:
 1896 001b 52696768 		.ascii	"RightFrontMotor\000"
 1896      7446726F 
 1896      6E744D6F 
 1896      746F7200 
 1897              	.LASF32:
 1898 002b 73756D31 		.ascii	"sum1\000"
 1898      00
 1899              	.LASF13:
 1900 0030 666C6F61 		.ascii	"float\000"
 1900      7400
 1901              	.LASF1:
 1902 0036 756E7369 		.ascii	"unsigned char\000"
 1902      676E6564 
 1902      20636861 
 1902      7200
 1903              	.LASF38:
 1904 0044 2E5C6D61 		.ascii	".\\main.c\000"
 1904      696E2E63 
 1904      00
 1905              	.LASF21:
 1906 004d 6E50776D 		.ascii	"nPwm\000"
 1906      00
 1907              	.LASF12:
 1908 0052 696E7431 		.ascii	"int16\000"
 1908      3600
 1909              	.LASF31:
 1910 0058 61737469 		.ascii	"astic\000"
 1910      6300
 1911              	.LASF3:
 1912 005e 73686F72 		.ascii	"short unsigned int\000"
 1912      7420756E 
 1912      7369676E 
 1912      65642069 
 1912      6E7400
 1913              	.LASF30:
 1914 0071 49544D5F 		.ascii	"ITM_RxBuffer\000"
 1914      52784275 
 1914      66666572 
 1914      00
 1915              	.LASF35:
 1916 007e 42757474 		.ascii	"ButtonStatus2\000"
 1916      6F6E5374 
 1916      61747573 
 1916      3200
 1917              	.LASF22:
ARM GAS  C:\Users\devdev\AppData\Local\Temp\ccPNxJAx.s 			page 40


 1918 008c 4C656674 		.ascii	"LeftFrontMotor\000"
 1918      46726F6E 
 1918      744D6F74 
 1918      6F7200
 1919              	.LASF5:
 1920 009b 6C6F6E67 		.ascii	"long unsigned int\000"
 1920      20756E73 
 1920      69676E65 
 1920      6420696E 
 1920      7400
 1921              	.LASF25:
 1922 00ad 6D61696E 		.ascii	"main\000"
 1922      00
 1923              	.LASF11:
 1924 00b2 696E7438 		.ascii	"int8\000"
 1924      00
 1925              	.LASF8:
 1926 00b7 756E7369 		.ascii	"unsigned int\000"
 1926      676E6564 
 1926      20696E74 
 1926      00
 1927              	.LASF7:
 1928 00c4 6C6F6E67 		.ascii	"long long unsigned int\000"
 1928      206C6F6E 
 1928      6720756E 
 1928      7369676E 
 1928      65642069 
 1929              	.LASF33:
 1930 00db 6D6F6465 		.ascii	"mode\000"
 1930      00
 1931              	.LASF16:
 1932 00e0 63796973 		.ascii	"cyisraddress\000"
 1932      72616464 
 1932      72657373 
 1932      00
 1933              	.LASF39:
 1934 00ed 433A5C67 		.ascii	"C:\\gitData\\PSoC\\SFT1.0v\\Design01.cydsn\000"
 1934      69744461 
 1934      74615C50 
 1934      536F435C 
 1934      53465431 
 1935              	.LASF9:
 1936 0114 696E7433 		.ascii	"int32_t\000"
 1936      325F7400 
 1937              	.LASF17:
 1938 011c 73697A65 		.ascii	"sizetype\000"
 1938      74797065 
 1938      00
 1939              	.LASF6:
 1940 0125 6C6F6E67 		.ascii	"long long int\000"
 1940      206C6F6E 
 1940      6720696E 
 1940      7400
 1941              	.LASF15:
 1942 0133 63686172 		.ascii	"char\000"
 1942      00
 1943              	.LASF34:
ARM GAS  C:\Users\devdev\AppData\Local\Temp\ccPNxJAx.s 			page 41


 1944 0138 42757474 		.ascii	"ButtonStatus1\000"
 1944      6F6E5374 
 1944      61747573 
 1944      3100
 1945              	.LASF2:
 1946 0146 73686F72 		.ascii	"short int\000"
 1946      7420696E 
 1946      7400
 1947              	.LASF10:
 1948 0150 75696E74 		.ascii	"uint8\000"
 1948      3800
 1949              	.LASF37:
 1950 0156 474E5520 		.ascii	"GNU C 4.7.3 20130312 (release) [ARM/embedded-4_7-br"
 1950      4320342E 
 1950      372E3320 
 1950      32303133 
 1950      30333132 
 1951 0189 616E6368 		.ascii	"anch revision 196615]\000"
 1951      20726576 
 1951      6973696F 
 1951      6E203139 
 1951      36363135 
 1952              	.LASF27:
 1953 019f 525F4C45 		.ascii	"R_LED_OFF\000"
 1953      445F4F46 
 1953      4600
 1954              	.LASF24:
 1955 01a9 6D794861 		.ascii	"myHandler\000"
 1955      6E646C65 
 1955      7200
 1956              	.LASF19:
 1957 01b3 52696768 		.ascii	"RightRearMotor\000"
 1957      74526561 
 1957      724D6F74 
 1957      6F7200
 1958              	.LASF4:
 1959 01c2 6C6F6E67 		.ascii	"long int\000"
 1959      20696E74 
 1959      00
 1960              	.LASF0:
 1961 01cb 7369676E 		.ascii	"signed char\000"
 1961      65642063 
 1961      68617200 
 1962              	.LASF14:
 1963 01d7 646F7562 		.ascii	"double\000"
 1963      6C6500
 1964              	.LASF26:
 1965 01de 525F4C45 		.ascii	"R_LED_ON\000"
 1965      445F4F4E 
 1965      00
 1966              	.LASF28:
 1967 01e7 425F4C45 		.ascii	"B_LED_ON\000"
 1967      445F4F4E 
 1967      00
 1968              	.LASF23:
 1969 01f0 4C656674 		.ascii	"LeftRearMotor\000"
 1969      52656172 
ARM GAS  C:\Users\devdev\AppData\Local\Temp\ccPNxJAx.s 			page 42


 1969      4D6F746F 
 1969      7200
 1970              		.ident	"GCC: (GNU Tools for ARM Embedded Processors) 4.7.3 20130312 (release) [ARM/embedded-4_7-br
