ARM GAS  C:\Users\devdev\AppData\Local\Temp\cc6HA3ib.s 			page 1


   1              		.syntax unified
   2              		.cpu cortex-m3
   3              		.fpu softvfp
   4              		.eabi_attribute 20, 1
   5              		.eabi_attribute 21, 1
   6              		.eabi_attribute 23, 3
   7              		.eabi_attribute 24, 1
   8              		.eabi_attribute 25, 1
   9              		.eabi_attribute 26, 1
  10              		.eabi_attribute 30, 6
  11              		.eabi_attribute 34, 1
  12              		.eabi_attribute 18, 4
  13              		.thumb
  14              		.file	"UART_1_INT.c"
  15              		.text
  16              	.Ltext0:
  17              		.cfi_sections	.debug_frame
  18              		.section	.text.UART_1_RXISR,"ax",%progbits
  19              		.align	2
  20              		.global	UART_1_RXISR
  21              		.thumb
  22              		.thumb_func
  23              		.type	UART_1_RXISR, %function
  24              	UART_1_RXISR:
  25              	.LFB0:
  26              		.file 1 ".\\Generated_Source\\PSoC5\\UART_1_INT.c"
   1:.\Generated_Source\PSoC5/UART_1_INT.c **** /*******************************************************************************
   2:.\Generated_Source\PSoC5/UART_1_INT.c **** * File Name: UART_1_INT.c
   3:.\Generated_Source\PSoC5/UART_1_INT.c **** * Version 2.30
   4:.\Generated_Source\PSoC5/UART_1_INT.c **** *
   5:.\Generated_Source\PSoC5/UART_1_INT.c **** * Description:
   6:.\Generated_Source\PSoC5/UART_1_INT.c **** *  This file provides all Interrupt Service functionality of the UART component
   7:.\Generated_Source\PSoC5/UART_1_INT.c **** *
   8:.\Generated_Source\PSoC5/UART_1_INT.c **** * Note:
   9:.\Generated_Source\PSoC5/UART_1_INT.c **** *  Any unusual or non-standard behavior should be noted here. Other-
  10:.\Generated_Source\PSoC5/UART_1_INT.c **** *  wise, this section should remain blank.
  11:.\Generated_Source\PSoC5/UART_1_INT.c **** *
  12:.\Generated_Source\PSoC5/UART_1_INT.c **** ********************************************************************************
  13:.\Generated_Source\PSoC5/UART_1_INT.c **** * Copyright 2008-2012, Cypress Semiconductor Corporation.  All rights reserved.
  14:.\Generated_Source\PSoC5/UART_1_INT.c **** * You may use this file only in accordance with the license, terms, conditions,
  15:.\Generated_Source\PSoC5/UART_1_INT.c **** * disclaimers, and limitations in the end user license agreement accompanying
  16:.\Generated_Source\PSoC5/UART_1_INT.c **** * the software package with which this file was provided.
  17:.\Generated_Source\PSoC5/UART_1_INT.c **** *******************************************************************************/
  18:.\Generated_Source\PSoC5/UART_1_INT.c **** 
  19:.\Generated_Source\PSoC5/UART_1_INT.c **** #include "UART_1.h"
  20:.\Generated_Source\PSoC5/UART_1_INT.c **** #include "CyLib.h"
  21:.\Generated_Source\PSoC5/UART_1_INT.c **** 
  22:.\Generated_Source\PSoC5/UART_1_INT.c **** 
  23:.\Generated_Source\PSoC5/UART_1_INT.c **** /***************************************
  24:.\Generated_Source\PSoC5/UART_1_INT.c **** * Custom Declratations
  25:.\Generated_Source\PSoC5/UART_1_INT.c **** ***************************************/
  26:.\Generated_Source\PSoC5/UART_1_INT.c **** /* `#START CUSTOM_DECLARATIONS` Place your declaration here */
  27:.\Generated_Source\PSoC5/UART_1_INT.c **** 
  28:.\Generated_Source\PSoC5/UART_1_INT.c **** /* `#END` */
  29:.\Generated_Source\PSoC5/UART_1_INT.c **** 
  30:.\Generated_Source\PSoC5/UART_1_INT.c **** #if( (UART_1_RX_ENABLED || UART_1_HD_ENABLED) && \
  31:.\Generated_Source\PSoC5/UART_1_INT.c ****      (UART_1_RXBUFFERSIZE > UART_1_FIFO_LENGTH))
ARM GAS  C:\Users\devdev\AppData\Local\Temp\cc6HA3ib.s 			page 2


  32:.\Generated_Source\PSoC5/UART_1_INT.c **** 
  33:.\Generated_Source\PSoC5/UART_1_INT.c **** 
  34:.\Generated_Source\PSoC5/UART_1_INT.c ****     /*******************************************************************************
  35:.\Generated_Source\PSoC5/UART_1_INT.c ****     * Function Name: UART_1_RXISR
  36:.\Generated_Source\PSoC5/UART_1_INT.c ****     ********************************************************************************
  37:.\Generated_Source\PSoC5/UART_1_INT.c ****     *
  38:.\Generated_Source\PSoC5/UART_1_INT.c ****     * Summary:
  39:.\Generated_Source\PSoC5/UART_1_INT.c ****     *  Interrupt Service Routine for RX portion of the UART
  40:.\Generated_Source\PSoC5/UART_1_INT.c ****     *
  41:.\Generated_Source\PSoC5/UART_1_INT.c ****     * Parameters:
  42:.\Generated_Source\PSoC5/UART_1_INT.c ****     *  None.
  43:.\Generated_Source\PSoC5/UART_1_INT.c ****     *
  44:.\Generated_Source\PSoC5/UART_1_INT.c ****     * Return:
  45:.\Generated_Source\PSoC5/UART_1_INT.c ****     *  None.
  46:.\Generated_Source\PSoC5/UART_1_INT.c ****     *
  47:.\Generated_Source\PSoC5/UART_1_INT.c ****     * Global Variables:
  48:.\Generated_Source\PSoC5/UART_1_INT.c ****     *  UART_1_rxBuffer - RAM buffer pointer for save received data.
  49:.\Generated_Source\PSoC5/UART_1_INT.c ****     *  UART_1_rxBufferWrite - cyclic index for write to rxBuffer,
  50:.\Generated_Source\PSoC5/UART_1_INT.c ****     *     increments after each byte saved to buffer.
  51:.\Generated_Source\PSoC5/UART_1_INT.c ****     *  UART_1_rxBufferRead - cyclic index for read from rxBuffer,
  52:.\Generated_Source\PSoC5/UART_1_INT.c ****     *     checked to detect overflow condition.
  53:.\Generated_Source\PSoC5/UART_1_INT.c ****     *  UART_1_rxBufferOverflow - software overflow flag. Set to one
  54:.\Generated_Source\PSoC5/UART_1_INT.c ****     *     when UART_1_rxBufferWrite index overtakes
  55:.\Generated_Source\PSoC5/UART_1_INT.c ****     *     UART_1_rxBufferRead index.
  56:.\Generated_Source\PSoC5/UART_1_INT.c ****     *  UART_1_rxBufferLoopDetect - additional variable to detect overflow.
  57:.\Generated_Source\PSoC5/UART_1_INT.c ****     *     Set to one when UART_1_rxBufferWrite is equal to
  58:.\Generated_Source\PSoC5/UART_1_INT.c ****     *    UART_1_rxBufferRead
  59:.\Generated_Source\PSoC5/UART_1_INT.c ****     *  UART_1_rxAddressMode - this variable contains the Address mode,
  60:.\Generated_Source\PSoC5/UART_1_INT.c ****     *     selected in customizer or set by UART_SetRxAddressMode() API.
  61:.\Generated_Source\PSoC5/UART_1_INT.c ****     *  UART_1_rxAddressDetected - set to 1 when correct address received,
  62:.\Generated_Source\PSoC5/UART_1_INT.c ****     *     and analysed to store following addressed data bytes to the buffer.
  63:.\Generated_Source\PSoC5/UART_1_INT.c ****     *     When not correct address received, set to 0 to skip following data bytes.
  64:.\Generated_Source\PSoC5/UART_1_INT.c ****     *
  65:.\Generated_Source\PSoC5/UART_1_INT.c ****     *******************************************************************************/
  66:.\Generated_Source\PSoC5/UART_1_INT.c ****     CY_ISR(UART_1_RXISR)
  67:.\Generated_Source\PSoC5/UART_1_INT.c ****     {
  27              		.loc 1 67 0
  28              		.cfi_startproc
  29              		@ args = 0, pretend = 0, frame = 8
  30              		@ frame_needed = 1, uses_anonymous_args = 0
  31              		@ link register save eliminated.
  32 0000 80B4     		push	{r7}
  33              	.LCFI0:
  34              		.cfi_def_cfa_offset 4
  35              		.cfi_offset 7, -4
  36 0002 83B0     		sub	sp, sp, #12
  37              	.LCFI1:
  38              		.cfi_def_cfa_offset 16
  39 0004 00AF     		add	r7, sp, #0
  40              	.LCFI2:
  41              		.cfi_def_cfa_register 7
  68:.\Generated_Source\PSoC5/UART_1_INT.c ****         uint8 readData;
  69:.\Generated_Source\PSoC5/UART_1_INT.c ****         uint8 increment_pointer = 0u;
  42              		.loc 1 69 0
  43 0006 4FF00003 		mov	r3, #0
  44 000a BB71     		strb	r3, [r7, #6]
  70:.\Generated_Source\PSoC5/UART_1_INT.c ****         #if(CY_PSOC3)
ARM GAS  C:\Users\devdev\AppData\Local\Temp\cc6HA3ib.s 			page 3


  71:.\Generated_Source\PSoC5/UART_1_INT.c ****             uint8 int_en;
  72:.\Generated_Source\PSoC5/UART_1_INT.c ****         #endif /* CY_PSOC3 */
  73:.\Generated_Source\PSoC5/UART_1_INT.c **** 
  74:.\Generated_Source\PSoC5/UART_1_INT.c ****         /* User code required at start of ISR */
  75:.\Generated_Source\PSoC5/UART_1_INT.c ****         /* `#START UART_1_RXISR_START` */
  76:.\Generated_Source\PSoC5/UART_1_INT.c **** 
  77:.\Generated_Source\PSoC5/UART_1_INT.c ****         /* `#END` */
  78:.\Generated_Source\PSoC5/UART_1_INT.c **** 
  79:.\Generated_Source\PSoC5/UART_1_INT.c ****         #if(CY_PSOC3)   /* Make sure nested interrupt is enabled */
  80:.\Generated_Source\PSoC5/UART_1_INT.c ****             int_en = EA;
  81:.\Generated_Source\PSoC5/UART_1_INT.c ****             CyGlobalIntEnable;
  82:.\Generated_Source\PSoC5/UART_1_INT.c ****         #endif /* CY_PSOC3 */
  83:.\Generated_Source\PSoC5/UART_1_INT.c **** 
  84:.\Generated_Source\PSoC5/UART_1_INT.c ****         readData = UART_1_RXSTATUS_REG;
  45              		.loc 1 84 0
  46 000c 46F26143 		movw	r3, #25697
  47 0010 C4F20003 		movt	r3, 16384
  48 0014 1B78     		ldrb	r3, [r3, #0]
  49 0016 FB71     		strb	r3, [r7, #7]
  85:.\Generated_Source\PSoC5/UART_1_INT.c **** 
  86:.\Generated_Source\PSoC5/UART_1_INT.c ****         if((readData & (UART_1_RX_STS_BREAK | UART_1_RX_STS_PAR_ERROR |
  87:.\Generated_Source\PSoC5/UART_1_INT.c ****                         UART_1_RX_STS_STOP_ERROR | UART_1_RX_STS_OVERRUN)) != 0u)
  88:.\Generated_Source\PSoC5/UART_1_INT.c ****         {
  89:.\Generated_Source\PSoC5/UART_1_INT.c ****             /* ERROR handling. */
  90:.\Generated_Source\PSoC5/UART_1_INT.c ****             /* `#START UART_1_RXISR_ERROR` */
  91:.\Generated_Source\PSoC5/UART_1_INT.c **** 
  92:.\Generated_Source\PSoC5/UART_1_INT.c ****             /* `#END` */
  93:.\Generated_Source\PSoC5/UART_1_INT.c ****         }
  94:.\Generated_Source\PSoC5/UART_1_INT.c **** 
  95:.\Generated_Source\PSoC5/UART_1_INT.c ****         while((readData & UART_1_RX_STS_FIFO_NOTEMPTY) != 0u)
  50              		.loc 1 95 0
  51 0018 74E0     		b	.L2
  52              	.L7:
  96:.\Generated_Source\PSoC5/UART_1_INT.c ****         {
  97:.\Generated_Source\PSoC5/UART_1_INT.c **** 
  98:.\Generated_Source\PSoC5/UART_1_INT.c ****             #if (UART_1_RXHW_ADDRESS_ENABLED)
  99:.\Generated_Source\PSoC5/UART_1_INT.c ****                 if(UART_1_rxAddressMode == (uint8)UART_1__B_UART__AM_SW_DETECT_TO_BUFFER)
 100:.\Generated_Source\PSoC5/UART_1_INT.c ****                 {
 101:.\Generated_Source\PSoC5/UART_1_INT.c ****                     if((readData & UART_1_RX_STS_MRKSPC) != 0u)
 102:.\Generated_Source\PSoC5/UART_1_INT.c ****                     {
 103:.\Generated_Source\PSoC5/UART_1_INT.c ****                         if ((readData & UART_1_RX_STS_ADDR_MATCH) != 0u)
 104:.\Generated_Source\PSoC5/UART_1_INT.c ****                         {
 105:.\Generated_Source\PSoC5/UART_1_INT.c ****                             UART_1_rxAddressDetected = 1u;
 106:.\Generated_Source\PSoC5/UART_1_INT.c ****                         }
 107:.\Generated_Source\PSoC5/UART_1_INT.c ****                         else
 108:.\Generated_Source\PSoC5/UART_1_INT.c ****                         {
 109:.\Generated_Source\PSoC5/UART_1_INT.c ****                             UART_1_rxAddressDetected = 0u;
 110:.\Generated_Source\PSoC5/UART_1_INT.c ****                         }
 111:.\Generated_Source\PSoC5/UART_1_INT.c ****                     }
 112:.\Generated_Source\PSoC5/UART_1_INT.c **** 
 113:.\Generated_Source\PSoC5/UART_1_INT.c ****                     readData = UART_1_RXDATA_REG;
 114:.\Generated_Source\PSoC5/UART_1_INT.c ****                     if(UART_1_rxAddressDetected != 0u)
 115:.\Generated_Source\PSoC5/UART_1_INT.c ****                     {   /* store only addressed data */
 116:.\Generated_Source\PSoC5/UART_1_INT.c ****                         UART_1_rxBuffer[UART_1_rxBufferWrite] = readData;
 117:.\Generated_Source\PSoC5/UART_1_INT.c ****                         increment_pointer = 1u;
 118:.\Generated_Source\PSoC5/UART_1_INT.c ****                     }
 119:.\Generated_Source\PSoC5/UART_1_INT.c ****                 }
ARM GAS  C:\Users\devdev\AppData\Local\Temp\cc6HA3ib.s 			page 4


 120:.\Generated_Source\PSoC5/UART_1_INT.c ****                 else /* without software addressing */
 121:.\Generated_Source\PSoC5/UART_1_INT.c ****                 {
 122:.\Generated_Source\PSoC5/UART_1_INT.c ****                     UART_1_rxBuffer[UART_1_rxBufferWrite] = UART_1_RXDATA_REG;
 123:.\Generated_Source\PSoC5/UART_1_INT.c ****                     increment_pointer = 1u;
 124:.\Generated_Source\PSoC5/UART_1_INT.c ****                 }
 125:.\Generated_Source\PSoC5/UART_1_INT.c ****             #else  /* without addressing */
 126:.\Generated_Source\PSoC5/UART_1_INT.c ****                 UART_1_rxBuffer[UART_1_rxBufferWrite] = UART_1_RXDATA_REG;
  53              		.loc 1 126 0
  54 001a 40F20003 		movw	r3, #:lower16:UART_1_rxBufferWrite
  55 001e C0F20003 		movt	r3, #:upper16:UART_1_rxBufferWrite
  56 0022 1B78     		ldrb	r3, [r3, #0]
  57 0024 DBB2     		uxtb	r3, r3
  58 0026 1A46     		mov	r2, r3
  59 0028 46F24F43 		movw	r3, #25679
  60 002c C4F20003 		movt	r3, 16384
  61 0030 1B78     		ldrb	r3, [r3, #0]
  62 0032 D9B2     		uxtb	r1, r3
  63 0034 40F20003 		movw	r3, #:lower16:UART_1_rxBuffer
  64 0038 C0F20003 		movt	r3, #:upper16:UART_1_rxBuffer
  65 003c 9954     		strb	r1, [r3, r2]
 127:.\Generated_Source\PSoC5/UART_1_INT.c ****                 increment_pointer = 1u;
  66              		.loc 1 127 0
  67 003e 4FF00103 		mov	r3, #1
  68 0042 BB71     		strb	r3, [r7, #6]
 128:.\Generated_Source\PSoC5/UART_1_INT.c ****             #endif /* End SW_DETECT_TO_BUFFER */
 129:.\Generated_Source\PSoC5/UART_1_INT.c **** 
 130:.\Generated_Source\PSoC5/UART_1_INT.c ****             /* do not increment buffer pointer when skip not adderessed data */
 131:.\Generated_Source\PSoC5/UART_1_INT.c ****             if( increment_pointer != 0u )
  69              		.loc 1 131 0
  70 0044 BB79     		ldrb	r3, [r7, #6]	@ zero_extendqisi2
  71 0046 002B     		cmp	r3, #0
  72 0048 56D0     		beq	.L3
 132:.\Generated_Source\PSoC5/UART_1_INT.c ****             {
 133:.\Generated_Source\PSoC5/UART_1_INT.c ****                 if(UART_1_rxBufferLoopDetect != 0u)
  73              		.loc 1 133 0
  74 004a 40F20003 		movw	r3, #:lower16:UART_1_rxBufferLoopDetect
  75 004e C0F20003 		movt	r3, #:upper16:UART_1_rxBufferLoopDetect
  76 0052 1B78     		ldrb	r3, [r3, #0]
  77 0054 DBB2     		uxtb	r3, r3
  78 0056 002B     		cmp	r3, #0
  79 0058 06D0     		beq	.L4
 134:.\Generated_Source\PSoC5/UART_1_INT.c ****                 {   /* Set Software Buffer status Overflow */
 135:.\Generated_Source\PSoC5/UART_1_INT.c ****                     UART_1_rxBufferOverflow = 1u;
  80              		.loc 1 135 0
  81 005a 40F20003 		movw	r3, #:lower16:UART_1_rxBufferOverflow
  82 005e C0F20003 		movt	r3, #:upper16:UART_1_rxBufferOverflow
  83 0062 4FF00102 		mov	r2, #1
  84 0066 1A70     		strb	r2, [r3, #0]
  85              	.L4:
 136:.\Generated_Source\PSoC5/UART_1_INT.c ****                 }
 137:.\Generated_Source\PSoC5/UART_1_INT.c ****                 /* Set next pointer. */
 138:.\Generated_Source\PSoC5/UART_1_INT.c ****                 UART_1_rxBufferWrite++;
  86              		.loc 1 138 0
  87 0068 40F20003 		movw	r3, #:lower16:UART_1_rxBufferWrite
  88 006c C0F20003 		movt	r3, #:upper16:UART_1_rxBufferWrite
  89 0070 1B78     		ldrb	r3, [r3, #0]
  90 0072 DBB2     		uxtb	r3, r3
ARM GAS  C:\Users\devdev\AppData\Local\Temp\cc6HA3ib.s 			page 5


  91 0074 03F10103 		add	r3, r3, #1
  92 0078 DAB2     		uxtb	r2, r3
  93 007a 40F20003 		movw	r3, #:lower16:UART_1_rxBufferWrite
  94 007e C0F20003 		movt	r3, #:upper16:UART_1_rxBufferWrite
  95 0082 1A70     		strb	r2, [r3, #0]
 139:.\Generated_Source\PSoC5/UART_1_INT.c **** 
 140:.\Generated_Source\PSoC5/UART_1_INT.c ****                 /* Check pointer for a loop condition */
 141:.\Generated_Source\PSoC5/UART_1_INT.c ****                 if(UART_1_rxBufferWrite >= UART_1_RXBUFFERSIZE)
  96              		.loc 1 141 0
  97 0084 40F20003 		movw	r3, #:lower16:UART_1_rxBufferWrite
  98 0088 C0F20003 		movt	r3, #:upper16:UART_1_rxBufferWrite
  99 008c 1B78     		ldrb	r3, [r3, #0]
 100 008e DBB2     		uxtb	r3, r3
 101 0090 0F2B     		cmp	r3, #15
 102 0092 06D9     		bls	.L5
 142:.\Generated_Source\PSoC5/UART_1_INT.c ****                 {
 143:.\Generated_Source\PSoC5/UART_1_INT.c ****                     UART_1_rxBufferWrite = 0u;
 103              		.loc 1 143 0
 104 0094 40F20003 		movw	r3, #:lower16:UART_1_rxBufferWrite
 105 0098 C0F20003 		movt	r3, #:upper16:UART_1_rxBufferWrite
 106 009c 4FF00002 		mov	r2, #0
 107 00a0 1A70     		strb	r2, [r3, #0]
 108              	.L5:
 144:.\Generated_Source\PSoC5/UART_1_INT.c ****                 }
 145:.\Generated_Source\PSoC5/UART_1_INT.c ****                 /* Detect pre-overload condition and set flag */
 146:.\Generated_Source\PSoC5/UART_1_INT.c ****                 if(UART_1_rxBufferWrite == UART_1_rxBufferRead)
 109              		.loc 1 146 0
 110 00a2 40F20003 		movw	r3, #:lower16:UART_1_rxBufferWrite
 111 00a6 C0F20003 		movt	r3, #:upper16:UART_1_rxBufferWrite
 112 00aa 1B78     		ldrb	r3, [r3, #0]
 113 00ac DAB2     		uxtb	r2, r3
 114 00ae 40F20003 		movw	r3, #:lower16:UART_1_rxBufferRead
 115 00b2 C0F20003 		movt	r3, #:upper16:UART_1_rxBufferRead
 116 00b6 1B78     		ldrb	r3, [r3, #0]
 117 00b8 DBB2     		uxtb	r3, r3
 118 00ba 9A42     		cmp	r2, r3
 119 00bc 1CD1     		bne	.L3
 147:.\Generated_Source\PSoC5/UART_1_INT.c ****                 {
 148:.\Generated_Source\PSoC5/UART_1_INT.c ****                     UART_1_rxBufferLoopDetect = 1u;
 120              		.loc 1 148 0
 121 00be 40F20003 		movw	r3, #:lower16:UART_1_rxBufferLoopDetect
 122 00c2 C0F20003 		movt	r3, #:upper16:UART_1_rxBufferLoopDetect
 123 00c6 4FF00102 		mov	r2, #1
 124 00ca 1A70     		strb	r2, [r3, #0]
 149:.\Generated_Source\PSoC5/UART_1_INT.c ****                     /* When Hardware Flow Control selected */
 150:.\Generated_Source\PSoC5/UART_1_INT.c ****                     #if(UART_1_FLOW_CONTROL != 0u)
 151:.\Generated_Source\PSoC5/UART_1_INT.c ****                     /* Disable RX interrupt mask, it will be enabled when user read data from the b
 152:.\Generated_Source\PSoC5/UART_1_INT.c ****                         UART_1_RXSTATUS_MASK_REG  &= (uint8)~UART_1_RX_STS_FIFO_NOTEMPTY;
 125              		.loc 1 152 0
 126 00cc 46F28143 		movw	r3, #25729
 127 00d0 C4F20003 		movt	r3, 16384
 128 00d4 46F28142 		movw	r2, #25729
 129 00d8 C4F20002 		movt	r2, 16384
 130 00dc 1278     		ldrb	r2, [r2, #0]
 131 00de D2B2     		uxtb	r2, r2
 132 00e0 22F02002 		bic	r2, r2, #32
 133 00e4 D2B2     		uxtb	r2, r2
ARM GAS  C:\Users\devdev\AppData\Local\Temp\cc6HA3ib.s 			page 6


 134 00e6 1A70     		strb	r2, [r3, #0]
 153:.\Generated_Source\PSoC5/UART_1_INT.c ****                         CyIntClearPending(UART_1_RX_VECT_NUM);
 135              		.loc 1 153 0
 136 00e8 4EF28023 		movw	r3, #57984
 137 00ec CEF20003 		movt	r3, 57344
 138 00f0 4FF00402 		mov	r2, #4
 139 00f4 1A60     		str	r2, [r3, #0]
 154:.\Generated_Source\PSoC5/UART_1_INT.c ****                         break; /* Break the reading of the FIFO loop, leave the data there for gene
 140              		.loc 1 154 0
 141 00f6 0AE0     		b	.L1
 142              	.L3:
 155:.\Generated_Source\PSoC5/UART_1_INT.c ****                     #endif /* End UART_1_FLOW_CONTROL != 0 */
 156:.\Generated_Source\PSoC5/UART_1_INT.c ****                 }
 157:.\Generated_Source\PSoC5/UART_1_INT.c ****             }
 158:.\Generated_Source\PSoC5/UART_1_INT.c **** 
 159:.\Generated_Source\PSoC5/UART_1_INT.c ****             /* Check again if there is data. */
 160:.\Generated_Source\PSoC5/UART_1_INT.c ****             readData = UART_1_RXSTATUS_REG;
 143              		.loc 1 160 0
 144 00f8 46F26143 		movw	r3, #25697
 145 00fc C4F20003 		movt	r3, 16384
 146 0100 1B78     		ldrb	r3, [r3, #0]
 147 0102 FB71     		strb	r3, [r7, #7]
 148              	.L2:
  95:.\Generated_Source\PSoC5/UART_1_INT.c ****         while((readData & UART_1_RX_STS_FIFO_NOTEMPTY) != 0u)
 149              		.loc 1 95 0 discriminator 1
 150 0104 FB79     		ldrb	r3, [r7, #7]	@ zero_extendqisi2
 151 0106 03F02003 		and	r3, r3, #32
 152 010a 002B     		cmp	r3, #0
 153 010c 85D1     		bne	.L7
 154              	.L1:
 161:.\Generated_Source\PSoC5/UART_1_INT.c ****         }
 162:.\Generated_Source\PSoC5/UART_1_INT.c **** 
 163:.\Generated_Source\PSoC5/UART_1_INT.c ****         /* User code required at end of ISR (Optional) */
 164:.\Generated_Source\PSoC5/UART_1_INT.c ****         /* `#START UART_1_RXISR_END` */
 165:.\Generated_Source\PSoC5/UART_1_INT.c **** 
 166:.\Generated_Source\PSoC5/UART_1_INT.c ****         /* `#END` */
 167:.\Generated_Source\PSoC5/UART_1_INT.c **** 
 168:.\Generated_Source\PSoC5/UART_1_INT.c ****         #if(CY_PSOC3)
 169:.\Generated_Source\PSoC5/UART_1_INT.c ****             EA = int_en;
 170:.\Generated_Source\PSoC5/UART_1_INT.c ****         #endif /* CY_PSOC3 */
 171:.\Generated_Source\PSoC5/UART_1_INT.c **** 
 172:.\Generated_Source\PSoC5/UART_1_INT.c ****     }
 155              		.loc 1 172 0
 156 010e 07F10C07 		add	r7, r7, #12
 157 0112 BD46     		mov	sp, r7
 158 0114 80BC     		pop	{r7}
 159 0116 7047     		bx	lr
 160              		.cfi_endproc
 161              	.LFE0:
 162              		.size	UART_1_RXISR, .-UART_1_RXISR
 163              		.text
 164              	.Letext0:
 165              		.file 2 ".\\Generated_Source\\PSoC5\\cytypes.h"
 166              		.file 3 ".\\Generated_Source\\PSoC5\\UART_1.h"
 167              		.section	.debug_info,"",%progbits
 168              	.Ldebug_info0:
 169 0000 50010000 		.4byte	0x150
ARM GAS  C:\Users\devdev\AppData\Local\Temp\cc6HA3ib.s 			page 7


 170 0004 0200     		.2byte	0x2
 171 0006 00000000 		.4byte	.Ldebug_abbrev0
 172 000a 04       		.byte	0x4
 173 000b 01       		.uleb128 0x1
 174 000c 6A000000 		.4byte	.LASF24
 175 0010 01       		.byte	0x1
 176 0011 B9000000 		.4byte	.LASF25
 177 0015 F6000000 		.4byte	.LASF26
 178 0019 00000000 		.4byte	.Ldebug_ranges0+0
 179 001d 00000000 		.4byte	0
 180 0021 00000000 		.4byte	0
 181 0025 00000000 		.4byte	.Ldebug_line0
 182 0029 02       		.uleb128 0x2
 183 002a 01       		.byte	0x1
 184 002b 06       		.byte	0x6
 185 002c 9A010000 		.4byte	.LASF0
 186 0030 02       		.uleb128 0x2
 187 0031 01       		.byte	0x1
 188 0032 08       		.byte	0x8
 189 0033 34010000 		.4byte	.LASF1
 190 0037 02       		.uleb128 0x2
 191 0038 02       		.byte	0x2
 192 0039 05       		.byte	0x5
 193 003a D6010000 		.4byte	.LASF2
 194 003e 02       		.uleb128 0x2
 195 003f 02       		.byte	0x2
 196 0040 07       		.byte	0x7
 197 0041 87010000 		.4byte	.LASF3
 198 0045 02       		.uleb128 0x2
 199 0046 04       		.byte	0x4
 200 0047 05       		.byte	0x5
 201 0048 47010000 		.4byte	.LASF4
 202 004c 02       		.uleb128 0x2
 203 004d 04       		.byte	0x4
 204 004e 07       		.byte	0x7
 205 004f 68010000 		.4byte	.LASF5
 206 0053 02       		.uleb128 0x2
 207 0054 08       		.byte	0x8
 208 0055 05       		.byte	0x5
 209 0056 00000000 		.4byte	.LASF6
 210 005a 02       		.uleb128 0x2
 211 005b 08       		.byte	0x8
 212 005c 07       		.byte	0x7
 213 005d DF000000 		.4byte	.LASF7
 214 0061 03       		.uleb128 0x3
 215 0062 04       		.byte	0x4
 216 0063 05       		.byte	0x5
 217 0064 696E7400 		.ascii	"int\000"
 218 0068 02       		.uleb128 0x2
 219 0069 04       		.byte	0x4
 220 006a 07       		.byte	0x7
 221 006b 15000000 		.4byte	.LASF8
 222 006f 04       		.uleb128 0x4
 223 0070 B3000000 		.4byte	.LASF9
 224 0074 02       		.byte	0x2
 225 0075 5B       		.byte	0x5b
 226 0076 30000000 		.4byte	0x30
ARM GAS  C:\Users\devdev\AppData\Local\Temp\cc6HA3ib.s 			page 8


 227 007a 04       		.uleb128 0x4
 228 007b 0E000000 		.4byte	.LASF10
 229 007f 02       		.byte	0x2
 230 0080 5D       		.byte	0x5d
 231 0081 4C000000 		.4byte	0x4c
 232 0085 02       		.uleb128 0x2
 233 0086 04       		.byte	0x4
 234 0087 04       		.byte	0x4
 235 0088 C0010000 		.4byte	.LASF11
 236 008c 02       		.uleb128 0x2
 237 008d 08       		.byte	0x8
 238 008e 04       		.byte	0x4
 239 008f 7A010000 		.4byte	.LASF12
 240 0093 02       		.uleb128 0x2
 241 0094 01       		.byte	0x1
 242 0095 08       		.byte	0x8
 243 0096 42010000 		.4byte	.LASF13
 244 009a 04       		.uleb128 0x4
 245 009b E0010000 		.4byte	.LASF14
 246 009f 02       		.byte	0x2
 247 00a0 F0       		.byte	0xf0
 248 00a1 A5000000 		.4byte	0xa5
 249 00a5 05       		.uleb128 0x5
 250 00a6 6F000000 		.4byte	0x6f
 251 00aa 04       		.uleb128 0x4
 252 00ab 81010000 		.4byte	.LASF15
 253 00af 02       		.byte	0x2
 254 00b0 F2       		.byte	0xf2
 255 00b1 B5000000 		.4byte	0xb5
 256 00b5 05       		.uleb128 0x5
 257 00b6 7A000000 		.4byte	0x7a
 258 00ba 02       		.uleb128 0x2
 259 00bb 04       		.byte	0x4
 260 00bc 07       		.byte	0x7
 261 00bd EE010000 		.4byte	.LASF16
 262 00c1 06       		.uleb128 0x6
 263 00c2 01       		.byte	0x1
 264 00c3 5D000000 		.4byte	.LASF27
 265 00c7 01       		.byte	0x1
 266 00c8 42       		.byte	0x42
 267 00c9 01       		.byte	0x1
 268 00ca 00000000 		.4byte	.LFB0
 269 00ce 18010000 		.4byte	.LFE0
 270 00d2 00000000 		.4byte	.LLST0
 271 00d6 01       		.byte	0x1
 272 00d7 F8000000 		.4byte	0xf8
 273 00db 07       		.uleb128 0x7
 274 00dc E5010000 		.4byte	.LASF17
 275 00e0 01       		.byte	0x1
 276 00e1 44       		.byte	0x44
 277 00e2 6F000000 		.4byte	0x6f
 278 00e6 02       		.byte	0x2
 279 00e7 91       		.byte	0x91
 280 00e8 77       		.sleb128 -9
 281 00e9 07       		.uleb128 0x7
 282 00ea 36000000 		.4byte	.LASF18
 283 00ee 01       		.byte	0x1
ARM GAS  C:\Users\devdev\AppData\Local\Temp\cc6HA3ib.s 			page 9


 284 00ef 45       		.byte	0x45
 285 00f0 6F000000 		.4byte	0x6f
 286 00f4 02       		.byte	0x2
 287 00f5 91       		.byte	0x91
 288 00f6 76       		.sleb128 -10
 289 00f7 00       		.byte	0
 290 00f8 08       		.uleb128 0x8
 291 00f9 6F000000 		.4byte	0x6f
 292 00fd 08010000 		.4byte	0x108
 293 0101 09       		.uleb128 0x9
 294 0102 BA000000 		.4byte	0xba
 295 0106 0F       		.byte	0xf
 296 0107 00       		.byte	0
 297 0108 0A       		.uleb128 0xa
 298 0109 C6010000 		.4byte	.LASF19
 299 010d 03       		.byte	0x3
 300 010e 5201     		.2byte	0x152
 301 0110 16010000 		.4byte	0x116
 302 0114 01       		.byte	0x1
 303 0115 01       		.byte	0x1
 304 0116 05       		.uleb128 0x5
 305 0117 F8000000 		.4byte	0xf8
 306 011b 0A       		.uleb128 0xa
 307 011c 22000000 		.4byte	.LASF20
 308 0120 03       		.byte	0x3
 309 0121 5301     		.2byte	0x153
 310 0123 A5000000 		.4byte	0xa5
 311 0127 01       		.byte	0x1
 312 0128 01       		.byte	0x1
 313 0129 0A       		.uleb128 0xa
 314 012a 48000000 		.4byte	.LASF21
 315 012e 03       		.byte	0x3
 316 012f 5401     		.2byte	0x154
 317 0131 A5000000 		.4byte	0xa5
 318 0135 01       		.byte	0x1
 319 0136 01       		.byte	0x1
 320 0137 0A       		.uleb128 0xa
 321 0138 A6010000 		.4byte	.LASF22
 322 013c 03       		.byte	0x3
 323 013d 5501     		.2byte	0x155
 324 013f A5000000 		.4byte	0xa5
 325 0143 01       		.byte	0x1
 326 0144 01       		.byte	0x1
 327 0145 0A       		.uleb128 0xa
 328 0146 50010000 		.4byte	.LASF23
 329 014a 03       		.byte	0x3
 330 014b 5601     		.2byte	0x156
 331 014d A5000000 		.4byte	0xa5
 332 0151 01       		.byte	0x1
 333 0152 01       		.byte	0x1
 334 0153 00       		.byte	0
 335              		.section	.debug_abbrev,"",%progbits
 336              	.Ldebug_abbrev0:
 337 0000 01       		.uleb128 0x1
 338 0001 11       		.uleb128 0x11
 339 0002 01       		.byte	0x1
 340 0003 25       		.uleb128 0x25
ARM GAS  C:\Users\devdev\AppData\Local\Temp\cc6HA3ib.s 			page 10


 341 0004 0E       		.uleb128 0xe
 342 0005 13       		.uleb128 0x13
 343 0006 0B       		.uleb128 0xb
 344 0007 03       		.uleb128 0x3
 345 0008 0E       		.uleb128 0xe
 346 0009 1B       		.uleb128 0x1b
 347 000a 0E       		.uleb128 0xe
 348 000b 55       		.uleb128 0x55
 349 000c 06       		.uleb128 0x6
 350 000d 11       		.uleb128 0x11
 351 000e 01       		.uleb128 0x1
 352 000f 52       		.uleb128 0x52
 353 0010 01       		.uleb128 0x1
 354 0011 10       		.uleb128 0x10
 355 0012 06       		.uleb128 0x6
 356 0013 00       		.byte	0
 357 0014 00       		.byte	0
 358 0015 02       		.uleb128 0x2
 359 0016 24       		.uleb128 0x24
 360 0017 00       		.byte	0
 361 0018 0B       		.uleb128 0xb
 362 0019 0B       		.uleb128 0xb
 363 001a 3E       		.uleb128 0x3e
 364 001b 0B       		.uleb128 0xb
 365 001c 03       		.uleb128 0x3
 366 001d 0E       		.uleb128 0xe
 367 001e 00       		.byte	0
 368 001f 00       		.byte	0
 369 0020 03       		.uleb128 0x3
 370 0021 24       		.uleb128 0x24
 371 0022 00       		.byte	0
 372 0023 0B       		.uleb128 0xb
 373 0024 0B       		.uleb128 0xb
 374 0025 3E       		.uleb128 0x3e
 375 0026 0B       		.uleb128 0xb
 376 0027 03       		.uleb128 0x3
 377 0028 08       		.uleb128 0x8
 378 0029 00       		.byte	0
 379 002a 00       		.byte	0
 380 002b 04       		.uleb128 0x4
 381 002c 16       		.uleb128 0x16
 382 002d 00       		.byte	0
 383 002e 03       		.uleb128 0x3
 384 002f 0E       		.uleb128 0xe
 385 0030 3A       		.uleb128 0x3a
 386 0031 0B       		.uleb128 0xb
 387 0032 3B       		.uleb128 0x3b
 388 0033 0B       		.uleb128 0xb
 389 0034 49       		.uleb128 0x49
 390 0035 13       		.uleb128 0x13
 391 0036 00       		.byte	0
 392 0037 00       		.byte	0
 393 0038 05       		.uleb128 0x5
 394 0039 35       		.uleb128 0x35
 395 003a 00       		.byte	0
 396 003b 49       		.uleb128 0x49
 397 003c 13       		.uleb128 0x13
ARM GAS  C:\Users\devdev\AppData\Local\Temp\cc6HA3ib.s 			page 11


 398 003d 00       		.byte	0
 399 003e 00       		.byte	0
 400 003f 06       		.uleb128 0x6
 401 0040 2E       		.uleb128 0x2e
 402 0041 01       		.byte	0x1
 403 0042 3F       		.uleb128 0x3f
 404 0043 0C       		.uleb128 0xc
 405 0044 03       		.uleb128 0x3
 406 0045 0E       		.uleb128 0xe
 407 0046 3A       		.uleb128 0x3a
 408 0047 0B       		.uleb128 0xb
 409 0048 3B       		.uleb128 0x3b
 410 0049 0B       		.uleb128 0xb
 411 004a 27       		.uleb128 0x27
 412 004b 0C       		.uleb128 0xc
 413 004c 11       		.uleb128 0x11
 414 004d 01       		.uleb128 0x1
 415 004e 12       		.uleb128 0x12
 416 004f 01       		.uleb128 0x1
 417 0050 40       		.uleb128 0x40
 418 0051 06       		.uleb128 0x6
 419 0052 9742     		.uleb128 0x2117
 420 0054 0C       		.uleb128 0xc
 421 0055 01       		.uleb128 0x1
 422 0056 13       		.uleb128 0x13
 423 0057 00       		.byte	0
 424 0058 00       		.byte	0
 425 0059 07       		.uleb128 0x7
 426 005a 34       		.uleb128 0x34
 427 005b 00       		.byte	0
 428 005c 03       		.uleb128 0x3
 429 005d 0E       		.uleb128 0xe
 430 005e 3A       		.uleb128 0x3a
 431 005f 0B       		.uleb128 0xb
 432 0060 3B       		.uleb128 0x3b
 433 0061 0B       		.uleb128 0xb
 434 0062 49       		.uleb128 0x49
 435 0063 13       		.uleb128 0x13
 436 0064 02       		.uleb128 0x2
 437 0065 0A       		.uleb128 0xa
 438 0066 00       		.byte	0
 439 0067 00       		.byte	0
 440 0068 08       		.uleb128 0x8
 441 0069 01       		.uleb128 0x1
 442 006a 01       		.byte	0x1
 443 006b 49       		.uleb128 0x49
 444 006c 13       		.uleb128 0x13
 445 006d 01       		.uleb128 0x1
 446 006e 13       		.uleb128 0x13
 447 006f 00       		.byte	0
 448 0070 00       		.byte	0
 449 0071 09       		.uleb128 0x9
 450 0072 21       		.uleb128 0x21
 451 0073 00       		.byte	0
 452 0074 49       		.uleb128 0x49
 453 0075 13       		.uleb128 0x13
 454 0076 2F       		.uleb128 0x2f
ARM GAS  C:\Users\devdev\AppData\Local\Temp\cc6HA3ib.s 			page 12


 455 0077 0B       		.uleb128 0xb
 456 0078 00       		.byte	0
 457 0079 00       		.byte	0
 458 007a 0A       		.uleb128 0xa
 459 007b 34       		.uleb128 0x34
 460 007c 00       		.byte	0
 461 007d 03       		.uleb128 0x3
 462 007e 0E       		.uleb128 0xe
 463 007f 3A       		.uleb128 0x3a
 464 0080 0B       		.uleb128 0xb
 465 0081 3B       		.uleb128 0x3b
 466 0082 05       		.uleb128 0x5
 467 0083 49       		.uleb128 0x49
 468 0084 13       		.uleb128 0x13
 469 0085 3F       		.uleb128 0x3f
 470 0086 0C       		.uleb128 0xc
 471 0087 3C       		.uleb128 0x3c
 472 0088 0C       		.uleb128 0xc
 473 0089 00       		.byte	0
 474 008a 00       		.byte	0
 475 008b 00       		.byte	0
 476              		.section	.debug_loc,"",%progbits
 477              	.Ldebug_loc0:
 478              	.LLST0:
 479 0000 00000000 		.4byte	.LFB0
 480 0004 02000000 		.4byte	.LCFI0
 481 0008 0200     		.2byte	0x2
 482 000a 7D       		.byte	0x7d
 483 000b 00       		.sleb128 0
 484 000c 02000000 		.4byte	.LCFI0
 485 0010 04000000 		.4byte	.LCFI1
 486 0014 0200     		.2byte	0x2
 487 0016 7D       		.byte	0x7d
 488 0017 04       		.sleb128 4
 489 0018 04000000 		.4byte	.LCFI1
 490 001c 06000000 		.4byte	.LCFI2
 491 0020 0200     		.2byte	0x2
 492 0022 7D       		.byte	0x7d
 493 0023 10       		.sleb128 16
 494 0024 06000000 		.4byte	.LCFI2
 495 0028 18010000 		.4byte	.LFE0
 496 002c 0200     		.2byte	0x2
 497 002e 77       		.byte	0x77
 498 002f 10       		.sleb128 16
 499 0030 00000000 		.4byte	0
 500 0034 00000000 		.4byte	0
 501              		.section	.debug_aranges,"",%progbits
 502 0000 1C000000 		.4byte	0x1c
 503 0004 0200     		.2byte	0x2
 504 0006 00000000 		.4byte	.Ldebug_info0
 505 000a 04       		.byte	0x4
 506 000b 00       		.byte	0
 507 000c 0000     		.2byte	0
 508 000e 0000     		.2byte	0
 509 0010 00000000 		.4byte	.LFB0
 510 0014 18010000 		.4byte	.LFE0-.LFB0
 511 0018 00000000 		.4byte	0
ARM GAS  C:\Users\devdev\AppData\Local\Temp\cc6HA3ib.s 			page 13


 512 001c 00000000 		.4byte	0
 513              		.section	.debug_ranges,"",%progbits
 514              	.Ldebug_ranges0:
 515 0000 00000000 		.4byte	.LFB0
 516 0004 18010000 		.4byte	.LFE0
 517 0008 00000000 		.4byte	0
 518 000c 00000000 		.4byte	0
 519              		.section	.debug_line,"",%progbits
 520              	.Ldebug_line0:
 521 0000 8F000000 		.section	.debug_str,"MS",%progbits,1
 521      02005500 
 521      00000201 
 521      FB0E0D00 
 521      01010101 
 522              	.LASF6:
 523 0000 6C6F6E67 		.ascii	"long long int\000"
 523      206C6F6E 
 523      6720696E 
 523      7400
 524              	.LASF10:
 525 000e 75696E74 		.ascii	"uint32\000"
 525      333200
 526              	.LASF8:
 527 0015 756E7369 		.ascii	"unsigned int\000"
 527      676E6564 
 527      20696E74 
 527      00
 528              	.LASF20:
 529 0022 55415254 		.ascii	"UART_1_rxBufferRead\000"
 529      5F315F72 
 529      78427566 
 529      66657252 
 529      65616400 
 530              	.LASF18:
 531 0036 696E6372 		.ascii	"increment_pointer\000"
 531      656D656E 
 531      745F706F 
 531      696E7465 
 531      7200
 532              	.LASF21:
 533 0048 55415254 		.ascii	"UART_1_rxBufferWrite\000"
 533      5F315F72 
 533      78427566 
 533      66657257 
 533      72697465 
 534              	.LASF27:
 535 005d 55415254 		.ascii	"UART_1_RXISR\000"
 535      5F315F52 
 535      58495352 
 535      00
 536              	.LASF24:
 537 006a 474E5520 		.ascii	"GNU C 4.7.3 20130312 (release) [ARM/embedded-4_7-br"
 537      4320342E 
 537      372E3320 
 537      32303133 
 537      30333132 
 538 009d 616E6368 		.ascii	"anch revision 196615]\000"
ARM GAS  C:\Users\devdev\AppData\Local\Temp\cc6HA3ib.s 			page 14


 538      20726576 
 538      6973696F 
 538      6E203139 
 538      36363135 
 539              	.LASF9:
 540 00b3 75696E74 		.ascii	"uint8\000"
 540      3800
 541              	.LASF25:
 542 00b9 2E5C4765 		.ascii	".\\Generated_Source\\PSoC5\\UART_1_INT.c\000"
 542      6E657261 
 542      7465645F 
 542      536F7572 
 542      63655C50 
 543              	.LASF7:
 544 00df 6C6F6E67 		.ascii	"long long unsigned int\000"
 544      206C6F6E 
 544      6720756E 
 544      7369676E 
 544      65642069 
 545              	.LASF26:
 546 00f6 433A5C55 		.ascii	"C:\\Users\\devdev\\Documents\\PSoC Creator\\SFT1.0v"
 546      73657273 
 546      5C646576 
 546      6465765C 
 546      446F6375 
 547 0124 5C446573 		.ascii	"\\Design01.cydsn\000"
 547      69676E30 
 547      312E6379 
 547      64736E00 
 548              	.LASF1:
 549 0134 756E7369 		.ascii	"unsigned char\000"
 549      676E6564 
 549      20636861 
 549      7200
 550              	.LASF13:
 551 0142 63686172 		.ascii	"char\000"
 551      00
 552              	.LASF4:
 553 0147 6C6F6E67 		.ascii	"long int\000"
 553      20696E74 
 553      00
 554              	.LASF23:
 555 0150 55415254 		.ascii	"UART_1_rxBufferOverflow\000"
 555      5F315F72 
 555      78427566 
 555      6665724F 
 555      76657266 
 556              	.LASF5:
 557 0168 6C6F6E67 		.ascii	"long unsigned int\000"
 557      20756E73 
 557      69676E65 
 557      6420696E 
 557      7400
 558              	.LASF12:
 559 017a 646F7562 		.ascii	"double\000"
 559      6C6500
 560              	.LASF15:
ARM GAS  C:\Users\devdev\AppData\Local\Temp\cc6HA3ib.s 			page 15


 561 0181 72656733 		.ascii	"reg32\000"
 561      3200
 562              	.LASF3:
 563 0187 73686F72 		.ascii	"short unsigned int\000"
 563      7420756E 
 563      7369676E 
 563      65642069 
 563      6E7400
 564              	.LASF0:
 565 019a 7369676E 		.ascii	"signed char\000"
 565      65642063 
 565      68617200 
 566              	.LASF22:
 567 01a6 55415254 		.ascii	"UART_1_rxBufferLoopDetect\000"
 567      5F315F72 
 567      78427566 
 567      6665724C 
 567      6F6F7044 
 568              	.LASF11:
 569 01c0 666C6F61 		.ascii	"float\000"
 569      7400
 570              	.LASF19:
 571 01c6 55415254 		.ascii	"UART_1_rxBuffer\000"
 571      5F315F72 
 571      78427566 
 571      66657200 
 572              	.LASF2:
 573 01d6 73686F72 		.ascii	"short int\000"
 573      7420696E 
 573      7400
 574              	.LASF14:
 575 01e0 72656738 		.ascii	"reg8\000"
 575      00
 576              	.LASF17:
 577 01e5 72656164 		.ascii	"readData\000"
 577      44617461 
 577      00
 578              	.LASF16:
 579 01ee 73697A65 		.ascii	"sizetype\000"
 579      74797065 
 579      00
 580              		.ident	"GCC: (GNU Tools for ARM Embedded Processors) 4.7.3 20130312 (release) [ARM/embedded-4_7-br
