ARM GAS  C:\Users\mmk2715\AppData\Local\Temp\cc0CXIhi.s 			page 1


   1              		.syntax unified
   2              		.cpu cortex-m3
   3              		.fpu softvfp
   4              		.eabi_attribute 20, 1
   5              		.eabi_attribute 21, 1
   6              		.eabi_attribute 23, 3
   7              		.eabi_attribute 24, 1
   8              		.eabi_attribute 25, 1
   9              		.eabi_attribute 26, 1
  10              		.eabi_attribute 30, 6
  11              		.eabi_attribute 34, 1
  12              		.eabi_attribute 18, 4
  13              		.thumb
  14              		.file	"cymetadata.c"
  15              		.text
  16              	.Ltext0:
  17              		.cfi_sections	.debug_frame
  18              		.global	cy_meta_configecc
  19              		.section	.cyconfigecc,"a",%progbits
  20              		.align	2
  21              		.type	cy_meta_configecc, %object
  22              		.size	cy_meta_configecc, 1604
  23              	cy_meta_configecc:
  24 0000 08       		.byte	8
  25 0001 52       		.byte	82
  26 0002 00       		.byte	0
  27 0003 40       		.byte	64
  28 0004 06       		.byte	6
  29 0005 64       		.byte	100
  30 0006 00       		.byte	0
  31 0007 40       		.byte	64
  32 0008 01       		.byte	1
  33 0009 07       		.byte	7
  34 000a 01       		.byte	1
  35 000b 40       		.byte	64
  36 000c 52       		.byte	82
  37 000d 08       		.byte	8
  38 000e 01       		.byte	1
  39 000f 40       		.byte	64
  40 0010 40       		.byte	64
  41 0011 09       		.byte	9
  42 0012 01       		.byte	1
  43 0013 40       		.byte	64
  44 0014 60       		.byte	96
  45 0015 0A       		.byte	10
  46 0016 01       		.byte	1
  47 0017 40       		.byte	64
  48 0018 4A       		.byte	74
  49 0019 0B       		.byte	11
  50 001a 01       		.byte	1
  51 001b 40       		.byte	64
  52 001c 11       		.byte	17
  53 001d 0C       		.byte	12
  54 001e 01       		.byte	1
  55 001f 40       		.byte	64
  56 0020 3C       		.byte	60
  57 0021 0D       		.byte	13
ARM GAS  C:\Users\mmk2715\AppData\Local\Temp\cc0CXIhi.s 			page 2


  58 0022 01       		.byte	1
  59 0023 40       		.byte	64
  60 0024 51       		.byte	81
  61 0025 0E       		.byte	14
  62 0026 01       		.byte	1
  63 0027 40       		.byte	64
  64 0028 34       		.byte	52
  65 0029 0F       		.byte	15
  66 002a 01       		.byte	1
  67 002b 40       		.byte	64
  68 002c 01       		.byte	1
  69 002d 15       		.byte	21
  70 002e 01       		.byte	1
  71 002f 40       		.byte	64
  72 0030 01       		.byte	1
  73 0031 17       		.byte	23
  74 0032 01       		.byte	1
  75 0033 40       		.byte	64
  76 0034 02       		.byte	2
  77 0035 19       		.byte	25
  78 0036 01       		.byte	1
  79 0037 40       		.byte	64
  80 0038 02       		.byte	2
  81 0039 1B       		.byte	27
  82 003a 01       		.byte	1
  83 003b 40       		.byte	64
  84 003c 03       		.byte	3
  85 003d 40       		.byte	64
  86 003e 01       		.byte	1
  87 003f 40       		.byte	64
  88 0040 02       		.byte	2
  89 0041 41       		.byte	65
  90 0042 01       		.byte	1
  91 0043 40       		.byte	64
  92 0044 06       		.byte	6
  93 0045 42       		.byte	66
  94 0046 01       		.byte	1
  95 0047 40       		.byte	64
  96 0048 06       		.byte	6
  97 0049 43       		.byte	67
  98 004a 01       		.byte	1
  99 004b 40       		.byte	64
 100 004c 05       		.byte	5
 101 004d 44       		.byte	68
 102 004e 01       		.byte	1
 103 004f 40       		.byte	64
 104 0050 0A       		.byte	10
 105 0051 45       		.byte	69
 106 0052 01       		.byte	1
 107 0053 40       		.byte	64
 108 0054 0C       		.byte	12
 109 0055 46       		.byte	70
 110 0056 01       		.byte	1
 111 0057 40       		.byte	64
 112 0058 05       		.byte	5
 113 0059 47       		.byte	71
 114 005a 01       		.byte	1
ARM GAS  C:\Users\mmk2715\AppData\Local\Temp\cc0CXIhi.s 			page 3


 115 005b 40       		.byte	64
 116 005c 04       		.byte	4
 117 005d 48       		.byte	72
 118 005e 01       		.byte	1
 119 005f 40       		.byte	64
 120 0060 05       		.byte	5
 121 0061 49       		.byte	73
 122 0062 01       		.byte	1
 123 0063 40       		.byte	64
 124 0064 0B       		.byte	11
 125 0065 4C       		.byte	76
 126 0066 01       		.byte	1
 127 0067 40       		.byte	64
 128 0068 09       		.byte	9
 129 0069 4D       		.byte	77
 130 006a 01       		.byte	1
 131 006b 40       		.byte	64
 132 006c 06       		.byte	6
 133 006d 50       		.byte	80
 134 006e 01       		.byte	1
 135 006f 40       		.byte	64
 136 0070 02       		.byte	2
 137 0071 51       		.byte	81
 138 0072 01       		.byte	1
 139 0073 40       		.byte	64
 140 0074 08       		.byte	8
 141 0075 40       		.byte	64
 142 0076 10       		.byte	16
 143 0077 80       		.byte	-128
 144 0078 11       		.byte	17
 145 0079 A0       		.byte	-96
 146 007a 30       		.byte	48
 147 007b 05       		.byte	5
 148 007c 31       		.byte	49
 149 007d 04       		.byte	4
 150 007e 60       		.byte	96
 151 007f 40       		.byte	64
 152 0080 61       		.byte	97
 153 0081 48       		.byte	72
 154 0082 78       		.byte	120
 155 0083 10       		.byte	16
 156 0084 88       		.byte	-120
 157 0085 2D       		.byte	45
 158 0086 89       		.byte	-119
 159 0087 38       		.byte	56
 160 0088 8B       		.byte	-117
 161 0089 0F       		.byte	15
 162 008a 8D       		.byte	-115
 163 008b 72       		.byte	114
 164 008c 8E       		.byte	-114
 165 008d 2F       		.byte	47
 166 008e 8F       		.byte	-113
 167 008f 2F       		.byte	47
 168 0090 E2       		.byte	-30
 169 0091 01       		.byte	1
 170 0092 00       		.byte	0
 171 0093 20       		.byte	32
ARM GAS  C:\Users\mmk2715\AppData\Local\Temp\cc0CXIhi.s 			page 4


 172 0094 03       		.byte	3
 173 0095 03       		.byte	3
 174 0096 0A       		.byte	10
 175 0097 17       		.byte	23
 176 0098 0B       		.byte	11
 177 0099 01       		.byte	1
 178 009a 0C       		.byte	12
 179 009b 10       		.byte	16
 180 009c 0E       		.byte	14
 181 009d 05       		.byte	5
 182 009e 14       		.byte	20
 183 009f 10       		.byte	16
 184 00a0 16       		.byte	22
 185 00a1 03       		.byte	3
 186 00a2 1C       		.byte	28
 187 00a3 06       		.byte	6
 188 00a4 1D       		.byte	29
 189 00a5 04       		.byte	4
 190 00a6 1E       		.byte	30
 191 00a7 10       		.byte	16
 192 00a8 20       		.byte	32
 193 00a9 08       		.byte	8
 194 00aa 28       		.byte	40
 195 00ab 02       		.byte	2
 196 00ac 30       		.byte	48
 197 00ad 20       		.byte	32
 198 00ae 32       		.byte	50
 199 00af 07       		.byte	7
 200 00b0 33       		.byte	51
 201 00b1 04       		.byte	4
 202 00b2 34       		.byte	52
 203 00b3 08       		.byte	8
 204 00b4 35       		.byte	53
 205 00b5 01       		.byte	1
 206 00b6 36       		.byte	54
 207 00b7 13       		.byte	19
 208 00b8 37       		.byte	55
 209 00b9 02       		.byte	2
 210 00ba 39       		.byte	57
 211 00bb 02       		.byte	2
 212 00bc 3A       		.byte	58
 213 00bd 88       		.byte	-120
 214 00be 3E       		.byte	62
 215 00bf 11       		.byte	17
 216 00c0 3F       		.byte	63
 217 00c1 04       		.byte	4
 218 00c2 40       		.byte	64
 219 00c3 10       		.byte	16
 220 00c4 41       		.byte	65
 221 00c5 02       		.byte	2
 222 00c6 45       		.byte	69
 223 00c7 D0       		.byte	-48
 224 00c8 46       		.byte	70
 225 00c9 10       		.byte	16
 226 00ca 47       		.byte	71
 227 00cb 02       		.byte	2
 228 00cc 48       		.byte	72
ARM GAS  C:\Users\mmk2715\AppData\Local\Temp\cc0CXIhi.s 			page 5


 229 00cd 1A       		.byte	26
 230 00ce 49       		.byte	73
 231 00cf FF       		.byte	-1
 232 00d0 4A       		.byte	74
 233 00d1 FF       		.byte	-1
 234 00d2 4B       		.byte	75
 235 00d3 FF       		.byte	-1
 236 00d4 4D       		.byte	77
 237 00d5 A0       		.byte	-96
 238 00d6 4F       		.byte	79
 239 00d7 04       		.byte	4
 240 00d8 50       		.byte	80
 241 00d9 18       		.byte	24
 242 00da 52       		.byte	82
 243 00db 80       		.byte	-128
 244 00dc 54       		.byte	84
 245 00dd 25       		.byte	37
 246 00de 58       		.byte	88
 247 00df 04       		.byte	4
 248 00e0 59       		.byte	89
 249 00e1 04       		.byte	4
 250 00e2 5A       		.byte	90
 251 00e3 04       		.byte	4
 252 00e4 5B       		.byte	91
 253 00e5 04       		.byte	4
 254 00e6 5C       		.byte	92
 255 00e7 12       		.byte	18
 256 00e8 5D       		.byte	93
 257 00e9 11       		.byte	17
 258 00ea 5F       		.byte	95
 259 00eb 01       		.byte	1
 260 00ec 60       		.byte	96
 261 00ed 40       		.byte	64
 262 00ee 62       		.byte	98
 263 00ef C0       		.byte	-64
 264 00f0 64       		.byte	100
 265 00f1 40       		.byte	64
 266 00f2 65       		.byte	101
 267 00f3 40       		.byte	64
 268 00f4 66       		.byte	102
 269 00f5 C0       		.byte	-64
 270 00f6 68       		.byte	104
 271 00f7 C0       		.byte	-64
 272 00f8 6A       		.byte	106
 273 00f9 C0       		.byte	-64
 274 00fa 6C       		.byte	108
 275 00fb C0       		.byte	-64
 276 00fc 6E       		.byte	110
 277 00fd C0       		.byte	-64
 278 00fe 82       		.byte	-126
 279 00ff 01       		.byte	1
 280 0100 84       		.byte	-124
 281 0101 04       		.byte	4
 282 0102 86       		.byte	-122
 283 0103 08       		.byte	8
 284 0104 8B       		.byte	-117
 285 0105 03       		.byte	3
ARM GAS  C:\Users\mmk2715\AppData\Local\Temp\cc0CXIhi.s 			page 6


 286 0106 8E       		.byte	-114
 287 0107 01       		.byte	1
 288 0108 90       		.byte	-112
 289 0109 08       		.byte	8
 290 010a 92       		.byte	-110
 291 010b 04       		.byte	4
 292 010c 94       		.byte	-108
 293 010d 1C       		.byte	28
 294 010e 99       		.byte	-103
 295 010f 01       		.byte	1
 296 0110 9A       		.byte	-102
 297 0111 02       		.byte	2
 298 0112 9E       		.byte	-98
 299 0113 02       		.byte	2
 300 0114 A0       		.byte	-96
 301 0115 10       		.byte	16
 302 0116 A4       		.byte	-92
 303 0117 1C       		.byte	28
 304 0118 B0       		.byte	-80
 305 0119 01       		.byte	1
 306 011a B1       		.byte	-79
 307 011b 01       		.byte	1
 308 011c B2       		.byte	-78
 309 011d 0C       		.byte	12
 310 011e B4       		.byte	-76
 311 011f 02       		.byte	2
 312 0120 B5       		.byte	-75
 313 0121 02       		.byte	2
 314 0122 B6       		.byte	-74
 315 0123 10       		.byte	16
 316 0124 BE       		.byte	-66
 317 0125 11       		.byte	17
 318 0126 D4       		.byte	-44
 319 0127 18       		.byte	24
 320 0128 D6       		.byte	-42
 321 0129 04       		.byte	4
 322 012a D8       		.byte	-40
 323 012b 04       		.byte	4
 324 012c D9       		.byte	-39
 325 012d 04       		.byte	4
 326 012e DB       		.byte	-37
 327 012f 04       		.byte	4
 328 0130 DC       		.byte	-36
 329 0131 12       		.byte	18
 330 0132 DD       		.byte	-35
 331 0133 20       		.byte	32
 332 0134 DF       		.byte	-33
 333 0135 01       		.byte	1
 334 0136 01       		.byte	1
 335 0137 8A       		.byte	-118
 336 0138 04       		.byte	4
 337 0139 01       		.byte	1
 338 013a 05       		.byte	5
 339 013b 10       		.byte	16
 340 013c 07       		.byte	7
 341 013d 01       		.byte	1
 342 013e 08       		.byte	8
ARM GAS  C:\Users\mmk2715\AppData\Local\Temp\cc0CXIhi.s 			page 7


 343 013f 01       		.byte	1
 344 0140 0A       		.byte	10
 345 0141 24       		.byte	36
 346 0142 0B       		.byte	11
 347 0143 02       		.byte	2
 348 0144 0E       		.byte	14
 349 0145 12       		.byte	18
 350 0146 11       		.byte	17
 351 0147 04       		.byte	4
 352 0148 13       		.byte	19
 353 0149 02       		.byte	2
 354 014a 15       		.byte	21
 355 014b 21       		.byte	33
 356 014c 18       		.byte	24
 357 014d 04       		.byte	4
 358 014e 19       		.byte	25
 359 014f 4C       		.byte	76
 360 0150 1A       		.byte	26
 361 0151 01       		.byte	1
 362 0152 1B       		.byte	27
 363 0153 01       		.byte	1
 364 0154 1C       		.byte	28
 365 0155 40       		.byte	64
 366 0156 1E       		.byte	30
 367 0157 1A       		.byte	26
 368 0158 21       		.byte	33
 369 0159 20       		.byte	32
 370 015a 23       		.byte	35
 371 015b 80       		.byte	-128
 372 015c 25       		.byte	37
 373 015d 48       		.byte	72
 374 015e 27       		.byte	39
 375 015f 48       		.byte	72
 376 0160 31       		.byte	49
 377 0161 20       		.byte	32
 378 0162 37       		.byte	55
 379 0163 40       		.byte	64
 380 0164 3A       		.byte	58
 381 0165 10       		.byte	16
 382 0166 3C       		.byte	60
 383 0167 02       		.byte	2
 384 0168 3F       		.byte	63
 385 0169 20       		.byte	32
 386 016a 44       		.byte	68
 387 016b 08       		.byte	8
 388 016c 45       		.byte	69
 389 016d 48       		.byte	72
 390 016e 46       		.byte	70
 391 016f 24       		.byte	36
 392 0170 4F       		.byte	79
 393 0171 01       		.byte	1
 394 0172 56       		.byte	86
 395 0173 14       		.byte	20
 396 0174 57       		.byte	87
 397 0175 10       		.byte	16
 398 0176 59       		.byte	89
 399 0177 01       		.byte	1
ARM GAS  C:\Users\mmk2715\AppData\Local\Temp\cc0CXIhi.s 			page 8


 400 0178 5C       		.byte	92
 401 0179 08       		.byte	8
 402 017a 5F       		.byte	95
 403 017b 81       		.byte	-127
 404 017c 60       		.byte	96
 405 017d 04       		.byte	4
 406 017e 62       		.byte	98
 407 017f 02       		.byte	2
 408 0180 63       		.byte	99
 409 0181 02       		.byte	2
 410 0182 66       		.byte	102
 411 0183 20       		.byte	32
 412 0184 74       		.byte	116
 413 0185 01       		.byte	1
 414 0186 80       		.byte	-128
 415 0187 40       		.byte	64
 416 0188 82       		.byte	-126
 417 0189 02       		.byte	2
 418 018a 90       		.byte	-112
 419 018b 01       		.byte	1
 420 018c 91       		.byte	-111
 421 018d 25       		.byte	37
 422 018e 92       		.byte	-110
 423 018f 24       		.byte	36
 424 0190 93       		.byte	-109
 425 0191 02       		.byte	2
 426 0192 96       		.byte	-106
 427 0193 11       		.byte	17
 428 0194 98       		.byte	-104
 429 0195 01       		.byte	1
 430 0196 99       		.byte	-103
 431 0197 93       		.byte	-109
 432 0198 9B       		.byte	-101
 433 0199 03       		.byte	3
 434 019a 9C       		.byte	-100
 435 019b 80       		.byte	-128
 436 019c 9D       		.byte	-99
 437 019d 44       		.byte	68
 438 019e A6       		.byte	-90
 439 019f 05       		.byte	5
 440 01a0 B1       		.byte	-79
 441 01a1 84       		.byte	-124
 442 01a2 B4       		.byte	-76
 443 01a3 20       		.byte	32
 444 01a4 C0       		.byte	-64
 445 01a5 DD       		.byte	-35
 446 01a6 C2       		.byte	-62
 447 01a7 AF       		.byte	-81
 448 01a8 C4       		.byte	-60
 449 01a9 5C       		.byte	92
 450 01aa CC       		.byte	-52
 451 01ab 14       		.byte	20
 452 01ac CE       		.byte	-50
 453 01ad A4       		.byte	-92
 454 01ae D0       		.byte	-48
 455 01af 30       		.byte	48
 456 01b0 D6       		.byte	-42
ARM GAS  C:\Users\mmk2715\AppData\Local\Temp\cc0CXIhi.s 			page 9


 457 01b1 D1       		.byte	-47
 458 01b2 D8       		.byte	-40
 459 01b3 2D       		.byte	45
 460 01b4 E4       		.byte	-28
 461 01b5 04       		.byte	4
 462 01b6 00       		.byte	0
 463 01b7 4F       		.byte	79
 464 01b8 02       		.byte	2
 465 01b9 30       		.byte	48
 466 01ba 04       		.byte	4
 467 01bb 30       		.byte	48
 468 01bc 06       		.byte	6
 469 01bd 4F       		.byte	79
 470 01be 0C       		.byte	12
 471 01bf 7F       		.byte	127
 472 01c0 10       		.byte	16
 473 01c1 38       		.byte	56
 474 01c2 12       		.byte	18
 475 01c3 47       		.byte	71
 476 01c4 14       		.byte	20
 477 01c5 03       		.byte	3
 478 01c6 18       		.byte	24
 479 01c7 01       		.byte	1
 480 01c8 1E       		.byte	30
 481 01c9 4B       		.byte	75
 482 01ca 20       		.byte	32
 483 01cb 20       		.byte	32
 484 01cc 24       		.byte	36
 485 01cd 10       		.byte	16
 486 01ce 28       		.byte	40
 487 01cf 30       		.byte	48
 488 01d0 2C       		.byte	44
 489 01d1 02       		.byte	2
 490 01d2 30       		.byte	48
 491 01d3 03       		.byte	3
 492 01d4 32       		.byte	50
 493 01d5 70       		.byte	112
 494 01d6 34       		.byte	52
 495 01d7 04       		.byte	4
 496 01d8 36       		.byte	54
 497 01d9 38       		.byte	56
 498 01da 38       		.byte	56
 499 01db 20       		.byte	32
 500 01dc 3A       		.byte	58
 501 01dd 08       		.byte	8
 502 01de 40       		.byte	64
 503 01df 03       		.byte	3
 504 01e0 46       		.byte	70
 505 01e1 50       		.byte	80
 506 01e2 47       		.byte	71
 507 01e3 01       		.byte	1
 508 01e4 48       		.byte	72
 509 01e5 18       		.byte	24
 510 01e6 49       		.byte	73
 511 01e7 FF       		.byte	-1
 512 01e8 4A       		.byte	74
 513 01e9 07       		.byte	7
ARM GAS  C:\Users\mmk2715\AppData\Local\Temp\cc0CXIhi.s 			page 10


 514 01ea 4B       		.byte	75
 515 01eb FF       		.byte	-1
 516 01ec 4C       		.byte	76
 517 01ed 40       		.byte	64
 518 01ee 4D       		.byte	77
 519 01ef 20       		.byte	32
 520 01f0 4E       		.byte	78
 521 01f1 F0       		.byte	-16
 522 01f2 4F       		.byte	79
 523 01f3 05       		.byte	5
 524 01f4 50       		.byte	80
 525 01f5 08       		.byte	8
 526 01f6 56       		.byte	86
 527 01f7 08       		.byte	8
 528 01f8 58       		.byte	88
 529 01f9 04       		.byte	4
 530 01fa 5A       		.byte	90
 531 01fb 04       		.byte	4
 532 01fc 5B       		.byte	91
 533 01fd 04       		.byte	4
 534 01fe 5C       		.byte	92
 535 01ff 02       		.byte	2
 536 0200 5D       		.byte	93
 537 0201 92       		.byte	-110
 538 0202 5F       		.byte	95
 539 0203 01       		.byte	1
 540 0204 60       		.byte	96
 541 0205 40       		.byte	64
 542 0206 61       		.byte	97
 543 0207 A8       		.byte	-88
 544 0208 62       		.byte	98
 545 0209 40       		.byte	64
 546 020a 63       		.byte	99
 547 020b 20       		.byte	32
 548 020c 82       		.byte	-126
 549 020d 03       		.byte	3
 550 020e 84       		.byte	-124
 551 020f 80       		.byte	-128
 552 0210 85       		.byte	-123
 553 0211 0D       		.byte	13
 554 0212 88       		.byte	-120
 555 0213 09       		.byte	9
 556 0214 89       		.byte	-119
 557 0215 27       		.byte	39
 558 0216 8A       		.byte	-118
 559 0217 50       		.byte	80
 560 0218 8D       		.byte	-115
 561 0219 0D       		.byte	13
 562 021a 8F       		.byte	-113
 563 021b 20       		.byte	32
 564 021c 91       		.byte	-111
 565 021d 04       		.byte	4
 566 021e 93       		.byte	-109
 567 021f 2A       		.byte	42
 568 0220 94       		.byte	-108
 569 0221 6C       		.byte	108
 570 0222 96       		.byte	-106
ARM GAS  C:\Users\mmk2715\AppData\Local\Temp\cc0CXIhi.s 			page 11


 571 0223 11       		.byte	17
 572 0224 99       		.byte	-103
 573 0225 14       		.byte	20
 574 0226 9A       		.byte	-102
 575 0227 10       		.byte	16
 576 0228 9B       		.byte	-101
 577 0229 21       		.byte	33
 578 022a 9C       		.byte	-100
 579 022b 3C       		.byte	60
 580 022c 9D       		.byte	-99
 581 022d 21       		.byte	33
 582 022e 9E       		.byte	-98
 583 022f 02       		.byte	2
 584 0230 9F       		.byte	-97
 585 0231 1A       		.byte	26
 586 0232 A0       		.byte	-96
 587 0233 70       		.byte	112
 588 0234 A2       		.byte	-94
 589 0235 0C       		.byte	12
 590 0236 A8       		.byte	-88
 591 0237 14       		.byte	20
 592 0238 B1       		.byte	-79
 593 0239 20       		.byte	32
 594 023a B2       		.byte	-78
 595 023b 60       		.byte	96
 596 023c B4       		.byte	-76
 597 023d 80       		.byte	-128
 598 023e B6       		.byte	-74
 599 023f 1F       		.byte	31
 600 0240 B7       		.byte	-73
 601 0241 1F       		.byte	31
 602 0242 B8       		.byte	-72
 603 0243 08       		.byte	8
 604 0244 BE       		.byte	-66
 605 0245 04       		.byte	4
 606 0246 BF       		.byte	-65
 607 0247 01       		.byte	1
 608 0248 C0       		.byte	-64
 609 0249 45       		.byte	69
 610 024a C1       		.byte	-63
 611 024b 02       		.byte	2
 612 024c C5       		.byte	-59
 613 024d E0       		.byte	-32
 614 024e C6       		.byte	-58
 615 024f CC       		.byte	-52
 616 0250 C7       		.byte	-57
 617 0251 0B       		.byte	11
 618 0252 C8       		.byte	-56
 619 0253 1E       		.byte	30
 620 0254 C9       		.byte	-55
 621 0255 FF       		.byte	-1
 622 0256 CA       		.byte	-54
 623 0257 FF       		.byte	-1
 624 0258 CB       		.byte	-53
 625 0259 FF       		.byte	-1
 626 025a CE       		.byte	-50
 627 025b F0       		.byte	-16
ARM GAS  C:\Users\mmk2715\AppData\Local\Temp\cc0CXIhi.s 			page 12


 628 025c CF       		.byte	-49
 629 025d 44       		.byte	68
 630 025e D0       		.byte	-48
 631 025f 0C       		.byte	12
 632 0260 D4       		.byte	-44
 633 0261 01       		.byte	1
 634 0262 D8       		.byte	-40
 635 0263 04       		.byte	4
 636 0264 D9       		.byte	-39
 637 0265 04       		.byte	4
 638 0266 DA       		.byte	-38
 639 0267 04       		.byte	4
 640 0268 DB       		.byte	-37
 641 0269 04       		.byte	4
 642 026a DC       		.byte	-36
 643 026b 22       		.byte	34
 644 026c DD       		.byte	-35
 645 026d 22       		.byte	34
 646 026e DF       		.byte	-33
 647 026f 01       		.byte	1
 648 0270 E6       		.byte	-26
 649 0271 C0       		.byte	-64
 650 0272 EA       		.byte	-22
 651 0273 40       		.byte	64
 652 0274 EB       		.byte	-21
 653 0275 02       		.byte	2
 654 0276 01       		.byte	1
 655 0277 08       		.byte	8
 656 0278 02       		.byte	2
 657 0279 40       		.byte	64
 658 027a 03       		.byte	3
 659 027b 02       		.byte	2
 660 027c 04       		.byte	4
 661 027d 09       		.byte	9
 662 027e 05       		.byte	5
 663 027f 10       		.byte	16
 664 0280 08       		.byte	8
 665 0281 02       		.byte	2
 666 0282 09       		.byte	9
 667 0283 08       		.byte	8
 668 0284 0A       		.byte	10
 669 0285 09       		.byte	9
 670 0286 0D       		.byte	13
 671 0287 10       		.byte	16
 672 0288 0E       		.byte	14
 673 0289 12       		.byte	18
 674 028a 10       		.byte	16
 675 028b A9       		.byte	-87
 676 028c 16       		.byte	22
 677 028d 08       		.byte	8
 678 028e 17       		.byte	23
 679 028f 01       		.byte	1
 680 0290 19       		.byte	25
 681 0291 89       		.byte	-119
 682 0292 1A       		.byte	26
 683 0293 04       		.byte	4
 684 0294 1C       		.byte	28
ARM GAS  C:\Users\mmk2715\AppData\Local\Temp\cc0CXIhi.s 			page 13


 685 0295 01       		.byte	1
 686 0296 1D       		.byte	29
 687 0297 10       		.byte	16
 688 0298 1F       		.byte	31
 689 0299 08       		.byte	8
 690 029a 24       		.byte	36
 691 029b 40       		.byte	64
 692 029c 26       		.byte	38
 693 029d 80       		.byte	-128
 694 029e 27       		.byte	39
 695 029f 01       		.byte	1
 696 02a0 31       		.byte	49
 697 02a1 04       		.byte	4
 698 02a2 32       		.byte	50
 699 02a3 04       		.byte	4
 700 02a4 35       		.byte	53
 701 02a5 10       		.byte	16
 702 02a6 36       		.byte	54
 703 02a7 81       		.byte	-127
 704 02a8 3D       		.byte	61
 705 02a9 20       		.byte	32
 706 02aa 3E       		.byte	62
 707 02ab 10       		.byte	16
 708 02ac 3F       		.byte	63
 709 02ad 84       		.byte	-124
 710 02ae 43       		.byte	67
 711 02af 08       		.byte	8
 712 02b0 45       		.byte	69
 713 02b1 10       		.byte	16
 714 02b2 47       		.byte	71
 715 02b3 01       		.byte	1
 716 02b4 4D       		.byte	77
 717 02b5 01       		.byte	1
 718 02b6 4E       		.byte	78
 719 02b7 02       		.byte	2
 720 02b8 4F       		.byte	79
 721 02b9 30       		.byte	48
 722 02ba 50       		.byte	80
 723 02bb 04       		.byte	4
 724 02bc 51       		.byte	81
 725 02bd 10       		.byte	16
 726 02be 52       		.byte	82
 727 02bf 08       		.byte	8
 728 02c0 56       		.byte	86
 729 02c1 08       		.byte	8
 730 02c2 57       		.byte	87
 731 02c3 50       		.byte	80
 732 02c4 58       		.byte	88
 733 02c5 A0       		.byte	-96
 734 02c6 5C       		.byte	92
 735 02c7 40       		.byte	64
 736 02c8 5D       		.byte	93
 737 02c9 01       		.byte	1
 738 02ca 5E       		.byte	94
 739 02cb 08       		.byte	8
 740 02cc 5F       		.byte	95
 741 02cd 10       		.byte	16
ARM GAS  C:\Users\mmk2715\AppData\Local\Temp\cc0CXIhi.s 			page 14


 742 02ce 91       		.byte	-111
 743 02cf 04       		.byte	4
 744 02d0 92       		.byte	-110
 745 02d1 20       		.byte	32
 746 02d2 93       		.byte	-109
 747 02d3 06       		.byte	6
 748 02d4 95       		.byte	-107
 749 02d5 08       		.byte	8
 750 02d6 98       		.byte	-104
 751 02d7 03       		.byte	3
 752 02d8 99       		.byte	-103
 753 02d9 02       		.byte	2
 754 02da 9A       		.byte	-102
 755 02db 40       		.byte	64
 756 02dc 9B       		.byte	-101
 757 02dd 02       		.byte	2
 758 02de 9D       		.byte	-99
 759 02df 4C       		.byte	76
 760 02e0 A0       		.byte	-96
 761 02e1 A8       		.byte	-88
 762 02e2 A1       		.byte	-95
 763 02e3 08       		.byte	8
 764 02e4 A2       		.byte	-94
 765 02e5 02       		.byte	2
 766 02e6 A3       		.byte	-93
 767 02e7 02       		.byte	2
 768 02e8 A6       		.byte	-90
 769 02e9 08       		.byte	8
 770 02ea A8       		.byte	-88
 771 02eb 20       		.byte	32
 772 02ec B0       		.byte	-80
 773 02ed 02       		.byte	2
 774 02ee B1       		.byte	-79
 775 02ef 02       		.byte	2
 776 02f0 B2       		.byte	-78
 777 02f1 40       		.byte	64
 778 02f2 B3       		.byte	-77
 779 02f3 18       		.byte	24
 780 02f4 B4       		.byte	-76
 781 02f5 40       		.byte	64
 782 02f6 B6       		.byte	-74
 783 02f7 01       		.byte	1
 784 02f8 C0       		.byte	-64
 785 02f9 7D       		.byte	125
 786 02fa C2       		.byte	-62
 787 02fb EF       		.byte	-17
 788 02fc C4       		.byte	-60
 789 02fd 5F       		.byte	95
 790 02fe CC       		.byte	-52
 791 02ff B0       		.byte	-80
 792 0300 CE       		.byte	-50
 793 0301 70       		.byte	112
 794 0302 D0       		.byte	-48
 795 0303 A2       		.byte	-94
 796 0304 D2       		.byte	-46
 797 0305 10       		.byte	16
 798 0306 D6       		.byte	-42
ARM GAS  C:\Users\mmk2715\AppData\Local\Temp\cc0CXIhi.s 			page 15


 799 0307 FC       		.byte	-4
 800 0308 EE       		.byte	-18
 801 0309 04       		.byte	4
 802 030a 02       		.byte	2
 803 030b 02       		.byte	2
 804 030c 15       		.byte	21
 805 030d 01       		.byte	1
 806 030e 1E       		.byte	30
 807 030f 02       		.byte	2
 808 0310 28       		.byte	40
 809 0311 01       		.byte	1
 810 0312 31       		.byte	49
 811 0313 01       		.byte	1
 812 0314 32       		.byte	50
 813 0315 01       		.byte	1
 814 0316 34       		.byte	52
 815 0317 01       		.byte	1
 816 0318 36       		.byte	54
 817 0319 02       		.byte	2
 818 031a 39       		.byte	57
 819 031b 08       		.byte	8
 820 031c 3E       		.byte	62
 821 031d 14       		.byte	20
 822 031e 3F       		.byte	63
 823 031f 01       		.byte	1
 824 0320 56       		.byte	86
 825 0321 08       		.byte	8
 826 0322 58       		.byte	88
 827 0323 04       		.byte	4
 828 0324 59       		.byte	89
 829 0325 04       		.byte	4
 830 0326 5B       		.byte	91
 831 0327 04       		.byte	4
 832 0328 5D       		.byte	93
 833 0329 90       		.byte	-112
 834 032a 5F       		.byte	95
 835 032b 01       		.byte	1
 836 032c 01       		.byte	1
 837 032d 08       		.byte	8
 838 032e 02       		.byte	2
 839 032f 40       		.byte	64
 840 0330 03       		.byte	3
 841 0331 8A       		.byte	-118
 842 0332 07       		.byte	7
 843 0333 40       		.byte	64
 844 0334 08       		.byte	8
 845 0335 10       		.byte	16
 846 0336 09       		.byte	9
 847 0337 08       		.byte	8
 848 0338 0A       		.byte	10
 849 0339 02       		.byte	2
 850 033a 0B       		.byte	11
 851 033b 80       		.byte	-128
 852 033c 0F       		.byte	15
 853 033d 02       		.byte	2
 854 033e 10       		.byte	16
 855 033f A9       		.byte	-87
ARM GAS  C:\Users\mmk2715\AppData\Local\Temp\cc0CXIhi.s 			page 16


 856 0340 17       		.byte	23
 857 0341 20       		.byte	32
 858 0342 1A       		.byte	26
 859 0343 08       		.byte	8
 860 0344 1B       		.byte	27
 861 0345 8A       		.byte	-118
 862 0346 1C       		.byte	28
 863 0347 04       		.byte	4
 864 0348 1E       		.byte	30
 865 0349 02       		.byte	2
 866 034a 1F       		.byte	31
 867 034b 04       		.byte	4
 868 034c 20       		.byte	32
 869 034d 01       		.byte	1
 870 034e 21       		.byte	33
 871 034f 08       		.byte	8
 872 0350 22       		.byte	34
 873 0351 01       		.byte	1
 874 0352 26       		.byte	38
 875 0353 02       		.byte	2
 876 0354 27       		.byte	39
 877 0355 20       		.byte	32
 878 0356 28       		.byte	40
 879 0357 10       		.byte	16
 880 0358 29       		.byte	41
 881 0359 04       		.byte	4
 882 035a 31       		.byte	49
 883 035b 08       		.byte	8
 884 035c 32       		.byte	50
 885 035d 10       		.byte	16
 886 035e 36       		.byte	54
 887 035f 08       		.byte	8
 888 0360 39       		.byte	57
 889 0361 04       		.byte	4
 890 0362 3B       		.byte	59
 891 0363 01       		.byte	1
 892 0364 40       		.byte	64
 893 0365 01       		.byte	1
 894 0366 41       		.byte	65
 895 0367 04       		.byte	4
 896 0368 43       		.byte	67
 897 0369 02       		.byte	2
 898 036a 49       		.byte	73
 899 036b 42       		.byte	66
 900 036c 4B       		.byte	75
 901 036d 90       		.byte	-112
 902 036e 53       		.byte	83
 903 036f 01       		.byte	1
 904 0370 5A       		.byte	90
 905 0371 08       		.byte	8
 906 0372 5C       		.byte	92
 907 0373 60       		.byte	96
 908 0374 64       		.byte	100
 909 0375 01       		.byte	1
 910 0376 67       		.byte	103
 911 0377 05       		.byte	5
 912 0378 69       		.byte	105
ARM GAS  C:\Users\mmk2715\AppData\Local\Temp\cc0CXIhi.s 			page 17


 913 0379 04       		.byte	4
 914 037a 6A       		.byte	106
 915 037b 20       		.byte	32
 916 037c 6B       		.byte	107
 917 037d 02       		.byte	2
 918 037e 70       		.byte	112
 919 037f A8       		.byte	-88
 920 0380 94       		.byte	-108
 921 0381 04       		.byte	4
 922 0382 97       		.byte	-105
 923 0383 08       		.byte	8
 924 0384 9B       		.byte	-101
 925 0385 40       		.byte	64
 926 0386 A3       		.byte	-93
 927 0387 01       		.byte	1
 928 0388 AB       		.byte	-85
 929 0389 01       		.byte	1
 930 038a B0       		.byte	-80
 931 038b 84       		.byte	-124
 932 038c B4       		.byte	-76
 933 038d 40       		.byte	64
 934 038e C0       		.byte	-64
 935 038f 1F       		.byte	31
 936 0390 C2       		.byte	-62
 937 0391 8F       		.byte	-113
 938 0392 C4       		.byte	-60
 939 0393 4F       		.byte	79
 940 0394 CA       		.byte	-54
 941 0395 02       		.byte	2
 942 0396 CC       		.byte	-52
 943 0397 46       		.byte	70
 944 0398 CE       		.byte	-50
 945 0399 03       		.byte	3
 946 039a D0       		.byte	-48
 947 039b 0B       		.byte	11
 948 039c D2       		.byte	-46
 949 039d 0C       		.byte	12
 950 039e D6       		.byte	-42
 951 039f 32       		.byte	50
 952 03a0 D8       		.byte	-40
 953 03a1 30       		.byte	48
 954 03a2 EC       		.byte	-20
 955 03a3 04       		.byte	4
 956 03a4 08       		.byte	8
 957 03a5 01       		.byte	1
 958 03a6 0B       		.byte	11
 959 03a7 08       		.byte	8
 960 03a8 0F       		.byte	15
 961 03a9 01       		.byte	1
 962 03aa 11       		.byte	17
 963 03ab 04       		.byte	4
 964 03ac 12       		.byte	18
 965 03ad 0C       		.byte	12
 966 03ae 1A       		.byte	26
 967 03af 07       		.byte	7
 968 03b0 1B       		.byte	27
 969 03b1 07       		.byte	7
ARM GAS  C:\Users\mmk2715\AppData\Local\Temp\cc0CXIhi.s 			page 18


 970 03b2 25       		.byte	37
 971 03b3 08       		.byte	8
 972 03b4 30       		.byte	48
 973 03b5 04       		.byte	4
 974 03b6 31       		.byte	49
 975 03b7 02       		.byte	2
 976 03b8 32       		.byte	50
 977 03b9 02       		.byte	2
 978 03ba 33       		.byte	51
 979 03bb 08       		.byte	8
 980 03bc 34       		.byte	52
 981 03bd 01       		.byte	1
 982 03be 35       		.byte	53
 983 03bf 04       		.byte	4
 984 03c0 36       		.byte	54
 985 03c1 08       		.byte	8
 986 03c2 37       		.byte	55
 987 03c3 01       		.byte	1
 988 03c4 40       		.byte	64
 989 03c5 10       		.byte	16
 990 03c6 41       		.byte	65
 991 03c7 06       		.byte	6
 992 03c8 45       		.byte	69
 993 03c9 D5       		.byte	-43
 994 03ca 46       		.byte	70
 995 03cb 10       		.byte	16
 996 03cc 47       		.byte	71
 997 03cd 02       		.byte	2
 998 03ce 48       		.byte	72
 999 03cf 1B       		.byte	27
 1000 03d0 49       		.byte	73
 1001 03d1 FF       		.byte	-1
 1002 03d2 4A       		.byte	74
 1003 03d3 FF       		.byte	-1
 1004 03d4 4B       		.byte	75
 1005 03d5 FF       		.byte	-1
 1006 03d6 4D       		.byte	77
 1007 03d7 A0       		.byte	-96
 1008 03d8 4F       		.byte	79
 1009 03d9 04       		.byte	4
 1010 03da 50       		.byte	80
 1011 03db 18       		.byte	24
 1012 03dc 52       		.byte	82
 1013 03dd 80       		.byte	-128
 1014 03de 54       		.byte	84
 1015 03df 27       		.byte	39
 1016 03e0 58       		.byte	88
 1017 03e1 04       		.byte	4
 1018 03e2 59       		.byte	89
 1019 03e3 04       		.byte	4
 1020 03e4 5A       		.byte	90
 1021 03e5 04       		.byte	4
 1022 03e6 5B       		.byte	91
 1023 03e7 04       		.byte	4
 1024 03e8 5F       		.byte	95
 1025 03e9 01       		.byte	1
 1026 03ea 60       		.byte	96
ARM GAS  C:\Users\mmk2715\AppData\Local\Temp\cc0CXIhi.s 			page 19


 1027 03eb 40       		.byte	64
 1028 03ec 62       		.byte	98
 1029 03ed C0       		.byte	-64
 1030 03ee 64       		.byte	100
 1031 03ef 40       		.byte	64
 1032 03f0 65       		.byte	101
 1033 03f1 40       		.byte	64
 1034 03f2 66       		.byte	102
 1035 03f3 C0       		.byte	-64
 1036 03f4 68       		.byte	104
 1037 03f5 C0       		.byte	-64
 1038 03f6 6A       		.byte	106
 1039 03f7 C0       		.byte	-64
 1040 03f8 6C       		.byte	108
 1041 03f9 C0       		.byte	-64
 1042 03fa 6E       		.byte	110
 1043 03fb C0       		.byte	-64
 1044 03fc 83       		.byte	-125
 1045 03fd 03       		.byte	3
 1046 03fe 96       		.byte	-106
 1047 03ff 03       		.byte	3
 1048 0400 99       		.byte	-103
 1049 0401 02       		.byte	2
 1050 0402 AE       		.byte	-82
 1051 0403 06       		.byte	6
 1052 0404 B0       		.byte	-80
 1053 0405 02       		.byte	2
 1054 0406 B2       		.byte	-78
 1055 0407 04       		.byte	4
 1056 0408 B3       		.byte	-77
 1057 0409 01       		.byte	1
 1058 040a B4       		.byte	-76
 1059 040b 01       		.byte	1
 1060 040c B7       		.byte	-73
 1061 040d 02       		.byte	2
 1062 040e C0       		.byte	-64
 1063 040f 30       		.byte	48
 1064 0410 C1       		.byte	-63
 1065 0411 02       		.byte	2
 1066 0412 C5       		.byte	-59
 1067 0413 D0       		.byte	-48
 1068 0414 C6       		.byte	-58
 1069 0415 50       		.byte	80
 1070 0416 C7       		.byte	-57
 1071 0417 12       		.byte	18
 1072 0418 C8       		.byte	-56
 1073 0419 3A       		.byte	58
 1074 041a C9       		.byte	-55
 1075 041b FF       		.byte	-1
 1076 041c CA       		.byte	-54
 1077 041d FF       		.byte	-1
 1078 041e CB       		.byte	-53
 1079 041f FF       		.byte	-1
 1080 0420 CD       		.byte	-51
 1081 0421 A0       		.byte	-96
 1082 0422 CF       		.byte	-49
 1083 0423 04       		.byte	4
ARM GAS  C:\Users\mmk2715\AppData\Local\Temp\cc0CXIhi.s 			page 20


 1084 0424 D0       		.byte	-48
 1085 0425 18       		.byte	24
 1086 0426 D2       		.byte	-46
 1087 0427 80       		.byte	-128
 1088 0428 D4       		.byte	-44
 1089 0429 27       		.byte	39
 1090 042a D8       		.byte	-40
 1091 042b 04       		.byte	4
 1092 042c D9       		.byte	-39
 1093 042d 04       		.byte	4
 1094 042e DA       		.byte	-38
 1095 042f 04       		.byte	4
 1096 0430 DB       		.byte	-37
 1097 0431 04       		.byte	4
 1098 0432 DF       		.byte	-33
 1099 0433 01       		.byte	1
 1100 0434 E0       		.byte	-32
 1101 0435 40       		.byte	64
 1102 0436 E2       		.byte	-30
 1103 0437 C0       		.byte	-64
 1104 0438 E4       		.byte	-28
 1105 0439 40       		.byte	64
 1106 043a E5       		.byte	-27
 1107 043b 40       		.byte	64
 1108 043c E6       		.byte	-26
 1109 043d C0       		.byte	-64
 1110 043e E8       		.byte	-24
 1111 043f C0       		.byte	-64
 1112 0440 EA       		.byte	-22
 1113 0441 C0       		.byte	-64
 1114 0442 EC       		.byte	-20
 1115 0443 C0       		.byte	-64
 1116 0444 EE       		.byte	-18
 1117 0445 C0       		.byte	-64
 1118 0446 00       		.byte	0
 1119 0447 10       		.byte	16
 1120 0448 0A       		.byte	10
 1121 0449 40       		.byte	64
 1122 044a 0B       		.byte	11
 1123 044b 04       		.byte	4
 1124 044c 0F       		.byte	15
 1125 044d 20       		.byte	32
 1126 044e 17       		.byte	23
 1127 044f 40       		.byte	64
 1128 0450 18       		.byte	24
 1129 0451 91       		.byte	-111
 1130 0452 19       		.byte	25
 1131 0453 10       		.byte	16
 1132 0454 1D       		.byte	29
 1133 0455 08       		.byte	8
 1134 0456 1F       		.byte	31
 1135 0457 21       		.byte	33
 1136 0458 20       		.byte	32
 1137 0459 08       		.byte	8
 1138 045a 21       		.byte	33
 1139 045b 02       		.byte	2
 1140 045c 23       		.byte	35
ARM GAS  C:\Users\mmk2715\AppData\Local\Temp\cc0CXIhi.s 			page 21


 1141 045d 22       		.byte	34
 1142 045e 26       		.byte	38
 1143 045f 40       		.byte	64
 1144 0460 27       		.byte	39
 1145 0461 10       		.byte	16
 1146 0462 2B       		.byte	43
 1147 0463 20       		.byte	32
 1148 0464 30       		.byte	48
 1149 0465 2C       		.byte	44
 1150 0466 31       		.byte	49
 1151 0467 02       		.byte	2
 1152 0468 37       		.byte	55
 1153 0469 10       		.byte	16
 1154 046a 3A       		.byte	58
 1155 046b 90       		.byte	-112
 1156 046c 3F       		.byte	63
 1157 046d 02       		.byte	2
 1158 046e 40       		.byte	64
 1159 046f 01       		.byte	1
 1160 0470 44       		.byte	68
 1161 0471 08       		.byte	8
 1162 0472 45       		.byte	69
 1163 0473 08       		.byte	8
 1164 0474 46       		.byte	70
 1165 0475 08       		.byte	8
 1166 0476 48       		.byte	72
 1167 0477 08       		.byte	8
 1168 0478 49       		.byte	73
 1169 0479 01       		.byte	1
 1170 047a 4B       		.byte	75
 1171 047b 04       		.byte	4
 1172 047c 4F       		.byte	79
 1173 047d 01       		.byte	1
 1174 047e 50       		.byte	80
 1175 047f 28       		.byte	40
 1176 0480 56       		.byte	86
 1177 0481 18       		.byte	24
 1178 0482 57       		.byte	87
 1179 0483 11       		.byte	17
 1180 0484 58       		.byte	88
 1181 0485 84       		.byte	-124
 1182 0486 59       		.byte	89
 1183 0487 11       		.byte	17
 1184 0488 5C       		.byte	92
 1185 0489 08       		.byte	8
 1186 048a 5E       		.byte	94
 1187 048b 80       		.byte	-128
 1188 048c 5F       		.byte	95
 1189 048d 21       		.byte	33
 1190 048e 60       		.byte	96
 1191 048f 04       		.byte	4
 1192 0490 67       		.byte	103
 1193 0491 08       		.byte	8
 1194 0492 72       		.byte	114
 1195 0493 C0       		.byte	-64
 1196 0494 77       		.byte	119
 1197 0495 40       		.byte	64
ARM GAS  C:\Users\mmk2715\AppData\Local\Temp\cc0CXIhi.s 			page 22


 1198 0496 87       		.byte	-121
 1199 0497 02       		.byte	2
 1200 0498 C0       		.byte	-64
 1201 0499 02       		.byte	2
 1202 049a C2       		.byte	-62
 1203 049b 2A       		.byte	42
 1204 049c C4       		.byte	-60
 1205 049d 80       		.byte	-128
 1206 049e CA       		.byte	-54
 1207 049f 02       		.byte	2
 1208 04a0 CC       		.byte	-52
 1209 04a1 25       		.byte	37
 1210 04a2 CE       		.byte	-50
 1211 04a3 8C       		.byte	-116
 1212 04a4 D0       		.byte	-48
 1213 04a5 68       		.byte	104
 1214 04a6 D2       		.byte	-46
 1215 04a7 04       		.byte	4
 1216 04a8 D6       		.byte	-42
 1217 04a9 FF       		.byte	-1
 1218 04aa D8       		.byte	-40
 1219 04ab 24       		.byte	36
 1220 04ac E4       		.byte	-28
 1221 04ad 02       		.byte	2
 1222 04ae EA       		.byte	-22
 1223 04af 01       		.byte	1
 1224 04b0 EA       		.byte	-22
 1225 04b1 08       		.byte	8
 1226 04b2 9C       		.byte	-100
 1227 04b3 80       		.byte	-128
 1228 04b4 AF       		.byte	-81
 1229 04b5 08       		.byte	8
 1230 04b6 B0       		.byte	-80
 1231 04b7 80       		.byte	-128
 1232 04b8 EA       		.byte	-22
 1233 04b9 01       		.byte	1
 1234 04ba 30       		.byte	48
 1235 04bb 20       		.byte	32
 1236 04bc 35       		.byte	53
 1237 04bd 80       		.byte	-128
 1238 04be CC       		.byte	-52
 1239 04bf 30       		.byte	48
 1240 04c0 9D       		.byte	-99
 1241 04c1 80       		.byte	-128
 1242 04c2 A4       		.byte	-92
 1243 04c3 20       		.byte	32
 1244 04c4 3E       		.byte	62
 1245 04c5 10       		.byte	16
 1246 04c6 53       		.byte	83
 1247 04c7 40       		.byte	64
 1248 04c8 9D       		.byte	-99
 1249 04c9 80       		.byte	-128
 1250 04ca A4       		.byte	-92
 1251 04cb 20       		.byte	32
 1252 04cc CE       		.byte	-50
 1253 04cd 20       		.byte	32
 1254 04ce D4       		.byte	-44
ARM GAS  C:\Users\mmk2715\AppData\Local\Temp\cc0CXIhi.s 			page 23


 1255 04cf 20       		.byte	32
 1256 04d0 80       		.byte	-128
 1257 04d1 20       		.byte	32
 1258 04d2 96       		.byte	-106
 1259 04d3 10       		.byte	16
 1260 04d4 97       		.byte	-105
 1261 04d5 80       		.byte	-128
 1262 04d6 9D       		.byte	-99
 1263 04d7 80       		.byte	-128
 1264 04d8 A4       		.byte	-92
 1265 04d9 20       		.byte	32
 1266 04da E2       		.byte	-30
 1267 04db 80       		.byte	-128
 1268 04dc 54       		.byte	84
 1269 04dd 20       		.byte	32
 1270 04de 5F       		.byte	95
 1271 04df 40       		.byte	64
 1272 04e0 87       		.byte	-121
 1273 04e1 40       		.byte	64
 1274 04e2 D4       		.byte	-44
 1275 04e3 02       		.byte	2
 1276 04e4 D6       		.byte	-42
 1277 04e5 04       		.byte	4
 1278 04e6 00       		.byte	0
 1279 04e7 40       		.byte	64
 1280 04e8 06       		.byte	6
 1281 04e9 02       		.byte	2
 1282 04ea 63       		.byte	99
 1283 04eb 08       		.byte	8
 1284 04ec 67       		.byte	103
 1285 04ed 08       		.byte	8
 1286 04ee A3       		.byte	-93
 1287 04ef 80       		.byte	-128
 1288 04f0 AB       		.byte	-85
 1289 04f1 80       		.byte	-128
 1290 04f2 B4       		.byte	-76
 1291 04f3 20       		.byte	32
 1292 04f4 C0       		.byte	-64
 1293 04f5 03       		.byte	3
 1294 04f6 D8       		.byte	-40
 1295 04f7 03       		.byte	3
 1296 04f8 EC       		.byte	-20
 1297 04f9 08       		.byte	8
 1298 04fa 50       		.byte	80
 1299 04fb 04       		.byte	4
 1300 04fc 57       		.byte	87
 1301 04fd 80       		.byte	-128
 1302 04fe 90       		.byte	-112
 1303 04ff 08       		.byte	8
 1304 0500 A3       		.byte	-93
 1305 0501 80       		.byte	-128
 1306 0502 A7       		.byte	-89
 1307 0503 04       		.byte	4
 1308 0504 A8       		.byte	-88
 1309 0505 40       		.byte	64
 1310 0506 B3       		.byte	-77
 1311 0507 04       		.byte	4
ARM GAS  C:\Users\mmk2715\AppData\Local\Temp\cc0CXIhi.s 			page 24


 1312 0508 B4       		.byte	-76
 1313 0509 04       		.byte	4
 1314 050a B6       		.byte	-74
 1315 050b 02       		.byte	2
 1316 050c D4       		.byte	-44
 1317 050d 06       		.byte	6
 1318 050e E8       		.byte	-24
 1319 050f 09       		.byte	9
 1320 0510 EA       		.byte	-22
 1321 0511 02       		.byte	2
 1322 0512 83       		.byte	-125
 1323 0513 04       		.byte	4
 1324 0514 A6       		.byte	-90
 1325 0515 80       		.byte	-128
 1326 0516 A7       		.byte	-89
 1327 0517 04       		.byte	4
 1328 0518 B6       		.byte	-74
 1329 0519 80       		.byte	-128
 1330 051a EA       		.byte	-22
 1331 051b 02       		.byte	2
 1332 051c 96       		.byte	-106
 1333 051d 10       		.byte	16
 1334 051e 9D       		.byte	-99
 1335 051f 80       		.byte	-128
 1336 0520 AF       		.byte	-81
 1337 0521 40       		.byte	64
 1338 0522 EA       		.byte	-22
 1339 0523 10       		.byte	16
 1340 0524 19       		.byte	25
 1341 0525 80       		.byte	-128
 1342 0526 9D       		.byte	-99
 1343 0527 80       		.byte	-128
 1344 0528 AA       		.byte	-86
 1345 0529 10       		.byte	16
 1346 052a C6       		.byte	-58
 1347 052b 40       		.byte	64
 1348 052c EA       		.byte	-22
 1349 052d 80       		.byte	-128
 1350 052e 08       		.byte	8
 1351 052f 10       		.byte	16
 1352 0530 13       		.byte	19
 1353 0531 21       		.byte	33
 1354 0532 14       		.byte	20
 1355 0533 80       		.byte	-128
 1356 0534 5F       		.byte	95
 1357 0535 01       		.byte	1
 1358 0536 78       		.byte	120
 1359 0537 10       		.byte	16
 1360 0538 7E       		.byte	126
 1361 0539 80       		.byte	-128
 1362 053a A6       		.byte	-90
 1363 053b 80       		.byte	-128
 1364 053c C2       		.byte	-62
 1365 053d 02       		.byte	2
 1366 053e C4       		.byte	-60
 1367 053f 0E       		.byte	14
 1368 0540 D6       		.byte	-42
ARM GAS  C:\Users\mmk2715\AppData\Local\Temp\cc0CXIhi.s 			page 25


 1369 0541 01       		.byte	1
 1370 0542 DE       		.byte	-34
 1371 0543 03       		.byte	3
 1372 0544 12       		.byte	18
 1373 0545 80       		.byte	-128
 1374 0546 7C       		.byte	124
 1375 0547 80       		.byte	-128
 1376 0548 98       		.byte	-104
 1377 0549 80       		.byte	-128
 1378 054a A6       		.byte	-90
 1379 054b 80       		.byte	-128
 1380 054c AB       		.byte	-85
 1381 054d 20       		.byte	32
 1382 054e B0       		.byte	-80
 1383 054f 10       		.byte	16
 1384 0550 C4       		.byte	-60
 1385 0551 08       		.byte	8
 1386 0552 DE       		.byte	-34
 1387 0553 04       		.byte	4
 1388 0554 EA       		.byte	-22
 1389 0555 04       		.byte	4
 1390 0556 00       		.byte	0
 1391 0557 07       		.byte	7
 1392 0558 01       		.byte	1
 1393 0559 01       		.byte	1
 1394 055a 0C       		.byte	12
 1395 055b 06       		.byte	6
 1396 055c 0D       		.byte	13
 1397 055d 01       		.byte	1
 1398 055e 0E       		.byte	14
 1399 055f 05       		.byte	5
 1400 0560 0F       		.byte	15
 1401 0561 01       		.byte	1
 1402 0562 00       		.byte	0
 1403 0563 0F       		.byte	15
 1404 0564 03       		.byte	3
 1405 0565 C0       		.byte	-64
 1406 0566 00       		.byte	0
 1407 0567 00       		.byte	0
 1408 0568 F3       		.byte	-13
 1409 0569 04       		.byte	4
 1410 056a 0C       		.byte	12
 1411 056b 29       		.byte	41
 1412 056c CF       		.byte	-49
 1413 056d 07       		.byte	7
 1414 056e 10       		.byte	16
 1415 056f 00       		.byte	0
 1416 0570 CC       		.byte	-52
 1417 0571 00       		.byte	0
 1418 0572 23       		.byte	35
 1419 0573 00       		.byte	0
 1420 0574 FF       		.byte	-1
 1421 0575 00       		.byte	0
 1422 0576 00       		.byte	0
 1423 0577 00       		.byte	0
 1424 0578 00       		.byte	0
 1425 0579 00       		.byte	0
ARM GAS  C:\Users\mmk2715\AppData\Local\Temp\cc0CXIhi.s 			page 26


 1426 057a 33       		.byte	51
 1427 057b 00       		.byte	0
 1428 057c 03       		.byte	3
 1429 057d 01       		.byte	1
 1430 057e 00       		.byte	0
 1431 057f 16       		.byte	22
 1432 0580 01       		.byte	1
 1433 0581 07       		.byte	7
 1434 0582 00       		.byte	0
 1435 0583 00       		.byte	0
 1436 0584 00       		.byte	0
 1437 0585 00       		.byte	0
 1438 0586 40       		.byte	64
 1439 0587 00       		.byte	0
 1440 0588 08       		.byte	8
 1441 0589 00       		.byte	0
 1442 058a 00       		.byte	0
 1443 058b 00       		.byte	0
 1444 058c 04       		.byte	4
 1445 058d 02       		.byte	2
 1446 058e 00       		.byte	0
 1447 058f 21       		.byte	33
 1448 0590 0C       		.byte	12
 1449 0591 00       		.byte	0
 1450 0592 00       		.byte	0
 1451 0593 00       		.byte	0
 1452 0594 42       		.byte	66
 1453 0595 00       		.byte	0
 1454 0596 00       		.byte	0
 1455 0597 00       		.byte	0
 1456 0598 00       		.byte	0
 1457 0599 08       		.byte	8
 1458 059a 7C       		.byte	124
 1459 059b 07       		.byte	7
 1460 059c 80       		.byte	-128
 1461 059d 00       		.byte	0
 1462 059e 0F       		.byte	15
 1463 059f 30       		.byte	48
 1464 05a0 00       		.byte	0
 1465 05a1 00       		.byte	0
 1466 05a2 8A       		.byte	-118
 1467 05a3 00       		.byte	0
 1468 05a4 00       		.byte	0
 1469 05a5 00       		.byte	0
 1470 05a6 10       		.byte	16
 1471 05a7 40       		.byte	64
 1472 05a8 65       		.byte	101
 1473 05a9 04       		.byte	4
 1474 05aa 03       		.byte	3
 1475 05ab 00       		.byte	0
 1476 05ac 01       		.byte	1
 1477 05ad C0       		.byte	-64
 1478 05ae 00       		.byte	0
 1479 05af E0       		.byte	-32
 1480 05b0 22       		.byte	34
 1481 05b1 FF       		.byte	-1
 1482 05b2 FF       		.byte	-1
ARM GAS  C:\Users\mmk2715\AppData\Local\Temp\cc0CXIhi.s 			page 27


 1483 05b3 FF       		.byte	-1
 1484 05b4 62       		.byte	98
 1485 05b5 A0       		.byte	-96
 1486 05b6 F0       		.byte	-16
 1487 05b7 41       		.byte	65
 1488 05b8 0C       		.byte	12
 1489 05b9 00       		.byte	0
 1490 05ba 00       		.byte	0
 1491 05bb 00       		.byte	0
 1492 05bc 00       		.byte	0
 1493 05bd 00       		.byte	0
 1494 05be 02       		.byte	2
 1495 05bf 12       		.byte	18
 1496 05c0 04       		.byte	4
 1497 05c1 04       		.byte	4
 1498 05c2 04       		.byte	4
 1499 05c3 04       		.byte	4
 1500 05c4 22       		.byte	34
 1501 05c5 22       		.byte	34
 1502 05c6 00       		.byte	0
 1503 05c7 01       		.byte	1
 1504 05c8 00       		.byte	0
 1505 05c9 00       		.byte	0
 1506 05ca 00       		.byte	0
 1507 05cb 00       		.byte	0
 1508 05cc 00       		.byte	0
 1509 05cd 00       		.byte	0
 1510 05ce 40       		.byte	64
 1511 05cf 02       		.byte	2
 1512 05d0 00       		.byte	0
 1513 05d1 10       		.byte	16
 1514 05d2 30       		.byte	48
 1515 05d3 10       		.byte	16
 1516 05d4 00       		.byte	0
 1517 05d5 10       		.byte	16
 1518 05d6 10       		.byte	16
 1519 05d7 12       		.byte	18
 1520 05d8 00       		.byte	0
 1521 05d9 00       		.byte	0
 1522 05da 00       		.byte	0
 1523 05db 00       		.byte	0
 1524 05dc 00       		.byte	0
 1525 05dd 00       		.byte	0
 1526 05de 00       		.byte	0
 1527 05df 00       		.byte	0
 1528 05e0 00       		.byte	0
 1529 05e1 00       		.byte	0
 1530 05e2 00       		.byte	0
 1531 05e3 00       		.byte	0
 1532 05e4 00       		.byte	0
 1533 05e5 00       		.byte	0
 1534 05e6 00       		.byte	0
 1535 05e7 00       		.byte	0
 1536 05e8 00       		.byte	0
 1537 05e9 7F       		.byte	127
 1538 05ea 7F       		.byte	127
 1539 05eb 00       		.byte	0
ARM GAS  C:\Users\mmk2715\AppData\Local\Temp\cc0CXIhi.s 			page 28


 1540 05ec 00       		.byte	0
 1541 05ed 00       		.byte	0
 1542 05ee 00       		.byte	0
 1543 05ef 00       		.byte	0
 1544 05f0 40       		.byte	64
 1545 05f1 00       		.byte	0
 1546 05f2 00       		.byte	0
 1547 05f3 08       		.byte	8
 1548 05f4 48       		.byte	72
 1549 05f5 00       		.byte	0
 1550 05f6 48       		.byte	72
 1551 05f7 00       		.byte	0
 1552 05f8 00       		.byte	0
 1553 05f9 00       		.byte	0
 1554 05fa 00       		.byte	0
 1555 05fb 00       		.byte	0
 1556 05fc 30       		.byte	48
 1557 05fd 00       		.byte	0
 1558 05fe 00       		.byte	0
 1559 05ff 30       		.byte	48
 1560 0600 30       		.byte	48
 1561 0601 00       		.byte	0
 1562 0602 30       		.byte	48
 1563 0603 00       		.byte	0
 1564 0604 00       		.byte	0
 1565 0605 00       		.byte	0
 1566 0606 00       		.byte	0
 1567 0607 00       		.byte	0
 1568 0608 40       		.byte	64
 1569 0609 00       		.byte	0
 1570 060a 00       		.byte	0
 1571 060b 00       		.byte	0
 1572 060c 40       		.byte	64
 1573 060d 00       		.byte	0
 1574 060e 40       		.byte	64
 1575 060f 00       		.byte	0
 1576 0610 00       		.byte	0
 1577 0611 00       		.byte	0
 1578 0612 00       		.byte	0
 1579 0613 00       		.byte	0
 1580 0614 20       		.byte	32
 1581 0615 00       		.byte	0
 1582 0616 0C       		.byte	12
 1583 0617 A0       		.byte	-96
 1584 0618 A0       		.byte	-96
 1585 0619 00       		.byte	0
 1586 061a A0       		.byte	-96
 1587 061b 00       		.byte	0
 1588 061c 00       		.byte	0
 1589 061d 00       		.byte	0
 1590 061e 00       		.byte	0
 1591 061f 00       		.byte	0
 1592 0620 00       		.byte	0
 1593 0621 40       		.byte	64
 1594 0622 40       		.byte	64
 1595 0623 00       		.byte	0
 1596 0624 00       		.byte	0
ARM GAS  C:\Users\mmk2715\AppData\Local\Temp\cc0CXIhi.s 			page 29


 1597 0625 00       		.byte	0
 1598 0626 00       		.byte	0
 1599 0627 00       		.byte	0
 1600 0628 00       		.byte	0
 1601 0629 F0       		.byte	-16
 1602 062a F0       		.byte	-16
 1603 062b 00       		.byte	0
 1604 062c 00       		.byte	0
 1605 062d 00       		.byte	0
 1606 062e 00       		.byte	0
 1607 062f 00       		.byte	0
 1608 0630 00       		.byte	0
 1609 0631 0A       		.byte	10
 1610 0632 0A       		.byte	10
 1611 0633 00       		.byte	0
 1612 0634 00       		.byte	0
 1613 0635 00       		.byte	0
 1614 0636 00       		.byte	0
 1615 0637 00       		.byte	0
 1616 0638 04       		.byte	4
 1617 0639 00       		.byte	0
 1618 063a 00       		.byte	0
 1619 063b 85       		.byte	-123
 1620 063c 85       		.byte	-123
 1621 063d 00       		.byte	0
 1622 063e 05       		.byte	5
 1623 063f 00       		.byte	0
 1624 0640 00       		.byte	0
 1625 0641 00       		.byte	0
 1626 0642 00       		.byte	0
 1627 0643 00       		.byte	0
 1628              		.global	cy_meta_custnvl
 1629              		.section	.cycustnvl,"a",%progbits
 1630              		.align	2
 1631              		.type	cy_meta_custnvl, %object
 1632              		.size	cy_meta_custnvl, 4
 1633              	cy_meta_custnvl:
 1634 0000 00       		.byte	0
 1635 0001 00       		.byte	0
 1636 0002 40       		.byte	64
 1637 0003 05       		.byte	5
 1638              		.global	cy_meta_wonvl
 1639              		.section	.cywolatch,"a",%progbits
 1640              		.align	2
 1641              		.type	cy_meta_wonvl, %object
 1642              		.size	cy_meta_wonvl, 4
 1643              	cy_meta_wonvl:
 1644 0000 BC       		.byte	-68
 1645 0001 90       		.byte	-112
 1646 0002 AC       		.byte	-84
 1647 0003 AF       		.byte	-81
 1648              		.global	cy_meta_flashprotect
 1649              		.section	.cyflashprotect,"a",%progbits
 1650              		.align	2
 1651              		.type	cy_meta_flashprotect, %object
 1652              		.size	cy_meta_flashprotect, 256
 1653              	cy_meta_flashprotect:
ARM GAS  C:\Users\mmk2715\AppData\Local\Temp\cc0CXIhi.s 			page 30


 1654 0000 00000000 		.space	256
 1654      00000000 
 1654      00000000 
 1654      00000000 
 1654      00000000 
 1655              		.global	cy_metadata
 1656              		.section	.cymeta,"a",%progbits
 1657              		.align	2
 1658              		.type	cy_metadata, %object
 1659              		.size	cy_metadata, 12
 1660              	cy_metadata:
 1661 0000 00       		.byte	0
 1662 0001 01       		.byte	1
 1663 0002 2E       		.byte	46
 1664 0003 12       		.byte	18
 1665 0004 30       		.byte	48
 1666 0005 69       		.byte	105
 1667 0006 00       		.byte	0
 1668 0007 01       		.byte	1
 1669 0008 00       		.byte	0
 1670 0009 00       		.byte	0
 1671 000a 00       		.byte	0
 1672 000b 00       		.byte	0
 1673              		.text
 1674              	.Letext0:
 1675              		.file 1 ".\\Generated_Source\\PSoC5\\cymetadata.c"
 1676              		.file 2 ".\\Generated_Source\\PSoC5\\cytypes.h"
 1677              		.section	.debug_info,"",%progbits
 1678              	.Ldebug_info0:
 1679 0000 3D010000 		.4byte	0x13d
 1680 0004 0200     		.2byte	0x2
 1681 0006 00000000 		.4byte	.Ldebug_abbrev0
 1682 000a 04       		.byte	0x4
 1683 000b 01       		.uleb128 0x1
 1684 000c 41010000 		.4byte	.LASF18
 1685 0010 01       		.byte	0x1
 1686 0011 3A000000 		.4byte	.LASF19
 1687 0015 00000000 		.4byte	.LASF20
 1688 0019 00000000 		.4byte	.Ldebug_line0
 1689 001d 02       		.uleb128 0x2
 1690 001e 01       		.byte	0x1
 1691 001f 06       		.byte	0x6
 1692 0020 93010000 		.4byte	.LASF0
 1693 0024 02       		.uleb128 0x2
 1694 0025 01       		.byte	0x1
 1695 0026 08       		.byte	0x8
 1696 0027 72000000 		.4byte	.LASF1
 1697 002b 02       		.uleb128 0x2
 1698 002c 02       		.byte	0x2
 1699 002d 05       		.byte	0x5
 1700 002e 31010000 		.4byte	.LASF2
 1701 0032 02       		.uleb128 0x2
 1702 0033 02       		.byte	0x2
 1703 0034 07       		.byte	0x7
 1704 0035 92000000 		.4byte	.LASF3
 1705 0039 02       		.uleb128 0x2
 1706 003a 04       		.byte	0x4
ARM GAS  C:\Users\mmk2715\AppData\Local\Temp\cc0CXIhi.s 			page 31


 1707 003b 05       		.byte	0x5
 1708 003c 8A010000 		.4byte	.LASF4
 1709 0040 02       		.uleb128 0x2
 1710 0041 04       		.byte	0x4
 1711 0042 07       		.byte	0x7
 1712 0043 80000000 		.4byte	.LASF5
 1713 0047 02       		.uleb128 0x2
 1714 0048 08       		.byte	0x8
 1715 0049 05       		.byte	0x5
 1716 004a 1E010000 		.4byte	.LASF6
 1717 004e 02       		.uleb128 0x2
 1718 004f 08       		.byte	0x8
 1719 0050 07       		.byte	0x7
 1720 0051 DB000000 		.4byte	.LASF7
 1721 0055 03       		.uleb128 0x3
 1722 0056 04       		.byte	0x4
 1723 0057 05       		.byte	0x5
 1724 0058 696E7400 		.ascii	"int\000"
 1725 005c 02       		.uleb128 0x2
 1726 005d 04       		.byte	0x4
 1727 005e 07       		.byte	0x7
 1728 005f CE000000 		.4byte	.LASF8
 1729 0063 04       		.uleb128 0x4
 1730 0064 3B010000 		.4byte	.LASF21
 1731 0068 02       		.byte	0x2
 1732 0069 5B       		.byte	0x5b
 1733 006a 24000000 		.4byte	0x24
 1734 006e 02       		.uleb128 0x2
 1735 006f 04       		.byte	0x4
 1736 0070 04       		.byte	0x4
 1737 0071 6C000000 		.4byte	.LASF9
 1738 0075 02       		.uleb128 0x2
 1739 0076 08       		.byte	0x8
 1740 0077 04       		.byte	0x4
 1741 0078 A5000000 		.4byte	.LASF10
 1742 007c 02       		.uleb128 0x2
 1743 007d 01       		.byte	0x1
 1744 007e 08       		.byte	0x8
 1745 007f 2C010000 		.4byte	.LASF11
 1746 0083 05       		.uleb128 0x5
 1747 0084 63000000 		.4byte	0x63
 1748 0088 94000000 		.4byte	0x94
 1749 008c 06       		.uleb128 0x6
 1750 008d 94000000 		.4byte	0x94
 1751 0091 4306     		.2byte	0x643
 1752 0093 00       		.byte	0
 1753 0094 02       		.uleb128 0x2
 1754 0095 04       		.byte	0x4
 1755 0096 07       		.byte	0x7
 1756 0097 15010000 		.4byte	.LASF12
 1757 009b 07       		.uleb128 0x7
 1758 009c BC000000 		.4byte	.LASF13
 1759 00a0 01       		.byte	0x1
 1760 00a1 1C       		.byte	0x1c
 1761 00a2 AD000000 		.4byte	0xad
 1762 00a6 01       		.byte	0x1
 1763 00a7 05       		.byte	0x5
ARM GAS  C:\Users\mmk2715\AppData\Local\Temp\cc0CXIhi.s 			page 32


 1764 00a8 03       		.byte	0x3
 1765 00a9 00000000 		.4byte	cy_meta_configecc
 1766 00ad 08       		.uleb128 0x8
 1767 00ae 83000000 		.4byte	0x83
 1768 00b2 05       		.uleb128 0x5
 1769 00b3 63000000 		.4byte	0x63
 1770 00b7 C2000000 		.4byte	0xc2
 1771 00bb 09       		.uleb128 0x9
 1772 00bc 94000000 		.4byte	0x94
 1773 00c0 03       		.byte	0x3
 1774 00c1 00       		.byte	0
 1775 00c2 07       		.uleb128 0x7
 1776 00c3 AC000000 		.4byte	.LASF14
 1777 00c7 01       		.byte	0x1
 1778 00c8 EF       		.byte	0xef
 1779 00c9 D4000000 		.4byte	0xd4
 1780 00cd 01       		.byte	0x1
 1781 00ce 05       		.byte	0x5
 1782 00cf 03       		.byte	0x3
 1783 00d0 00000000 		.4byte	cy_meta_custnvl
 1784 00d4 08       		.uleb128 0x8
 1785 00d5 B2000000 		.4byte	0xb2
 1786 00d9 07       		.uleb128 0x7
 1787 00da 07010000 		.4byte	.LASF15
 1788 00de 01       		.byte	0x1
 1789 00df FA       		.byte	0xfa
 1790 00e0 EB000000 		.4byte	0xeb
 1791 00e4 01       		.byte	0x1
 1792 00e5 05       		.byte	0x5
 1793 00e6 03       		.byte	0x3
 1794 00e7 00000000 		.4byte	cy_meta_wonvl
 1795 00eb 08       		.uleb128 0x8
 1796 00ec B2000000 		.4byte	0xb2
 1797 00f0 05       		.uleb128 0x5
 1798 00f1 63000000 		.4byte	0x63
 1799 00f5 00010000 		.4byte	0x100
 1800 00f9 09       		.uleb128 0x9
 1801 00fa 94000000 		.4byte	0x94
 1802 00fe FF       		.byte	0xff
 1803 00ff 00       		.byte	0
 1804 0100 0A       		.uleb128 0xa
 1805 0101 F2000000 		.4byte	.LASF16
 1806 0105 01       		.byte	0x1
 1807 0106 0501     		.2byte	0x105
 1808 0108 13010000 		.4byte	0x113
 1809 010c 01       		.byte	0x1
 1810 010d 05       		.byte	0x5
 1811 010e 03       		.byte	0x3
 1812 010f 00000000 		.4byte	cy_meta_flashprotect
 1813 0113 08       		.uleb128 0x8
 1814 0114 F0000000 		.4byte	0xf0
 1815 0118 05       		.uleb128 0x5
 1816 0119 63000000 		.4byte	0x63
 1817 011d 28010000 		.4byte	0x128
 1818 0121 09       		.uleb128 0x9
 1819 0122 94000000 		.4byte	0x94
 1820 0126 0B       		.byte	0xb
ARM GAS  C:\Users\mmk2715\AppData\Local\Temp\cc0CXIhi.s 			page 33


 1821 0127 00       		.byte	0
 1822 0128 0A       		.uleb128 0xa
 1823 0129 60000000 		.4byte	.LASF17
 1824 012d 01       		.byte	0x1
 1825 012e 2F01     		.2byte	0x12f
 1826 0130 3B010000 		.4byte	0x13b
 1827 0134 01       		.byte	0x1
 1828 0135 05       		.byte	0x5
 1829 0136 03       		.byte	0x3
 1830 0137 00000000 		.4byte	cy_metadata
 1831 013b 08       		.uleb128 0x8
 1832 013c 18010000 		.4byte	0x118
 1833 0140 00       		.byte	0
 1834              		.section	.debug_abbrev,"",%progbits
 1835              	.Ldebug_abbrev0:
 1836 0000 01       		.uleb128 0x1
 1837 0001 11       		.uleb128 0x11
 1838 0002 01       		.byte	0x1
 1839 0003 25       		.uleb128 0x25
 1840 0004 0E       		.uleb128 0xe
 1841 0005 13       		.uleb128 0x13
 1842 0006 0B       		.uleb128 0xb
 1843 0007 03       		.uleb128 0x3
 1844 0008 0E       		.uleb128 0xe
 1845 0009 1B       		.uleb128 0x1b
 1846 000a 0E       		.uleb128 0xe
 1847 000b 10       		.uleb128 0x10
 1848 000c 06       		.uleb128 0x6
 1849 000d 00       		.byte	0
 1850 000e 00       		.byte	0
 1851 000f 02       		.uleb128 0x2
 1852 0010 24       		.uleb128 0x24
 1853 0011 00       		.byte	0
 1854 0012 0B       		.uleb128 0xb
 1855 0013 0B       		.uleb128 0xb
 1856 0014 3E       		.uleb128 0x3e
 1857 0015 0B       		.uleb128 0xb
 1858 0016 03       		.uleb128 0x3
 1859 0017 0E       		.uleb128 0xe
 1860 0018 00       		.byte	0
 1861 0019 00       		.byte	0
 1862 001a 03       		.uleb128 0x3
 1863 001b 24       		.uleb128 0x24
 1864 001c 00       		.byte	0
 1865 001d 0B       		.uleb128 0xb
 1866 001e 0B       		.uleb128 0xb
 1867 001f 3E       		.uleb128 0x3e
 1868 0020 0B       		.uleb128 0xb
 1869 0021 03       		.uleb128 0x3
 1870 0022 08       		.uleb128 0x8
 1871 0023 00       		.byte	0
 1872 0024 00       		.byte	0
 1873 0025 04       		.uleb128 0x4
 1874 0026 16       		.uleb128 0x16
 1875 0027 00       		.byte	0
 1876 0028 03       		.uleb128 0x3
 1877 0029 0E       		.uleb128 0xe
ARM GAS  C:\Users\mmk2715\AppData\Local\Temp\cc0CXIhi.s 			page 34


 1878 002a 3A       		.uleb128 0x3a
 1879 002b 0B       		.uleb128 0xb
 1880 002c 3B       		.uleb128 0x3b
 1881 002d 0B       		.uleb128 0xb
 1882 002e 49       		.uleb128 0x49
 1883 002f 13       		.uleb128 0x13
 1884 0030 00       		.byte	0
 1885 0031 00       		.byte	0
 1886 0032 05       		.uleb128 0x5
 1887 0033 01       		.uleb128 0x1
 1888 0034 01       		.byte	0x1
 1889 0035 49       		.uleb128 0x49
 1890 0036 13       		.uleb128 0x13
 1891 0037 01       		.uleb128 0x1
 1892 0038 13       		.uleb128 0x13
 1893 0039 00       		.byte	0
 1894 003a 00       		.byte	0
 1895 003b 06       		.uleb128 0x6
 1896 003c 21       		.uleb128 0x21
 1897 003d 00       		.byte	0
 1898 003e 49       		.uleb128 0x49
 1899 003f 13       		.uleb128 0x13
 1900 0040 2F       		.uleb128 0x2f
 1901 0041 05       		.uleb128 0x5
 1902 0042 00       		.byte	0
 1903 0043 00       		.byte	0
 1904 0044 07       		.uleb128 0x7
 1905 0045 34       		.uleb128 0x34
 1906 0046 00       		.byte	0
 1907 0047 03       		.uleb128 0x3
 1908 0048 0E       		.uleb128 0xe
 1909 0049 3A       		.uleb128 0x3a
 1910 004a 0B       		.uleb128 0xb
 1911 004b 3B       		.uleb128 0x3b
 1912 004c 0B       		.uleb128 0xb
 1913 004d 49       		.uleb128 0x49
 1914 004e 13       		.uleb128 0x13
 1915 004f 3F       		.uleb128 0x3f
 1916 0050 0C       		.uleb128 0xc
 1917 0051 02       		.uleb128 0x2
 1918 0052 0A       		.uleb128 0xa
 1919 0053 00       		.byte	0
 1920 0054 00       		.byte	0
 1921 0055 08       		.uleb128 0x8
 1922 0056 26       		.uleb128 0x26
 1923 0057 00       		.byte	0
 1924 0058 49       		.uleb128 0x49
 1925 0059 13       		.uleb128 0x13
 1926 005a 00       		.byte	0
 1927 005b 00       		.byte	0
 1928 005c 09       		.uleb128 0x9
 1929 005d 21       		.uleb128 0x21
 1930 005e 00       		.byte	0
 1931 005f 49       		.uleb128 0x49
 1932 0060 13       		.uleb128 0x13
 1933 0061 2F       		.uleb128 0x2f
 1934 0062 0B       		.uleb128 0xb
ARM GAS  C:\Users\mmk2715\AppData\Local\Temp\cc0CXIhi.s 			page 35


 1935 0063 00       		.byte	0
 1936 0064 00       		.byte	0
 1937 0065 0A       		.uleb128 0xa
 1938 0066 34       		.uleb128 0x34
 1939 0067 00       		.byte	0
 1940 0068 03       		.uleb128 0x3
 1941 0069 0E       		.uleb128 0xe
 1942 006a 3A       		.uleb128 0x3a
 1943 006b 0B       		.uleb128 0xb
 1944 006c 3B       		.uleb128 0x3b
 1945 006d 05       		.uleb128 0x5
 1946 006e 49       		.uleb128 0x49
 1947 006f 13       		.uleb128 0x13
 1948 0070 3F       		.uleb128 0x3f
 1949 0071 0C       		.uleb128 0xc
 1950 0072 02       		.uleb128 0x2
 1951 0073 0A       		.uleb128 0xa
 1952 0074 00       		.byte	0
 1953 0075 00       		.byte	0
 1954 0076 00       		.byte	0
 1955              		.section	.debug_aranges,"",%progbits
 1956 0000 14000000 		.4byte	0x14
 1957 0004 0200     		.2byte	0x2
 1958 0006 00000000 		.4byte	.Ldebug_info0
 1959 000a 04       		.byte	0x4
 1960 000b 00       		.byte	0
 1961 000c 0000     		.2byte	0
 1962 000e 0000     		.2byte	0
 1963 0010 00000000 		.4byte	0
 1964 0014 00000000 		.4byte	0
 1965              		.section	.debug_line,"",%progbits
 1966              	.Ldebug_line0:
 1967 0000 4F000000 		.section	.debug_str,"MS",%progbits,1
 1967      02004900 
 1967      00000201 
 1967      FB0E0D00 
 1967      01010101 
 1968              	.LASF20:
 1969 0000 453A5C50 		.ascii	"E:\\PSoc program\\DskyTroostite1.0v\\Design01\\Desi"
 1969      536F6320 
 1969      70726F67 
 1969      72616D5C 
 1969      44736B79 
 1970 002f 676E3031 		.ascii	"gn01.cydsn\000"
 1970      2E637964 
 1970      736E00
 1971              	.LASF19:
 1972 003a 2E5C4765 		.ascii	".\\Generated_Source\\PSoC5\\cymetadata.c\000"
 1972      6E657261 
 1972      7465645F 
 1972      536F7572 
 1972      63655C50 
 1973              	.LASF17:
 1974 0060 63795F6D 		.ascii	"cy_metadata\000"
 1974      65746164 
 1974      61746100 
 1975              	.LASF9:
ARM GAS  C:\Users\mmk2715\AppData\Local\Temp\cc0CXIhi.s 			page 36


 1976 006c 666C6F61 		.ascii	"float\000"
 1976      7400
 1977              	.LASF1:
 1978 0072 756E7369 		.ascii	"unsigned char\000"
 1978      676E6564 
 1978      20636861 
 1978      7200
 1979              	.LASF5:
 1980 0080 6C6F6E67 		.ascii	"long unsigned int\000"
 1980      20756E73 
 1980      69676E65 
 1980      6420696E 
 1980      7400
 1981              	.LASF3:
 1982 0092 73686F72 		.ascii	"short unsigned int\000"
 1982      7420756E 
 1982      7369676E 
 1982      65642069 
 1982      6E7400
 1983              	.LASF10:
 1984 00a5 646F7562 		.ascii	"double\000"
 1984      6C6500
 1985              	.LASF14:
 1986 00ac 63795F6D 		.ascii	"cy_meta_custnvl\000"
 1986      6574615F 
 1986      63757374 
 1986      6E766C00 
 1987              	.LASF13:
 1988 00bc 63795F6D 		.ascii	"cy_meta_configecc\000"
 1988      6574615F 
 1988      636F6E66 
 1988      69676563 
 1988      6300
 1989              	.LASF8:
 1990 00ce 756E7369 		.ascii	"unsigned int\000"
 1990      676E6564 
 1990      20696E74 
 1990      00
 1991              	.LASF7:
 1992 00db 6C6F6E67 		.ascii	"long long unsigned int\000"
 1992      206C6F6E 
 1992      6720756E 
 1992      7369676E 
 1992      65642069 
 1993              	.LASF16:
 1994 00f2 63795F6D 		.ascii	"cy_meta_flashprotect\000"
 1994      6574615F 
 1994      666C6173 
 1994      6870726F 
 1994      74656374 
 1995              	.LASF15:
 1996 0107 63795F6D 		.ascii	"cy_meta_wonvl\000"
 1996      6574615F 
 1996      776F6E76 
 1996      6C00
 1997              	.LASF12:
 1998 0115 73697A65 		.ascii	"sizetype\000"
ARM GAS  C:\Users\mmk2715\AppData\Local\Temp\cc0CXIhi.s 			page 37


 1998      74797065 
 1998      00
 1999              	.LASF6:
 2000 011e 6C6F6E67 		.ascii	"long long int\000"
 2000      206C6F6E 
 2000      6720696E 
 2000      7400
 2001              	.LASF11:
 2002 012c 63686172 		.ascii	"char\000"
 2002      00
 2003              	.LASF2:
 2004 0131 73686F72 		.ascii	"short int\000"
 2004      7420696E 
 2004      7400
 2005              	.LASF21:
 2006 013b 75696E74 		.ascii	"uint8\000"
 2006      3800
 2007              	.LASF18:
 2008 0141 474E5520 		.ascii	"GNU C 4.7.3 20130312 (release) [ARM/embedded-4_7-br"
 2008      4320342E 
 2008      372E3320 
 2008      32303133 
 2008      30333132 
 2009 0174 616E6368 		.ascii	"anch revision 196615]\000"
 2009      20726576 
 2009      6973696F 
 2009      6E203139 
 2009      36363135 
 2010              	.LASF4:
 2011 018a 6C6F6E67 		.ascii	"long int\000"
 2011      20696E74 
 2011      00
 2012              	.LASF0:
 2013 0193 7369676E 		.ascii	"signed char\000"
 2013      65642063 
 2013      68617200 
 2014              		.ident	"GCC: (GNU Tools for ARM Embedded Processors) 4.7.3 20130312 (release) [ARM/embedded-4_7-br
