ARM GAS  C:\Users\mmk2715\AppData\Local\Temp\ccC5GNSg.s 			page 1


   1              		.cpu cortex-m0
   2              		.fpu softvfp
   3              		.eabi_attribute 20, 1
   4              		.eabi_attribute 21, 1
   5              		.eabi_attribute 23, 3
   6              		.eabi_attribute 24, 1
   7              		.eabi_attribute 25, 1
   8              		.eabi_attribute 26, 1
   9              		.eabi_attribute 30, 6
  10              		.eabi_attribute 34, 0
  11              		.eabi_attribute 18, 4
  12              		.code	16
  13              		.file	"cyfitter_cfg.c"
  14              		.text
  15              	.Ltext0:
  16              		.cfi_sections	.debug_frame
  17              		.section	.text.CYMEMZERO,"ax",%progbits
  18              		.align	2
  19              		.code	16
  20              		.thumb_func
  21              		.type	CYMEMZERO, %function
  22              	CYMEMZERO:
  23              	.LFB0:
  24              		.file 1 ".\\Generated_Source\\PSoC4\\cyfitter_cfg.c"
   1:.\Generated_Source\PSoC4/cyfitter_cfg.c **** /*******************************************************************************
   2:.\Generated_Source\PSoC4/cyfitter_cfg.c **** * FILENAME: cyfitter_cfg.c
   3:.\Generated_Source\PSoC4/cyfitter_cfg.c **** * PSoC Creator 3.0
   4:.\Generated_Source\PSoC4/cyfitter_cfg.c **** *
   5:.\Generated_Source\PSoC4/cyfitter_cfg.c **** * Description:
   6:.\Generated_Source\PSoC4/cyfitter_cfg.c **** * This file is automatically generated by PSoC Creator with device 
   7:.\Generated_Source\PSoC4/cyfitter_cfg.c **** * initialization code.  Except for the user defined sections in
   8:.\Generated_Source\PSoC4/cyfitter_cfg.c **** * CyClockStartupError(), this file should not be modified.
   9:.\Generated_Source\PSoC4/cyfitter_cfg.c **** *
  10:.\Generated_Source\PSoC4/cyfitter_cfg.c **** ********************************************************************************
  11:.\Generated_Source\PSoC4/cyfitter_cfg.c **** * Copyright 2013, Cypress Semiconductor Corporation.  All rights reserved.
  12:.\Generated_Source\PSoC4/cyfitter_cfg.c **** * You may use this file only in accordance with the license, terms, conditions, 
  13:.\Generated_Source\PSoC4/cyfitter_cfg.c **** * disclaimers, and limitations in the end user license agreement accompanying 
  14:.\Generated_Source\PSoC4/cyfitter_cfg.c **** * the software package with which this file was provided.
  15:.\Generated_Source\PSoC4/cyfitter_cfg.c **** ********************************************************************************/
  16:.\Generated_Source\PSoC4/cyfitter_cfg.c **** 
  17:.\Generated_Source\PSoC4/cyfitter_cfg.c **** #include <string.h>
  18:.\Generated_Source\PSoC4/cyfitter_cfg.c **** #include <cytypes.h>
  19:.\Generated_Source\PSoC4/cyfitter_cfg.c **** #include <cydevice_trm.h>
  20:.\Generated_Source\PSoC4/cyfitter_cfg.c **** #include <cyfitter.h>
  21:.\Generated_Source\PSoC4/cyfitter_cfg.c **** #include <CyLib.h>
  22:.\Generated_Source\PSoC4/cyfitter_cfg.c **** #include <cyfitter_cfg.h>
  23:.\Generated_Source\PSoC4/cyfitter_cfg.c **** 
  24:.\Generated_Source\PSoC4/cyfitter_cfg.c **** 
  25:.\Generated_Source\PSoC4/cyfitter_cfg.c **** #if defined(__GNUC__) || defined(__ARMCC_VERSION)
  26:.\Generated_Source\PSoC4/cyfitter_cfg.c ****     #define CYPACKED 
  27:.\Generated_Source\PSoC4/cyfitter_cfg.c ****     #define CYPACKED_ATTR __attribute__ ((packed))
  28:.\Generated_Source\PSoC4/cyfitter_cfg.c ****     #define CYALIGNED __attribute__ ((aligned))
  29:.\Generated_Source\PSoC4/cyfitter_cfg.c ****     #define CY_CFG_UNUSED __attribute__ ((unused))
  30:.\Generated_Source\PSoC4/cyfitter_cfg.c ****     #define CY_CFG_SECTION __attribute__ ((section(".psocinit")))
  31:.\Generated_Source\PSoC4/cyfitter_cfg.c ****     
  32:.\Generated_Source\PSoC4/cyfitter_cfg.c ****     #if defined(__ARMCC_VERSION)
  33:.\Generated_Source\PSoC4/cyfitter_cfg.c ****         #define CY_CFG_MEMORY_BARRIER() __memory_changed()
ARM GAS  C:\Users\mmk2715\AppData\Local\Temp\ccC5GNSg.s 			page 2


  34:.\Generated_Source\PSoC4/cyfitter_cfg.c ****     #else
  35:.\Generated_Source\PSoC4/cyfitter_cfg.c ****         #define CY_CFG_MEMORY_BARRIER() __sync_synchronize()
  36:.\Generated_Source\PSoC4/cyfitter_cfg.c ****     #endif
  37:.\Generated_Source\PSoC4/cyfitter_cfg.c ****     
  38:.\Generated_Source\PSoC4/cyfitter_cfg.c **** #elif defined(__ICCARM__)
  39:.\Generated_Source\PSoC4/cyfitter_cfg.c ****     #include <intrinsics.h>
  40:.\Generated_Source\PSoC4/cyfitter_cfg.c **** 
  41:.\Generated_Source\PSoC4/cyfitter_cfg.c ****     #define CYPACKED __packed
  42:.\Generated_Source\PSoC4/cyfitter_cfg.c ****     #define CYPACKED_ATTR 
  43:.\Generated_Source\PSoC4/cyfitter_cfg.c ****     #define CYALIGNED _Pragma("data_alignment=4")
  44:.\Generated_Source\PSoC4/cyfitter_cfg.c ****     #define CY_CFG_UNUSED _Pragma("diag_suppress=Pe177")
  45:.\Generated_Source\PSoC4/cyfitter_cfg.c ****     #define CY_CFG_SECTION _Pragma("location=\".psocinit\"")
  46:.\Generated_Source\PSoC4/cyfitter_cfg.c ****     
  47:.\Generated_Source\PSoC4/cyfitter_cfg.c ****     #define CY_CFG_MEMORY_BARRIER() __DMB()
  48:.\Generated_Source\PSoC4/cyfitter_cfg.c ****     
  49:.\Generated_Source\PSoC4/cyfitter_cfg.c **** #else
  50:.\Generated_Source\PSoC4/cyfitter_cfg.c ****     #error Unsupported toolchain
  51:.\Generated_Source\PSoC4/cyfitter_cfg.c **** #endif
  52:.\Generated_Source\PSoC4/cyfitter_cfg.c **** 
  53:.\Generated_Source\PSoC4/cyfitter_cfg.c **** 
  54:.\Generated_Source\PSoC4/cyfitter_cfg.c **** CY_CFG_UNUSED
  55:.\Generated_Source\PSoC4/cyfitter_cfg.c **** static void CYMEMZERO(void *s, size_t n);
  56:.\Generated_Source\PSoC4/cyfitter_cfg.c **** CY_CFG_UNUSED
  57:.\Generated_Source\PSoC4/cyfitter_cfg.c **** static void CYMEMZERO(void *s, size_t n)
  58:.\Generated_Source\PSoC4/cyfitter_cfg.c **** {
  25              		.loc 1 58 0
  26              		.cfi_startproc
  27 0000 80B5     		push	{r7, lr}
  28              	.LCFI0:
  29              		.cfi_def_cfa_offset 8
  30              		.cfi_offset 7, -8
  31              		.cfi_offset 14, -4
  32 0002 82B0     		sub	sp, sp, #8
  33              	.LCFI1:
  34              		.cfi_def_cfa_offset 16
  35 0004 00AF     		add	r7, sp, #0
  36              	.LCFI2:
  37              		.cfi_def_cfa_register 7
  38 0006 7860     		str	r0, [r7, #4]
  39 0008 3960     		str	r1, [r7]
  59:.\Generated_Source\PSoC4/cyfitter_cfg.c **** 	(void)memset(s, 0, n);
  40              		.loc 1 59 0
  41 000a 7A68     		ldr	r2, [r7, #4]
  42 000c 3B68     		ldr	r3, [r7]
  43 000e 101C     		mov	r0, r2
  44 0010 0021     		mov	r1, #0
  45 0012 1A1C     		mov	r2, r3
  46 0014 FFF7FEFF 		bl	memset
  60:.\Generated_Source\PSoC4/cyfitter_cfg.c **** }
  47              		.loc 1 60 0
  48 0018 BD46     		mov	sp, r7
  49 001a 02B0     		add	sp, sp, #8
  50              		@ sp needed for prologue
  51 001c 80BD     		pop	{r7, pc}
  52              		.cfi_endproc
  53              	.LFE0:
  54              		.size	CYMEMZERO, .-CYMEMZERO
ARM GAS  C:\Users\mmk2715\AppData\Local\Temp\ccC5GNSg.s 			page 3


  55 001e C046     		.section	.text.CYCONFIGCPY,"ax",%progbits
  56              		.align	2
  57              		.code	16
  58              		.thumb_func
  59              		.type	CYCONFIGCPY, %function
  60              	CYCONFIGCPY:
  61              	.LFB1:
  61:.\Generated_Source\PSoC4/cyfitter_cfg.c **** CY_CFG_UNUSED
  62:.\Generated_Source\PSoC4/cyfitter_cfg.c **** static void CYCONFIGCPY(void *dest, const void *src, size_t n);
  63:.\Generated_Source\PSoC4/cyfitter_cfg.c **** CY_CFG_UNUSED
  64:.\Generated_Source\PSoC4/cyfitter_cfg.c **** static void CYCONFIGCPY(void *dest, const void *src, size_t n)
  65:.\Generated_Source\PSoC4/cyfitter_cfg.c **** {
  62              		.loc 1 65 0
  63              		.cfi_startproc
  64 0000 80B5     		push	{r7, lr}
  65              	.LCFI3:
  66              		.cfi_def_cfa_offset 8
  67              		.cfi_offset 7, -8
  68              		.cfi_offset 14, -4
  69 0002 84B0     		sub	sp, sp, #16
  70              	.LCFI4:
  71              		.cfi_def_cfa_offset 24
  72 0004 00AF     		add	r7, sp, #0
  73              	.LCFI5:
  74              		.cfi_def_cfa_register 7
  75 0006 F860     		str	r0, [r7, #12]
  76 0008 B960     		str	r1, [r7, #8]
  77 000a 7A60     		str	r2, [r7, #4]
  66:.\Generated_Source\PSoC4/cyfitter_cfg.c **** 	(void)memcpy(dest, src, n);
  78              		.loc 1 66 0
  79 000c F968     		ldr	r1, [r7, #12]
  80 000e BA68     		ldr	r2, [r7, #8]
  81 0010 7B68     		ldr	r3, [r7, #4]
  82 0012 081C     		mov	r0, r1
  83 0014 111C     		mov	r1, r2
  84 0016 1A1C     		mov	r2, r3
  85 0018 FFF7FEFF 		bl	memcpy
  67:.\Generated_Source\PSoC4/cyfitter_cfg.c **** }
  86              		.loc 1 67 0
  87 001c BD46     		mov	sp, r7
  88 001e 04B0     		add	sp, sp, #16
  89              		@ sp needed for prologue
  90 0020 80BD     		pop	{r7, pc}
  91              		.cfi_endproc
  92              	.LFE1:
  93              		.size	CYCONFIGCPY, .-CYCONFIGCPY
  94 0022 C046     		.section	.text.CYCONFIGCPYCODE,"ax",%progbits
  95              		.align	2
  96              		.code	16
  97              		.thumb_func
  98              		.type	CYCONFIGCPYCODE, %function
  99              	CYCONFIGCPYCODE:
 100              	.LFB2:
  68:.\Generated_Source\PSoC4/cyfitter_cfg.c **** CY_CFG_UNUSED
  69:.\Generated_Source\PSoC4/cyfitter_cfg.c **** static void CYCONFIGCPYCODE(void *dest, const void *src, size_t n);
  70:.\Generated_Source\PSoC4/cyfitter_cfg.c **** CY_CFG_UNUSED
  71:.\Generated_Source\PSoC4/cyfitter_cfg.c **** static void CYCONFIGCPYCODE(void *dest, const void *src, size_t n)
ARM GAS  C:\Users\mmk2715\AppData\Local\Temp\ccC5GNSg.s 			page 4


  72:.\Generated_Source\PSoC4/cyfitter_cfg.c **** {
 101              		.loc 1 72 0
 102              		.cfi_startproc
 103 0000 80B5     		push	{r7, lr}
 104              	.LCFI6:
 105              		.cfi_def_cfa_offset 8
 106              		.cfi_offset 7, -8
 107              		.cfi_offset 14, -4
 108 0002 84B0     		sub	sp, sp, #16
 109              	.LCFI7:
 110              		.cfi_def_cfa_offset 24
 111 0004 00AF     		add	r7, sp, #0
 112              	.LCFI8:
 113              		.cfi_def_cfa_register 7
 114 0006 F860     		str	r0, [r7, #12]
 115 0008 B960     		str	r1, [r7, #8]
 116 000a 7A60     		str	r2, [r7, #4]
  73:.\Generated_Source\PSoC4/cyfitter_cfg.c **** 	(void)memcpy(dest, src, n);
 117              		.loc 1 73 0
 118 000c F968     		ldr	r1, [r7, #12]
 119 000e BA68     		ldr	r2, [r7, #8]
 120 0010 7B68     		ldr	r3, [r7, #4]
 121 0012 081C     		mov	r0, r1
 122 0014 111C     		mov	r1, r2
 123 0016 1A1C     		mov	r2, r3
 124 0018 FFF7FEFF 		bl	memcpy
  74:.\Generated_Source\PSoC4/cyfitter_cfg.c **** }
 125              		.loc 1 74 0
 126 001c BD46     		mov	sp, r7
 127 001e 04B0     		add	sp, sp, #16
 128              		@ sp needed for prologue
 129 0020 80BD     		pop	{r7, pc}
 130              		.cfi_endproc
 131              	.LFE2:
 132              		.size	CYCONFIGCPYCODE, .-CYCONFIGCPYCODE
 133 0022 C046     		.section	.psocinit,"ax",%progbits
 134              		.align	2
 135              		.code	16
 136              		.thumb_func
 137              		.type	SetIMOBGTrims, %function
 138              	SetIMOBGTrims:
 139              	.LFB3:
  75:.\Generated_Source\PSoC4/cyfitter_cfg.c **** 
  76:.\Generated_Source\PSoC4/cyfitter_cfg.c **** 
  77:.\Generated_Source\PSoC4/cyfitter_cfg.c **** 
  78:.\Generated_Source\PSoC4/cyfitter_cfg.c **** /* Clock startup error codes                                                   */
  79:.\Generated_Source\PSoC4/cyfitter_cfg.c **** #define CYCLOCKSTART_NO_ERROR    0u
  80:.\Generated_Source\PSoC4/cyfitter_cfg.c **** #define CYCLOCKSTART_XTAL_ERROR  1u
  81:.\Generated_Source\PSoC4/cyfitter_cfg.c **** #define CYCLOCKSTART_32KHZ_ERROR 2u
  82:.\Generated_Source\PSoC4/cyfitter_cfg.c **** #define CYCLOCKSTART_PLL_ERROR   3u
  83:.\Generated_Source\PSoC4/cyfitter_cfg.c **** 
  84:.\Generated_Source\PSoC4/cyfitter_cfg.c **** #ifdef CY_NEED_CYCLOCKSTARTUPERROR
  85:.\Generated_Source\PSoC4/cyfitter_cfg.c **** /*******************************************************************************
  86:.\Generated_Source\PSoC4/cyfitter_cfg.c **** * Function Name: CyClockStartupError
  87:.\Generated_Source\PSoC4/cyfitter_cfg.c **** ********************************************************************************
  88:.\Generated_Source\PSoC4/cyfitter_cfg.c **** * Summary:
  89:.\Generated_Source\PSoC4/cyfitter_cfg.c **** *  If an error is encountered during clock configuration (crystal startup error,
ARM GAS  C:\Users\mmk2715\AppData\Local\Temp\ccC5GNSg.s 			page 5


  90:.\Generated_Source\PSoC4/cyfitter_cfg.c **** *  PLL lock error, etc.), the system will end up here.  Unless reimplemented by
  91:.\Generated_Source\PSoC4/cyfitter_cfg.c **** *  the customer, this function will stop in an infinite loop.
  92:.\Generated_Source\PSoC4/cyfitter_cfg.c **** *
  93:.\Generated_Source\PSoC4/cyfitter_cfg.c **** * Parameters:
  94:.\Generated_Source\PSoC4/cyfitter_cfg.c **** *   void
  95:.\Generated_Source\PSoC4/cyfitter_cfg.c **** *
  96:.\Generated_Source\PSoC4/cyfitter_cfg.c **** * Return:
  97:.\Generated_Source\PSoC4/cyfitter_cfg.c **** *   void
  98:.\Generated_Source\PSoC4/cyfitter_cfg.c **** *
  99:.\Generated_Source\PSoC4/cyfitter_cfg.c **** *******************************************************************************/
 100:.\Generated_Source\PSoC4/cyfitter_cfg.c **** CY_CFG_UNUSED
 101:.\Generated_Source\PSoC4/cyfitter_cfg.c **** static void CyClockStartupError(uint8 errorCode);
 102:.\Generated_Source\PSoC4/cyfitter_cfg.c **** CY_CFG_UNUSED
 103:.\Generated_Source\PSoC4/cyfitter_cfg.c **** static void CyClockStartupError(uint8 errorCode)
 104:.\Generated_Source\PSoC4/cyfitter_cfg.c **** {
 105:.\Generated_Source\PSoC4/cyfitter_cfg.c ****     /* To remove the compiler warning if errorCode not used.                */
 106:.\Generated_Source\PSoC4/cyfitter_cfg.c ****     errorCode = errorCode;
 107:.\Generated_Source\PSoC4/cyfitter_cfg.c **** 
 108:.\Generated_Source\PSoC4/cyfitter_cfg.c ****     /* `#START CyClockStartupError` */
 109:.\Generated_Source\PSoC4/cyfitter_cfg.c **** 
 110:.\Generated_Source\PSoC4/cyfitter_cfg.c ****     /* If we have a clock startup error (bad MHz crystal, PLL lock, etc.),  */
 111:.\Generated_Source\PSoC4/cyfitter_cfg.c ****     /* we will end up here to allow the customer to implement something to  */
 112:.\Generated_Source\PSoC4/cyfitter_cfg.c ****     /* deal with the clock condition.                                       */
 113:.\Generated_Source\PSoC4/cyfitter_cfg.c **** 
 114:.\Generated_Source\PSoC4/cyfitter_cfg.c ****     /* `#END` */
 115:.\Generated_Source\PSoC4/cyfitter_cfg.c **** 
 116:.\Generated_Source\PSoC4/cyfitter_cfg.c ****     /* If nothing else, stop here since the clocks have not started         */
 117:.\Generated_Source\PSoC4/cyfitter_cfg.c ****     /* correctly.                                                           */
 118:.\Generated_Source\PSoC4/cyfitter_cfg.c ****     while(1) {}
 119:.\Generated_Source\PSoC4/cyfitter_cfg.c **** }
 120:.\Generated_Source\PSoC4/cyfitter_cfg.c **** #endif
 121:.\Generated_Source\PSoC4/cyfitter_cfg.c **** 
 122:.\Generated_Source\PSoC4/cyfitter_cfg.c **** 
 123:.\Generated_Source\PSoC4/cyfitter_cfg.c **** /*******************************************************************************
 124:.\Generated_Source\PSoC4/cyfitter_cfg.c **** * Function Name: SetIMOBGTrims
 125:.\Generated_Source\PSoC4/cyfitter_cfg.c **** ********************************************************************************
 126:.\Generated_Source\PSoC4/cyfitter_cfg.c **** *
 127:.\Generated_Source\PSoC4/cyfitter_cfg.c **** * Summary:
 128:.\Generated_Source\PSoC4/cyfitter_cfg.c **** *   Performs the configuration of the bandgap trim for the IMO based on the given
 129:.\Generated_Source\PSoC4/cyfitter_cfg.c **** *   expected frequency of the IMO. 
 130:.\Generated_Source\PSoC4/cyfitter_cfg.c **** *
 131:.\Generated_Source\PSoC4/cyfitter_cfg.c **** * Parameters:
 132:.\Generated_Source\PSoC4/cyfitter_cfg.c **** *   imoFreq: Frequency for operation of the IMO.
 133:.\Generated_Source\PSoC4/cyfitter_cfg.c **** *
 134:.\Generated_Source\PSoC4/cyfitter_cfg.c **** * Return:
 135:.\Generated_Source\PSoC4/cyfitter_cfg.c **** *   void
 136:.\Generated_Source\PSoC4/cyfitter_cfg.c **** *
 137:.\Generated_Source\PSoC4/cyfitter_cfg.c **** *******************************************************************************/
 138:.\Generated_Source\PSoC4/cyfitter_cfg.c **** static void SetIMOBGTrims(uint8 imoFreq);
 139:.\Generated_Source\PSoC4/cyfitter_cfg.c **** CY_CFG_SECTION
 140:.\Generated_Source\PSoC4/cyfitter_cfg.c **** static void SetIMOBGTrims(uint8 imoFreq)
 141:.\Generated_Source\PSoC4/cyfitter_cfg.c **** {
 140              		.loc 1 141 0
 141              		.cfi_startproc
 142 0000 80B5     		push	{r7, lr}
 143              	.LCFI9:
 144              		.cfi_def_cfa_offset 8
ARM GAS  C:\Users\mmk2715\AppData\Local\Temp\ccC5GNSg.s 			page 6


 145              		.cfi_offset 7, -8
 146              		.cfi_offset 14, -4
 147 0002 84B0     		sub	sp, sp, #16
 148              	.LCFI10:
 149              		.cfi_def_cfa_offset 24
 150 0004 00AF     		add	r7, sp, #0
 151              	.LCFI11:
 152              		.cfi_def_cfa_register 7
 153 0006 021C     		mov	r2, r0
 154 0008 FB1D     		add	r3, r7, #7
 155 000a 1A70     		strb	r2, [r3]
 142:.\Generated_Source\PSoC4/cyfitter_cfg.c **** 	CYPACKED typedef struct {
 143:.\Generated_Source\PSoC4/cyfitter_cfg.c **** 		uint8 freq;
 144:.\Generated_Source\PSoC4/cyfitter_cfg.c **** 		uint8 absolute;
 145:.\Generated_Source\PSoC4/cyfitter_cfg.c **** 		uint8 tmpco;
 146:.\Generated_Source\PSoC4/cyfitter_cfg.c **** 	} CYPACKED_ATTR imo_trim_entry_t;
 147:.\Generated_Source\PSoC4/cyfitter_cfg.c **** 
 148:.\Generated_Source\PSoC4/cyfitter_cfg.c **** 	CYPACKED typedef struct {
 149:.\Generated_Source\PSoC4/cyfitter_cfg.c **** 		imo_trim_entry_t entries[4];
 150:.\Generated_Source\PSoC4/cyfitter_cfg.c **** 	} CYPACKED_ATTR imo_trim_table_t;
 151:.\Generated_Source\PSoC4/cyfitter_cfg.c **** 
 152:.\Generated_Source\PSoC4/cyfitter_cfg.c **** 	static const imo_trim_table_t *imo_trim_table = (const imo_trim_table_t *)CYREG_SFLASH_IMO_MAXF0;
 153:.\Generated_Source\PSoC4/cyfitter_cfg.c **** 	static const uint32 IMO_TRIM_FREQ_TABLE_ENTRIES = sizeof(imo_trim_table->entries)/sizeof(imo_trim_
 154:.\Generated_Source\PSoC4/cyfitter_cfg.c **** 
 155:.\Generated_Source\PSoC4/cyfitter_cfg.c **** 	int32 imoTrimIndex;
 156:.\Generated_Source\PSoC4/cyfitter_cfg.c **** 	uint8 setAbs;
 157:.\Generated_Source\PSoC4/cyfitter_cfg.c **** 	uint8 setTmpCo;
 158:.\Generated_Source\PSoC4/cyfitter_cfg.c **** 
 159:.\Generated_Source\PSoC4/cyfitter_cfg.c **** 	/* Traverse the SFLASH IMO frequency-dependent bandgap trim table to
 160:.\Generated_Source\PSoC4/cyfitter_cfg.c **** 	 * locate the appropriate value to trim the IMO bandgap based on freq. */
 161:.\Generated_Source\PSoC4/cyfitter_cfg.c **** 	setAbs = CY_GET_REG8((const void *)CYREG_SFLASH_IMO_ABS4);
 156              		.loc 1 161 0
 157 000c 224A     		ldr	r2, .L8
 158 000e 3B1C     		mov	r3, r7
 159 0010 0B33     		add	r3, r3, #11
 160 0012 1278     		ldrb	r2, [r2]
 161 0014 1A70     		strb	r2, [r3]
 162:.\Generated_Source\PSoC4/cyfitter_cfg.c **** 	setTmpCo = CY_GET_REG8((const void *)CYREG_SFLASH_IMO_TMPCO4);
 162              		.loc 1 162 0
 163 0016 214A     		ldr	r2, .L8+4
 164 0018 3B1C     		mov	r3, r7
 165 001a 0A33     		add	r3, r3, #10
 166 001c 1278     		ldrb	r2, [r2]
 167 001e 1A70     		strb	r2, [r3]
 163:.\Generated_Source\PSoC4/cyfitter_cfg.c **** 	for (imoTrimIndex = ((int32)IMO_TRIM_FREQ_TABLE_ENTRIES)-1;
 168              		.loc 1 163 0
 169 0020 1F4B     		ldr	r3, .L8+8
 170 0022 1B68     		ldr	r3, [r3]
 171 0024 013B     		sub	r3, r3, #1
 172 0026 FB60     		str	r3, [r7, #12]
 173 0028 1AE0     		b	.L5
 174              	.L7:
 164:.\Generated_Source\PSoC4/cyfitter_cfg.c **** 	     (imoTrimIndex >= 0) && (imoFreq <= imo_trim_table->entries[imoTrimIndex].freq);
 165:.\Generated_Source\PSoC4/cyfitter_cfg.c **** 	     imoTrimIndex--)
 166:.\Generated_Source\PSoC4/cyfitter_cfg.c **** 	{
 167:.\Generated_Source\PSoC4/cyfitter_cfg.c **** 		setAbs = imo_trim_table->entries[imoTrimIndex].absolute;
 175              		.loc 1 167 0
ARM GAS  C:\Users\mmk2715\AppData\Local\Temp\ccC5GNSg.s 			page 7


 176 002a 1E4B     		ldr	r3, .L8+12
 177 002c 1868     		ldr	r0, [r3]
 178 002e 391C     		mov	r1, r7
 179 0030 0B31     		add	r1, r1, #11
 180 0032 FA68     		ldr	r2, [r7, #12]
 181 0034 131C     		mov	r3, r2
 182 0036 5B00     		lsl	r3, r3, #1
 183 0038 9B18     		add	r3, r3, r2
 184 003a C318     		add	r3, r0, r3
 185 003c 0133     		add	r3, r3, #1
 186 003e 1B78     		ldrb	r3, [r3]
 187 0040 0B70     		strb	r3, [r1]
 168:.\Generated_Source\PSoC4/cyfitter_cfg.c **** 		setTmpCo = imo_trim_table->entries[imoTrimIndex].tmpco;
 188              		.loc 1 168 0
 189 0042 184B     		ldr	r3, .L8+12
 190 0044 1868     		ldr	r0, [r3]
 191 0046 391C     		mov	r1, r7
 192 0048 0A31     		add	r1, r1, #10
 193 004a FA68     		ldr	r2, [r7, #12]
 194 004c 131C     		mov	r3, r2
 195 004e 5B00     		lsl	r3, r3, #1
 196 0050 9B18     		add	r3, r3, r2
 197 0052 C318     		add	r3, r0, r3
 198 0054 0233     		add	r3, r3, #2
 199 0056 1B78     		ldrb	r3, [r3]
 200 0058 0B70     		strb	r3, [r1]
 165:.\Generated_Source\PSoC4/cyfitter_cfg.c **** 	     imoTrimIndex--)
 201              		.loc 1 165 0
 202 005a FB68     		ldr	r3, [r7, #12]
 203 005c 013B     		sub	r3, r3, #1
 204 005e FB60     		str	r3, [r7, #12]
 205              	.L5:
 163:.\Generated_Source\PSoC4/cyfitter_cfg.c **** 	for (imoTrimIndex = ((int32)IMO_TRIM_FREQ_TABLE_ENTRIES)-1;
 206              		.loc 1 163 0 discriminator 1
 207 0060 FB68     		ldr	r3, [r7, #12]
 208 0062 002B     		cmp	r3, #0
 209 0064 0ADB     		blt	.L6
 164:.\Generated_Source\PSoC4/cyfitter_cfg.c **** 	     (imoTrimIndex >= 0) && (imoFreq <= imo_trim_table->entries[imoTrimIndex].freq);
 210              		.loc 1 164 0
 211 0066 0F4B     		ldr	r3, .L8+12
 212 0068 1968     		ldr	r1, [r3]
 213 006a FA68     		ldr	r2, [r7, #12]
 214 006c 131C     		mov	r3, r2
 215 006e 5B00     		lsl	r3, r3, #1
 216 0070 9B18     		add	r3, r3, r2
 217 0072 5B5C     		ldrb	r3, [r3, r1]
 218 0074 FA1D     		add	r2, r7, #7
 219 0076 1278     		ldrb	r2, [r2]
 220 0078 9A42     		cmp	r2, r3
 221 007a D6D9     		bls	.L7
 222              	.L6:
 169:.\Generated_Source\PSoC4/cyfitter_cfg.c **** 	}
 170:.\Generated_Source\PSoC4/cyfitter_cfg.c **** 
 171:.\Generated_Source\PSoC4/cyfitter_cfg.c **** 	CY_SET_REG32((void *)CYREG_PWR_BG_TRIM4, setAbs);
 223              		.loc 1 171 0
 224 007c 0A4B     		ldr	r3, .L8+16
 225 007e 3A1C     		mov	r2, r7
ARM GAS  C:\Users\mmk2715\AppData\Local\Temp\ccC5GNSg.s 			page 8


 226 0080 0B32     		add	r2, r2, #11
 227 0082 1278     		ldrb	r2, [r2]
 228 0084 1A60     		str	r2, [r3]
 172:.\Generated_Source\PSoC4/cyfitter_cfg.c **** 	CY_SET_REG32((void *)CYREG_PWR_BG_TRIM5, setTmpCo);
 229              		.loc 1 172 0
 230 0086 094B     		ldr	r3, .L8+20
 231 0088 3A1C     		mov	r2, r7
 232 008a 0A32     		add	r2, r2, #10
 233 008c 1278     		ldrb	r2, [r2]
 234 008e 1A60     		str	r2, [r3]
 173:.\Generated_Source\PSoC4/cyfitter_cfg.c **** }
 235              		.loc 1 173 0
 236 0090 BD46     		mov	sp, r7
 237 0092 04B0     		add	sp, sp, #16
 238              		@ sp needed for prologue
 239 0094 80BD     		pop	{r7, pc}
 240              	.L9:
 241 0096 C046     		.align	2
 242              	.L8:
 243 0098 CCF1FF0F 		.word	268431820
 244 009c CDF1FF0F 		.word	268431821
 245 00a0 0C000000 		.word	IMO_TRIM_FREQ_TABLE_ENTRIES.4619
 246 00a4 00000000 		.word	imo_trim_table.4618
 247 00a8 1CFF0B40 		.word	1074528028
 248 00ac 20FF0B40 		.word	1074528032
 249              		.cfi_endproc
 250              	.LFE3:
 251              		.size	SetIMOBGTrims, .-SetIMOBGTrims
 252              		.align	2
 253              		.code	16
 254              		.thumb_func
 255              		.type	ClockSetup, %function
 256              	ClockSetup:
 257              	.LFB4:
 174:.\Generated_Source\PSoC4/cyfitter_cfg.c **** 
 175:.\Generated_Source\PSoC4/cyfitter_cfg.c **** 
 176:.\Generated_Source\PSoC4/cyfitter_cfg.c **** 
 177:.\Generated_Source\PSoC4/cyfitter_cfg.c **** /*******************************************************************************
 178:.\Generated_Source\PSoC4/cyfitter_cfg.c **** * Function Name: ClockSetup
 179:.\Generated_Source\PSoC4/cyfitter_cfg.c **** ********************************************************************************
 180:.\Generated_Source\PSoC4/cyfitter_cfg.c **** *
 181:.\Generated_Source\PSoC4/cyfitter_cfg.c **** * Summary:
 182:.\Generated_Source\PSoC4/cyfitter_cfg.c **** *   Performs the initialization of all of the clocks in the device based on the
 183:.\Generated_Source\PSoC4/cyfitter_cfg.c **** *   settings in the Clock tab of the DWR.  This includes enabling the requested
 184:.\Generated_Source\PSoC4/cyfitter_cfg.c **** *   clocks and setting the necessary dividers to produce the desired frequency. 
 185:.\Generated_Source\PSoC4/cyfitter_cfg.c **** *
 186:.\Generated_Source\PSoC4/cyfitter_cfg.c **** * Parameters:
 187:.\Generated_Source\PSoC4/cyfitter_cfg.c **** *   void
 188:.\Generated_Source\PSoC4/cyfitter_cfg.c **** *
 189:.\Generated_Source\PSoC4/cyfitter_cfg.c **** * Return:
 190:.\Generated_Source\PSoC4/cyfitter_cfg.c **** *   void
 191:.\Generated_Source\PSoC4/cyfitter_cfg.c **** *
 192:.\Generated_Source\PSoC4/cyfitter_cfg.c **** *******************************************************************************/
 193:.\Generated_Source\PSoC4/cyfitter_cfg.c **** static void ClockSetup(void);
 194:.\Generated_Source\PSoC4/cyfitter_cfg.c **** CY_CFG_SECTION
 195:.\Generated_Source\PSoC4/cyfitter_cfg.c **** static void ClockSetup(void)
 196:.\Generated_Source\PSoC4/cyfitter_cfg.c **** {
ARM GAS  C:\Users\mmk2715\AppData\Local\Temp\ccC5GNSg.s 			page 9


 258              		.loc 1 196 0
 259              		.cfi_startproc
 260 00b0 80B5     		push	{r7, lr}
 261              	.LCFI12:
 262              		.cfi_def_cfa_offset 8
 263              		.cfi_offset 7, -8
 264              		.cfi_offset 14, -4
 265 00b2 00AF     		add	r7, sp, #0
 266              	.LCFI13:
 267              		.cfi_def_cfa_register 7
 197:.\Generated_Source\PSoC4/cyfitter_cfg.c **** 	/* Enable HALF_EN before trimming for the flash accelerator. */
 198:.\Generated_Source\PSoC4/cyfitter_cfg.c **** 	CY_SET_REG32((void CYXDATA *)(CYREG_CLK_SELECT), (CY_GET_REG32((void *)CYREG_CLK_SELECT) | 0x00040
 268              		.loc 1 198 0
 269 00b4 134B     		ldr	r3, .L11
 270 00b6 134A     		ldr	r2, .L11
 271 00b8 1268     		ldr	r2, [r2]
 272 00ba 8021     		mov	r1, #128
 273 00bc C902     		lsl	r1, r1, #11
 274 00be 0A43     		orr	r2, r1
 275 00c0 1A60     		str	r2, [r3]
 199:.\Generated_Source\PSoC4/cyfitter_cfg.c **** 
 200:.\Generated_Source\PSoC4/cyfitter_cfg.c **** 	/* Trim IMO BG based on desired frequency. */
 201:.\Generated_Source\PSoC4/cyfitter_cfg.c **** 	SetIMOBGTrims(24u);
 276              		.loc 1 201 0
 277 00c2 1820     		mov	r0, #24
 278 00c4 FFF79CFF 		bl	SetIMOBGTrims
 202:.\Generated_Source\PSoC4/cyfitter_cfg.c **** 
 203:.\Generated_Source\PSoC4/cyfitter_cfg.c **** 	/* Going less than or equal to 24MHz, so update the clock speed then adjust trim value. */
 204:.\Generated_Source\PSoC4/cyfitter_cfg.c **** 	CY_SET_REG32((void CYXDATA *)(CYREG_CLK_IMO_TRIM2), (25u));
 279              		.loc 1 204 0
 280 00c8 0F4B     		ldr	r3, .L11+4
 281 00ca 1922     		mov	r2, #25
 282 00cc 1A60     		str	r2, [r3]
 205:.\Generated_Source\PSoC4/cyfitter_cfg.c **** 	CyDelayCycles(5u);
 283              		.loc 1 205 0
 284 00ce 0520     		mov	r0, #5
 285 00d0 FFF7FEFF 		bl	CyDelayCycles
 206:.\Generated_Source\PSoC4/cyfitter_cfg.c **** 	CY_SET_REG32((void CYXDATA *)(CYREG_CLK_IMO_TRIM1), (CY_GET_REG8((void *)CYREG_SFLASH_IMO_TRIM21))
 286              		.loc 1 206 0
 287 00d4 0D4B     		ldr	r3, .L11+8
 288 00d6 0E4A     		ldr	r2, .L11+12
 289 00d8 1278     		ldrb	r2, [r2]
 290 00da D2B2     		uxtb	r2, r2
 291 00dc 1A60     		str	r2, [r3]
 207:.\Generated_Source\PSoC4/cyfitter_cfg.c **** 	CyDelayUs(5u);
 292              		.loc 1 207 0
 293 00de 0520     		mov	r0, #5
 294 00e0 FFF7FEFF 		bl	CyDelayUs
 208:.\Generated_Source\PSoC4/cyfitter_cfg.c **** 
 209:.\Generated_Source\PSoC4/cyfitter_cfg.c **** 	/* Disable HALF_EN since it is not required at this IMO frequency. */
 210:.\Generated_Source\PSoC4/cyfitter_cfg.c **** 	CY_SET_REG32((void CYXDATA *)(CYREG_CLK_SELECT), (CY_GET_REG32((void *)CYREG_CLK_SELECT) & 0xFFFBF
 295              		.loc 1 210 0
 296 00e4 074B     		ldr	r3, .L11
 297 00e6 074A     		ldr	r2, .L11
 298 00e8 1168     		ldr	r1, [r2]
 299 00ea 0A4A     		ldr	r2, .L11+16
 300 00ec 0A40     		and	r2, r1
ARM GAS  C:\Users\mmk2715\AppData\Local\Temp\ccC5GNSg.s 			page 10


 301 00ee 1A60     		str	r2, [r3]
 211:.\Generated_Source\PSoC4/cyfitter_cfg.c **** 
 212:.\Generated_Source\PSoC4/cyfitter_cfg.c **** 	/* CYDEV_CLK_IMO_CONFIG Starting address: CYDEV_CLK_IMO_CONFIG */
 213:.\Generated_Source\PSoC4/cyfitter_cfg.c **** 	CY_SET_XTND_REG32((void CYFAR *)(CYREG_CLK_IMO_CONFIG), 0x80000000u);
 302              		.loc 1 213 0
 303 00f0 094B     		ldr	r3, .L11+20
 304 00f2 8022     		mov	r2, #128
 305 00f4 1206     		lsl	r2, r2, #24
 306 00f6 1A60     		str	r2, [r3]
 214:.\Generated_Source\PSoC4/cyfitter_cfg.c **** 
 215:.\Generated_Source\PSoC4/cyfitter_cfg.c **** 	/* CYDEV_CLK_ILO_CONFIG Starting address: CYDEV_CLK_ILO_CONFIG */
 216:.\Generated_Source\PSoC4/cyfitter_cfg.c **** 	CY_SET_XTND_REG32((void CYFAR *)(CYREG_CLK_ILO_CONFIG), 0x80000000u);
 307              		.loc 1 216 0
 308 00f8 084B     		ldr	r3, .L11+24
 309 00fa 8022     		mov	r2, #128
 310 00fc 1206     		lsl	r2, r2, #24
 311 00fe 1A60     		str	r2, [r3]
 217:.\Generated_Source\PSoC4/cyfitter_cfg.c **** 
 218:.\Generated_Source\PSoC4/cyfitter_cfg.c **** }
 312              		.loc 1 218 0
 313 0100 BD46     		mov	sp, r7
 314              		@ sp needed for prologue
 315 0102 80BD     		pop	{r7, pc}
 316              	.L12:
 317              		.align	2
 318              	.L11:
 319 0104 00010B40 		.word	1074462976
 320 0108 2CFF0B40 		.word	1074528044
 321 010c 28FF0B40 		.word	1074528040
 322 0110 E5F1FF0F 		.word	268431845
 323 0114 FFFFFBFF 		.word	-262145
 324 0118 08010B40 		.word	1074462984
 325 011c 04010B40 		.word	1074462980
 326              		.cfi_endproc
 327              	.LFE4:
 328              		.size	ClockSetup, .-ClockSetup
 329              		.section	.text.AnalogSetDefault,"ax",%progbits
 330              		.align	2
 331              		.code	16
 332              		.thumb_func
 333              		.type	AnalogSetDefault, %function
 334              	AnalogSetDefault:
 335              	.LFB5:
 219:.\Generated_Source\PSoC4/cyfitter_cfg.c **** 
 220:.\Generated_Source\PSoC4/cyfitter_cfg.c **** 
 221:.\Generated_Source\PSoC4/cyfitter_cfg.c **** /* Analog API Functions */
 222:.\Generated_Source\PSoC4/cyfitter_cfg.c **** 
 223:.\Generated_Source\PSoC4/cyfitter_cfg.c **** 
 224:.\Generated_Source\PSoC4/cyfitter_cfg.c **** /*******************************************************************************
 225:.\Generated_Source\PSoC4/cyfitter_cfg.c **** * Function Name: AnalogSetDefault
 226:.\Generated_Source\PSoC4/cyfitter_cfg.c **** ********************************************************************************
 227:.\Generated_Source\PSoC4/cyfitter_cfg.c **** *
 228:.\Generated_Source\PSoC4/cyfitter_cfg.c **** * Summary:
 229:.\Generated_Source\PSoC4/cyfitter_cfg.c **** *  Sets up the analog portions of the chip to default values based on chip
 230:.\Generated_Source\PSoC4/cyfitter_cfg.c **** *  configuration options from the project.
 231:.\Generated_Source\PSoC4/cyfitter_cfg.c **** *
 232:.\Generated_Source\PSoC4/cyfitter_cfg.c **** * Parameters:
ARM GAS  C:\Users\mmk2715\AppData\Local\Temp\ccC5GNSg.s 			page 11


 233:.\Generated_Source\PSoC4/cyfitter_cfg.c **** *  void
 234:.\Generated_Source\PSoC4/cyfitter_cfg.c **** *
 235:.\Generated_Source\PSoC4/cyfitter_cfg.c **** * Return:
 236:.\Generated_Source\PSoC4/cyfitter_cfg.c **** *  void
 237:.\Generated_Source\PSoC4/cyfitter_cfg.c **** *
 238:.\Generated_Source\PSoC4/cyfitter_cfg.c **** *******************************************************************************/
 239:.\Generated_Source\PSoC4/cyfitter_cfg.c **** static void AnalogSetDefault(void);
 240:.\Generated_Source\PSoC4/cyfitter_cfg.c **** static void AnalogSetDefault(void)
 241:.\Generated_Source\PSoC4/cyfitter_cfg.c **** {
 336              		.loc 1 241 0
 337              		.cfi_startproc
 338 0000 80B5     		push	{r7, lr}
 339              	.LCFI14:
 340              		.cfi_def_cfa_offset 8
 341              		.cfi_offset 7, -8
 342              		.cfi_offset 14, -4
 343 0002 00AF     		add	r7, sp, #0
 344              	.LCFI15:
 345              		.cfi_def_cfa_register 7
 242:.\Generated_Source\PSoC4/cyfitter_cfg.c **** }
 346              		.loc 1 242 0
 347 0004 BD46     		mov	sp, r7
 348              		@ sp needed for prologue
 349 0006 80BD     		pop	{r7, pc}
 350              		.cfi_endproc
 351              	.LFE5:
 352              		.size	AnalogSetDefault, .-AnalogSetDefault
 353              		.section	.psocinit
 354              		.align	2
 355              		.global	cyfitter_cfg
 356              		.code	16
 357              		.thumb_func
 358              		.type	cyfitter_cfg, %function
 359              	cyfitter_cfg:
 360              	.LFB6:
 243:.\Generated_Source\PSoC4/cyfitter_cfg.c **** 
 244:.\Generated_Source\PSoC4/cyfitter_cfg.c **** #define CY_AMUX_UNUSED CYREG_CM0_ROM_DWT
 245:.\Generated_Source\PSoC4/cyfitter_cfg.c **** 
 246:.\Generated_Source\PSoC4/cyfitter_cfg.c **** 
 247:.\Generated_Source\PSoC4/cyfitter_cfg.c **** /*******************************************************************************
 248:.\Generated_Source\PSoC4/cyfitter_cfg.c **** * Function Name: cyfitter_cfg
 249:.\Generated_Source\PSoC4/cyfitter_cfg.c **** ********************************************************************************
 250:.\Generated_Source\PSoC4/cyfitter_cfg.c **** * Summary:
 251:.\Generated_Source\PSoC4/cyfitter_cfg.c **** *  This function is called by the start-up code for the selected device. It
 252:.\Generated_Source\PSoC4/cyfitter_cfg.c **** *  performs all of the necessary device configuration based on the design
 253:.\Generated_Source\PSoC4/cyfitter_cfg.c **** *  settings.  This includes settings from the Design Wide Resources (DWR) such
 254:.\Generated_Source\PSoC4/cyfitter_cfg.c **** *  as Clocks and Pins as well as any component configuration that is necessary.
 255:.\Generated_Source\PSoC4/cyfitter_cfg.c **** *
 256:.\Generated_Source\PSoC4/cyfitter_cfg.c **** * Parameters:  
 257:.\Generated_Source\PSoC4/cyfitter_cfg.c **** *   void
 258:.\Generated_Source\PSoC4/cyfitter_cfg.c **** *
 259:.\Generated_Source\PSoC4/cyfitter_cfg.c **** * Return:
 260:.\Generated_Source\PSoC4/cyfitter_cfg.c **** *   void
 261:.\Generated_Source\PSoC4/cyfitter_cfg.c **** *
 262:.\Generated_Source\PSoC4/cyfitter_cfg.c **** *******************************************************************************/
 263:.\Generated_Source\PSoC4/cyfitter_cfg.c **** CY_CFG_SECTION
 264:.\Generated_Source\PSoC4/cyfitter_cfg.c **** void cyfitter_cfg(void)
ARM GAS  C:\Users\mmk2715\AppData\Local\Temp\ccC5GNSg.s 			page 12


 265:.\Generated_Source\PSoC4/cyfitter_cfg.c **** {
 361              		.loc 1 265 0
 362              		.cfi_startproc
 363 0120 80B5     		push	{r7, lr}
 364              	.LCFI16:
 365              		.cfi_def_cfa_offset 8
 366              		.cfi_offset 7, -8
 367              		.cfi_offset 14, -4
 368 0122 82B0     		sub	sp, sp, #8
 369              	.LCFI17:
 370              		.cfi_def_cfa_offset 16
 371 0124 00AF     		add	r7, sp, #0
 372              	.LCFI18:
 373              		.cfi_def_cfa_register 7
 266:.\Generated_Source\PSoC4/cyfitter_cfg.c **** 	/* Disable interrupts by default. Let user enable if/when they want. */
 267:.\Generated_Source\PSoC4/cyfitter_cfg.c **** 	CyGlobalIntDisable;
 374              		.loc 1 267 0
 375              	@ 267 ".\Generated_Source\PSoC4\cyfitter_cfg.c" 1
 376 0126 72B6     		CPSID   i
 377              	@ 0 "" 2
 378              		.code	16
 379              	.LBB2:
 268:.\Generated_Source\PSoC4/cyfitter_cfg.c **** 
 269:.\Generated_Source\PSoC4/cyfitter_cfg.c **** 	{
 270:.\Generated_Source\PSoC4/cyfitter_cfg.c **** 
 271:.\Generated_Source\PSoC4/cyfitter_cfg.c **** 		CYPACKED typedef struct {
 272:.\Generated_Source\PSoC4/cyfitter_cfg.c **** 			void CYFAR *address;
 273:.\Generated_Source\PSoC4/cyfitter_cfg.c **** 			uint16 size;
 274:.\Generated_Source\PSoC4/cyfitter_cfg.c **** 		} CYPACKED_ATTR cfg_memset_t;
 275:.\Generated_Source\PSoC4/cyfitter_cfg.c **** 
 276:.\Generated_Source\PSoC4/cyfitter_cfg.c **** 		static const cfg_memset_t CYCODE cfg_memset_list [] = {
 277:.\Generated_Source\PSoC4/cyfitter_cfg.c **** 			/* address, size */
 278:.\Generated_Source\PSoC4/cyfitter_cfg.c **** 			{(void CYFAR *)(CYDEV_UDB_P0_U0_BASE), 1024u},
 279:.\Generated_Source\PSoC4/cyfitter_cfg.c **** 			{(void CYFAR *)(CYDEV_UDB_DSI0_BASE), 1024u},
 280:.\Generated_Source\PSoC4/cyfitter_cfg.c **** 		};
 281:.\Generated_Source\PSoC4/cyfitter_cfg.c **** 
 282:.\Generated_Source\PSoC4/cyfitter_cfg.c **** 		uint8 CYDATA i;
 283:.\Generated_Source\PSoC4/cyfitter_cfg.c **** 
 284:.\Generated_Source\PSoC4/cyfitter_cfg.c **** 		/* Zero out critical memory blocks before beginning configuration */
 285:.\Generated_Source\PSoC4/cyfitter_cfg.c **** 		for (i = 0u; i < (sizeof(cfg_memset_list)/sizeof(cfg_memset_list[0])); i++)
 380              		.loc 1 285 0
 381 0128 FB1D     		add	r3, r7, #7
 382 012a 0022     		mov	r2, #0
 383 012c 1A70     		strb	r2, [r3]
 384 012e 23E0     		b	.L15
 385              	.L16:
 386              	.LBB3:
 286:.\Generated_Source\PSoC4/cyfitter_cfg.c **** 		{
 287:.\Generated_Source\PSoC4/cyfitter_cfg.c **** 			const cfg_memset_t CYCODE * CYDATA ms = &cfg_memset_list[i];
 387              		.loc 1 287 0 discriminator 2
 388 0130 FB1D     		add	r3, r7, #7
 389 0132 1A78     		ldrb	r2, [r3]
 390 0134 131C     		mov	r3, r2
 391 0136 5B00     		lsl	r3, r3, #1
 392 0138 9B18     		add	r3, r3, r2
 393 013a 5B00     		lsl	r3, r3, #1
 394 013c 264A     		ldr	r2, .L17
ARM GAS  C:\Users\mmk2715\AppData\Local\Temp\ccC5GNSg.s 			page 13


 395 013e 9B18     		add	r3, r3, r2
 396 0140 3B60     		str	r3, [r7]
 288:.\Generated_Source\PSoC4/cyfitter_cfg.c **** 			CYMEMZERO(ms->address, (uint32)(ms->size));
 397              		.loc 1 288 0 discriminator 2
 398 0142 3B68     		ldr	r3, [r7]
 399 0144 1A78     		ldrb	r2, [r3]
 400 0146 5978     		ldrb	r1, [r3, #1]
 401 0148 0902     		lsl	r1, r1, #8
 402 014a 0A43     		orr	r2, r1
 403 014c 9978     		ldrb	r1, [r3, #2]
 404 014e 0904     		lsl	r1, r1, #16
 405 0150 0A43     		orr	r2, r1
 406 0152 DB78     		ldrb	r3, [r3, #3]
 407 0154 1B06     		lsl	r3, r3, #24
 408 0156 1343     		orr	r3, r2
 409 0158 1A1C     		mov	r2, r3
 410 015a 3B68     		ldr	r3, [r7]
 411 015c 1979     		ldrb	r1, [r3, #4]
 412 015e 5B79     		ldrb	r3, [r3, #5]
 413 0160 1B02     		lsl	r3, r3, #8
 414 0162 0B43     		orr	r3, r1
 415 0164 9BB2     		uxth	r3, r3
 416 0166 101C     		mov	r0, r2
 417 0168 191C     		mov	r1, r3
 418 016a FFF7FEFF 		bl	CYMEMZERO
 419              	.LBE3:
 285:.\Generated_Source\PSoC4/cyfitter_cfg.c **** 		for (i = 0u; i < (sizeof(cfg_memset_list)/sizeof(cfg_memset_list[0])); i++)
 420              		.loc 1 285 0 discriminator 2
 421 016e FB1D     		add	r3, r7, #7
 422 0170 FA1D     		add	r2, r7, #7
 423 0172 1278     		ldrb	r2, [r2]
 424 0174 0132     		add	r2, r2, #1
 425 0176 1A70     		strb	r2, [r3]
 426              	.L15:
 285:.\Generated_Source\PSoC4/cyfitter_cfg.c **** 		for (i = 0u; i < (sizeof(cfg_memset_list)/sizeof(cfg_memset_list[0])); i++)
 427              		.loc 1 285 0 is_stmt 0 discriminator 1
 428 0178 FB1D     		add	r3, r7, #7
 429 017a 1B78     		ldrb	r3, [r3]
 430 017c 012B     		cmp	r3, #1
 431 017e D7D9     		bls	.L16
 289:.\Generated_Source\PSoC4/cyfitter_cfg.c **** 		}
 290:.\Generated_Source\PSoC4/cyfitter_cfg.c **** 
 291:.\Generated_Source\PSoC4/cyfitter_cfg.c **** 		/* HSIOM Starting address: CYDEV_HSIOM_BASE */
 292:.\Generated_Source\PSoC4/cyfitter_cfg.c **** 		CY_SET_XTND_REG32((void CYFAR *)(CYREG_HSIOM_PORT_SEL3), 0x0000EE00u);
 432              		.loc 1 292 0 is_stmt 1
 433 0180 164B     		ldr	r3, .L17+4
 434 0182 EE22     		mov	r2, #238
 435 0184 1202     		lsl	r2, r2, #8
 436 0186 1A60     		str	r2, [r3]
 293:.\Generated_Source\PSoC4/cyfitter_cfg.c **** 
 294:.\Generated_Source\PSoC4/cyfitter_cfg.c **** 		/* IOPINS0_1 Starting address: CYDEV_PRT1_DR */
 295:.\Generated_Source\PSoC4/cyfitter_cfg.c **** 		CY_SET_XTND_REG32((void CYFAR *)(CYREG_PRT1_PC), 0x00180000u);
 437              		.loc 1 295 0
 438 0188 154B     		ldr	r3, .L17+8
 439 018a C022     		mov	r2, #192
 440 018c 5203     		lsl	r2, r2, #13
 441 018e 1A60     		str	r2, [r3]
ARM GAS  C:\Users\mmk2715\AppData\Local\Temp\ccC5GNSg.s 			page 14


 296:.\Generated_Source\PSoC4/cyfitter_cfg.c **** 
 297:.\Generated_Source\PSoC4/cyfitter_cfg.c **** 		/* IOPINS0_3 Starting address: CYDEV_PRT3_DR */
 298:.\Generated_Source\PSoC4/cyfitter_cfg.c **** 		CY_SET_XTND_REG32((void CYFAR *)(CYREG_PRT3_PC), 0x00000D80u);
 442              		.loc 1 298 0
 443 0190 144B     		ldr	r3, .L17+12
 444 0192 D822     		mov	r2, #216
 445 0194 1201     		lsl	r2, r2, #4
 446 0196 1A60     		str	r2, [r3]
 299:.\Generated_Source\PSoC4/cyfitter_cfg.c **** 
 300:.\Generated_Source\PSoC4/cyfitter_cfg.c **** 		/* UDB_PA_1 Starting address: CYDEV_UDB_PA1_BASE */
 301:.\Generated_Source\PSoC4/cyfitter_cfg.c **** 		CY_SET_XTND_REG32((void CYFAR *)(CYDEV_UDB_PA1_BASE), 0x00990000u);
 447              		.loc 1 301 0
 448 0198 134B     		ldr	r3, .L17+16
 449 019a 9922     		mov	r2, #153
 450 019c 1204     		lsl	r2, r2, #16
 451 019e 1A60     		str	r2, [r3]
 302:.\Generated_Source\PSoC4/cyfitter_cfg.c **** 
 303:.\Generated_Source\PSoC4/cyfitter_cfg.c **** 		/* UDB_PA_3 Starting address: CYDEV_UDB_PA3_BASE */
 304:.\Generated_Source\PSoC4/cyfitter_cfg.c **** 		CY_SET_XTND_REG32((void CYFAR *)(CYDEV_UDB_PA3_BASE), 0x00990000u);
 452              		.loc 1 304 0
 453 01a0 124B     		ldr	r3, .L17+20
 454 01a2 9922     		mov	r2, #153
 455 01a4 1204     		lsl	r2, r2, #16
 456 01a6 1A60     		str	r2, [r3]
 305:.\Generated_Source\PSoC4/cyfitter_cfg.c **** 
 306:.\Generated_Source\PSoC4/cyfitter_cfg.c **** 		/* Enable digital routing */
 307:.\Generated_Source\PSoC4/cyfitter_cfg.c **** 		CY_SET_XTND_REG8((void *)CYREG_UDB_UDBIF_BANK_CTL, CY_GET_XTND_REG8((void *)CYREG_UDB_UDBIF_BANK_
 457              		.loc 1 307 0
 458 01a8 114B     		ldr	r3, .L17+24
 459 01aa 114A     		ldr	r2, .L17+24
 460 01ac 1278     		ldrb	r2, [r2]
 461 01ae D2B2     		uxtb	r2, r2
 462 01b0 0221     		mov	r1, #2
 463 01b2 0A43     		orr	r2, r1
 464 01b4 D2B2     		uxtb	r2, r2
 465 01b6 1A70     		strb	r2, [r3]
 308:.\Generated_Source\PSoC4/cyfitter_cfg.c **** 
 309:.\Generated_Source\PSoC4/cyfitter_cfg.c **** 		/* Enable UDB array */
 310:.\Generated_Source\PSoC4/cyfitter_cfg.c **** 		CY_SET_XTND_REG8((void *)CYREG_UDB_UDBIF_BANK_CTL, CY_GET_XTND_REG8((void *)CYREG_UDB_UDBIF_BANK_
 466              		.loc 1 310 0
 467 01b8 0D4B     		ldr	r3, .L17+24
 468 01ba 0D4A     		ldr	r2, .L17+24
 469 01bc 1278     		ldrb	r2, [r2]
 470 01be D2B2     		uxtb	r2, r2
 471 01c0 0621     		mov	r1, #6
 472 01c2 0A43     		orr	r2, r1
 473 01c4 D2B2     		uxtb	r2, r2
 474 01c6 1A70     		strb	r2, [r3]
 475              	.LBE2:
 311:.\Generated_Source\PSoC4/cyfitter_cfg.c **** 	}
 312:.\Generated_Source\PSoC4/cyfitter_cfg.c **** 
 313:.\Generated_Source\PSoC4/cyfitter_cfg.c **** 	/* Setup clocks based on selections from Clock DWR */
 314:.\Generated_Source\PSoC4/cyfitter_cfg.c **** 	ClockSetup();
 476              		.loc 1 314 0
 477 01c8 FFF772FF 		bl	ClockSetup
 315:.\Generated_Source\PSoC4/cyfitter_cfg.c **** 
 316:.\Generated_Source\PSoC4/cyfitter_cfg.c **** 	/* Perform basic analog initialization to defaults */
ARM GAS  C:\Users\mmk2715\AppData\Local\Temp\ccC5GNSg.s 			page 15


 317:.\Generated_Source\PSoC4/cyfitter_cfg.c **** 	AnalogSetDefault();
 478              		.loc 1 317 0
 479 01cc FFF7FEFF 		bl	AnalogSetDefault
 318:.\Generated_Source\PSoC4/cyfitter_cfg.c **** 
 319:.\Generated_Source\PSoC4/cyfitter_cfg.c **** }
 480              		.loc 1 319 0
 481 01d0 BD46     		mov	sp, r7
 482 01d2 02B0     		add	sp, sp, #8
 483              		@ sp needed for prologue
 484 01d4 80BD     		pop	{r7, pc}
 485              	.L18:
 486 01d6 C046     		.align	2
 487              	.L17:
 488 01d8 00000000 		.word	cfg_memset_list.4643
 489 01dc 0C000140 		.word	1073807372
 490 01e0 08010440 		.word	1074004232
 491 01e4 08030440 		.word	1074004744
 492 01e8 10500F40 		.word	1074745360
 493 01ec 30500F40 		.word	1074745392
 494 01f0 00700F40 		.word	1074753536
 495              		.cfi_endproc
 496              	.LFE6:
 497              		.size	cyfitter_cfg, .-cyfitter_cfg
 498              		.section	.rodata
 499              		.align	2
 500              		.type	cfg_memset_list.4643, %object
 501              		.size	cfg_memset_list.4643, 12
 502              	cfg_memset_list.4643:
 503 0000 00300F40 		.word	1074737152
 504 0004 0004     		.short	1024
 505 0006 00400F40 		.4byte	1074741248
 506 000a 0004     		.short	1024
 507              		.align	2
 508              		.type	IMO_TRIM_FREQ_TABLE_ENTRIES.4619, %object
 509              		.size	IMO_TRIM_FREQ_TABLE_ENTRIES.4619, 4
 510              	IMO_TRIM_FREQ_TABLE_ENTRIES.4619:
 511 000c 04000000 		.word	4
 512              		.data
 513              		.align	2
 514              		.type	imo_trim_table.4618, %object
 515              		.size	imo_trim_table.4618, 4
 516              	imo_trim_table.4618:
 517 0000 C0F1FF0F 		.word	268431808
 518              		.text
 519              	.Letext0:
 520              		.file 2 "c:\\program files\\cypress\\psoc creator\\3.0\\psoc creator\\import\\gnu_cs\\arm\\4.7.3\\
 521              		.file 3 "./Generated_Source/PSoC4/cytypes.h"
 522              		.section	.debug_info,"",%progbits
 523              	.Ldebug_info0:
 524 0000 69030000 		.4byte	0x369
 525 0004 0200     		.2byte	0x2
 526 0006 00000000 		.4byte	.Ldebug_abbrev0
 527 000a 04       		.byte	0x4
 528 000b 01       		.uleb128 0x1
 529 000c F8010000 		.4byte	.LASF43
 530 0010 01       		.byte	0x1
 531 0011 97010000 		.4byte	.LASF44
ARM GAS  C:\Users\mmk2715\AppData\Local\Temp\ccC5GNSg.s 			page 16


 532 0015 BF000000 		.4byte	.LASF45
 533 0019 00000000 		.4byte	.Ldebug_ranges0+0
 534 001d 00000000 		.4byte	0
 535 0021 00000000 		.4byte	0
 536 0025 00000000 		.4byte	.Ldebug_line0
 537 0029 02       		.uleb128 0x2
 538 002a 01       		.byte	0x1
 539 002b 06       		.byte	0x6
 540 002c 68020000 		.4byte	.LASF0
 541 0030 02       		.uleb128 0x2
 542 0031 01       		.byte	0x1
 543 0032 08       		.byte	0x8
 544 0033 F9000000 		.4byte	.LASF1
 545 0037 02       		.uleb128 0x2
 546 0038 02       		.byte	0x2
 547 0039 05       		.byte	0x5
 548 003a 63000000 		.4byte	.LASF2
 549 003e 02       		.uleb128 0x2
 550 003f 02       		.byte	0x2
 551 0040 07       		.byte	0x7
 552 0041 50000000 		.4byte	.LASF3
 553 0045 03       		.uleb128 0x3
 554 0046 04       		.byte	0x4
 555 0047 05       		.byte	0x5
 556 0048 696E7400 		.ascii	"int\000"
 557 004c 02       		.uleb128 0x2
 558 004d 04       		.byte	0x4
 559 004e 07       		.byte	0x7
 560 004f 40010000 		.4byte	.LASF4
 561 0053 02       		.uleb128 0x2
 562 0054 08       		.byte	0x8
 563 0055 05       		.byte	0x5
 564 0056 D1010000 		.4byte	.LASF5
 565 005a 02       		.uleb128 0x2
 566 005b 08       		.byte	0x8
 567 005c 07       		.byte	0x7
 568 005d 62010000 		.4byte	.LASF6
 569 0061 02       		.uleb128 0x2
 570 0062 04       		.byte	0x4
 571 0063 05       		.byte	0x5
 572 0064 50020000 		.4byte	.LASF7
 573 0068 02       		.uleb128 0x2
 574 0069 04       		.byte	0x4
 575 006a 07       		.byte	0x7
 576 006b BF010000 		.4byte	.LASF8
 577 006f 04       		.uleb128 0x4
 578 0070 04       		.byte	0x4
 579 0071 02       		.uleb128 0x2
 580 0072 04       		.byte	0x4
 581 0073 07       		.byte	0x7
 582 0074 9D000000 		.4byte	.LASF9
 583 0078 02       		.uleb128 0x2
 584 0079 01       		.byte	0x1
 585 007a 08       		.byte	0x8
 586 007b DF010000 		.4byte	.LASF10
 587 007f 05       		.uleb128 0x5
 588 0080 06000000 		.4byte	.LASF11
ARM GAS  C:\Users\mmk2715\AppData\Local\Temp\ccC5GNSg.s 			page 17


 589 0084 02       		.byte	0x2
 590 0085 D5       		.byte	0xd5
 591 0086 4C000000 		.4byte	0x4c
 592 008a 05       		.uleb128 0x5
 593 008b F2010000 		.4byte	.LASF12
 594 008f 03       		.byte	0x3
 595 0090 5B       		.byte	0x5b
 596 0091 30000000 		.4byte	0x30
 597 0095 05       		.uleb128 0x5
 598 0096 32010000 		.4byte	.LASF13
 599 009a 03       		.byte	0x3
 600 009b 5C       		.byte	0x5c
 601 009c 3E000000 		.4byte	0x3e
 602 00a0 05       		.uleb128 0x5
 603 00a1 39010000 		.4byte	.LASF14
 604 00a5 03       		.byte	0x3
 605 00a6 5D       		.byte	0x5d
 606 00a7 71000000 		.4byte	0x71
 607 00ab 05       		.uleb128 0x5
 608 00ac AF000000 		.4byte	.LASF15
 609 00b0 03       		.byte	0x3
 610 00b1 60       		.byte	0x60
 611 00b2 61000000 		.4byte	0x61
 612 00b6 02       		.uleb128 0x2
 613 00b7 04       		.byte	0x4
 614 00b8 04       		.byte	0x4
 615 00b9 7B000000 		.4byte	.LASF16
 616 00bd 02       		.uleb128 0x2
 617 00be 08       		.byte	0x8
 618 00bf 04       		.byte	0x4
 619 00c0 07010000 		.4byte	.LASF17
 620 00c4 05       		.uleb128 0x5
 621 00c5 98000000 		.4byte	.LASF18
 622 00c9 03       		.byte	0x3
 623 00ca F0       		.byte	0xf0
 624 00cb CF000000 		.4byte	0xcf
 625 00cf 06       		.uleb128 0x6
 626 00d0 8A000000 		.4byte	0x8a
 627 00d4 05       		.uleb128 0x5
 628 00d5 00000000 		.4byte	.LASF19
 629 00d9 03       		.byte	0x3
 630 00da F2       		.byte	0xf2
 631 00db DF000000 		.4byte	0xdf
 632 00df 06       		.uleb128 0x6
 633 00e0 A0000000 		.4byte	0xa0
 634 00e4 07       		.uleb128 0x7
 635 00e5 B5000000 		.4byte	.LASF20
 636 00e9 01       		.byte	0x1
 637 00ea 39       		.byte	0x39
 638 00eb 01       		.byte	0x1
 639 00ec 00000000 		.4byte	.LFB0
 640 00f0 1E000000 		.4byte	.LFE0
 641 00f4 00000000 		.4byte	.LLST0
 642 00f8 01       		.byte	0x1
 643 00f9 16010000 		.4byte	0x116
 644 00fd 08       		.uleb128 0x8
 645 00fe 7300     		.ascii	"s\000"
ARM GAS  C:\Users\mmk2715\AppData\Local\Temp\ccC5GNSg.s 			page 18


 646 0100 01       		.byte	0x1
 647 0101 39       		.byte	0x39
 648 0102 6F000000 		.4byte	0x6f
 649 0106 02       		.byte	0x2
 650 0107 91       		.byte	0x91
 651 0108 74       		.sleb128 -12
 652 0109 08       		.uleb128 0x8
 653 010a 6E00     		.ascii	"n\000"
 654 010c 01       		.byte	0x1
 655 010d 39       		.byte	0x39
 656 010e 7F000000 		.4byte	0x7f
 657 0112 02       		.byte	0x2
 658 0113 91       		.byte	0x91
 659 0114 70       		.sleb128 -16
 660 0115 00       		.byte	0
 661 0116 07       		.uleb128 0x7
 662 0117 84020000 		.4byte	.LASF21
 663 011b 01       		.byte	0x1
 664 011c 40       		.byte	0x40
 665 011d 01       		.byte	0x1
 666 011e 00000000 		.4byte	.LFB1
 667 0122 22000000 		.4byte	.LFE1
 668 0126 38000000 		.4byte	.LLST1
 669 012a 01       		.byte	0x1
 670 012b 58010000 		.4byte	0x158
 671 012f 09       		.uleb128 0x9
 672 0130 8E000000 		.4byte	.LASF22
 673 0134 01       		.byte	0x1
 674 0135 40       		.byte	0x40
 675 0136 6F000000 		.4byte	0x6f
 676 013a 02       		.byte	0x2
 677 013b 91       		.byte	0x91
 678 013c 74       		.sleb128 -12
 679 013d 08       		.uleb128 0x8
 680 013e 73726300 		.ascii	"src\000"
 681 0142 01       		.byte	0x1
 682 0143 40       		.byte	0x40
 683 0144 58010000 		.4byte	0x158
 684 0148 02       		.byte	0x2
 685 0149 91       		.byte	0x91
 686 014a 70       		.sleb128 -16
 687 014b 08       		.uleb128 0x8
 688 014c 6E00     		.ascii	"n\000"
 689 014e 01       		.byte	0x1
 690 014f 40       		.byte	0x40
 691 0150 7F000000 		.4byte	0x7f
 692 0154 02       		.byte	0x2
 693 0155 91       		.byte	0x91
 694 0156 6C       		.sleb128 -20
 695 0157 00       		.byte	0
 696 0158 0A       		.uleb128 0xa
 697 0159 04       		.byte	0x4
 698 015a 5E010000 		.4byte	0x15e
 699 015e 0B       		.uleb128 0xb
 700 015f 07       		.uleb128 0x7
 701 0160 74020000 		.4byte	.LASF23
 702 0164 01       		.byte	0x1
ARM GAS  C:\Users\mmk2715\AppData\Local\Temp\ccC5GNSg.s 			page 19


 703 0165 47       		.byte	0x47
 704 0166 01       		.byte	0x1
 705 0167 00000000 		.4byte	.LFB2
 706 016b 22000000 		.4byte	.LFE2
 707 016f 70000000 		.4byte	.LLST2
 708 0173 01       		.byte	0x1
 709 0174 A1010000 		.4byte	0x1a1
 710 0178 09       		.uleb128 0x9
 711 0179 8E000000 		.4byte	.LASF22
 712 017d 01       		.byte	0x1
 713 017e 47       		.byte	0x47
 714 017f 6F000000 		.4byte	0x6f
 715 0183 02       		.byte	0x2
 716 0184 91       		.byte	0x91
 717 0185 74       		.sleb128 -12
 718 0186 08       		.uleb128 0x8
 719 0187 73726300 		.ascii	"src\000"
 720 018b 01       		.byte	0x1
 721 018c 47       		.byte	0x47
 722 018d 58010000 		.4byte	0x158
 723 0191 02       		.byte	0x2
 724 0192 91       		.byte	0x91
 725 0193 70       		.sleb128 -16
 726 0194 08       		.uleb128 0x8
 727 0195 6E00     		.ascii	"n\000"
 728 0197 01       		.byte	0x1
 729 0198 47       		.byte	0x47
 730 0199 7F000000 		.4byte	0x7f
 731 019d 02       		.byte	0x2
 732 019e 91       		.byte	0x91
 733 019f 6C       		.sleb128 -20
 734 01a0 00       		.byte	0
 735 01a1 0C       		.uleb128 0xc
 736 01a2 6D000000 		.4byte	.LASF24
 737 01a6 01       		.byte	0x1
 738 01a7 8C       		.byte	0x8c
 739 01a8 01       		.byte	0x1
 740 01a9 00000000 		.4byte	.LFB3
 741 01ad B0000000 		.4byte	.LFE3
 742 01b1 A8000000 		.4byte	.LLST3
 743 01b5 01       		.byte	0x1
 744 01b6 90020000 		.4byte	0x290
 745 01ba 09       		.uleb128 0x9
 746 01bb 0E010000 		.4byte	.LASF25
 747 01bf 01       		.byte	0x1
 748 01c0 8C       		.byte	0x8c
 749 01c1 8A000000 		.4byte	0x8a
 750 01c5 02       		.byte	0x2
 751 01c6 91       		.byte	0x91
 752 01c7 6F       		.sleb128 -17
 753 01c8 0D       		.uleb128 0xd
 754 01c9 03       		.byte	0x3
 755 01ca 01       		.byte	0x1
 756 01cb 8E       		.byte	0x8e
 757 01cc FB010000 		.4byte	0x1fb
 758 01d0 0E       		.uleb128 0xe
 759 01d1 ED010000 		.4byte	.LASF26
ARM GAS  C:\Users\mmk2715\AppData\Local\Temp\ccC5GNSg.s 			page 20


 760 01d5 01       		.byte	0x1
 761 01d6 8F       		.byte	0x8f
 762 01d7 8A000000 		.4byte	0x8a
 763 01db 02       		.byte	0x2
 764 01dc 23       		.byte	0x23
 765 01dd 00       		.uleb128 0
 766 01de 0E       		.uleb128 0xe
 767 01df E4010000 		.4byte	.LASF27
 768 01e3 01       		.byte	0x1
 769 01e4 90       		.byte	0x90
 770 01e5 8A000000 		.4byte	0x8a
 771 01e9 02       		.byte	0x2
 772 01ea 23       		.byte	0x23
 773 01eb 01       		.uleb128 0x1
 774 01ec 0E       		.uleb128 0xe
 775 01ed 4A000000 		.4byte	.LASF28
 776 01f1 01       		.byte	0x1
 777 01f2 91       		.byte	0x91
 778 01f3 8A000000 		.4byte	0x8a
 779 01f7 02       		.byte	0x2
 780 01f8 23       		.byte	0x23
 781 01f9 02       		.uleb128 0x2
 782 01fa 00       		.byte	0
 783 01fb 05       		.uleb128 0x5
 784 01fc 1E000000 		.4byte	.LASF29
 785 0200 01       		.byte	0x1
 786 0201 92       		.byte	0x92
 787 0202 C8010000 		.4byte	0x1c8
 788 0206 0D       		.uleb128 0xd
 789 0207 0C       		.byte	0xc
 790 0208 01       		.byte	0x1
 791 0209 94       		.byte	0x94
 792 020a 2D020000 		.4byte	0x22d
 793 020e 0F       		.uleb128 0xf
 794 020f FB010000 		.4byte	0x1fb
 795 0213 1E020000 		.4byte	0x21e
 796 0217 10       		.uleb128 0x10
 797 0218 68000000 		.4byte	0x68
 798 021c 03       		.byte	0x3
 799 021d 00       		.byte	0
 800 021e 0E       		.uleb128 0xe
 801 021f 59020000 		.4byte	.LASF30
 802 0223 01       		.byte	0x1
 803 0224 95       		.byte	0x95
 804 0225 0E020000 		.4byte	0x20e
 805 0229 02       		.byte	0x2
 806 022a 23       		.byte	0x23
 807 022b 00       		.uleb128 0
 808 022c 00       		.byte	0
 809 022d 05       		.uleb128 0x5
 810 022e 79010000 		.4byte	.LASF31
 811 0232 01       		.byte	0x1
 812 0233 96       		.byte	0x96
 813 0234 06020000 		.4byte	0x206
 814 0238 11       		.uleb128 0x11
 815 0239 41020000 		.4byte	.LASF32
 816 023d 01       		.byte	0x1
ARM GAS  C:\Users\mmk2715\AppData\Local\Temp\ccC5GNSg.s 			page 21


 817 023e 98       		.byte	0x98
 818 023f 49020000 		.4byte	0x249
 819 0243 05       		.byte	0x5
 820 0244 03       		.byte	0x3
 821 0245 00000000 		.4byte	imo_trim_table.4618
 822 0249 0A       		.uleb128 0xa
 823 024a 04       		.byte	0x4
 824 024b 4F020000 		.4byte	0x24f
 825 024f 12       		.uleb128 0x12
 826 0250 2D020000 		.4byte	0x22d
 827 0254 11       		.uleb128 0x11
 828 0255 16010000 		.4byte	.LASF33
 829 0259 01       		.byte	0x1
 830 025a 99       		.byte	0x99
 831 025b 90020000 		.4byte	0x290
 832 025f 05       		.byte	0x5
 833 0260 03       		.byte	0x3
 834 0261 0C000000 		.4byte	IMO_TRIM_FREQ_TABLE_ENTRIES.4619
 835 0265 11       		.uleb128 0x11
 836 0266 81000000 		.4byte	.LASF34
 837 026a 01       		.byte	0x1
 838 026b 9B       		.byte	0x9b
 839 026c AB000000 		.4byte	0xab
 840 0270 02       		.byte	0x2
 841 0271 91       		.byte	0x91
 842 0272 74       		.sleb128 -12
 843 0273 11       		.uleb128 0x11
 844 0274 61020000 		.4byte	.LASF35
 845 0278 01       		.byte	0x1
 846 0279 9C       		.byte	0x9c
 847 027a 8A000000 		.4byte	0x8a
 848 027e 02       		.byte	0x2
 849 027f 91       		.byte	0x91
 850 0280 73       		.sleb128 -13
 851 0281 11       		.uleb128 0x11
 852 0282 C8010000 		.4byte	.LASF36
 853 0286 01       		.byte	0x1
 854 0287 9D       		.byte	0x9d
 855 0288 8A000000 		.4byte	0x8a
 856 028c 02       		.byte	0x2
 857 028d 91       		.byte	0x91
 858 028e 72       		.sleb128 -14
 859 028f 00       		.byte	0
 860 0290 12       		.uleb128 0x12
 861 0291 A0000000 		.4byte	0xa0
 862 0295 13       		.uleb128 0x13
 863 0296 3F000000 		.4byte	.LASF37
 864 029a 01       		.byte	0x1
 865 029b C3       		.byte	0xc3
 866 029c 01       		.byte	0x1
 867 029d B0000000 		.4byte	.LFB4
 868 02a1 20010000 		.4byte	.LFE4
 869 02a5 E0000000 		.4byte	.LLST4
 870 02a9 01       		.byte	0x1
 871 02aa 14       		.uleb128 0x14
 872 02ab 0D000000 		.4byte	.LASF38
 873 02af 01       		.byte	0x1
ARM GAS  C:\Users\mmk2715\AppData\Local\Temp\ccC5GNSg.s 			page 22


 874 02b0 F0       		.byte	0xf0
 875 02b1 01       		.byte	0x1
 876 02b2 00000000 		.4byte	.LFB5
 877 02b6 08000000 		.4byte	.LFE5
 878 02ba 0C010000 		.4byte	.LLST5
 879 02be 01       		.byte	0x1
 880 02bf 15       		.uleb128 0x15
 881 02c0 01       		.byte	0x1
 882 02c1 4D010000 		.4byte	.LASF46
 883 02c5 01       		.byte	0x1
 884 02c6 0801     		.2byte	0x108
 885 02c8 01       		.byte	0x1
 886 02c9 20010000 		.4byte	.LFB6
 887 02cd F4010000 		.4byte	.LFE6
 888 02d1 38010000 		.4byte	.LLST6
 889 02d5 01       		.byte	0x1
 890 02d6 16       		.uleb128 0x16
 891 02d7 28010000 		.4byte	.LBB2
 892 02db C8010000 		.4byte	.LBE2
 893 02df 17       		.uleb128 0x17
 894 02e0 06       		.byte	0x6
 895 02e1 01       		.byte	0x1
 896 02e2 0F01     		.2byte	0x10f
 897 02e4 07030000 		.4byte	0x307
 898 02e8 18       		.uleb128 0x18
 899 02e9 5A010000 		.4byte	.LASF39
 900 02ed 01       		.byte	0x1
 901 02ee 1001     		.2byte	0x110
 902 02f0 6F000000 		.4byte	0x6f
 903 02f4 02       		.byte	0x2
 904 02f5 23       		.byte	0x23
 905 02f6 00       		.uleb128 0
 906 02f7 18       		.uleb128 0x18
 907 02f8 93000000 		.4byte	.LASF40
 908 02fc 01       		.byte	0x1
 909 02fd 1101     		.2byte	0x111
 910 02ff 95000000 		.4byte	0x95
 911 0303 02       		.byte	0x2
 912 0304 23       		.byte	0x23
 913 0305 04       		.uleb128 0x4
 914 0306 00       		.byte	0
 915 0307 19       		.uleb128 0x19
 916 0308 8A010000 		.4byte	.LASF41
 917 030c 01       		.byte	0x1
 918 030d 1201     		.2byte	0x112
 919 030f DF020000 		.4byte	0x2df
 920 0313 0F       		.uleb128 0xf
 921 0314 07030000 		.4byte	0x307
 922 0318 23030000 		.4byte	0x323
 923 031c 10       		.uleb128 0x10
 924 031d 68000000 		.4byte	0x68
 925 0321 01       		.byte	0x1
 926 0322 00       		.byte	0
 927 0323 1A       		.uleb128 0x1a
 928 0324 2F000000 		.4byte	.LASF42
 929 0328 01       		.byte	0x1
 930 0329 1401     		.2byte	0x114
ARM GAS  C:\Users\mmk2715\AppData\Local\Temp\ccC5GNSg.s 			page 23


 931 032b 35030000 		.4byte	0x335
 932 032f 05       		.byte	0x5
 933 0330 03       		.byte	0x3
 934 0331 00000000 		.4byte	cfg_memset_list.4643
 935 0335 12       		.uleb128 0x12
 936 0336 13030000 		.4byte	0x313
 937 033a 1B       		.uleb128 0x1b
 938 033b 6900     		.ascii	"i\000"
 939 033d 01       		.byte	0x1
 940 033e 1A01     		.2byte	0x11a
 941 0340 8A000000 		.4byte	0x8a
 942 0344 02       		.byte	0x2
 943 0345 91       		.byte	0x91
 944 0346 77       		.sleb128 -9
 945 0347 16       		.uleb128 0x16
 946 0348 30010000 		.4byte	.LBB3
 947 034c 6E010000 		.4byte	.LBE3
 948 0350 1B       		.uleb128 0x1b
 949 0351 6D7300   		.ascii	"ms\000"
 950 0354 01       		.byte	0x1
 951 0355 1F01     		.2byte	0x11f
 952 0357 5E030000 		.4byte	0x35e
 953 035b 02       		.byte	0x2
 954 035c 91       		.byte	0x91
 955 035d 70       		.sleb128 -16
 956 035e 0A       		.uleb128 0xa
 957 035f 04       		.byte	0x4
 958 0360 64030000 		.4byte	0x364
 959 0364 12       		.uleb128 0x12
 960 0365 07030000 		.4byte	0x307
 961 0369 00       		.byte	0
 962 036a 00       		.byte	0
 963 036b 00       		.byte	0
 964 036c 00       		.byte	0
 965              		.section	.debug_abbrev,"",%progbits
 966              	.Ldebug_abbrev0:
 967 0000 01       		.uleb128 0x1
 968 0001 11       		.uleb128 0x11
 969 0002 01       		.byte	0x1
 970 0003 25       		.uleb128 0x25
 971 0004 0E       		.uleb128 0xe
 972 0005 13       		.uleb128 0x13
 973 0006 0B       		.uleb128 0xb
 974 0007 03       		.uleb128 0x3
 975 0008 0E       		.uleb128 0xe
 976 0009 1B       		.uleb128 0x1b
 977 000a 0E       		.uleb128 0xe
 978 000b 55       		.uleb128 0x55
 979 000c 06       		.uleb128 0x6
 980 000d 11       		.uleb128 0x11
 981 000e 01       		.uleb128 0x1
 982 000f 52       		.uleb128 0x52
 983 0010 01       		.uleb128 0x1
 984 0011 10       		.uleb128 0x10
 985 0012 06       		.uleb128 0x6
 986 0013 00       		.byte	0
 987 0014 00       		.byte	0
ARM GAS  C:\Users\mmk2715\AppData\Local\Temp\ccC5GNSg.s 			page 24


 988 0015 02       		.uleb128 0x2
 989 0016 24       		.uleb128 0x24
 990 0017 00       		.byte	0
 991 0018 0B       		.uleb128 0xb
 992 0019 0B       		.uleb128 0xb
 993 001a 3E       		.uleb128 0x3e
 994 001b 0B       		.uleb128 0xb
 995 001c 03       		.uleb128 0x3
 996 001d 0E       		.uleb128 0xe
 997 001e 00       		.byte	0
 998 001f 00       		.byte	0
 999 0020 03       		.uleb128 0x3
 1000 0021 24       		.uleb128 0x24
 1001 0022 00       		.byte	0
 1002 0023 0B       		.uleb128 0xb
 1003 0024 0B       		.uleb128 0xb
 1004 0025 3E       		.uleb128 0x3e
 1005 0026 0B       		.uleb128 0xb
 1006 0027 03       		.uleb128 0x3
 1007 0028 08       		.uleb128 0x8
 1008 0029 00       		.byte	0
 1009 002a 00       		.byte	0
 1010 002b 04       		.uleb128 0x4
 1011 002c 0F       		.uleb128 0xf
 1012 002d 00       		.byte	0
 1013 002e 0B       		.uleb128 0xb
 1014 002f 0B       		.uleb128 0xb
 1015 0030 00       		.byte	0
 1016 0031 00       		.byte	0
 1017 0032 05       		.uleb128 0x5
 1018 0033 16       		.uleb128 0x16
 1019 0034 00       		.byte	0
 1020 0035 03       		.uleb128 0x3
 1021 0036 0E       		.uleb128 0xe
 1022 0037 3A       		.uleb128 0x3a
 1023 0038 0B       		.uleb128 0xb
 1024 0039 3B       		.uleb128 0x3b
 1025 003a 0B       		.uleb128 0xb
 1026 003b 49       		.uleb128 0x49
 1027 003c 13       		.uleb128 0x13
 1028 003d 00       		.byte	0
 1029 003e 00       		.byte	0
 1030 003f 06       		.uleb128 0x6
 1031 0040 35       		.uleb128 0x35
 1032 0041 00       		.byte	0
 1033 0042 49       		.uleb128 0x49
 1034 0043 13       		.uleb128 0x13
 1035 0044 00       		.byte	0
 1036 0045 00       		.byte	0
 1037 0046 07       		.uleb128 0x7
 1038 0047 2E       		.uleb128 0x2e
 1039 0048 01       		.byte	0x1
 1040 0049 03       		.uleb128 0x3
 1041 004a 0E       		.uleb128 0xe
 1042 004b 3A       		.uleb128 0x3a
 1043 004c 0B       		.uleb128 0xb
 1044 004d 3B       		.uleb128 0x3b
ARM GAS  C:\Users\mmk2715\AppData\Local\Temp\ccC5GNSg.s 			page 25


 1045 004e 0B       		.uleb128 0xb
 1046 004f 27       		.uleb128 0x27
 1047 0050 0C       		.uleb128 0xc
 1048 0051 11       		.uleb128 0x11
 1049 0052 01       		.uleb128 0x1
 1050 0053 12       		.uleb128 0x12
 1051 0054 01       		.uleb128 0x1
 1052 0055 40       		.uleb128 0x40
 1053 0056 06       		.uleb128 0x6
 1054 0057 9642     		.uleb128 0x2116
 1055 0059 0C       		.uleb128 0xc
 1056 005a 01       		.uleb128 0x1
 1057 005b 13       		.uleb128 0x13
 1058 005c 00       		.byte	0
 1059 005d 00       		.byte	0
 1060 005e 08       		.uleb128 0x8
 1061 005f 05       		.uleb128 0x5
 1062 0060 00       		.byte	0
 1063 0061 03       		.uleb128 0x3
 1064 0062 08       		.uleb128 0x8
 1065 0063 3A       		.uleb128 0x3a
 1066 0064 0B       		.uleb128 0xb
 1067 0065 3B       		.uleb128 0x3b
 1068 0066 0B       		.uleb128 0xb
 1069 0067 49       		.uleb128 0x49
 1070 0068 13       		.uleb128 0x13
 1071 0069 02       		.uleb128 0x2
 1072 006a 0A       		.uleb128 0xa
 1073 006b 00       		.byte	0
 1074 006c 00       		.byte	0
 1075 006d 09       		.uleb128 0x9
 1076 006e 05       		.uleb128 0x5
 1077 006f 00       		.byte	0
 1078 0070 03       		.uleb128 0x3
 1079 0071 0E       		.uleb128 0xe
 1080 0072 3A       		.uleb128 0x3a
 1081 0073 0B       		.uleb128 0xb
 1082 0074 3B       		.uleb128 0x3b
 1083 0075 0B       		.uleb128 0xb
 1084 0076 49       		.uleb128 0x49
 1085 0077 13       		.uleb128 0x13
 1086 0078 02       		.uleb128 0x2
 1087 0079 0A       		.uleb128 0xa
 1088 007a 00       		.byte	0
 1089 007b 00       		.byte	0
 1090 007c 0A       		.uleb128 0xa
 1091 007d 0F       		.uleb128 0xf
 1092 007e 00       		.byte	0
 1093 007f 0B       		.uleb128 0xb
 1094 0080 0B       		.uleb128 0xb
 1095 0081 49       		.uleb128 0x49
 1096 0082 13       		.uleb128 0x13
 1097 0083 00       		.byte	0
 1098 0084 00       		.byte	0
 1099 0085 0B       		.uleb128 0xb
 1100 0086 26       		.uleb128 0x26
 1101 0087 00       		.byte	0
ARM GAS  C:\Users\mmk2715\AppData\Local\Temp\ccC5GNSg.s 			page 26


 1102 0088 00       		.byte	0
 1103 0089 00       		.byte	0
 1104 008a 0C       		.uleb128 0xc
 1105 008b 2E       		.uleb128 0x2e
 1106 008c 01       		.byte	0x1
 1107 008d 03       		.uleb128 0x3
 1108 008e 0E       		.uleb128 0xe
 1109 008f 3A       		.uleb128 0x3a
 1110 0090 0B       		.uleb128 0xb
 1111 0091 3B       		.uleb128 0x3b
 1112 0092 0B       		.uleb128 0xb
 1113 0093 27       		.uleb128 0x27
 1114 0094 0C       		.uleb128 0xc
 1115 0095 11       		.uleb128 0x11
 1116 0096 01       		.uleb128 0x1
 1117 0097 12       		.uleb128 0x12
 1118 0098 01       		.uleb128 0x1
 1119 0099 40       		.uleb128 0x40
 1120 009a 06       		.uleb128 0x6
 1121 009b 9742     		.uleb128 0x2117
 1122 009d 0C       		.uleb128 0xc
 1123 009e 01       		.uleb128 0x1
 1124 009f 13       		.uleb128 0x13
 1125 00a0 00       		.byte	0
 1126 00a1 00       		.byte	0
 1127 00a2 0D       		.uleb128 0xd
 1128 00a3 13       		.uleb128 0x13
 1129 00a4 01       		.byte	0x1
 1130 00a5 0B       		.uleb128 0xb
 1131 00a6 0B       		.uleb128 0xb
 1132 00a7 3A       		.uleb128 0x3a
 1133 00a8 0B       		.uleb128 0xb
 1134 00a9 3B       		.uleb128 0x3b
 1135 00aa 0B       		.uleb128 0xb
 1136 00ab 01       		.uleb128 0x1
 1137 00ac 13       		.uleb128 0x13
 1138 00ad 00       		.byte	0
 1139 00ae 00       		.byte	0
 1140 00af 0E       		.uleb128 0xe
 1141 00b0 0D       		.uleb128 0xd
 1142 00b1 00       		.byte	0
 1143 00b2 03       		.uleb128 0x3
 1144 00b3 0E       		.uleb128 0xe
 1145 00b4 3A       		.uleb128 0x3a
 1146 00b5 0B       		.uleb128 0xb
 1147 00b6 3B       		.uleb128 0x3b
 1148 00b7 0B       		.uleb128 0xb
 1149 00b8 49       		.uleb128 0x49
 1150 00b9 13       		.uleb128 0x13
 1151 00ba 38       		.uleb128 0x38
 1152 00bb 0A       		.uleb128 0xa
 1153 00bc 00       		.byte	0
 1154 00bd 00       		.byte	0
 1155 00be 0F       		.uleb128 0xf
 1156 00bf 01       		.uleb128 0x1
 1157 00c0 01       		.byte	0x1
 1158 00c1 49       		.uleb128 0x49
ARM GAS  C:\Users\mmk2715\AppData\Local\Temp\ccC5GNSg.s 			page 27


 1159 00c2 13       		.uleb128 0x13
 1160 00c3 01       		.uleb128 0x1
 1161 00c4 13       		.uleb128 0x13
 1162 00c5 00       		.byte	0
 1163 00c6 00       		.byte	0
 1164 00c7 10       		.uleb128 0x10
 1165 00c8 21       		.uleb128 0x21
 1166 00c9 00       		.byte	0
 1167 00ca 49       		.uleb128 0x49
 1168 00cb 13       		.uleb128 0x13
 1169 00cc 2F       		.uleb128 0x2f
 1170 00cd 0B       		.uleb128 0xb
 1171 00ce 00       		.byte	0
 1172 00cf 00       		.byte	0
 1173 00d0 11       		.uleb128 0x11
 1174 00d1 34       		.uleb128 0x34
 1175 00d2 00       		.byte	0
 1176 00d3 03       		.uleb128 0x3
 1177 00d4 0E       		.uleb128 0xe
 1178 00d5 3A       		.uleb128 0x3a
 1179 00d6 0B       		.uleb128 0xb
 1180 00d7 3B       		.uleb128 0x3b
 1181 00d8 0B       		.uleb128 0xb
 1182 00d9 49       		.uleb128 0x49
 1183 00da 13       		.uleb128 0x13
 1184 00db 02       		.uleb128 0x2
 1185 00dc 0A       		.uleb128 0xa
 1186 00dd 00       		.byte	0
 1187 00de 00       		.byte	0
 1188 00df 12       		.uleb128 0x12
 1189 00e0 26       		.uleb128 0x26
 1190 00e1 00       		.byte	0
 1191 00e2 49       		.uleb128 0x49
 1192 00e3 13       		.uleb128 0x13
 1193 00e4 00       		.byte	0
 1194 00e5 00       		.byte	0
 1195 00e6 13       		.uleb128 0x13
 1196 00e7 2E       		.uleb128 0x2e
 1197 00e8 00       		.byte	0
 1198 00e9 03       		.uleb128 0x3
 1199 00ea 0E       		.uleb128 0xe
 1200 00eb 3A       		.uleb128 0x3a
 1201 00ec 0B       		.uleb128 0xb
 1202 00ed 3B       		.uleb128 0x3b
 1203 00ee 0B       		.uleb128 0xb
 1204 00ef 27       		.uleb128 0x27
 1205 00f0 0C       		.uleb128 0xc
 1206 00f1 11       		.uleb128 0x11
 1207 00f2 01       		.uleb128 0x1
 1208 00f3 12       		.uleb128 0x12
 1209 00f4 01       		.uleb128 0x1
 1210 00f5 40       		.uleb128 0x40
 1211 00f6 06       		.uleb128 0x6
 1212 00f7 9642     		.uleb128 0x2116
 1213 00f9 0C       		.uleb128 0xc
 1214 00fa 00       		.byte	0
 1215 00fb 00       		.byte	0
ARM GAS  C:\Users\mmk2715\AppData\Local\Temp\ccC5GNSg.s 			page 28


 1216 00fc 14       		.uleb128 0x14
 1217 00fd 2E       		.uleb128 0x2e
 1218 00fe 00       		.byte	0
 1219 00ff 03       		.uleb128 0x3
 1220 0100 0E       		.uleb128 0xe
 1221 0101 3A       		.uleb128 0x3a
 1222 0102 0B       		.uleb128 0xb
 1223 0103 3B       		.uleb128 0x3b
 1224 0104 0B       		.uleb128 0xb
 1225 0105 27       		.uleb128 0x27
 1226 0106 0C       		.uleb128 0xc
 1227 0107 11       		.uleb128 0x11
 1228 0108 01       		.uleb128 0x1
 1229 0109 12       		.uleb128 0x12
 1230 010a 01       		.uleb128 0x1
 1231 010b 40       		.uleb128 0x40
 1232 010c 06       		.uleb128 0x6
 1233 010d 9742     		.uleb128 0x2117
 1234 010f 0C       		.uleb128 0xc
 1235 0110 00       		.byte	0
 1236 0111 00       		.byte	0
 1237 0112 15       		.uleb128 0x15
 1238 0113 2E       		.uleb128 0x2e
 1239 0114 01       		.byte	0x1
 1240 0115 3F       		.uleb128 0x3f
 1241 0116 0C       		.uleb128 0xc
 1242 0117 03       		.uleb128 0x3
 1243 0118 0E       		.uleb128 0xe
 1244 0119 3A       		.uleb128 0x3a
 1245 011a 0B       		.uleb128 0xb
 1246 011b 3B       		.uleb128 0x3b
 1247 011c 05       		.uleb128 0x5
 1248 011d 27       		.uleb128 0x27
 1249 011e 0C       		.uleb128 0xc
 1250 011f 11       		.uleb128 0x11
 1251 0120 01       		.uleb128 0x1
 1252 0121 12       		.uleb128 0x12
 1253 0122 01       		.uleb128 0x1
 1254 0123 40       		.uleb128 0x40
 1255 0124 06       		.uleb128 0x6
 1256 0125 9642     		.uleb128 0x2116
 1257 0127 0C       		.uleb128 0xc
 1258 0128 00       		.byte	0
 1259 0129 00       		.byte	0
 1260 012a 16       		.uleb128 0x16
 1261 012b 0B       		.uleb128 0xb
 1262 012c 01       		.byte	0x1
 1263 012d 11       		.uleb128 0x11
 1264 012e 01       		.uleb128 0x1
 1265 012f 12       		.uleb128 0x12
 1266 0130 01       		.uleb128 0x1
 1267 0131 00       		.byte	0
 1268 0132 00       		.byte	0
 1269 0133 17       		.uleb128 0x17
 1270 0134 13       		.uleb128 0x13
 1271 0135 01       		.byte	0x1
 1272 0136 0B       		.uleb128 0xb
ARM GAS  C:\Users\mmk2715\AppData\Local\Temp\ccC5GNSg.s 			page 29


 1273 0137 0B       		.uleb128 0xb
 1274 0138 3A       		.uleb128 0x3a
 1275 0139 0B       		.uleb128 0xb
 1276 013a 3B       		.uleb128 0x3b
 1277 013b 05       		.uleb128 0x5
 1278 013c 01       		.uleb128 0x1
 1279 013d 13       		.uleb128 0x13
 1280 013e 00       		.byte	0
 1281 013f 00       		.byte	0
 1282 0140 18       		.uleb128 0x18
 1283 0141 0D       		.uleb128 0xd
 1284 0142 00       		.byte	0
 1285 0143 03       		.uleb128 0x3
 1286 0144 0E       		.uleb128 0xe
 1287 0145 3A       		.uleb128 0x3a
 1288 0146 0B       		.uleb128 0xb
 1289 0147 3B       		.uleb128 0x3b
 1290 0148 05       		.uleb128 0x5
 1291 0149 49       		.uleb128 0x49
 1292 014a 13       		.uleb128 0x13
 1293 014b 38       		.uleb128 0x38
 1294 014c 0A       		.uleb128 0xa
 1295 014d 00       		.byte	0
 1296 014e 00       		.byte	0
 1297 014f 19       		.uleb128 0x19
 1298 0150 16       		.uleb128 0x16
 1299 0151 00       		.byte	0
 1300 0152 03       		.uleb128 0x3
 1301 0153 0E       		.uleb128 0xe
 1302 0154 3A       		.uleb128 0x3a
 1303 0155 0B       		.uleb128 0xb
 1304 0156 3B       		.uleb128 0x3b
 1305 0157 05       		.uleb128 0x5
 1306 0158 49       		.uleb128 0x49
 1307 0159 13       		.uleb128 0x13
 1308 015a 00       		.byte	0
 1309 015b 00       		.byte	0
 1310 015c 1A       		.uleb128 0x1a
 1311 015d 34       		.uleb128 0x34
 1312 015e 00       		.byte	0
 1313 015f 03       		.uleb128 0x3
 1314 0160 0E       		.uleb128 0xe
 1315 0161 3A       		.uleb128 0x3a
 1316 0162 0B       		.uleb128 0xb
 1317 0163 3B       		.uleb128 0x3b
 1318 0164 05       		.uleb128 0x5
 1319 0165 49       		.uleb128 0x49
 1320 0166 13       		.uleb128 0x13
 1321 0167 02       		.uleb128 0x2
 1322 0168 0A       		.uleb128 0xa
 1323 0169 00       		.byte	0
 1324 016a 00       		.byte	0
 1325 016b 1B       		.uleb128 0x1b
 1326 016c 34       		.uleb128 0x34
 1327 016d 00       		.byte	0
 1328 016e 03       		.uleb128 0x3
 1329 016f 08       		.uleb128 0x8
ARM GAS  C:\Users\mmk2715\AppData\Local\Temp\ccC5GNSg.s 			page 30


 1330 0170 3A       		.uleb128 0x3a
 1331 0171 0B       		.uleb128 0xb
 1332 0172 3B       		.uleb128 0x3b
 1333 0173 05       		.uleb128 0x5
 1334 0174 49       		.uleb128 0x49
 1335 0175 13       		.uleb128 0x13
 1336 0176 02       		.uleb128 0x2
 1337 0177 0A       		.uleb128 0xa
 1338 0178 00       		.byte	0
 1339 0179 00       		.byte	0
 1340 017a 00       		.byte	0
 1341              		.section	.debug_loc,"",%progbits
 1342              	.Ldebug_loc0:
 1343              	.LLST0:
 1344 0000 00000000 		.4byte	.LFB0
 1345 0004 02000000 		.4byte	.LCFI0
 1346 0008 0200     		.2byte	0x2
 1347 000a 7D       		.byte	0x7d
 1348 000b 00       		.sleb128 0
 1349 000c 02000000 		.4byte	.LCFI0
 1350 0010 04000000 		.4byte	.LCFI1
 1351 0014 0200     		.2byte	0x2
 1352 0016 7D       		.byte	0x7d
 1353 0017 08       		.sleb128 8
 1354 0018 04000000 		.4byte	.LCFI1
 1355 001c 06000000 		.4byte	.LCFI2
 1356 0020 0200     		.2byte	0x2
 1357 0022 7D       		.byte	0x7d
 1358 0023 10       		.sleb128 16
 1359 0024 06000000 		.4byte	.LCFI2
 1360 0028 1E000000 		.4byte	.LFE0
 1361 002c 0200     		.2byte	0x2
 1362 002e 77       		.byte	0x77
 1363 002f 10       		.sleb128 16
 1364 0030 00000000 		.4byte	0
 1365 0034 00000000 		.4byte	0
 1366              	.LLST1:
 1367 0038 00000000 		.4byte	.LFB1
 1368 003c 02000000 		.4byte	.LCFI3
 1369 0040 0200     		.2byte	0x2
 1370 0042 7D       		.byte	0x7d
 1371 0043 00       		.sleb128 0
 1372 0044 02000000 		.4byte	.LCFI3
 1373 0048 04000000 		.4byte	.LCFI4
 1374 004c 0200     		.2byte	0x2
 1375 004e 7D       		.byte	0x7d
 1376 004f 08       		.sleb128 8
 1377 0050 04000000 		.4byte	.LCFI4
 1378 0054 06000000 		.4byte	.LCFI5
 1379 0058 0200     		.2byte	0x2
 1380 005a 7D       		.byte	0x7d
 1381 005b 18       		.sleb128 24
 1382 005c 06000000 		.4byte	.LCFI5
 1383 0060 22000000 		.4byte	.LFE1
 1384 0064 0200     		.2byte	0x2
 1385 0066 77       		.byte	0x77
 1386 0067 18       		.sleb128 24
ARM GAS  C:\Users\mmk2715\AppData\Local\Temp\ccC5GNSg.s 			page 31


 1387 0068 00000000 		.4byte	0
 1388 006c 00000000 		.4byte	0
 1389              	.LLST2:
 1390 0070 00000000 		.4byte	.LFB2
 1391 0074 02000000 		.4byte	.LCFI6
 1392 0078 0200     		.2byte	0x2
 1393 007a 7D       		.byte	0x7d
 1394 007b 00       		.sleb128 0
 1395 007c 02000000 		.4byte	.LCFI6
 1396 0080 04000000 		.4byte	.LCFI7
 1397 0084 0200     		.2byte	0x2
 1398 0086 7D       		.byte	0x7d
 1399 0087 08       		.sleb128 8
 1400 0088 04000000 		.4byte	.LCFI7
 1401 008c 06000000 		.4byte	.LCFI8
 1402 0090 0200     		.2byte	0x2
 1403 0092 7D       		.byte	0x7d
 1404 0093 18       		.sleb128 24
 1405 0094 06000000 		.4byte	.LCFI8
 1406 0098 22000000 		.4byte	.LFE2
 1407 009c 0200     		.2byte	0x2
 1408 009e 77       		.byte	0x77
 1409 009f 18       		.sleb128 24
 1410 00a0 00000000 		.4byte	0
 1411 00a4 00000000 		.4byte	0
 1412              	.LLST3:
 1413 00a8 00000000 		.4byte	.LFB3
 1414 00ac 02000000 		.4byte	.LCFI9
 1415 00b0 0200     		.2byte	0x2
 1416 00b2 7D       		.byte	0x7d
 1417 00b3 00       		.sleb128 0
 1418 00b4 02000000 		.4byte	.LCFI9
 1419 00b8 04000000 		.4byte	.LCFI10
 1420 00bc 0200     		.2byte	0x2
 1421 00be 7D       		.byte	0x7d
 1422 00bf 08       		.sleb128 8
 1423 00c0 04000000 		.4byte	.LCFI10
 1424 00c4 06000000 		.4byte	.LCFI11
 1425 00c8 0200     		.2byte	0x2
 1426 00ca 7D       		.byte	0x7d
 1427 00cb 18       		.sleb128 24
 1428 00cc 06000000 		.4byte	.LCFI11
 1429 00d0 B0000000 		.4byte	.LFE3
 1430 00d4 0200     		.2byte	0x2
 1431 00d6 77       		.byte	0x77
 1432 00d7 18       		.sleb128 24
 1433 00d8 00000000 		.4byte	0
 1434 00dc 00000000 		.4byte	0
 1435              	.LLST4:
 1436 00e0 B0000000 		.4byte	.LFB4
 1437 00e4 B2000000 		.4byte	.LCFI12
 1438 00e8 0200     		.2byte	0x2
 1439 00ea 7D       		.byte	0x7d
 1440 00eb 00       		.sleb128 0
 1441 00ec B2000000 		.4byte	.LCFI12
 1442 00f0 B4000000 		.4byte	.LCFI13
 1443 00f4 0200     		.2byte	0x2
ARM GAS  C:\Users\mmk2715\AppData\Local\Temp\ccC5GNSg.s 			page 32


 1444 00f6 7D       		.byte	0x7d
 1445 00f7 08       		.sleb128 8
 1446 00f8 B4000000 		.4byte	.LCFI13
 1447 00fc 20010000 		.4byte	.LFE4
 1448 0100 0200     		.2byte	0x2
 1449 0102 77       		.byte	0x77
 1450 0103 08       		.sleb128 8
 1451 0104 00000000 		.4byte	0
 1452 0108 00000000 		.4byte	0
 1453              	.LLST5:
 1454 010c 00000000 		.4byte	.LFB5
 1455 0110 02000000 		.4byte	.LCFI14
 1456 0114 0200     		.2byte	0x2
 1457 0116 7D       		.byte	0x7d
 1458 0117 00       		.sleb128 0
 1459 0118 02000000 		.4byte	.LCFI14
 1460 011c 04000000 		.4byte	.LCFI15
 1461 0120 0200     		.2byte	0x2
 1462 0122 7D       		.byte	0x7d
 1463 0123 08       		.sleb128 8
 1464 0124 04000000 		.4byte	.LCFI15
 1465 0128 08000000 		.4byte	.LFE5
 1466 012c 0200     		.2byte	0x2
 1467 012e 77       		.byte	0x77
 1468 012f 08       		.sleb128 8
 1469 0130 00000000 		.4byte	0
 1470 0134 00000000 		.4byte	0
 1471              	.LLST6:
 1472 0138 20010000 		.4byte	.LFB6
 1473 013c 22010000 		.4byte	.LCFI16
 1474 0140 0200     		.2byte	0x2
 1475 0142 7D       		.byte	0x7d
 1476 0143 00       		.sleb128 0
 1477 0144 22010000 		.4byte	.LCFI16
 1478 0148 24010000 		.4byte	.LCFI17
 1479 014c 0200     		.2byte	0x2
 1480 014e 7D       		.byte	0x7d
 1481 014f 08       		.sleb128 8
 1482 0150 24010000 		.4byte	.LCFI17
 1483 0154 26010000 		.4byte	.LCFI18
 1484 0158 0200     		.2byte	0x2
 1485 015a 7D       		.byte	0x7d
 1486 015b 10       		.sleb128 16
 1487 015c 26010000 		.4byte	.LCFI18
 1488 0160 F4010000 		.4byte	.LFE6
 1489 0164 0200     		.2byte	0x2
 1490 0166 77       		.byte	0x77
 1491 0167 10       		.sleb128 16
 1492 0168 00000000 		.4byte	0
 1493 016c 00000000 		.4byte	0
 1494              		.section	.debug_aranges,"",%progbits
 1495 0000 4C000000 		.4byte	0x4c
 1496 0004 0200     		.2byte	0x2
 1497 0006 00000000 		.4byte	.Ldebug_info0
 1498 000a 04       		.byte	0x4
 1499 000b 00       		.byte	0
 1500 000c 0000     		.2byte	0
ARM GAS  C:\Users\mmk2715\AppData\Local\Temp\ccC5GNSg.s 			page 33


 1501 000e 0000     		.2byte	0
 1502 0010 00000000 		.4byte	.LFB0
 1503 0014 1E000000 		.4byte	.LFE0-.LFB0
 1504 0018 00000000 		.4byte	.LFB1
 1505 001c 22000000 		.4byte	.LFE1-.LFB1
 1506 0020 00000000 		.4byte	.LFB2
 1507 0024 22000000 		.4byte	.LFE2-.LFB2
 1508 0028 00000000 		.4byte	.LFB3
 1509 002c B0000000 		.4byte	.LFE3-.LFB3
 1510 0030 B0000000 		.4byte	.LFB4
 1511 0034 70000000 		.4byte	.LFE4-.LFB4
 1512 0038 00000000 		.4byte	.LFB5
 1513 003c 08000000 		.4byte	.LFE5-.LFB5
 1514 0040 20010000 		.4byte	.LFB6
 1515 0044 D4000000 		.4byte	.LFE6-.LFB6
 1516 0048 00000000 		.4byte	0
 1517 004c 00000000 		.4byte	0
 1518              		.section	.debug_ranges,"",%progbits
 1519              	.Ldebug_ranges0:
 1520 0000 00000000 		.4byte	.LFB0
 1521 0004 1E000000 		.4byte	.LFE0
 1522 0008 00000000 		.4byte	.LFB1
 1523 000c 22000000 		.4byte	.LFE1
 1524 0010 00000000 		.4byte	.LFB2
 1525 0014 22000000 		.4byte	.LFE2
 1526 0018 00000000 		.4byte	.LFB3
 1527 001c B0000000 		.4byte	.LFE3
 1528 0020 B0000000 		.4byte	.LFB4
 1529 0024 20010000 		.4byte	.LFE4
 1530 0028 00000000 		.4byte	.LFB5
 1531 002c 08000000 		.4byte	.LFE5
 1532 0030 20010000 		.4byte	.LFB6
 1533 0034 F4010000 		.4byte	.LFE6
 1534 0038 00000000 		.4byte	0
 1535 003c 00000000 		.4byte	0
 1536              		.section	.debug_line,"",%progbits
 1537              	.Ldebug_line0:
 1538 0000 73010000 		.section	.debug_str,"MS",%progbits,1
 1538      0200D100 
 1538      00000201 
 1538      FB0E0D00 
 1538      01010101 
 1539              	.LASF19:
 1540 0000 72656733 		.ascii	"reg32\000"
 1540      3200
 1541              	.LASF11:
 1542 0006 73697A65 		.ascii	"size_t\000"
 1542      5F7400
 1543              	.LASF38:
 1544 000d 416E616C 		.ascii	"AnalogSetDefault\000"
 1544      6F675365 
 1544      74446566 
 1544      61756C74 
 1544      00
 1545              	.LASF29:
 1546 001e 696D6F5F 		.ascii	"imo_trim_entry_t\000"
 1546      7472696D 
ARM GAS  C:\Users\mmk2715\AppData\Local\Temp\ccC5GNSg.s 			page 34


 1546      5F656E74 
 1546      72795F74 
 1546      00
 1547              	.LASF42:
 1548 002f 6366675F 		.ascii	"cfg_memset_list\000"
 1548      6D656D73 
 1548      65745F6C 
 1548      69737400 
 1549              	.LASF37:
 1550 003f 436C6F63 		.ascii	"ClockSetup\000"
 1550      6B536574 
 1550      757000
 1551              	.LASF28:
 1552 004a 746D7063 		.ascii	"tmpco\000"
 1552      6F00
 1553              	.LASF3:
 1554 0050 73686F72 		.ascii	"short unsigned int\000"
 1554      7420756E 
 1554      7369676E 
 1554      65642069 
 1554      6E7400
 1555              	.LASF2:
 1556 0063 73686F72 		.ascii	"short int\000"
 1556      7420696E 
 1556      7400
 1557              	.LASF24:
 1558 006d 53657449 		.ascii	"SetIMOBGTrims\000"
 1558      4D4F4247 
 1558      5472696D 
 1558      7300
 1559              	.LASF16:
 1560 007b 666C6F61 		.ascii	"float\000"
 1560      7400
 1561              	.LASF34:
 1562 0081 696D6F54 		.ascii	"imoTrimIndex\000"
 1562      72696D49 
 1562      6E646578 
 1562      00
 1563              	.LASF22:
 1564 008e 64657374 		.ascii	"dest\000"
 1564      00
 1565              	.LASF40:
 1566 0093 73697A65 		.ascii	"size\000"
 1566      00
 1567              	.LASF18:
 1568 0098 72656738 		.ascii	"reg8\000"
 1568      00
 1569              	.LASF9:
 1570 009d 6C6F6E67 		.ascii	"long unsigned int\000"
 1570      20756E73 
 1570      69676E65 
 1570      6420696E 
 1570      7400
 1571              	.LASF15:
 1572 00af 696E7433 		.ascii	"int32\000"
 1572      3200
 1573              	.LASF20:
ARM GAS  C:\Users\mmk2715\AppData\Local\Temp\ccC5GNSg.s 			page 35


 1574 00b5 43594D45 		.ascii	"CYMEMZERO\000"
 1574      4D5A4552 
 1574      4F00
 1575              	.LASF45:
 1576 00bf 453A5C50 		.ascii	"E:\\PSoc program\\DskyTroostite1.0v\\Design02\\Desi"
 1576      536F6320 
 1576      70726F67 
 1576      72616D5C 
 1576      44736B79 
 1577 00ee 676E3032 		.ascii	"gn02.cydsn\000"
 1577      2E637964 
 1577      736E00
 1578              	.LASF1:
 1579 00f9 756E7369 		.ascii	"unsigned char\000"
 1579      676E6564 
 1579      20636861 
 1579      7200
 1580              	.LASF17:
 1581 0107 646F7562 		.ascii	"double\000"
 1581      6C6500
 1582              	.LASF25:
 1583 010e 696D6F46 		.ascii	"imoFreq\000"
 1583      72657100 
 1584              	.LASF33:
 1585 0116 494D4F5F 		.ascii	"IMO_TRIM_FREQ_TABLE_ENTRIES\000"
 1585      5452494D 
 1585      5F465245 
 1585      515F5441 
 1585      424C455F 
 1586              	.LASF13:
 1587 0132 75696E74 		.ascii	"uint16\000"
 1587      313600
 1588              	.LASF14:
 1589 0139 75696E74 		.ascii	"uint32\000"
 1589      333200
 1590              	.LASF4:
 1591 0140 756E7369 		.ascii	"unsigned int\000"
 1591      676E6564 
 1591      20696E74 
 1591      00
 1592              	.LASF46:
 1593 014d 63796669 		.ascii	"cyfitter_cfg\000"
 1593      74746572 
 1593      5F636667 
 1593      00
 1594              	.LASF39:
 1595 015a 61646472 		.ascii	"address\000"
 1595      65737300 
 1596              	.LASF6:
 1597 0162 6C6F6E67 		.ascii	"long long unsigned int\000"
 1597      206C6F6E 
 1597      6720756E 
 1597      7369676E 
 1597      65642069 
 1598              	.LASF31:
 1599 0179 696D6F5F 		.ascii	"imo_trim_table_t\000"
 1599      7472696D 
ARM GAS  C:\Users\mmk2715\AppData\Local\Temp\ccC5GNSg.s 			page 36


 1599      5F746162 
 1599      6C655F74 
 1599      00
 1600              	.LASF41:
 1601 018a 6366675F 		.ascii	"cfg_memset_t\000"
 1601      6D656D73 
 1601      65745F74 
 1601      00
 1602              	.LASF44:
 1603 0197 2E5C4765 		.ascii	".\\Generated_Source\\PSoC4\\cyfitter_cfg.c\000"
 1603      6E657261 
 1603      7465645F 
 1603      536F7572 
 1603      63655C50 
 1604              	.LASF8:
 1605 01bf 73697A65 		.ascii	"sizetype\000"
 1605      74797065 
 1605      00
 1606              	.LASF36:
 1607 01c8 73657454 		.ascii	"setTmpCo\000"
 1607      6D70436F 
 1607      00
 1608              	.LASF5:
 1609 01d1 6C6F6E67 		.ascii	"long long int\000"
 1609      206C6F6E 
 1609      6720696E 
 1609      7400
 1610              	.LASF10:
 1611 01df 63686172 		.ascii	"char\000"
 1611      00
 1612              	.LASF27:
 1613 01e4 6162736F 		.ascii	"absolute\000"
 1613      6C757465 
 1613      00
 1614              	.LASF26:
 1615 01ed 66726571 		.ascii	"freq\000"
 1615      00
 1616              	.LASF12:
 1617 01f2 75696E74 		.ascii	"uint8\000"
 1617      3800
 1618              	.LASF43:
 1619 01f8 474E5520 		.ascii	"GNU C 4.7.3 20130312 (release) [ARM/embedded-4_7-br"
 1619      4320342E 
 1619      372E3320 
 1619      32303133 
 1619      30333132 
 1620 022b 616E6368 		.ascii	"anch revision 196615]\000"
 1620      20726576 
 1620      6973696F 
 1620      6E203139 
 1620      36363135 
 1621              	.LASF32:
 1622 0241 696D6F5F 		.ascii	"imo_trim_table\000"
 1622      7472696D 
 1622      5F746162 
 1622      6C6500
 1623              	.LASF7:
ARM GAS  C:\Users\mmk2715\AppData\Local\Temp\ccC5GNSg.s 			page 37


 1624 0250 6C6F6E67 		.ascii	"long int\000"
 1624      20696E74 
 1624      00
 1625              	.LASF30:
 1626 0259 656E7472 		.ascii	"entries\000"
 1626      69657300 
 1627              	.LASF35:
 1628 0261 73657441 		.ascii	"setAbs\000"
 1628      627300
 1629              	.LASF0:
 1630 0268 7369676E 		.ascii	"signed char\000"
 1630      65642063 
 1630      68617200 
 1631              	.LASF23:
 1632 0274 4359434F 		.ascii	"CYCONFIGCPYCODE\000"
 1632      4E464947 
 1632      43505943 
 1632      4F444500 
 1633              	.LASF21:
 1634 0284 4359434F 		.ascii	"CYCONFIGCPY\000"
 1634      4E464947 
 1634      43505900 
 1635              		.ident	"GCC: (GNU Tools for ARM Embedded Processors) 4.7.3 20130312 (release) [ARM/embedded-4_7-br
