ARM GAS  C:\Users\dskyNote\AppData\Local\Temp\cceiaKWl.s 			page 1


   1              		.syntax unified
   2              		.cpu cortex-m3
   3              		.fpu softvfp
   4              		.eabi_attribute 20, 1
   5              		.eabi_attribute 21, 1
   6              		.eabi_attribute 23, 3
   7              		.eabi_attribute 24, 1
   8              		.eabi_attribute 25, 1
   9              		.eabi_attribute 26, 1
  10              		.eabi_attribute 30, 6
  11              		.eabi_attribute 34, 1
  12              		.eabi_attribute 18, 4
  13              		.thumb
  14              		.file	"I2C_2.c"
  15              		.text
  16              	.Ltext0:
  17              		.cfi_sections	.debug_frame
  18              		.global	I2C_2_initVar
  19              		.bss
  20              		.type	I2C_2_initVar, %object
  21              		.size	I2C_2_initVar, 1
  22              	I2C_2_initVar:
  23 0000 00       		.space	1
  24              		.comm	I2C_2_state,1,1
  25              		.section	.text.I2C_2_Init,"ax",%progbits
  26              		.align	2
  27              		.global	I2C_2_Init
  28              		.thumb
  29              		.thumb_func
  30              		.type	I2C_2_Init, %function
  31              	I2C_2_Init:
  32              	.LFB0:
  33              		.file 1 ".\\Generated_Source\\PSoC5\\I2C_2.c"
   1:.\Generated_Source\PSoC5/I2C_2.c **** /*******************************************************************************
   2:.\Generated_Source\PSoC5/I2C_2.c **** * File Name: I2C_2.c
   3:.\Generated_Source\PSoC5/I2C_2.c **** * Version 3.30
   4:.\Generated_Source\PSoC5/I2C_2.c **** *
   5:.\Generated_Source\PSoC5/I2C_2.c **** * Description:
   6:.\Generated_Source\PSoC5/I2C_2.c **** *  This file provides the source code of APIs for the I2C component.
   7:.\Generated_Source\PSoC5/I2C_2.c **** *  Actual protocol and operation code resides in the interrupt service routine
   8:.\Generated_Source\PSoC5/I2C_2.c **** *  file.
   9:.\Generated_Source\PSoC5/I2C_2.c **** *
  10:.\Generated_Source\PSoC5/I2C_2.c **** * Note:
  11:.\Generated_Source\PSoC5/I2C_2.c **** *
  12:.\Generated_Source\PSoC5/I2C_2.c **** *******************************************************************************
  13:.\Generated_Source\PSoC5/I2C_2.c **** * Copyright 2008-2012, Cypress Semiconductor Corporation. All rights reserved.
  14:.\Generated_Source\PSoC5/I2C_2.c **** * You may use this file only in accordance with the license, terms, conditions,
  15:.\Generated_Source\PSoC5/I2C_2.c **** * disclaimers, and limitations in the end user license agreement accompanying
  16:.\Generated_Source\PSoC5/I2C_2.c **** * the software package with which this file was provided.
  17:.\Generated_Source\PSoC5/I2C_2.c **** *******************************************************************************/
  18:.\Generated_Source\PSoC5/I2C_2.c **** 
  19:.\Generated_Source\PSoC5/I2C_2.c **** #include "I2C_2_PVT.h"
  20:.\Generated_Source\PSoC5/I2C_2.c **** 
  21:.\Generated_Source\PSoC5/I2C_2.c **** 
  22:.\Generated_Source\PSoC5/I2C_2.c **** /**********************************
  23:.\Generated_Source\PSoC5/I2C_2.c **** *      System variables
  24:.\Generated_Source\PSoC5/I2C_2.c **** **********************************/
ARM GAS  C:\Users\dskyNote\AppData\Local\Temp\cceiaKWl.s 			page 2


  25:.\Generated_Source\PSoC5/I2C_2.c **** 
  26:.\Generated_Source\PSoC5/I2C_2.c **** uint8 I2C_2_initVar = 0u;    /* Defines if component was initialized */
  27:.\Generated_Source\PSoC5/I2C_2.c **** 
  28:.\Generated_Source\PSoC5/I2C_2.c **** volatile uint8 I2C_2_state;  /* Current state of I2C FSM */
  29:.\Generated_Source\PSoC5/I2C_2.c **** 
  30:.\Generated_Source\PSoC5/I2C_2.c **** 
  31:.\Generated_Source\PSoC5/I2C_2.c **** /*******************************************************************************
  32:.\Generated_Source\PSoC5/I2C_2.c **** * Function Name: I2C_2_Init
  33:.\Generated_Source\PSoC5/I2C_2.c **** ********************************************************************************
  34:.\Generated_Source\PSoC5/I2C_2.c **** *
  35:.\Generated_Source\PSoC5/I2C_2.c **** * Summary:
  36:.\Generated_Source\PSoC5/I2C_2.c **** *  Initializes I2C registers with initial values provided from customizer.
  37:.\Generated_Source\PSoC5/I2C_2.c **** *
  38:.\Generated_Source\PSoC5/I2C_2.c **** * Parameters:
  39:.\Generated_Source\PSoC5/I2C_2.c **** *  None
  40:.\Generated_Source\PSoC5/I2C_2.c **** *
  41:.\Generated_Source\PSoC5/I2C_2.c **** * Return:
  42:.\Generated_Source\PSoC5/I2C_2.c **** *  None
  43:.\Generated_Source\PSoC5/I2C_2.c **** *
  44:.\Generated_Source\PSoC5/I2C_2.c **** * Global variables:
  45:.\Generated_Source\PSoC5/I2C_2.c **** *  None
  46:.\Generated_Source\PSoC5/I2C_2.c **** *
  47:.\Generated_Source\PSoC5/I2C_2.c **** * Reentrant:
  48:.\Generated_Source\PSoC5/I2C_2.c **** *  No
  49:.\Generated_Source\PSoC5/I2C_2.c **** *
  50:.\Generated_Source\PSoC5/I2C_2.c **** *******************************************************************************/
  51:.\Generated_Source\PSoC5/I2C_2.c **** void I2C_2_Init(void) 
  52:.\Generated_Source\PSoC5/I2C_2.c **** {
  34              		.loc 1 52 0
  35              		.cfi_startproc
  36              		@ args = 0, pretend = 0, frame = 8
  37              		@ frame_needed = 1, uses_anonymous_args = 0
  38 0000 80B5     		push	{r7, lr}
  39              		.cfi_def_cfa_offset 8
  40              		.cfi_offset 7, -8
  41              		.cfi_offset 14, -4
  42 0002 82B0     		sub	sp, sp, #8
  43              		.cfi_def_cfa_offset 16
  44 0004 00AF     		add	r7, sp, #0
  45              		.cfi_def_cfa_register 7
  53:.\Generated_Source\PSoC5/I2C_2.c ****     #if(I2C_2_FF_IMPLEMENTED)
  54:.\Generated_Source\PSoC5/I2C_2.c ****         I2C_2_CFG_REG  = I2C_2_DEFAULT_CFG;
  55:.\Generated_Source\PSoC5/I2C_2.c ****         I2C_2_XCFG_REG = I2C_2_DEFAULT_XCFG;
  56:.\Generated_Source\PSoC5/I2C_2.c **** 
  57:.\Generated_Source\PSoC5/I2C_2.c ****         #if(CY_PSOC5A)
  58:.\Generated_Source\PSoC5/I2C_2.c ****             I2C_2_CLKDIV_REG  = LO8(I2C_2_DEFAULT_DIVIDE_FACTOR);
  59:.\Generated_Source\PSoC5/I2C_2.c ****         #else
  60:.\Generated_Source\PSoC5/I2C_2.c ****             I2C_2_CLKDIV1_REG = LO8(I2C_2_DEFAULT_DIVIDE_FACTOR);
  61:.\Generated_Source\PSoC5/I2C_2.c ****             I2C_2_CLKDIV2_REG = HI8(I2C_2_DEFAULT_DIVIDE_FACTOR);
  62:.\Generated_Source\PSoC5/I2C_2.c ****         #endif /* (CY_PSOC5A) */
  63:.\Generated_Source\PSoC5/I2C_2.c **** 
  64:.\Generated_Source\PSoC5/I2C_2.c ****     #else
  65:.\Generated_Source\PSoC5/I2C_2.c ****         uint8 enableInterrupts;
  66:.\Generated_Source\PSoC5/I2C_2.c **** 
  67:.\Generated_Source\PSoC5/I2C_2.c ****         I2C_2_CFG_REG      = I2C_2_DEFAULT_CFG;      /* control  */
  46              		.loc 1 67 0
  47 0006 194B     		ldr	r3, .L2
ARM GAS  C:\Users\dskyNote\AppData\Local\Temp\cceiaKWl.s 			page 3


  48 0008 0022     		movs	r2, #0
  49 000a 1A70     		strb	r2, [r3]
  68:.\Generated_Source\PSoC5/I2C_2.c ****         I2C_2_INT_MASK_REG = I2C_2_DEFAULT_INT_MASK; /* int_mask */
  50              		.loc 1 68 0
  51 000c 184B     		ldr	r3, .L2+4
  52 000e 0122     		movs	r2, #1
  53 0010 1A70     		strb	r2, [r3]
  69:.\Generated_Source\PSoC5/I2C_2.c **** 
  70:.\Generated_Source\PSoC5/I2C_2.c ****         /* Enable interrupts from block */
  71:.\Generated_Source\PSoC5/I2C_2.c ****         enableInterrupts = CyEnterCriticalSection();
  54              		.loc 1 71 0
  55 0012 FFF7FEFF 		bl	CyEnterCriticalSection
  56 0016 0346     		mov	r3, r0
  57 0018 FB71     		strb	r3, [r7, #7]
  72:.\Generated_Source\PSoC5/I2C_2.c ****         I2C_2_INT_ENABLE_REG |= I2C_2_INTR_ENABLE; /* aux_ctl */
  58              		.loc 1 72 0
  59 001a 164B     		ldr	r3, .L2+8
  60 001c 154A     		ldr	r2, .L2+8
  61 001e 1278     		ldrb	r2, [r2]
  62 0020 D2B2     		uxtb	r2, r2
  63 0022 42F01002 		orr	r2, r2, #16
  64 0026 D2B2     		uxtb	r2, r2
  65 0028 1A70     		strb	r2, [r3]
  73:.\Generated_Source\PSoC5/I2C_2.c ****         CyExitCriticalSection(enableInterrupts);
  66              		.loc 1 73 0
  67 002a FB79     		ldrb	r3, [r7, #7]	@ zero_extendqisi2
  68 002c 1846     		mov	r0, r3
  69 002e FFF7FEFF 		bl	CyExitCriticalSection
  74:.\Generated_Source\PSoC5/I2C_2.c **** 
  75:.\Generated_Source\PSoC5/I2C_2.c ****         #if(I2C_2_MODE_MASTER_ENABLED)
  76:.\Generated_Source\PSoC5/I2C_2.c ****             I2C_2_MCLK_PRD_REG = I2C_2_DEFAULT_MCLK_PRD;
  70              		.loc 1 76 0
  71 0032 114B     		ldr	r3, .L2+12
  72 0034 0F22     		movs	r2, #15
  73 0036 1A70     		strb	r2, [r3]
  77:.\Generated_Source\PSoC5/I2C_2.c ****             I2C_2_MCLK_CMP_REG = I2C_2_DEFAULT_MCLK_CMP;
  74              		.loc 1 77 0
  75 0038 104B     		ldr	r3, .L2+16
  76 003a 0822     		movs	r2, #8
  77 003c 1A70     		strb	r2, [r3]
  78:.\Generated_Source\PSoC5/I2C_2.c ****          #endif /* (I2C_2_MODE_MASTER_ENABLED) */
  79:.\Generated_Source\PSoC5/I2C_2.c **** 
  80:.\Generated_Source\PSoC5/I2C_2.c ****         #if(I2C_2_MODE_SLAVE_ENABLED)
  81:.\Generated_Source\PSoC5/I2C_2.c ****             I2C_2_PERIOD_REG = I2C_2_DEFAULT_PERIOD;
  82:.\Generated_Source\PSoC5/I2C_2.c ****         #endif  /* (I2C_2_MODE_SLAVE_ENABLED) */
  83:.\Generated_Source\PSoC5/I2C_2.c **** 
  84:.\Generated_Source\PSoC5/I2C_2.c ****     #endif /* (I2C_2_FF_IMPLEMENTED) */
  85:.\Generated_Source\PSoC5/I2C_2.c **** 
  86:.\Generated_Source\PSoC5/I2C_2.c ****     #if(I2C_2_TIMEOUT_ENABLED)
  87:.\Generated_Source\PSoC5/I2C_2.c ****         I2C_2_TimeoutInit();
  88:.\Generated_Source\PSoC5/I2C_2.c ****     #endif /* (I2C_2_TIMEOUT_ENABLED) */
  89:.\Generated_Source\PSoC5/I2C_2.c **** 
  90:.\Generated_Source\PSoC5/I2C_2.c ****     /* Disable Interrupt and set vector and priority */
  91:.\Generated_Source\PSoC5/I2C_2.c ****     CyIntDisable    (I2C_2_ISR_NUMBER);
  78              		.loc 1 91 0
  79 003e 104B     		ldr	r3, .L2+20
  80 0040 0222     		movs	r2, #2
ARM GAS  C:\Users\dskyNote\AppData\Local\Temp\cceiaKWl.s 			page 4


  81 0042 1A60     		str	r2, [r3]
  92:.\Generated_Source\PSoC5/I2C_2.c ****     CyIntSetPriority(I2C_2_ISR_NUMBER, I2C_2_ISR_PRIORITY);
  82              		.loc 1 92 0
  83 0044 0120     		movs	r0, #1
  84 0046 0421     		movs	r1, #4
  85 0048 FFF7FEFF 		bl	CyIntSetPriority
  93:.\Generated_Source\PSoC5/I2C_2.c ****     #if(I2C_2_INTERN_I2C_INTR_HANDLER)
  94:.\Generated_Source\PSoC5/I2C_2.c ****         (void) CyIntSetVector(I2C_2_ISR_NUMBER, &I2C_2_ISR);
  86              		.loc 1 94 0
  87 004c 0120     		movs	r0, #1
  88 004e 0D49     		ldr	r1, .L2+24
  89 0050 FFF7FEFF 		bl	CyIntSetVector
  95:.\Generated_Source\PSoC5/I2C_2.c ****     #endif /* (I2C_2_INTERN_I2C_INTR_HANDLER) */
  96:.\Generated_Source\PSoC5/I2C_2.c **** 
  97:.\Generated_Source\PSoC5/I2C_2.c **** 
  98:.\Generated_Source\PSoC5/I2C_2.c ****     /* Put state machine in idle state */
  99:.\Generated_Source\PSoC5/I2C_2.c ****     I2C_2_state = I2C_2_SM_IDLE;
  90              		.loc 1 99 0
  91 0054 0C4B     		ldr	r3, .L2+28
  92 0056 1022     		movs	r2, #16
  93 0058 1A70     		strb	r2, [r3]
 100:.\Generated_Source\PSoC5/I2C_2.c **** 
 101:.\Generated_Source\PSoC5/I2C_2.c ****     #if(I2C_2_MODE_SLAVE_ENABLED)
 102:.\Generated_Source\PSoC5/I2C_2.c ****         /* Reset status and buffers index */
 103:.\Generated_Source\PSoC5/I2C_2.c ****         I2C_2_SlaveClearReadBuf();
 104:.\Generated_Source\PSoC5/I2C_2.c ****         I2C_2_SlaveClearWriteBuf();
 105:.\Generated_Source\PSoC5/I2C_2.c ****         I2C_2_slStatus = 0u; /* Reset slave status */
 106:.\Generated_Source\PSoC5/I2C_2.c **** 
 107:.\Generated_Source\PSoC5/I2C_2.c ****         /* Set default address */
 108:.\Generated_Source\PSoC5/I2C_2.c ****         I2C_2_SlaveSetAddress(I2C_2_DEFAULT_ADDR);
 109:.\Generated_Source\PSoC5/I2C_2.c ****     #endif /* (I2C_2_MODE_SLAVE_ENABLED) */
 110:.\Generated_Source\PSoC5/I2C_2.c **** 
 111:.\Generated_Source\PSoC5/I2C_2.c ****     #if(I2C_2_MODE_MASTER_ENABLED)
 112:.\Generated_Source\PSoC5/I2C_2.c ****         /* Reset status and buffers index */
 113:.\Generated_Source\PSoC5/I2C_2.c ****         I2C_2_MasterClearReadBuf();
  94              		.loc 1 113 0
  95 005a FFF7FEFF 		bl	I2C_2_MasterClearReadBuf
 114:.\Generated_Source\PSoC5/I2C_2.c ****         I2C_2_MasterClearWriteBuf();
  96              		.loc 1 114 0
  97 005e FFF7FEFF 		bl	I2C_2_MasterClearWriteBuf
 115:.\Generated_Source\PSoC5/I2C_2.c ****         (void) I2C_2_MasterClearStatus();
  98              		.loc 1 115 0
  99 0062 FFF7FEFF 		bl	I2C_2_MasterClearStatus
 116:.\Generated_Source\PSoC5/I2C_2.c ****     #endif /* (I2C_2_MODE_MASTER_ENABLED) */
 117:.\Generated_Source\PSoC5/I2C_2.c **** }
 100              		.loc 1 117 0
 101 0066 0837     		adds	r7, r7, #8
 102 0068 BD46     		mov	sp, r7
 103              		@ sp needed
 104 006a 80BD     		pop	{r7, pc}
 105              	.L3:
 106              		.align	2
 107              	.L2:
 108 006c 79650040 		.word	1073767801
 109 0070 88640040 		.word	1073767560
 110 0074 98640040 		.word	1073767576
 111 0078 28650040 		.word	1073767720
ARM GAS  C:\Users\dskyNote\AppData\Local\Temp\cceiaKWl.s 			page 5


 112 007c 38650040 		.word	1073767736
 113 0080 80E100E0 		.word	-536813184
 114 0084 00000000 		.word	I2C_2_ISR
 115 0088 00000000 		.word	I2C_2_state
 116              		.cfi_endproc
 117              	.LFE0:
 118              		.size	I2C_2_Init, .-I2C_2_Init
 119              		.section	.text.I2C_2_Enable,"ax",%progbits
 120              		.align	2
 121              		.global	I2C_2_Enable
 122              		.thumb
 123              		.thumb_func
 124              		.type	I2C_2_Enable, %function
 125              	I2C_2_Enable:
 126              	.LFB1:
 118:.\Generated_Source\PSoC5/I2C_2.c **** 
 119:.\Generated_Source\PSoC5/I2C_2.c **** 
 120:.\Generated_Source\PSoC5/I2C_2.c **** /*******************************************************************************
 121:.\Generated_Source\PSoC5/I2C_2.c **** * Function Name: I2C_2_Enable
 122:.\Generated_Source\PSoC5/I2C_2.c **** ********************************************************************************
 123:.\Generated_Source\PSoC5/I2C_2.c **** *
 124:.\Generated_Source\PSoC5/I2C_2.c **** * Summary:
 125:.\Generated_Source\PSoC5/I2C_2.c **** *  Enables I2C operations.
 126:.\Generated_Source\PSoC5/I2C_2.c **** *
 127:.\Generated_Source\PSoC5/I2C_2.c **** * Parameters:
 128:.\Generated_Source\PSoC5/I2C_2.c **** *  None
 129:.\Generated_Source\PSoC5/I2C_2.c **** *
 130:.\Generated_Source\PSoC5/I2C_2.c **** * Return:
 131:.\Generated_Source\PSoC5/I2C_2.c **** *  None
 132:.\Generated_Source\PSoC5/I2C_2.c **** *
 133:.\Generated_Source\PSoC5/I2C_2.c **** * Global variables:
 134:.\Generated_Source\PSoC5/I2C_2.c **** *  None
 135:.\Generated_Source\PSoC5/I2C_2.c **** *
 136:.\Generated_Source\PSoC5/I2C_2.c **** *******************************************************************************/
 137:.\Generated_Source\PSoC5/I2C_2.c **** void I2C_2_Enable(void) 
 138:.\Generated_Source\PSoC5/I2C_2.c **** {
 127              		.loc 1 138 0
 128              		.cfi_startproc
 129              		@ args = 0, pretend = 0, frame = 0
 130              		@ frame_needed = 1, uses_anonymous_args = 0
 131              		@ link register save eliminated.
 132 0000 80B4     		push	{r7}
 133              		.cfi_def_cfa_offset 4
 134              		.cfi_offset 7, -4
 135 0002 00AF     		add	r7, sp, #0
 136              		.cfi_def_cfa_register 7
 139:.\Generated_Source\PSoC5/I2C_2.c ****     #if(I2C_2_FF_IMPLEMENTED)
 140:.\Generated_Source\PSoC5/I2C_2.c ****         uint8 enableInterrupts;
 141:.\Generated_Source\PSoC5/I2C_2.c **** 
 142:.\Generated_Source\PSoC5/I2C_2.c ****         /* Enable power to I2C FF block */
 143:.\Generated_Source\PSoC5/I2C_2.c ****         enableInterrupts = CyEnterCriticalSection();
 144:.\Generated_Source\PSoC5/I2C_2.c ****         I2C_2_ACT_PWRMGR_REG  |= I2C_2_ACT_PWR_EN;
 145:.\Generated_Source\PSoC5/I2C_2.c ****         I2C_2_STBY_PWRMGR_REG |= I2C_2_STBY_PWR_EN;
 146:.\Generated_Source\PSoC5/I2C_2.c ****         CyExitCriticalSection(enableInterrupts);
 147:.\Generated_Source\PSoC5/I2C_2.c **** 
 148:.\Generated_Source\PSoC5/I2C_2.c ****     #else
 149:.\Generated_Source\PSoC5/I2C_2.c **** 
ARM GAS  C:\Users\dskyNote\AppData\Local\Temp\cceiaKWl.s 			page 6


 150:.\Generated_Source\PSoC5/I2C_2.c ****         #if(I2C_2_MODE_SLAVE_ENABLED)
 151:.\Generated_Source\PSoC5/I2C_2.c ****             uint8 enableInterrupts;
 152:.\Generated_Source\PSoC5/I2C_2.c ****         #endif /* (I2C_2_MODE_SLAVE_ENABLED) */
 153:.\Generated_Source\PSoC5/I2C_2.c **** 
 154:.\Generated_Source\PSoC5/I2C_2.c ****         #if(I2C_2_MODE_SLAVE_ENABLED)
 155:.\Generated_Source\PSoC5/I2C_2.c ****             /* Enable slave bit counter */
 156:.\Generated_Source\PSoC5/I2C_2.c ****             enableInterrupts = CyEnterCriticalSection();
 157:.\Generated_Source\PSoC5/I2C_2.c ****             I2C_2_COUNTER_AUX_CTL_REG |= I2C_2_CNT7_ENABLE;   /* aux_ctl */
 158:.\Generated_Source\PSoC5/I2C_2.c ****             CyExitCriticalSection(enableInterrupts);
 159:.\Generated_Source\PSoC5/I2C_2.c ****         #endif /* (I2C_2_MODE_SLAVE_ENABLED) */
 160:.\Generated_Source\PSoC5/I2C_2.c **** 
 161:.\Generated_Source\PSoC5/I2C_2.c ****         I2C_2_CFG_REG |= I2C_2_ENABLE_MS;
 137              		.loc 1 161 0
 138 0004 054B     		ldr	r3, .L5
 139 0006 054A     		ldr	r2, .L5
 140 0008 1278     		ldrb	r2, [r2]
 141 000a D2B2     		uxtb	r2, r2
 142 000c 42F00202 		orr	r2, r2, #2
 143 0010 D2B2     		uxtb	r2, r2
 144 0012 1A70     		strb	r2, [r3]
 162:.\Generated_Source\PSoC5/I2C_2.c **** 
 163:.\Generated_Source\PSoC5/I2C_2.c ****     #endif /* (I2C_2_FF_IMPLEMENTED) */
 164:.\Generated_Source\PSoC5/I2C_2.c **** 
 165:.\Generated_Source\PSoC5/I2C_2.c ****     #if(I2C_2_TIMEOUT_ENABLED)
 166:.\Generated_Source\PSoC5/I2C_2.c ****         I2C_2_TimeoutEnable();
 167:.\Generated_Source\PSoC5/I2C_2.c ****     #endif /* (I2C_2_TIMEOUT_ENABLED) */
 168:.\Generated_Source\PSoC5/I2C_2.c **** }
 145              		.loc 1 168 0
 146 0014 BD46     		mov	sp, r7
 147              		@ sp needed
 148 0016 5DF8047B 		ldr	r7, [sp], #4
 149 001a 7047     		bx	lr
 150              	.L6:
 151              		.align	2
 152              	.L5:
 153 001c 79650040 		.word	1073767801
 154              		.cfi_endproc
 155              	.LFE1:
 156              		.size	I2C_2_Enable, .-I2C_2_Enable
 157              		.section	.text.I2C_2_Start,"ax",%progbits
 158              		.align	2
 159              		.global	I2C_2_Start
 160              		.thumb
 161              		.thumb_func
 162              		.type	I2C_2_Start, %function
 163              	I2C_2_Start:
 164              	.LFB2:
 169:.\Generated_Source\PSoC5/I2C_2.c **** 
 170:.\Generated_Source\PSoC5/I2C_2.c **** 
 171:.\Generated_Source\PSoC5/I2C_2.c **** /*******************************************************************************
 172:.\Generated_Source\PSoC5/I2C_2.c **** * Function Name: I2C_2_Start
 173:.\Generated_Source\PSoC5/I2C_2.c **** ********************************************************************************
 174:.\Generated_Source\PSoC5/I2C_2.c **** *
 175:.\Generated_Source\PSoC5/I2C_2.c **** * Summary:
 176:.\Generated_Source\PSoC5/I2C_2.c **** *  Starts the I2C hardware. Enables Active mode power template bits or clock
 177:.\Generated_Source\PSoC5/I2C_2.c **** *  gating as appropriate. It is required to be executed before I2C bus
 178:.\Generated_Source\PSoC5/I2C_2.c **** *  operation.
ARM GAS  C:\Users\dskyNote\AppData\Local\Temp\cceiaKWl.s 			page 7


 179:.\Generated_Source\PSoC5/I2C_2.c **** *
 180:.\Generated_Source\PSoC5/I2C_2.c **** * Parameters:
 181:.\Generated_Source\PSoC5/I2C_2.c **** *  None
 182:.\Generated_Source\PSoC5/I2C_2.c **** *
 183:.\Generated_Source\PSoC5/I2C_2.c **** * Return:
 184:.\Generated_Source\PSoC5/I2C_2.c **** *  None
 185:.\Generated_Source\PSoC5/I2C_2.c **** *
 186:.\Generated_Source\PSoC5/I2C_2.c **** * Side Effects:
 187:.\Generated_Source\PSoC5/I2C_2.c **** *  This component automatically enables it's interrupt.  If I2C is enabled
 188:.\Generated_Source\PSoC5/I2C_2.c **** *  without the interrupt enabled, it could lock up the I2C bus.
 189:.\Generated_Source\PSoC5/I2C_2.c **** *
 190:.\Generated_Source\PSoC5/I2C_2.c **** * Global variables:
 191:.\Generated_Source\PSoC5/I2C_2.c **** *  I2C_2_initVar - used to check initial configuration, modified
 192:.\Generated_Source\PSoC5/I2C_2.c **** *  on first function call.
 193:.\Generated_Source\PSoC5/I2C_2.c **** *
 194:.\Generated_Source\PSoC5/I2C_2.c **** * Reentrant:
 195:.\Generated_Source\PSoC5/I2C_2.c **** *  No
 196:.\Generated_Source\PSoC5/I2C_2.c **** *
 197:.\Generated_Source\PSoC5/I2C_2.c **** *******************************************************************************/
 198:.\Generated_Source\PSoC5/I2C_2.c **** void I2C_2_Start(void) 
 199:.\Generated_Source\PSoC5/I2C_2.c **** {
 165              		.loc 1 199 0
 166              		.cfi_startproc
 167              		@ args = 0, pretend = 0, frame = 0
 168              		@ frame_needed = 1, uses_anonymous_args = 0
 169 0000 80B5     		push	{r7, lr}
 170              		.cfi_def_cfa_offset 8
 171              		.cfi_offset 7, -8
 172              		.cfi_offset 14, -4
 173 0002 00AF     		add	r7, sp, #0
 174              		.cfi_def_cfa_register 7
 200:.\Generated_Source\PSoC5/I2C_2.c ****     /* Initialize I2C registers, reset I2C buffer index and clears status */
 201:.\Generated_Source\PSoC5/I2C_2.c ****     if(0u == I2C_2_initVar)
 175              		.loc 1 201 0
 176 0004 074B     		ldr	r3, .L9
 177 0006 1B78     		ldrb	r3, [r3]	@ zero_extendqisi2
 178 0008 002B     		cmp	r3, #0
 179 000a 04D1     		bne	.L8
 202:.\Generated_Source\PSoC5/I2C_2.c ****     {
 203:.\Generated_Source\PSoC5/I2C_2.c ****         I2C_2_Init();
 180              		.loc 1 203 0
 181 000c FFF7FEFF 		bl	I2C_2_Init
 204:.\Generated_Source\PSoC5/I2C_2.c ****         I2C_2_initVar = 1u; /* Component initialized */
 182              		.loc 1 204 0
 183 0010 044B     		ldr	r3, .L9
 184 0012 0122     		movs	r2, #1
 185 0014 1A70     		strb	r2, [r3]
 186              	.L8:
 205:.\Generated_Source\PSoC5/I2C_2.c ****     }
 206:.\Generated_Source\PSoC5/I2C_2.c **** 
 207:.\Generated_Source\PSoC5/I2C_2.c ****     I2C_2_Enable();
 187              		.loc 1 207 0
 188 0016 FFF7FEFF 		bl	I2C_2_Enable
 208:.\Generated_Source\PSoC5/I2C_2.c ****     I2C_2_EnableInt();
 189              		.loc 1 208 0
 190 001a 034B     		ldr	r3, .L9+4
 191 001c 0222     		movs	r2, #2
ARM GAS  C:\Users\dskyNote\AppData\Local\Temp\cceiaKWl.s 			page 8


 192 001e 1A60     		str	r2, [r3]
 209:.\Generated_Source\PSoC5/I2C_2.c **** }
 193              		.loc 1 209 0
 194 0020 80BD     		pop	{r7, pc}
 195              	.L10:
 196 0022 00BF     		.align	2
 197              	.L9:
 198 0024 00000000 		.word	I2C_2_initVar
 199 0028 00E100E0 		.word	-536813312
 200              		.cfi_endproc
 201              	.LFE2:
 202              		.size	I2C_2_Start, .-I2C_2_Start
 203              		.section	.text.I2C_2_Stop,"ax",%progbits
 204              		.align	2
 205              		.global	I2C_2_Stop
 206              		.thumb
 207              		.thumb_func
 208              		.type	I2C_2_Stop, %function
 209              	I2C_2_Stop:
 210              	.LFB3:
 210:.\Generated_Source\PSoC5/I2C_2.c **** 
 211:.\Generated_Source\PSoC5/I2C_2.c **** 
 212:.\Generated_Source\PSoC5/I2C_2.c **** /*******************************************************************************
 213:.\Generated_Source\PSoC5/I2C_2.c **** * Function Name: I2C_2_Stop
 214:.\Generated_Source\PSoC5/I2C_2.c **** ********************************************************************************
 215:.\Generated_Source\PSoC5/I2C_2.c **** *
 216:.\Generated_Source\PSoC5/I2C_2.c **** * Summary:
 217:.\Generated_Source\PSoC5/I2C_2.c **** *  Disables I2C hardware and disables I2C interrupt. Disables Active mode power
 218:.\Generated_Source\PSoC5/I2C_2.c **** *  template bits or clock gating as appropriate.
 219:.\Generated_Source\PSoC5/I2C_2.c **** *
 220:.\Generated_Source\PSoC5/I2C_2.c **** * Parameters:
 221:.\Generated_Source\PSoC5/I2C_2.c **** *  None
 222:.\Generated_Source\PSoC5/I2C_2.c **** *
 223:.\Generated_Source\PSoC5/I2C_2.c **** * Return:
 224:.\Generated_Source\PSoC5/I2C_2.c **** *  None
 225:.\Generated_Source\PSoC5/I2C_2.c **** *
 226:.\Generated_Source\PSoC5/I2C_2.c **** *******************************************************************************/
 227:.\Generated_Source\PSoC5/I2C_2.c **** void I2C_2_Stop(void) 
 228:.\Generated_Source\PSoC5/I2C_2.c **** {
 211              		.loc 1 228 0
 212              		.cfi_startproc
 213              		@ args = 0, pretend = 0, frame = 0
 214              		@ frame_needed = 1, uses_anonymous_args = 0
 215              		@ link register save eliminated.
 216 0000 80B4     		push	{r7}
 217              		.cfi_def_cfa_offset 4
 218              		.cfi_offset 7, -4
 219 0002 00AF     		add	r7, sp, #0
 220              		.cfi_def_cfa_register 7
 229:.\Generated_Source\PSoC5/I2C_2.c ****     #if((I2C_2_FF_IMPLEMENTED)  || \
 230:.\Generated_Source\PSoC5/I2C_2.c ****         (I2C_2_UDB_IMPLEMENTED && I2C_2_MODE_SLAVE_ENABLED))
 231:.\Generated_Source\PSoC5/I2C_2.c ****         uint8 enableInterrupts;
 232:.\Generated_Source\PSoC5/I2C_2.c ****     #endif /* ((I2C_2_FF_IMPLEMENTED)  || \
 233:.\Generated_Source\PSoC5/I2C_2.c ****                (I2C_2_UDB_IMPLEMENTED && I2C_2_MODE_SLAVE_ENABLED)) */
 234:.\Generated_Source\PSoC5/I2C_2.c **** 
 235:.\Generated_Source\PSoC5/I2C_2.c ****     I2C_2_DisableInt();
 221              		.loc 1 235 0
ARM GAS  C:\Users\dskyNote\AppData\Local\Temp\cceiaKWl.s 			page 9


 222 0004 0F4B     		ldr	r3, .L12
 223 0006 0222     		movs	r2, #2
 224 0008 1A60     		str	r2, [r3]
 236:.\Generated_Source\PSoC5/I2C_2.c **** 
 237:.\Generated_Source\PSoC5/I2C_2.c ****     I2C_2_DISABLE_INT_ON_STOP;   /* Interrupt on Stop can be enabled by write */
 225              		.loc 1 237 0
 226 000a 0F4B     		ldr	r3, .L12+4
 227 000c 0E4A     		ldr	r2, .L12+4
 228 000e 1278     		ldrb	r2, [r2]
 229 0010 D2B2     		uxtb	r2, r2
 230 0012 22F02002 		bic	r2, r2, #32
 231 0016 D2B2     		uxtb	r2, r2
 232 0018 1A70     		strb	r2, [r3]
 238:.\Generated_Source\PSoC5/I2C_2.c ****     (void) I2C_2_CSR_REG;        /* Clear CSR reg */
 233              		.loc 1 238 0
 234 001a 0C4B     		ldr	r3, .L12+8
 235 001c 1B78     		ldrb	r3, [r3]
 239:.\Generated_Source\PSoC5/I2C_2.c ****     
 240:.\Generated_Source\PSoC5/I2C_2.c ****     #if(I2C_2_TIMEOUT_ENABLED)
 241:.\Generated_Source\PSoC5/I2C_2.c ****         I2C_2_TimeoutStop();
 242:.\Generated_Source\PSoC5/I2C_2.c ****     #endif  /* End (I2C_2_TIMEOUT_ENABLED) */
 243:.\Generated_Source\PSoC5/I2C_2.c **** 
 244:.\Generated_Source\PSoC5/I2C_2.c ****     #if(I2C_2_FF_IMPLEMENTED)
 245:.\Generated_Source\PSoC5/I2C_2.c ****         #if(CY_PSOC3 || CY_PSOC5LP)
 246:.\Generated_Source\PSoC5/I2C_2.c ****             /* Store registers which are held in reset when Master and Slave bits are cleared */
 247:.\Generated_Source\PSoC5/I2C_2.c ****             #if(I2C_2_MODE_SLAVE_ENABLED)
 248:.\Generated_Source\PSoC5/I2C_2.c ****                 I2C_2_backup.addr = I2C_2_ADDR_REG;
 249:.\Generated_Source\PSoC5/I2C_2.c ****             #endif /* (I2C_2_MODE_SLAVE_ENABLED) */
 250:.\Generated_Source\PSoC5/I2C_2.c **** 
 251:.\Generated_Source\PSoC5/I2C_2.c ****             I2C_2_backup.clkDiv1  = I2C_2_CLKDIV1_REG;
 252:.\Generated_Source\PSoC5/I2C_2.c ****             I2C_2_backup.clkDiv2  = I2C_2_CLKDIV2_REG;
 253:.\Generated_Source\PSoC5/I2C_2.c **** 
 254:.\Generated_Source\PSoC5/I2C_2.c **** 
 255:.\Generated_Source\PSoC5/I2C_2.c ****             /* Reset FF block */
 256:.\Generated_Source\PSoC5/I2C_2.c ****             I2C_2_CFG_REG &= ((uint8) ~I2C_2_ENABLE_MS);
 257:.\Generated_Source\PSoC5/I2C_2.c ****             CyDelayUs(I2C_2_FF_RESET_DELAY);
 258:.\Generated_Source\PSoC5/I2C_2.c ****             I2C_2_CFG_REG |= ((uint8)  I2C_2_ENABLE_MS);
 259:.\Generated_Source\PSoC5/I2C_2.c **** 
 260:.\Generated_Source\PSoC5/I2C_2.c **** 
 261:.\Generated_Source\PSoC5/I2C_2.c ****             /* Restore registers */
 262:.\Generated_Source\PSoC5/I2C_2.c ****             #if(I2C_2_MODE_SLAVE_ENABLED)
 263:.\Generated_Source\PSoC5/I2C_2.c ****                 I2C_2_ADDR_REG = I2C_2_backup.addr;
 264:.\Generated_Source\PSoC5/I2C_2.c ****             #endif /* (I2C_2_MODE_SLAVE_ENABLED) */
 265:.\Generated_Source\PSoC5/I2C_2.c **** 
 266:.\Generated_Source\PSoC5/I2C_2.c ****             I2C_2_CLKDIV1_REG = I2C_2_backup.clkDiv1;
 267:.\Generated_Source\PSoC5/I2C_2.c ****             I2C_2_CLKDIV2_REG = I2C_2_backup.clkDiv2;
 268:.\Generated_Source\PSoC5/I2C_2.c **** 
 269:.\Generated_Source\PSoC5/I2C_2.c ****         #endif /* (CY_PSOC3 || CY_PSOC5LP) */
 270:.\Generated_Source\PSoC5/I2C_2.c **** 
 271:.\Generated_Source\PSoC5/I2C_2.c ****         /* Disable power to I2C block */
 272:.\Generated_Source\PSoC5/I2C_2.c ****         enableInterrupts = CyEnterCriticalSection();
 273:.\Generated_Source\PSoC5/I2C_2.c ****         I2C_2_ACT_PWRMGR_REG  &= ((uint8) ~I2C_2_ACT_PWR_EN);
 274:.\Generated_Source\PSoC5/I2C_2.c ****         I2C_2_STBY_PWRMGR_REG &= ((uint8) ~I2C_2_STBY_PWR_EN);
 275:.\Generated_Source\PSoC5/I2C_2.c ****         CyExitCriticalSection(enableInterrupts);
 276:.\Generated_Source\PSoC5/I2C_2.c **** 
 277:.\Generated_Source\PSoC5/I2C_2.c ****     #else
 278:.\Generated_Source\PSoC5/I2C_2.c **** 
ARM GAS  C:\Users\dskyNote\AppData\Local\Temp\cceiaKWl.s 			page 10


 279:.\Generated_Source\PSoC5/I2C_2.c ****         #if(I2C_2_MODE_SLAVE_ENABLED)
 280:.\Generated_Source\PSoC5/I2C_2.c ****             /* Disable slave bit counter */
 281:.\Generated_Source\PSoC5/I2C_2.c ****             enableInterrupts = CyEnterCriticalSection();
 282:.\Generated_Source\PSoC5/I2C_2.c ****             I2C_2_COUNTER_AUX_CTL_REG &= ((uint8) ~I2C_2_CNT7_ENABLE);
 283:.\Generated_Source\PSoC5/I2C_2.c ****             CyExitCriticalSection(enableInterrupts);
 284:.\Generated_Source\PSoC5/I2C_2.c ****         #endif /* (I2C_2_MODE_SLAVE_ENABLED) */
 285:.\Generated_Source\PSoC5/I2C_2.c **** 
 286:.\Generated_Source\PSoC5/I2C_2.c ****         I2C_2_CFG_REG &= ((uint8) ~I2C_2_ENABLE_MS);
 236              		.loc 1 286 0
 237 001e 0C4B     		ldr	r3, .L12+12
 238 0020 0B4A     		ldr	r2, .L12+12
 239 0022 1278     		ldrb	r2, [r2]
 240 0024 D2B2     		uxtb	r2, r2
 241 0026 22F00202 		bic	r2, r2, #2
 242 002a D2B2     		uxtb	r2, r2
 243 002c 1A70     		strb	r2, [r3]
 287:.\Generated_Source\PSoC5/I2C_2.c **** 
 288:.\Generated_Source\PSoC5/I2C_2.c ****     #endif /* (I2C_2_FF_IMPLEMENTED) */
 289:.\Generated_Source\PSoC5/I2C_2.c **** 
 290:.\Generated_Source\PSoC5/I2C_2.c ****     I2C_2_ClearPendingInt();  /* Clear interrupt triggers on reset */
 244              		.loc 1 290 0
 245 002e 094B     		ldr	r3, .L12+16
 246 0030 0222     		movs	r2, #2
 247 0032 1A60     		str	r2, [r3]
 291:.\Generated_Source\PSoC5/I2C_2.c **** 
 292:.\Generated_Source\PSoC5/I2C_2.c ****     I2C_2_state = I2C_2_SM_IDLE;  /* Reset software FSM */
 248              		.loc 1 292 0
 249 0034 084B     		ldr	r3, .L12+20
 250 0036 1022     		movs	r2, #16
 251 0038 1A70     		strb	r2, [r3]
 293:.\Generated_Source\PSoC5/I2C_2.c **** }
 252              		.loc 1 293 0
 253 003a BD46     		mov	sp, r7
 254              		@ sp needed
 255 003c 5DF8047B 		ldr	r7, [sp], #4
 256 0040 7047     		bx	lr
 257              	.L13:
 258 0042 00BF     		.align	2
 259              	.L12:
 260 0044 80E100E0 		.word	-536813184
 261 0048 88640040 		.word	1073767560
 262 004c 68640040 		.word	1073767528
 263 0050 79650040 		.word	1073767801
 264 0054 80E200E0 		.word	-536812928
 265 0058 00000000 		.word	I2C_2_state
 266              		.cfi_endproc
 267              	.LFE3:
 268              		.size	I2C_2_Stop, .-I2C_2_Stop
 269              		.text
 270              	.Letext0:
 271              		.file 2 ".\\Generated_Source\\PSoC5\\cytypes.h"
 272              		.section	.debug_info,"",%progbits
 273              	.Ldebug_info0:
 274 0000 33010000 		.4byte	0x133
 275 0004 0400     		.2byte	0x4
 276 0006 00000000 		.4byte	.Ldebug_abbrev0
 277 000a 04       		.byte	0x4
ARM GAS  C:\Users\dskyNote\AppData\Local\Temp\cceiaKWl.s 			page 11


 278 000b 01       		.uleb128 0x1
 279 000c 50010000 		.4byte	.LASF22
 280 0010 01       		.byte	0x1
 281 0011 82000000 		.4byte	.LASF23
 282 0015 3E000000 		.4byte	.LASF24
 283 0019 00000000 		.4byte	.Ldebug_ranges0+0
 284 001d 00000000 		.4byte	0
 285 0021 00000000 		.4byte	.Ldebug_line0
 286 0025 02       		.uleb128 0x2
 287 0026 01       		.byte	0x1
 288 0027 06       		.byte	0x6
 289 0028 27010000 		.4byte	.LASF0
 290 002c 02       		.uleb128 0x2
 291 002d 01       		.byte	0x1
 292 002e 08       		.byte	0x8
 293 002f C8000000 		.4byte	.LASF1
 294 0033 02       		.uleb128 0x2
 295 0034 02       		.byte	0x2
 296 0035 05       		.byte	0x5
 297 0036 46010000 		.4byte	.LASF2
 298 003a 02       		.uleb128 0x2
 299 003b 02       		.byte	0x2
 300 003c 07       		.byte	0x7
 301 003d 14010000 		.4byte	.LASF3
 302 0041 02       		.uleb128 0x2
 303 0042 04       		.byte	0x4
 304 0043 05       		.byte	0x5
 305 0044 E7000000 		.4byte	.LASF4
 306 0048 02       		.uleb128 0x2
 307 0049 04       		.byte	0x4
 308 004a 07       		.byte	0x7
 309 004b 70000000 		.4byte	.LASF5
 310 004f 02       		.uleb128 0x2
 311 0050 08       		.byte	0x8
 312 0051 05       		.byte	0x5
 313 0052 00000000 		.4byte	.LASF6
 314 0056 02       		.uleb128 0x2
 315 0057 08       		.byte	0x8
 316 0058 07       		.byte	0x7
 317 0059 A3000000 		.4byte	.LASF7
 318 005d 03       		.uleb128 0x3
 319 005e 04       		.byte	0x4
 320 005f 05       		.byte	0x5
 321 0060 696E7400 		.ascii	"int\000"
 322 0064 02       		.uleb128 0x2
 323 0065 04       		.byte	0x4
 324 0066 07       		.byte	0x7
 325 0067 15000000 		.4byte	.LASF8
 326 006b 04       		.uleb128 0x4
 327 006c 6A000000 		.4byte	.LASF9
 328 0070 02       		.byte	0x2
 329 0071 5B       		.byte	0x5b
 330 0072 2C000000 		.4byte	0x2c
 331 0076 04       		.uleb128 0x4
 332 0077 0E000000 		.4byte	.LASF10
 333 007b 02       		.byte	0x2
 334 007c 5D       		.byte	0x5d
ARM GAS  C:\Users\dskyNote\AppData\Local\Temp\cceiaKWl.s 			page 12


 335 007d 48000000 		.4byte	0x48
 336 0081 02       		.uleb128 0x2
 337 0082 04       		.byte	0x4
 338 0083 04       		.byte	0x4
 339 0084 33010000 		.4byte	.LASF11
 340 0088 02       		.uleb128 0x2
 341 0089 08       		.byte	0x8
 342 008a 04       		.byte	0x4
 343 008b FB000000 		.4byte	.LASF12
 344 008f 02       		.uleb128 0x2
 345 0090 01       		.byte	0x1
 346 0091 08       		.byte	0x8
 347 0092 E2000000 		.4byte	.LASF13
 348 0096 04       		.uleb128 0x4
 349 0097 65000000 		.4byte	.LASF14
 350 009b 02       		.byte	0x2
 351 009c F0       		.byte	0xf0
 352 009d A1000000 		.4byte	0xa1
 353 00a1 05       		.uleb128 0x5
 354 00a2 6B000000 		.4byte	0x6b
 355 00a6 04       		.uleb128 0x4
 356 00a7 0E010000 		.4byte	.LASF15
 357 00ab 02       		.byte	0x2
 358 00ac F2       		.byte	0xf2
 359 00ad B1000000 		.4byte	0xb1
 360 00b1 05       		.uleb128 0x5
 361 00b2 76000000 		.4byte	0x76
 362 00b6 02       		.uleb128 0x2
 363 00b7 04       		.byte	0x4
 364 00b8 07       		.byte	0x7
 365 00b9 CC010000 		.4byte	.LASF16
 366 00bd 06       		.uleb128 0x6
 367 00be 22000000 		.4byte	.LASF25
 368 00c2 01       		.byte	0x1
 369 00c3 33       		.byte	0x33
 370 00c4 00000000 		.4byte	.LFB0
 371 00c8 8C000000 		.4byte	.LFE0-.LFB0
 372 00cc 01       		.uleb128 0x1
 373 00cd 9C       		.byte	0x9c
 374 00ce E1000000 		.4byte	0xe1
 375 00d2 07       		.uleb128 0x7
 376 00d3 2D000000 		.4byte	.LASF26
 377 00d7 01       		.byte	0x1
 378 00d8 41       		.byte	0x41
 379 00d9 6B000000 		.4byte	0x6b
 380 00dd 02       		.uleb128 0x2
 381 00de 91       		.byte	0x91
 382 00df 77       		.sleb128 -9
 383 00e0 00       		.byte	0
 384 00e1 08       		.uleb128 0x8
 385 00e2 39010000 		.4byte	.LASF17
 386 00e6 01       		.byte	0x1
 387 00e7 89       		.byte	0x89
 388 00e8 00000000 		.4byte	.LFB1
 389 00ec 20000000 		.4byte	.LFE1-.LFB1
 390 00f0 01       		.uleb128 0x1
 391 00f1 9C       		.byte	0x9c
ARM GAS  C:\Users\dskyNote\AppData\Local\Temp\cceiaKWl.s 			page 13


 392 00f2 09       		.uleb128 0x9
 393 00f3 02010000 		.4byte	.LASF18
 394 00f7 01       		.byte	0x1
 395 00f8 C6       		.byte	0xc6
 396 00f9 00000000 		.4byte	.LFB2
 397 00fd 2C000000 		.4byte	.LFE2-.LFB2
 398 0101 01       		.uleb128 0x1
 399 0102 9C       		.byte	0x9c
 400 0103 08       		.uleb128 0x8
 401 0104 F0000000 		.4byte	.LASF19
 402 0108 01       		.byte	0x1
 403 0109 E3       		.byte	0xe3
 404 010a 00000000 		.4byte	.LFB3
 405 010e 5C000000 		.4byte	.LFE3-.LFB3
 406 0112 01       		.uleb128 0x1
 407 0113 9C       		.byte	0x9c
 408 0114 0A       		.uleb128 0xa
 409 0115 BA000000 		.4byte	.LASF20
 410 0119 01       		.byte	0x1
 411 011a 1A       		.byte	0x1a
 412 011b 6B000000 		.4byte	0x6b
 413 011f 05       		.uleb128 0x5
 414 0120 03       		.byte	0x3
 415 0121 00000000 		.4byte	I2C_2_initVar
 416 0125 0A       		.uleb128 0xa
 417 0126 D6000000 		.4byte	.LASF21
 418 012a 01       		.byte	0x1
 419 012b 1C       		.byte	0x1c
 420 012c A1000000 		.4byte	0xa1
 421 0130 05       		.uleb128 0x5
 422 0131 03       		.byte	0x3
 423 0132 00000000 		.4byte	I2C_2_state
 424 0136 00       		.byte	0
 425              		.section	.debug_abbrev,"",%progbits
 426              	.Ldebug_abbrev0:
 427 0000 01       		.uleb128 0x1
 428 0001 11       		.uleb128 0x11
 429 0002 01       		.byte	0x1
 430 0003 25       		.uleb128 0x25
 431 0004 0E       		.uleb128 0xe
 432 0005 13       		.uleb128 0x13
 433 0006 0B       		.uleb128 0xb
 434 0007 03       		.uleb128 0x3
 435 0008 0E       		.uleb128 0xe
 436 0009 1B       		.uleb128 0x1b
 437 000a 0E       		.uleb128 0xe
 438 000b 55       		.uleb128 0x55
 439 000c 17       		.uleb128 0x17
 440 000d 11       		.uleb128 0x11
 441 000e 01       		.uleb128 0x1
 442 000f 10       		.uleb128 0x10
 443 0010 17       		.uleb128 0x17
 444 0011 00       		.byte	0
 445 0012 00       		.byte	0
 446 0013 02       		.uleb128 0x2
 447 0014 24       		.uleb128 0x24
 448 0015 00       		.byte	0
ARM GAS  C:\Users\dskyNote\AppData\Local\Temp\cceiaKWl.s 			page 14


 449 0016 0B       		.uleb128 0xb
 450 0017 0B       		.uleb128 0xb
 451 0018 3E       		.uleb128 0x3e
 452 0019 0B       		.uleb128 0xb
 453 001a 03       		.uleb128 0x3
 454 001b 0E       		.uleb128 0xe
 455 001c 00       		.byte	0
 456 001d 00       		.byte	0
 457 001e 03       		.uleb128 0x3
 458 001f 24       		.uleb128 0x24
 459 0020 00       		.byte	0
 460 0021 0B       		.uleb128 0xb
 461 0022 0B       		.uleb128 0xb
 462 0023 3E       		.uleb128 0x3e
 463 0024 0B       		.uleb128 0xb
 464 0025 03       		.uleb128 0x3
 465 0026 08       		.uleb128 0x8
 466 0027 00       		.byte	0
 467 0028 00       		.byte	0
 468 0029 04       		.uleb128 0x4
 469 002a 16       		.uleb128 0x16
 470 002b 00       		.byte	0
 471 002c 03       		.uleb128 0x3
 472 002d 0E       		.uleb128 0xe
 473 002e 3A       		.uleb128 0x3a
 474 002f 0B       		.uleb128 0xb
 475 0030 3B       		.uleb128 0x3b
 476 0031 0B       		.uleb128 0xb
 477 0032 49       		.uleb128 0x49
 478 0033 13       		.uleb128 0x13
 479 0034 00       		.byte	0
 480 0035 00       		.byte	0
 481 0036 05       		.uleb128 0x5
 482 0037 35       		.uleb128 0x35
 483 0038 00       		.byte	0
 484 0039 49       		.uleb128 0x49
 485 003a 13       		.uleb128 0x13
 486 003b 00       		.byte	0
 487 003c 00       		.byte	0
 488 003d 06       		.uleb128 0x6
 489 003e 2E       		.uleb128 0x2e
 490 003f 01       		.byte	0x1
 491 0040 3F       		.uleb128 0x3f
 492 0041 19       		.uleb128 0x19
 493 0042 03       		.uleb128 0x3
 494 0043 0E       		.uleb128 0xe
 495 0044 3A       		.uleb128 0x3a
 496 0045 0B       		.uleb128 0xb
 497 0046 3B       		.uleb128 0x3b
 498 0047 0B       		.uleb128 0xb
 499 0048 27       		.uleb128 0x27
 500 0049 19       		.uleb128 0x19
 501 004a 11       		.uleb128 0x11
 502 004b 01       		.uleb128 0x1
 503 004c 12       		.uleb128 0x12
 504 004d 06       		.uleb128 0x6
 505 004e 40       		.uleb128 0x40
ARM GAS  C:\Users\dskyNote\AppData\Local\Temp\cceiaKWl.s 			page 15


 506 004f 18       		.uleb128 0x18
 507 0050 9642     		.uleb128 0x2116
 508 0052 19       		.uleb128 0x19
 509 0053 01       		.uleb128 0x1
 510 0054 13       		.uleb128 0x13
 511 0055 00       		.byte	0
 512 0056 00       		.byte	0
 513 0057 07       		.uleb128 0x7
 514 0058 34       		.uleb128 0x34
 515 0059 00       		.byte	0
 516 005a 03       		.uleb128 0x3
 517 005b 0E       		.uleb128 0xe
 518 005c 3A       		.uleb128 0x3a
 519 005d 0B       		.uleb128 0xb
 520 005e 3B       		.uleb128 0x3b
 521 005f 0B       		.uleb128 0xb
 522 0060 49       		.uleb128 0x49
 523 0061 13       		.uleb128 0x13
 524 0062 02       		.uleb128 0x2
 525 0063 18       		.uleb128 0x18
 526 0064 00       		.byte	0
 527 0065 00       		.byte	0
 528 0066 08       		.uleb128 0x8
 529 0067 2E       		.uleb128 0x2e
 530 0068 00       		.byte	0
 531 0069 3F       		.uleb128 0x3f
 532 006a 19       		.uleb128 0x19
 533 006b 03       		.uleb128 0x3
 534 006c 0E       		.uleb128 0xe
 535 006d 3A       		.uleb128 0x3a
 536 006e 0B       		.uleb128 0xb
 537 006f 3B       		.uleb128 0x3b
 538 0070 0B       		.uleb128 0xb
 539 0071 27       		.uleb128 0x27
 540 0072 19       		.uleb128 0x19
 541 0073 11       		.uleb128 0x11
 542 0074 01       		.uleb128 0x1
 543 0075 12       		.uleb128 0x12
 544 0076 06       		.uleb128 0x6
 545 0077 40       		.uleb128 0x40
 546 0078 18       		.uleb128 0x18
 547 0079 9742     		.uleb128 0x2117
 548 007b 19       		.uleb128 0x19
 549 007c 00       		.byte	0
 550 007d 00       		.byte	0
 551 007e 09       		.uleb128 0x9
 552 007f 2E       		.uleb128 0x2e
 553 0080 00       		.byte	0
 554 0081 3F       		.uleb128 0x3f
 555 0082 19       		.uleb128 0x19
 556 0083 03       		.uleb128 0x3
 557 0084 0E       		.uleb128 0xe
 558 0085 3A       		.uleb128 0x3a
 559 0086 0B       		.uleb128 0xb
 560 0087 3B       		.uleb128 0x3b
 561 0088 0B       		.uleb128 0xb
 562 0089 27       		.uleb128 0x27
ARM GAS  C:\Users\dskyNote\AppData\Local\Temp\cceiaKWl.s 			page 16


 563 008a 19       		.uleb128 0x19
 564 008b 11       		.uleb128 0x11
 565 008c 01       		.uleb128 0x1
 566 008d 12       		.uleb128 0x12
 567 008e 06       		.uleb128 0x6
 568 008f 40       		.uleb128 0x40
 569 0090 18       		.uleb128 0x18
 570 0091 9642     		.uleb128 0x2116
 571 0093 19       		.uleb128 0x19
 572 0094 00       		.byte	0
 573 0095 00       		.byte	0
 574 0096 0A       		.uleb128 0xa
 575 0097 34       		.uleb128 0x34
 576 0098 00       		.byte	0
 577 0099 03       		.uleb128 0x3
 578 009a 0E       		.uleb128 0xe
 579 009b 3A       		.uleb128 0x3a
 580 009c 0B       		.uleb128 0xb
 581 009d 3B       		.uleb128 0x3b
 582 009e 0B       		.uleb128 0xb
 583 009f 49       		.uleb128 0x49
 584 00a0 13       		.uleb128 0x13
 585 00a1 3F       		.uleb128 0x3f
 586 00a2 19       		.uleb128 0x19
 587 00a3 02       		.uleb128 0x2
 588 00a4 18       		.uleb128 0x18
 589 00a5 00       		.byte	0
 590 00a6 00       		.byte	0
 591 00a7 00       		.byte	0
 592              		.section	.debug_aranges,"",%progbits
 593 0000 34000000 		.4byte	0x34
 594 0004 0200     		.2byte	0x2
 595 0006 00000000 		.4byte	.Ldebug_info0
 596 000a 04       		.byte	0x4
 597 000b 00       		.byte	0
 598 000c 0000     		.2byte	0
 599 000e 0000     		.2byte	0
 600 0010 00000000 		.4byte	.LFB0
 601 0014 8C000000 		.4byte	.LFE0-.LFB0
 602 0018 00000000 		.4byte	.LFB1
 603 001c 20000000 		.4byte	.LFE1-.LFB1
 604 0020 00000000 		.4byte	.LFB2
 605 0024 2C000000 		.4byte	.LFE2-.LFB2
 606 0028 00000000 		.4byte	.LFB3
 607 002c 5C000000 		.4byte	.LFE3-.LFB3
 608 0030 00000000 		.4byte	0
 609 0034 00000000 		.4byte	0
 610              		.section	.debug_ranges,"",%progbits
 611              	.Ldebug_ranges0:
 612 0000 00000000 		.4byte	.LFB0
 613 0004 8C000000 		.4byte	.LFE0
 614 0008 00000000 		.4byte	.LFB1
 615 000c 20000000 		.4byte	.LFE1
 616 0010 00000000 		.4byte	.LFB2
 617 0014 2C000000 		.4byte	.LFE2
 618 0018 00000000 		.4byte	.LFB3
 619 001c 5C000000 		.4byte	.LFE3
ARM GAS  C:\Users\dskyNote\AppData\Local\Temp\cceiaKWl.s 			page 17


 620 0020 00000000 		.4byte	0
 621 0024 00000000 		.4byte	0
 622              		.section	.debug_line,"",%progbits
 623              	.Ldebug_line0:
 624 0000 B0000000 		.section	.debug_str,"MS",%progbits,1
 624      02004400 
 624      00000201 
 624      FB0E0D00 
 624      01010101 
 625              	.LASF6:
 626 0000 6C6F6E67 		.ascii	"long long int\000"
 626      206C6F6E 
 626      6720696E 
 626      7400
 627              	.LASF10:
 628 000e 75696E74 		.ascii	"uint32\000"
 628      333200
 629              	.LASF8:
 630 0015 756E7369 		.ascii	"unsigned int\000"
 630      676E6564 
 630      20696E74 
 630      00
 631              	.LASF25:
 632 0022 4932435F 		.ascii	"I2C_2_Init\000"
 632      325F496E 
 632      697400
 633              	.LASF26:
 634 002d 656E6162 		.ascii	"enableInterrupts\000"
 634      6C65496E 
 634      74657272 
 634      75707473 
 634      00
 635              	.LASF24:
 636 003e 433A5C67 		.ascii	"C:\\gitData\\PSoC\\SFT1.0v\\Design01.cydsn\000"
 636      69744461 
 636      74615C50 
 636      536F435C 
 636      53465431 
 637              	.LASF14:
 638 0065 72656738 		.ascii	"reg8\000"
 638      00
 639              	.LASF9:
 640 006a 75696E74 		.ascii	"uint8\000"
 640      3800
 641              	.LASF5:
 642 0070 6C6F6E67 		.ascii	"long unsigned int\000"
 642      20756E73 
 642      69676E65 
 642      6420696E 
 642      7400
 643              	.LASF23:
 644 0082 2E5C4765 		.ascii	".\\Generated_Source\\PSoC5\\I2C_2.c\000"
 644      6E657261 
 644      7465645F 
 644      536F7572 
 644      63655C50 
 645              	.LASF7:
ARM GAS  C:\Users\dskyNote\AppData\Local\Temp\cceiaKWl.s 			page 18


 646 00a3 6C6F6E67 		.ascii	"long long unsigned int\000"
 646      206C6F6E 
 646      6720756E 
 646      7369676E 
 646      65642069 
 647              	.LASF20:
 648 00ba 4932435F 		.ascii	"I2C_2_initVar\000"
 648      325F696E 
 648      69745661 
 648      7200
 649              	.LASF1:
 650 00c8 756E7369 		.ascii	"unsigned char\000"
 650      676E6564 
 650      20636861 
 650      7200
 651              	.LASF21:
 652 00d6 4932435F 		.ascii	"I2C_2_state\000"
 652      325F7374 
 652      61746500 
 653              	.LASF13:
 654 00e2 63686172 		.ascii	"char\000"
 654      00
 655              	.LASF4:
 656 00e7 6C6F6E67 		.ascii	"long int\000"
 656      20696E74 
 656      00
 657              	.LASF19:
 658 00f0 4932435F 		.ascii	"I2C_2_Stop\000"
 658      325F5374 
 658      6F7000
 659              	.LASF12:
 660 00fb 646F7562 		.ascii	"double\000"
 660      6C6500
 661              	.LASF18:
 662 0102 4932435F 		.ascii	"I2C_2_Start\000"
 662      325F5374 
 662      61727400 
 663              	.LASF15:
 664 010e 72656733 		.ascii	"reg32\000"
 664      3200
 665              	.LASF3:
 666 0114 73686F72 		.ascii	"short unsigned int\000"
 666      7420756E 
 666      7369676E 
 666      65642069 
 666      6E7400
 667              	.LASF0:
 668 0127 7369676E 		.ascii	"signed char\000"
 668      65642063 
 668      68617200 
 669              	.LASF11:
 670 0133 666C6F61 		.ascii	"float\000"
 670      7400
 671              	.LASF17:
 672 0139 4932435F 		.ascii	"I2C_2_Enable\000"
 672      325F456E 
 672      61626C65 
ARM GAS  C:\Users\dskyNote\AppData\Local\Temp\cceiaKWl.s 			page 19


 672      00
 673              	.LASF2:
 674 0146 73686F72 		.ascii	"short int\000"
 674      7420696E 
 674      7400
 675              	.LASF22:
 676 0150 474E5520 		.ascii	"GNU C 4.8.4 20140526 (release) [ARM/embedded-4_8-br"
 676      4320342E 
 676      382E3420 
 676      32303134 
 676      30353236 
 677 0183 616E6368 		.ascii	"anch revision 211358] -mcpu=cortex-m3 -mthumb -g -O"
 677      20726576 
 677      6973696F 
 677      6E203231 
 677      31333538 
 678 01b6 30202D66 		.ascii	"0 -ffunction-sections\000"
 678      66756E63 
 678      74696F6E 
 678      2D736563 
 678      74696F6E 
 679              	.LASF16:
 680 01cc 73697A65 		.ascii	"sizetype\000"
 680      74797065 
 680      00
 681              		.ident	"GCC: (GNU Tools for ARM Embedded Processors) 4.8.4 20140526 (release) [ARM/embedded-4_8-br
