ARM GAS  C:\Users\dskyNote\AppData\Local\Temp\ccYk1nBf.s 			page 1


   1              		.syntax unified
   2              		.cpu cortex-m3
   3              		.fpu softvfp
   4              		.eabi_attribute 20, 1
   5              		.eabi_attribute 21, 1
   6              		.eabi_attribute 23, 3
   7              		.eabi_attribute 24, 1
   8              		.eabi_attribute 25, 1
   9              		.eabi_attribute 26, 1
  10              		.eabi_attribute 30, 6
  11              		.eabi_attribute 34, 1
  12              		.eabi_attribute 18, 4
  13              		.thumb
  14              		.file	"I2C_3_PM.c"
  15              		.text
  16              	.Ltext0:
  17              		.cfi_sections	.debug_frame
  18              		.global	I2C_3_backup
  19              		.data
  20              		.align	2
  21              		.type	I2C_3_backup, %object
  22              		.size	I2C_3_backup, 6
  23              	I2C_3_backup:
  24 0000 00       		.byte	0
  25 0001 81       		.byte	-127
  26 0002 03       		.byte	3
  27 0003 08       		.byte	8
  28 0004 0F       		.byte	15
  29 0005 00       		.byte	0
  30 0006 0000     		.section	.text.I2C_3_SaveConfig,"ax",%progbits
  31              		.align	2
  32              		.global	I2C_3_SaveConfig
  33              		.thumb
  34              		.thumb_func
  35              		.type	I2C_3_SaveConfig, %function
  36              	I2C_3_SaveConfig:
  37              	.LFB0:
  38              		.file 1 ".\\Generated_Source\\PSoC5\\I2C_3_PM.c"
   1:.\Generated_Source\PSoC5/I2C_3_PM.c **** /*******************************************************************************
   2:.\Generated_Source\PSoC5/I2C_3_PM.c **** * File Name: I2C_3_PM.c
   3:.\Generated_Source\PSoC5/I2C_3_PM.c **** * Version 3.30
   4:.\Generated_Source\PSoC5/I2C_3_PM.c **** *
   5:.\Generated_Source\PSoC5/I2C_3_PM.c **** * Description:
   6:.\Generated_Source\PSoC5/I2C_3_PM.c **** *  This file provides Low power mode APIs for I2C component.
   7:.\Generated_Source\PSoC5/I2C_3_PM.c **** *
   8:.\Generated_Source\PSoC5/I2C_3_PM.c **** * Note:
   9:.\Generated_Source\PSoC5/I2C_3_PM.c **** *  None
  10:.\Generated_Source\PSoC5/I2C_3_PM.c **** *
  11:.\Generated_Source\PSoC5/I2C_3_PM.c **** ********************************************************************************
  12:.\Generated_Source\PSoC5/I2C_3_PM.c **** * Copyright 2008-2012, Cypress Semiconductor Corporation.  All rights reserved.
  13:.\Generated_Source\PSoC5/I2C_3_PM.c **** * You may use this file only in accordance with the license, terms, conditions,
  14:.\Generated_Source\PSoC5/I2C_3_PM.c **** * disclaimers, and limitations in the end user license agreement accompanying
  15:.\Generated_Source\PSoC5/I2C_3_PM.c **** * the software package with which this file was provided.
  16:.\Generated_Source\PSoC5/I2C_3_PM.c **** *******************************************************************************/
  17:.\Generated_Source\PSoC5/I2C_3_PM.c **** 
  18:.\Generated_Source\PSoC5/I2C_3_PM.c **** #include "I2C_3_PVT.h"
  19:.\Generated_Source\PSoC5/I2C_3_PM.c **** 
ARM GAS  C:\Users\dskyNote\AppData\Local\Temp\ccYk1nBf.s 			page 2


  20:.\Generated_Source\PSoC5/I2C_3_PM.c **** I2C_3_BACKUP_STRUCT I2C_3_backup =
  21:.\Generated_Source\PSoC5/I2C_3_PM.c **** {
  22:.\Generated_Source\PSoC5/I2C_3_PM.c ****     I2C_3_DISABLE, /* enableState */
  23:.\Generated_Source\PSoC5/I2C_3_PM.c **** 
  24:.\Generated_Source\PSoC5/I2C_3_PM.c ****     #if(I2C_3_FF_IMPLEMENTED)
  25:.\Generated_Source\PSoC5/I2C_3_PM.c ****         I2C_3_DEFAULT_XCFG,  /* xcfg */
  26:.\Generated_Source\PSoC5/I2C_3_PM.c ****         I2C_3_DEFAULT_CFG,   /* cfg  */
  27:.\Generated_Source\PSoC5/I2C_3_PM.c **** 
  28:.\Generated_Source\PSoC5/I2C_3_PM.c ****         #if(I2C_3_MODE_SLAVE_ENABLED)
  29:.\Generated_Source\PSoC5/I2C_3_PM.c ****             I2C_3_DEFAULT_ADDR, /* addr */
  30:.\Generated_Source\PSoC5/I2C_3_PM.c ****         #endif /* (I2C_3_MODE_SLAVE_ENABLED) */
  31:.\Generated_Source\PSoC5/I2C_3_PM.c **** 
  32:.\Generated_Source\PSoC5/I2C_3_PM.c ****         #if(CY_PSOC5A)
  33:.\Generated_Source\PSoC5/I2C_3_PM.c ****             LO8(I2C_3_DEFAULT_DIVIDE_FACTOR),  /* div */
  34:.\Generated_Source\PSoC5/I2C_3_PM.c ****         #else
  35:.\Generated_Source\PSoC5/I2C_3_PM.c ****             LO8(I2C_3_DEFAULT_DIVIDE_FACTOR), /* div1 */
  36:.\Generated_Source\PSoC5/I2C_3_PM.c ****             HI8(I2C_3_DEFAULT_DIVIDE_FACTOR), /* div2 */
  37:.\Generated_Source\PSoC5/I2C_3_PM.c ****         #endif /* (CY_PSOC5A) */
  38:.\Generated_Source\PSoC5/I2C_3_PM.c **** 
  39:.\Generated_Source\PSoC5/I2C_3_PM.c ****     #else  /* (I2C_3_UDB_IMPLEMENTED) */
  40:.\Generated_Source\PSoC5/I2C_3_PM.c ****         I2C_3_DEFAULT_CFG,    /* control */
  41:.\Generated_Source\PSoC5/I2C_3_PM.c **** 
  42:.\Generated_Source\PSoC5/I2C_3_PM.c ****         #if(CY_UDB_V0)
  43:.\Generated_Source\PSoC5/I2C_3_PM.c ****             I2C_3_INT_ENABLE_MASK, /* aux_ctl */
  44:.\Generated_Source\PSoC5/I2C_3_PM.c **** 
  45:.\Generated_Source\PSoC5/I2C_3_PM.c ****             #if(I2C_3_MODE_SLAVE_ENABLED)
  46:.\Generated_Source\PSoC5/I2C_3_PM.c ****                 I2C_3_DEFAULT_ADDR, /* addr_d0 */
  47:.\Generated_Source\PSoC5/I2C_3_PM.c ****             #endif /* (I2C_3_MODE_SLAVE_ENABLED) */
  48:.\Generated_Source\PSoC5/I2C_3_PM.c ****         #endif /* (CY_UDB_V0) */
  49:.\Generated_Source\PSoC5/I2C_3_PM.c ****     #endif /* (I2C_3_FF_IMPLEMENTED) */
  50:.\Generated_Source\PSoC5/I2C_3_PM.c **** 
  51:.\Generated_Source\PSoC5/I2C_3_PM.c ****     #if(I2C_3_TIMEOUT_ENABLED)
  52:.\Generated_Source\PSoC5/I2C_3_PM.c ****         I2C_3_DEFAULT_TMOUT_PERIOD,
  53:.\Generated_Source\PSoC5/I2C_3_PM.c ****         I2C_3_DEFAULT_TMOUT_INTR_MASK,
  54:.\Generated_Source\PSoC5/I2C_3_PM.c **** 
  55:.\Generated_Source\PSoC5/I2C_3_PM.c ****         #if(I2C_3_TIMEOUT_PRESCALER_ENABLED && CY_UDB_V0)
  56:.\Generated_Source\PSoC5/I2C_3_PM.c ****             I2C_3_DEFAULT_TMOUT_PRESCALER_PRD,
  57:.\Generated_Source\PSoC5/I2C_3_PM.c ****         #endif /* (I2C_3_TIMEOUT_PRESCALER_ENABLED) */
  58:.\Generated_Source\PSoC5/I2C_3_PM.c **** 
  59:.\Generated_Source\PSoC5/I2C_3_PM.c ****     #endif /* (I2C_3_TIMEOUT_ENABLED) */
  60:.\Generated_Source\PSoC5/I2C_3_PM.c **** };
  61:.\Generated_Source\PSoC5/I2C_3_PM.c **** 
  62:.\Generated_Source\PSoC5/I2C_3_PM.c **** #if((I2C_3_FF_IMPLEMENTED) && (I2C_3_WAKEUP_ENABLED))
  63:.\Generated_Source\PSoC5/I2C_3_PM.c ****     volatile uint8 I2C_3_wakeupSource;
  64:.\Generated_Source\PSoC5/I2C_3_PM.c **** #endif /* ((I2C_3_FF_IMPLEMENTED) && (I2C_3_WAKEUP_ENABLED)) */
  65:.\Generated_Source\PSoC5/I2C_3_PM.c **** 
  66:.\Generated_Source\PSoC5/I2C_3_PM.c **** 
  67:.\Generated_Source\PSoC5/I2C_3_PM.c **** /*******************************************************************************
  68:.\Generated_Source\PSoC5/I2C_3_PM.c **** * Function Name: I2C_3_SaveConfig
  69:.\Generated_Source\PSoC5/I2C_3_PM.c **** ********************************************************************************
  70:.\Generated_Source\PSoC5/I2C_3_PM.c **** *
  71:.\Generated_Source\PSoC5/I2C_3_PM.c **** * Summary:
  72:.\Generated_Source\PSoC5/I2C_3_PM.c **** *  Wakeup on address match enabled: disables I2C Master(if was enabled before go
  73:.\Generated_Source\PSoC5/I2C_3_PM.c **** *  to sleep), enables I2C backup regulator. Waits while on-going transaction be
  74:.\Generated_Source\PSoC5/I2C_3_PM.c **** *  will completed and I2C will be ready go to sleep. All incoming transaction
  75:.\Generated_Source\PSoC5/I2C_3_PM.c **** *  will be NACKed till power down will be asserted. The address match event
  76:.\Generated_Source\PSoC5/I2C_3_PM.c **** *  wakes up the chip.
ARM GAS  C:\Users\dskyNote\AppData\Local\Temp\ccYk1nBf.s 			page 3


  77:.\Generated_Source\PSoC5/I2C_3_PM.c **** *  Wakeup on address match disabled: saves I2C configuration and non-retention
  78:.\Generated_Source\PSoC5/I2C_3_PM.c **** *  register values.
  79:.\Generated_Source\PSoC5/I2C_3_PM.c **** *
  80:.\Generated_Source\PSoC5/I2C_3_PM.c **** * Parameters:
  81:.\Generated_Source\PSoC5/I2C_3_PM.c **** *  None
  82:.\Generated_Source\PSoC5/I2C_3_PM.c **** *
  83:.\Generated_Source\PSoC5/I2C_3_PM.c **** * Return:
  84:.\Generated_Source\PSoC5/I2C_3_PM.c **** *  None
  85:.\Generated_Source\PSoC5/I2C_3_PM.c **** *
  86:.\Generated_Source\PSoC5/I2C_3_PM.c **** * Global Variables:
  87:.\Generated_Source\PSoC5/I2C_3_PM.c **** *  I2C_3_backup - used to save component configuration and
  88:.\Generated_Source\PSoC5/I2C_3_PM.c **** *       none-retention registers before enter sleep mode.
  89:.\Generated_Source\PSoC5/I2C_3_PM.c **** *
  90:.\Generated_Source\PSoC5/I2C_3_PM.c **** * Reentrant:
  91:.\Generated_Source\PSoC5/I2C_3_PM.c **** *  No
  92:.\Generated_Source\PSoC5/I2C_3_PM.c **** *
  93:.\Generated_Source\PSoC5/I2C_3_PM.c **** *******************************************************************************/
  94:.\Generated_Source\PSoC5/I2C_3_PM.c **** void I2C_3_SaveConfig(void) 
  95:.\Generated_Source\PSoC5/I2C_3_PM.c **** {
  39              		.loc 1 95 0
  40              		.cfi_startproc
  41              		@ args = 0, pretend = 0, frame = 0
  42              		@ frame_needed = 1, uses_anonymous_args = 0
  43              		@ link register save eliminated.
  44 0000 80B4     		push	{r7}
  45              		.cfi_def_cfa_offset 4
  46              		.cfi_offset 7, -4
  47 0002 00AF     		add	r7, sp, #0
  48              		.cfi_def_cfa_register 7
  96:.\Generated_Source\PSoC5/I2C_3_PM.c ****     #if(I2C_3_FF_IMPLEMENTED)
  97:.\Generated_Source\PSoC5/I2C_3_PM.c ****         #if(I2C_3_WAKEUP_ENABLED)
  98:.\Generated_Source\PSoC5/I2C_3_PM.c ****             uint8 enableInterrupts;
  99:.\Generated_Source\PSoC5/I2C_3_PM.c ****         #endif /* (I2C_3_WAKEUP_ENABLED) */
 100:.\Generated_Source\PSoC5/I2C_3_PM.c **** 
 101:.\Generated_Source\PSoC5/I2C_3_PM.c ****         /* Store regiters in either Sleep mode */
 102:.\Generated_Source\PSoC5/I2C_3_PM.c ****         I2C_3_backup.cfg  = I2C_3_CFG_REG;
  49              		.loc 1 102 0
  50 0004 0E4B     		ldr	r3, .L2
  51 0006 1B78     		ldrb	r3, [r3]
  52 0008 DAB2     		uxtb	r2, r3
  53 000a 0E4B     		ldr	r3, .L2+4
  54 000c 9A70     		strb	r2, [r3, #2]
 103:.\Generated_Source\PSoC5/I2C_3_PM.c ****         I2C_3_backup.xcfg = I2C_3_XCFG_REG;
  55              		.loc 1 103 0
  56 000e 0E4B     		ldr	r3, .L2+8
  57 0010 1B78     		ldrb	r3, [r3]
  58 0012 DAB2     		uxtb	r2, r3
  59 0014 0B4B     		ldr	r3, .L2+4
  60 0016 5A70     		strb	r2, [r3, #1]
 104:.\Generated_Source\PSoC5/I2C_3_PM.c **** 
 105:.\Generated_Source\PSoC5/I2C_3_PM.c ****         #if(I2C_3_MODE_SLAVE_ENABLED)
 106:.\Generated_Source\PSoC5/I2C_3_PM.c ****             I2C_3_backup.addr = I2C_3_ADDR_REG;
  61              		.loc 1 106 0
  62 0018 0C4B     		ldr	r3, .L2+12
  63 001a 1B78     		ldrb	r3, [r3]
  64 001c DAB2     		uxtb	r2, r3
  65 001e 094B     		ldr	r3, .L2+4
ARM GAS  C:\Users\dskyNote\AppData\Local\Temp\ccYk1nBf.s 			page 4


  66 0020 DA70     		strb	r2, [r3, #3]
 107:.\Generated_Source\PSoC5/I2C_3_PM.c ****         #endif /* (I2C_3_MODE_SLAVE_ENABLED) */
 108:.\Generated_Source\PSoC5/I2C_3_PM.c **** 
 109:.\Generated_Source\PSoC5/I2C_3_PM.c ****         #if(CY_PSOC5A)
 110:.\Generated_Source\PSoC5/I2C_3_PM.c ****             I2C_3_backup.clkDiv   = I2C_3_CLKDIV_REG;
 111:.\Generated_Source\PSoC5/I2C_3_PM.c ****         #else
 112:.\Generated_Source\PSoC5/I2C_3_PM.c ****             I2C_3_backup.clkDiv1  = I2C_3_CLKDIV1_REG;
  67              		.loc 1 112 0
  68 0022 0B4B     		ldr	r3, .L2+16
  69 0024 1B78     		ldrb	r3, [r3]
  70 0026 DAB2     		uxtb	r2, r3
  71 0028 064B     		ldr	r3, .L2+4
  72 002a 1A71     		strb	r2, [r3, #4]
 113:.\Generated_Source\PSoC5/I2C_3_PM.c ****             I2C_3_backup.clkDiv2  = I2C_3_CLKDIV2_REG;
  73              		.loc 1 113 0
  74 002c 094B     		ldr	r3, .L2+20
  75 002e 1B78     		ldrb	r3, [r3]
  76 0030 DAB2     		uxtb	r2, r3
  77 0032 044B     		ldr	r3, .L2+4
  78 0034 5A71     		strb	r2, [r3, #5]
 114:.\Generated_Source\PSoC5/I2C_3_PM.c ****         #endif /* (CY_PSOC5A) */
 115:.\Generated_Source\PSoC5/I2C_3_PM.c **** 
 116:.\Generated_Source\PSoC5/I2C_3_PM.c ****         #if(I2C_3_WAKEUP_ENABLED)
 117:.\Generated_Source\PSoC5/I2C_3_PM.c ****             /* Need to disable Master */
 118:.\Generated_Source\PSoC5/I2C_3_PM.c ****             I2C_3_CFG_REG &= ((uint8) ~I2C_3_ENABLE_MASTER);
 119:.\Generated_Source\PSoC5/I2C_3_PM.c **** 
 120:.\Generated_Source\PSoC5/I2C_3_PM.c ****             /* Enable the I2C regulator backup */
 121:.\Generated_Source\PSoC5/I2C_3_PM.c ****             enableInterrupts = CyEnterCriticalSection();
 122:.\Generated_Source\PSoC5/I2C_3_PM.c ****             I2C_3_PWRSYS_CR1_REG |= I2C_3_PWRSYS_CR1_I2C_REG_BACKUP;
 123:.\Generated_Source\PSoC5/I2C_3_PM.c ****             CyExitCriticalSection(enableInterrupts);
 124:.\Generated_Source\PSoC5/I2C_3_PM.c **** 
 125:.\Generated_Source\PSoC5/I2C_3_PM.c ****             /* 1) Set force NACK to ignore I2C transactions
 126:.\Generated_Source\PSoC5/I2C_3_PM.c ****                2) Wait while I2C will be ready go to Sleep
 127:.\Generated_Source\PSoC5/I2C_3_PM.c ****                3) These bits are cleared on wake up */
 128:.\Generated_Source\PSoC5/I2C_3_PM.c ****             I2C_3_XCFG_REG |= I2C_3_XCFG_FORCE_NACK;
 129:.\Generated_Source\PSoC5/I2C_3_PM.c ****             while(0u == (I2C_3_XCFG_REG & I2C_3_XCFG_RDY_TO_SLEEP))
 130:.\Generated_Source\PSoC5/I2C_3_PM.c ****             {
 131:.\Generated_Source\PSoC5/I2C_3_PM.c ****                 ; /* Wait when block is ready to Sleep */
 132:.\Generated_Source\PSoC5/I2C_3_PM.c ****             }
 133:.\Generated_Source\PSoC5/I2C_3_PM.c **** 
 134:.\Generated_Source\PSoC5/I2C_3_PM.c ****             /* Setup wakeup interrupt */
 135:.\Generated_Source\PSoC5/I2C_3_PM.c ****             I2C_3_DisableInt();
 136:.\Generated_Source\PSoC5/I2C_3_PM.c ****             (void) CyIntSetVector(I2C_3_ISR_NUMBER, &I2C_3_WAKEUP_ISR);
 137:.\Generated_Source\PSoC5/I2C_3_PM.c ****             I2C_3_wakeupSource = 0u;
 138:.\Generated_Source\PSoC5/I2C_3_PM.c ****             I2C_3_EnableInt();
 139:.\Generated_Source\PSoC5/I2C_3_PM.c **** 
 140:.\Generated_Source\PSoC5/I2C_3_PM.c ****         #endif /* (I2C_3_WAKEUP_ENABLED) */
 141:.\Generated_Source\PSoC5/I2C_3_PM.c **** 
 142:.\Generated_Source\PSoC5/I2C_3_PM.c ****     #else
 143:.\Generated_Source\PSoC5/I2C_3_PM.c ****         /* Store only address match bit */
 144:.\Generated_Source\PSoC5/I2C_3_PM.c ****         I2C_3_backup.control = (I2C_3_CFG_REG & I2C_3_CTRL_ANY_ADDRESS_MASK);
 145:.\Generated_Source\PSoC5/I2C_3_PM.c **** 
 146:.\Generated_Source\PSoC5/I2C_3_PM.c ****         #if(CY_UDB_V0)
 147:.\Generated_Source\PSoC5/I2C_3_PM.c ****             /* Store interrupt mask bits */
 148:.\Generated_Source\PSoC5/I2C_3_PM.c ****             I2C_3_backup.intMask = I2C_3_INT_MASK_REG;
 149:.\Generated_Source\PSoC5/I2C_3_PM.c **** 
 150:.\Generated_Source\PSoC5/I2C_3_PM.c ****             #if(I2C_3_MODE & I2C_3_MODE_SLAVE)
ARM GAS  C:\Users\dskyNote\AppData\Local\Temp\ccYk1nBf.s 			page 5


 151:.\Generated_Source\PSoC5/I2C_3_PM.c ****                 I2C_3_backup.addr = I2C_3_ADDR_REG;
 152:.\Generated_Source\PSoC5/I2C_3_PM.c ****             #endif /* (I2C_3_MODE & I2C_3_MODE_SLAVE) */
 153:.\Generated_Source\PSoC5/I2C_3_PM.c **** 
 154:.\Generated_Source\PSoC5/I2C_3_PM.c ****         #endif /* (CY_UDB_V0) */
 155:.\Generated_Source\PSoC5/I2C_3_PM.c **** 
 156:.\Generated_Source\PSoC5/I2C_3_PM.c ****     #endif /* (I2C_3_FF_IMPLEMENTED) */
 157:.\Generated_Source\PSoC5/I2C_3_PM.c **** 
 158:.\Generated_Source\PSoC5/I2C_3_PM.c ****     #if(I2C_3_TIMEOUT_ENABLED)
 159:.\Generated_Source\PSoC5/I2C_3_PM.c ****         I2C_3_TimeoutSaveConfig();   /* Save Timeout config */
 160:.\Generated_Source\PSoC5/I2C_3_PM.c ****     #endif /* (I2C_3_TIMEOUT_ENABLED) */
 161:.\Generated_Source\PSoC5/I2C_3_PM.c **** }
  79              		.loc 1 161 0
  80 0036 BD46     		mov	sp, r7
  81              		@ sp needed
  82 0038 5DF8047B 		ldr	r7, [sp], #4
  83 003c 7047     		bx	lr
  84              	.L3:
  85 003e 00BF     		.align	2
  86              	.L2:
  87 0040 D6490040 		.word	1073760726
  88 0044 00000000 		.word	I2C_3_backup
  89 0048 C8490040 		.word	1073760712
  90 004c CA490040 		.word	1073760714
  91 0050 DB490040 		.word	1073760731
  92 0054 DC490040 		.word	1073760732
  93              		.cfi_endproc
  94              	.LFE0:
  95              		.size	I2C_3_SaveConfig, .-I2C_3_SaveConfig
  96              		.section	.text.I2C_3_Sleep,"ax",%progbits
  97              		.align	2
  98              		.global	I2C_3_Sleep
  99              		.thumb
 100              		.thumb_func
 101              		.type	I2C_3_Sleep, %function
 102              	I2C_3_Sleep:
 103              	.LFB1:
 162:.\Generated_Source\PSoC5/I2C_3_PM.c **** 
 163:.\Generated_Source\PSoC5/I2C_3_PM.c **** 
 164:.\Generated_Source\PSoC5/I2C_3_PM.c **** /*******************************************************************************
 165:.\Generated_Source\PSoC5/I2C_3_PM.c **** * Function Name: I2C_3_Sleep
 166:.\Generated_Source\PSoC5/I2C_3_PM.c **** ********************************************************************************
 167:.\Generated_Source\PSoC5/I2C_3_PM.c **** *
 168:.\Generated_Source\PSoC5/I2C_3_PM.c **** * Summary:
 169:.\Generated_Source\PSoC5/I2C_3_PM.c **** *  Wakeup on address match enabled: All incoming transaction will be NACKed till
 170:.\Generated_Source\PSoC5/I2C_3_PM.c **** *  power down will be asserted. The address match event wakes up the chip.
 171:.\Generated_Source\PSoC5/I2C_3_PM.c **** *  Wakeup on address match disabled: Disables active mode power template bits or
 172:.\Generated_Source\PSoC5/I2C_3_PM.c **** *  clock gating as appropriate. Saves I2C configuration and non-retention
 173:.\Generated_Source\PSoC5/I2C_3_PM.c **** *  register values.
 174:.\Generated_Source\PSoC5/I2C_3_PM.c **** *  Disables I2C interrupt.
 175:.\Generated_Source\PSoC5/I2C_3_PM.c **** *
 176:.\Generated_Source\PSoC5/I2C_3_PM.c **** * Parameters:
 177:.\Generated_Source\PSoC5/I2C_3_PM.c **** *  None
 178:.\Generated_Source\PSoC5/I2C_3_PM.c **** *
 179:.\Generated_Source\PSoC5/I2C_3_PM.c **** * Return:
 180:.\Generated_Source\PSoC5/I2C_3_PM.c **** *  None
 181:.\Generated_Source\PSoC5/I2C_3_PM.c **** *
 182:.\Generated_Source\PSoC5/I2C_3_PM.c **** * Reentrant:
ARM GAS  C:\Users\dskyNote\AppData\Local\Temp\ccYk1nBf.s 			page 6


 183:.\Generated_Source\PSoC5/I2C_3_PM.c **** *  No
 184:.\Generated_Source\PSoC5/I2C_3_PM.c **** *
 185:.\Generated_Source\PSoC5/I2C_3_PM.c **** *******************************************************************************/
 186:.\Generated_Source\PSoC5/I2C_3_PM.c **** void I2C_3_Sleep(void) 
 187:.\Generated_Source\PSoC5/I2C_3_PM.c **** {
 104              		.loc 1 187 0
 105              		.cfi_startproc
 106              		@ args = 0, pretend = 0, frame = 0
 107              		@ frame_needed = 1, uses_anonymous_args = 0
 108 0000 80B5     		push	{r7, lr}
 109              		.cfi_def_cfa_offset 8
 110              		.cfi_offset 7, -8
 111              		.cfi_offset 14, -4
 112 0002 00AF     		add	r7, sp, #0
 113              		.cfi_def_cfa_register 7
 188:.\Generated_Source\PSoC5/I2C_3_PM.c ****     #if(I2C_3_WAKEUP_ENABLED)
 189:.\Generated_Source\PSoC5/I2C_3_PM.c ****         /* The I2C block should be always enabled if used as wakeup source */
 190:.\Generated_Source\PSoC5/I2C_3_PM.c ****         I2C_3_backup.enableState = I2C_3_DISABLE;
 191:.\Generated_Source\PSoC5/I2C_3_PM.c **** 
 192:.\Generated_Source\PSoC5/I2C_3_PM.c ****         #if(I2C_3_TIMEOUT_ENABLED)
 193:.\Generated_Source\PSoC5/I2C_3_PM.c ****             I2C_3_TimeoutStop();
 194:.\Generated_Source\PSoC5/I2C_3_PM.c ****         #endif /* (I2C_3_TIMEOUT_ENABLED) */
 195:.\Generated_Source\PSoC5/I2C_3_PM.c **** 
 196:.\Generated_Source\PSoC5/I2C_3_PM.c ****     #else
 197:.\Generated_Source\PSoC5/I2C_3_PM.c **** 
 198:.\Generated_Source\PSoC5/I2C_3_PM.c ****         I2C_3_backup.enableState = ((uint8) I2C_3_IS_ENABLED);
 114              		.loc 1 198 0
 115 0004 0C4B     		ldr	r3, .L6
 116 0006 1B78     		ldrb	r3, [r3]
 117 0008 DBB2     		uxtb	r3, r3
 118 000a 03F00403 		and	r3, r3, #4
 119 000e 002B     		cmp	r3, #0
 120 0010 0CBF     		ite	eq
 121 0012 0023     		moveq	r3, #0
 122 0014 0123     		movne	r3, #1
 123 0016 DBB2     		uxtb	r3, r3
 124 0018 1A46     		mov	r2, r3
 125 001a 084B     		ldr	r3, .L6+4
 126 001c 1A70     		strb	r2, [r3]
 199:.\Generated_Source\PSoC5/I2C_3_PM.c **** 
 200:.\Generated_Source\PSoC5/I2C_3_PM.c ****         if(I2C_3_IS_ENABLED)
 127              		.loc 1 200 0
 128 001e 064B     		ldr	r3, .L6
 129 0020 1B78     		ldrb	r3, [r3]
 130 0022 DBB2     		uxtb	r3, r3
 131 0024 03F00403 		and	r3, r3, #4
 132 0028 002B     		cmp	r3, #0
 133 002a 01D0     		beq	.L5
 201:.\Generated_Source\PSoC5/I2C_3_PM.c ****         {
 202:.\Generated_Source\PSoC5/I2C_3_PM.c ****             I2C_3_Stop();
 134              		.loc 1 202 0
 135 002c FFF7FEFF 		bl	I2C_3_Stop
 136              	.L5:
 203:.\Generated_Source\PSoC5/I2C_3_PM.c ****         }
 204:.\Generated_Source\PSoC5/I2C_3_PM.c ****     #endif /* (I2C_3_WAKEUP_ENABLED) */
 205:.\Generated_Source\PSoC5/I2C_3_PM.c **** 
 206:.\Generated_Source\PSoC5/I2C_3_PM.c ****     I2C_3_SaveConfig();
ARM GAS  C:\Users\dskyNote\AppData\Local\Temp\ccYk1nBf.s 			page 7


 137              		.loc 1 206 0
 138 0030 FFF7FEFF 		bl	I2C_3_SaveConfig
 207:.\Generated_Source\PSoC5/I2C_3_PM.c **** }
 139              		.loc 1 207 0
 140 0034 80BD     		pop	{r7, pc}
 141              	.L7:
 142 0036 00BF     		.align	2
 143              	.L6:
 144 0038 A5430040 		.word	1073759141
 145 003c 00000000 		.word	I2C_3_backup
 146              		.cfi_endproc
 147              	.LFE1:
 148              		.size	I2C_3_Sleep, .-I2C_3_Sleep
 149              		.section	.text.I2C_3_RestoreConfig,"ax",%progbits
 150              		.align	2
 151              		.global	I2C_3_RestoreConfig
 152              		.thumb
 153              		.thumb_func
 154              		.type	I2C_3_RestoreConfig, %function
 155              	I2C_3_RestoreConfig:
 156              	.LFB2:
 208:.\Generated_Source\PSoC5/I2C_3_PM.c **** 
 209:.\Generated_Source\PSoC5/I2C_3_PM.c **** 
 210:.\Generated_Source\PSoC5/I2C_3_PM.c **** /*******************************************************************************
 211:.\Generated_Source\PSoC5/I2C_3_PM.c **** * Function Name: I2C_3_RestoreConfig
 212:.\Generated_Source\PSoC5/I2C_3_PM.c **** ********************************************************************************
 213:.\Generated_Source\PSoC5/I2C_3_PM.c **** *
 214:.\Generated_Source\PSoC5/I2C_3_PM.c **** * Summary:
 215:.\Generated_Source\PSoC5/I2C_3_PM.c **** *  Wakeup on address match enabled: enables I2C Master (if was enabled before go
 216:.\Generated_Source\PSoC5/I2C_3_PM.c **** *  to sleep), disables I2C backup regulator.
 217:.\Generated_Source\PSoC5/I2C_3_PM.c **** *  Wakeup on address match disabled: Restores I2C configuration and
 218:.\Generated_Source\PSoC5/I2C_3_PM.c **** *  non-retention register values.
 219:.\Generated_Source\PSoC5/I2C_3_PM.c **** *
 220:.\Generated_Source\PSoC5/I2C_3_PM.c **** * Parameters:
 221:.\Generated_Source\PSoC5/I2C_3_PM.c **** *  None
 222:.\Generated_Source\PSoC5/I2C_3_PM.c **** *
 223:.\Generated_Source\PSoC5/I2C_3_PM.c **** * Return:
 224:.\Generated_Source\PSoC5/I2C_3_PM.c **** *  None
 225:.\Generated_Source\PSoC5/I2C_3_PM.c **** *
 226:.\Generated_Source\PSoC5/I2C_3_PM.c **** * Global Variables:
 227:.\Generated_Source\PSoC5/I2C_3_PM.c **** *  I2C_3_backup - used to save component configuration and
 228:.\Generated_Source\PSoC5/I2C_3_PM.c **** *  none-retention registers before exit sleep mode.
 229:.\Generated_Source\PSoC5/I2C_3_PM.c **** *
 230:.\Generated_Source\PSoC5/I2C_3_PM.c **** *******************************************************************************/
 231:.\Generated_Source\PSoC5/I2C_3_PM.c **** void I2C_3_RestoreConfig(void) 
 232:.\Generated_Source\PSoC5/I2C_3_PM.c **** {
 157              		.loc 1 232 0
 158              		.cfi_startproc
 159              		@ args = 0, pretend = 0, frame = 8
 160              		@ frame_needed = 1, uses_anonymous_args = 0
 161 0000 80B5     		push	{r7, lr}
 162              		.cfi_def_cfa_offset 8
 163              		.cfi_offset 7, -8
 164              		.cfi_offset 14, -4
 165 0002 82B0     		sub	sp, sp, #8
 166              		.cfi_def_cfa_offset 16
 167 0004 00AF     		add	r7, sp, #0
ARM GAS  C:\Users\dskyNote\AppData\Local\Temp\ccYk1nBf.s 			page 8


 168              		.cfi_def_cfa_register 7
 233:.\Generated_Source\PSoC5/I2C_3_PM.c ****     #if(I2C_3_FF_IMPLEMENTED)
 234:.\Generated_Source\PSoC5/I2C_3_PM.c ****         uint8 enableInterrupts;
 235:.\Generated_Source\PSoC5/I2C_3_PM.c **** 
 236:.\Generated_Source\PSoC5/I2C_3_PM.c ****         if(I2C_3_CHECK_PWRSYS_I2C_BACKUP)    /* Enabled if was in Sleep */
 169              		.loc 1 236 0
 170 0006 1A4B     		ldr	r3, .L11
 171 0008 1B78     		ldrb	r3, [r3]
 172 000a DBB2     		uxtb	r3, r3
 173 000c 03F00403 		and	r3, r3, #4
 174 0010 DBB2     		uxtb	r3, r3
 175 0012 002B     		cmp	r3, #0
 176 0014 14D0     		beq	.L9
 237:.\Generated_Source\PSoC5/I2C_3_PM.c ****         {
 238:.\Generated_Source\PSoC5/I2C_3_PM.c ****             /* Disable back-up regulator */
 239:.\Generated_Source\PSoC5/I2C_3_PM.c ****             enableInterrupts = CyEnterCriticalSection();
 177              		.loc 1 239 0
 178 0016 FFF7FEFF 		bl	CyEnterCriticalSection
 179 001a 0346     		mov	r3, r0
 180 001c FB71     		strb	r3, [r7, #7]
 240:.\Generated_Source\PSoC5/I2C_3_PM.c ****             I2C_3_PWRSYS_CR1_REG &= ((uint8) ~I2C_3_PWRSYS_CR1_I2C_REG_BACKUP);
 181              		.loc 1 240 0
 182 001e 144B     		ldr	r3, .L11
 183 0020 134A     		ldr	r2, .L11
 184 0022 1278     		ldrb	r2, [r2]
 185 0024 D2B2     		uxtb	r2, r2
 186 0026 22F00402 		bic	r2, r2, #4
 187 002a D2B2     		uxtb	r2, r2
 188 002c 1A70     		strb	r2, [r3]
 241:.\Generated_Source\PSoC5/I2C_3_PM.c ****             CyExitCriticalSection(enableInterrupts);
 189              		.loc 1 241 0
 190 002e FB79     		ldrb	r3, [r7, #7]	@ zero_extendqisi2
 191 0030 1846     		mov	r0, r3
 192 0032 FFF7FEFF 		bl	CyExitCriticalSection
 242:.\Generated_Source\PSoC5/I2C_3_PM.c **** 
 243:.\Generated_Source\PSoC5/I2C_3_PM.c ****             /* Re-enable Master */
 244:.\Generated_Source\PSoC5/I2C_3_PM.c ****             I2C_3_CFG_REG = I2C_3_backup.cfg;
 193              		.loc 1 244 0
 194 0036 0F4B     		ldr	r3, .L11+4
 195 0038 0F4A     		ldr	r2, .L11+8
 196 003a 9278     		ldrb	r2, [r2, #2]	@ zero_extendqisi2
 197 003c 1A70     		strb	r2, [r3]
 198 003e 13E0     		b	.L8
 199              	.L9:
 245:.\Generated_Source\PSoC5/I2C_3_PM.c ****         }
 246:.\Generated_Source\PSoC5/I2C_3_PM.c ****         else /* The I2C_REG_BACKUP was cleaned by PM API: it means Hibernate or wake-up not set */
 247:.\Generated_Source\PSoC5/I2C_3_PM.c ****         {
 248:.\Generated_Source\PSoC5/I2C_3_PM.c ****             #if(I2C_3_WAKEUP_ENABLED)
 249:.\Generated_Source\PSoC5/I2C_3_PM.c ****                 /* Disable power to I2C block before register restore */
 250:.\Generated_Source\PSoC5/I2C_3_PM.c ****                 enableInterrupts = CyEnterCriticalSection();
 251:.\Generated_Source\PSoC5/I2C_3_PM.c ****                 I2C_3_ACT_PWRMGR_REG  &= ((uint8) ~I2C_3_ACT_PWR_EN);
 252:.\Generated_Source\PSoC5/I2C_3_PM.c ****                 I2C_3_STBY_PWRMGR_REG &= ((uint8) ~I2C_3_STBY_PWR_EN);
 253:.\Generated_Source\PSoC5/I2C_3_PM.c ****                 CyExitCriticalSection(enableInterrupts);
 254:.\Generated_Source\PSoC5/I2C_3_PM.c **** 
 255:.\Generated_Source\PSoC5/I2C_3_PM.c ****                 /* Enable component after restore complete */
 256:.\Generated_Source\PSoC5/I2C_3_PM.c ****                 I2C_3_backup.enableState = I2C_3_ENABLE;
 257:.\Generated_Source\PSoC5/I2C_3_PM.c ****             #endif /* (I2C_3_WAKEUP_ENABLED) */
ARM GAS  C:\Users\dskyNote\AppData\Local\Temp\ccYk1nBf.s 			page 9


 258:.\Generated_Source\PSoC5/I2C_3_PM.c **** 
 259:.\Generated_Source\PSoC5/I2C_3_PM.c ****             /* Restore component registers: Hibernate disable power */
 260:.\Generated_Source\PSoC5/I2C_3_PM.c ****             I2C_3_XCFG_REG = I2C_3_backup.xcfg;
 200              		.loc 1 260 0
 201 0040 0E4B     		ldr	r3, .L11+12
 202 0042 0D4A     		ldr	r2, .L11+8
 203 0044 5278     		ldrb	r2, [r2, #1]	@ zero_extendqisi2
 204 0046 1A70     		strb	r2, [r3]
 261:.\Generated_Source\PSoC5/I2C_3_PM.c ****             I2C_3_CFG_REG  = I2C_3_backup.cfg;
 205              		.loc 1 261 0
 206 0048 0A4B     		ldr	r3, .L11+4
 207 004a 0B4A     		ldr	r2, .L11+8
 208 004c 9278     		ldrb	r2, [r2, #2]	@ zero_extendqisi2
 209 004e 1A70     		strb	r2, [r3]
 262:.\Generated_Source\PSoC5/I2C_3_PM.c **** 
 263:.\Generated_Source\PSoC5/I2C_3_PM.c ****             #if(I2C_3_MODE_SLAVE_ENABLED)
 264:.\Generated_Source\PSoC5/I2C_3_PM.c ****                 I2C_3_ADDR_REG = I2C_3_backup.addr;
 210              		.loc 1 264 0
 211 0050 0B4B     		ldr	r3, .L11+16
 212 0052 094A     		ldr	r2, .L11+8
 213 0054 D278     		ldrb	r2, [r2, #3]	@ zero_extendqisi2
 214 0056 1A70     		strb	r2, [r3]
 265:.\Generated_Source\PSoC5/I2C_3_PM.c ****             #endif /* (I2C_3_MODE_SLAVE_ENABLED) */
 266:.\Generated_Source\PSoC5/I2C_3_PM.c **** 
 267:.\Generated_Source\PSoC5/I2C_3_PM.c ****             #if(CY_PSOC5A)
 268:.\Generated_Source\PSoC5/I2C_3_PM.c ****                 I2C_3_CLKDIV_REG  = I2C_3_backup.clkDiv;
 269:.\Generated_Source\PSoC5/I2C_3_PM.c ****             #else
 270:.\Generated_Source\PSoC5/I2C_3_PM.c ****                 I2C_3_CLKDIV1_REG = I2C_3_backup.clkDiv1;
 215              		.loc 1 270 0
 216 0058 0A4B     		ldr	r3, .L11+20
 217 005a 074A     		ldr	r2, .L11+8
 218 005c 1279     		ldrb	r2, [r2, #4]	@ zero_extendqisi2
 219 005e 1A70     		strb	r2, [r3]
 271:.\Generated_Source\PSoC5/I2C_3_PM.c ****                 I2C_3_CLKDIV2_REG = I2C_3_backup.clkDiv2;
 220              		.loc 1 271 0
 221 0060 094B     		ldr	r3, .L11+24
 222 0062 054A     		ldr	r2, .L11+8
 223 0064 5279     		ldrb	r2, [r2, #5]	@ zero_extendqisi2
 224 0066 1A70     		strb	r2, [r3]
 225              	.L8:
 272:.\Generated_Source\PSoC5/I2C_3_PM.c ****             #endif /* (CY_PSOC5A) */
 273:.\Generated_Source\PSoC5/I2C_3_PM.c ****         }
 274:.\Generated_Source\PSoC5/I2C_3_PM.c **** 
 275:.\Generated_Source\PSoC5/I2C_3_PM.c ****         #if(I2C_3_WAKEUP_ENABLED)
 276:.\Generated_Source\PSoC5/I2C_3_PM.c ****             I2C_3_DisableInt();
 277:.\Generated_Source\PSoC5/I2C_3_PM.c ****             (void) CyIntSetVector(I2C_3_ISR_NUMBER, &I2C_3_ISR);
 278:.\Generated_Source\PSoC5/I2C_3_PM.c ****             if(0u != I2C_3_wakeupSource)
 279:.\Generated_Source\PSoC5/I2C_3_PM.c ****             {
 280:.\Generated_Source\PSoC5/I2C_3_PM.c ****                 I2C_3_SetPendingInt();   /* Generate interrupt to process incomming transcation */
 281:.\Generated_Source\PSoC5/I2C_3_PM.c ****             }
 282:.\Generated_Source\PSoC5/I2C_3_PM.c ****             I2C_3_EnableInt();
 283:.\Generated_Source\PSoC5/I2C_3_PM.c ****         #endif /* (I2C_3_WAKEUP_ENABLED) */
 284:.\Generated_Source\PSoC5/I2C_3_PM.c **** 
 285:.\Generated_Source\PSoC5/I2C_3_PM.c ****     #else
 286:.\Generated_Source\PSoC5/I2C_3_PM.c **** 
 287:.\Generated_Source\PSoC5/I2C_3_PM.c ****         #if(CY_UDB_V0)
 288:.\Generated_Source\PSoC5/I2C_3_PM.c ****             uint8 enableInterrupts;
ARM GAS  C:\Users\dskyNote\AppData\Local\Temp\ccYk1nBf.s 			page 10


 289:.\Generated_Source\PSoC5/I2C_3_PM.c **** 
 290:.\Generated_Source\PSoC5/I2C_3_PM.c ****             I2C_3_INT_MASK_REG |= I2C_3_backup.intMask;
 291:.\Generated_Source\PSoC5/I2C_3_PM.c **** 
 292:.\Generated_Source\PSoC5/I2C_3_PM.c ****             enableInterrupts = CyEnterCriticalSection();
 293:.\Generated_Source\PSoC5/I2C_3_PM.c ****             I2C_3_INT_ENABLE_REG |= I2C_3_INT_ENABLE_MASK;
 294:.\Generated_Source\PSoC5/I2C_3_PM.c ****             CyExitCriticalSection(enableInterrupts);
 295:.\Generated_Source\PSoC5/I2C_3_PM.c **** 
 296:.\Generated_Source\PSoC5/I2C_3_PM.c ****             #if(I2C_3_MODE_MASTER_ENABLED)
 297:.\Generated_Source\PSoC5/I2C_3_PM.c ****                 /* Restore Master Clock generator */
 298:.\Generated_Source\PSoC5/I2C_3_PM.c ****                 I2C_3_MCLK_PRD_REG = I2C_3_DEFAULT_MCLK_PRD;
 299:.\Generated_Source\PSoC5/I2C_3_PM.c ****                 I2C_3_MCLK_CMP_REG = I2C_3_DEFAULT_MCLK_CMP;
 300:.\Generated_Source\PSoC5/I2C_3_PM.c ****             #endif /* (I2C_3_MODE_MASTER_ENABLED) */
 301:.\Generated_Source\PSoC5/I2C_3_PM.c **** 
 302:.\Generated_Source\PSoC5/I2C_3_PM.c ****             #if(I2C_3_MODE_SLAVE_ENABLED)
 303:.\Generated_Source\PSoC5/I2C_3_PM.c ****                 I2C_3_ADDR_REG = I2C_3_backup.addr;
 304:.\Generated_Source\PSoC5/I2C_3_PM.c **** 
 305:.\Generated_Source\PSoC5/I2C_3_PM.c ****                 /* Restore slave bit counter period */
 306:.\Generated_Source\PSoC5/I2C_3_PM.c ****                 I2C_3_PERIOD_REG = I2C_3_DEFAULT_PERIOD;
 307:.\Generated_Source\PSoC5/I2C_3_PM.c ****             #endif /* (I2C_3_MODE_SLAVE_ENABLED) */
 308:.\Generated_Source\PSoC5/I2C_3_PM.c **** 
 309:.\Generated_Source\PSoC5/I2C_3_PM.c ****         #endif /* (CY_UDB_V0) */
 310:.\Generated_Source\PSoC5/I2C_3_PM.c **** 
 311:.\Generated_Source\PSoC5/I2C_3_PM.c ****         I2C_3_CFG_REG = I2C_3_backup.control;
 312:.\Generated_Source\PSoC5/I2C_3_PM.c **** 
 313:.\Generated_Source\PSoC5/I2C_3_PM.c ****     #endif /* (I2C_3_FF_IMPLEMENTED) */
 314:.\Generated_Source\PSoC5/I2C_3_PM.c **** 
 315:.\Generated_Source\PSoC5/I2C_3_PM.c ****     #if(I2C_3_TIMEOUT_ENABLED)
 316:.\Generated_Source\PSoC5/I2C_3_PM.c ****         I2C_3_TimeoutRestoreConfig();
 317:.\Generated_Source\PSoC5/I2C_3_PM.c ****     #endif /* (I2C_3_TIMEOUT_ENABLED) */
 318:.\Generated_Source\PSoC5/I2C_3_PM.c **** }
 226              		.loc 1 318 0
 227 0068 0837     		adds	r7, r7, #8
 228 006a BD46     		mov	sp, r7
 229              		@ sp needed
 230 006c 80BD     		pop	{r7, pc}
 231              	.L12:
 232 006e 00BF     		.align	2
 233              	.L11:
 234 0070 31430040 		.word	1073759025
 235 0074 D6490040 		.word	1073760726
 236 0078 00000000 		.word	I2C_3_backup
 237 007c C8490040 		.word	1073760712
 238 0080 CA490040 		.word	1073760714
 239 0084 DB490040 		.word	1073760731
 240 0088 DC490040 		.word	1073760732
 241              		.cfi_endproc
 242              	.LFE2:
 243              		.size	I2C_3_RestoreConfig, .-I2C_3_RestoreConfig
 244              		.section	.text.I2C_3_Wakeup,"ax",%progbits
 245              		.align	2
 246              		.global	I2C_3_Wakeup
 247              		.thumb
 248              		.thumb_func
 249              		.type	I2C_3_Wakeup, %function
 250              	I2C_3_Wakeup:
 251              	.LFB3:
 319:.\Generated_Source\PSoC5/I2C_3_PM.c **** 
ARM GAS  C:\Users\dskyNote\AppData\Local\Temp\ccYk1nBf.s 			page 11


 320:.\Generated_Source\PSoC5/I2C_3_PM.c **** 
 321:.\Generated_Source\PSoC5/I2C_3_PM.c **** /*******************************************************************************
 322:.\Generated_Source\PSoC5/I2C_3_PM.c **** * Function Name: I2C_3_Wakeup
 323:.\Generated_Source\PSoC5/I2C_3_PM.c **** ********************************************************************************
 324:.\Generated_Source\PSoC5/I2C_3_PM.c **** *
 325:.\Generated_Source\PSoC5/I2C_3_PM.c **** * Summary:
 326:.\Generated_Source\PSoC5/I2C_3_PM.c **** *  Wakeup on address match enabled: enables I2C Master (if was enabled before go
 327:.\Generated_Source\PSoC5/I2C_3_PM.c **** *  to sleep) and disables I2C backup regulator.
 328:.\Generated_Source\PSoC5/I2C_3_PM.c **** *  Wakeup on address match disabled: Restores I2C configuration and
 329:.\Generated_Source\PSoC5/I2C_3_PM.c **** *  non-retention register values. Restores Active mode power template bits or
 330:.\Generated_Source\PSoC5/I2C_3_PM.c **** *  clock gating as appropriate.
 331:.\Generated_Source\PSoC5/I2C_3_PM.c **** *  The I2C interrupt remains disabled after function call.
 332:.\Generated_Source\PSoC5/I2C_3_PM.c **** *
 333:.\Generated_Source\PSoC5/I2C_3_PM.c **** * Parameters:
 334:.\Generated_Source\PSoC5/I2C_3_PM.c **** *  None
 335:.\Generated_Source\PSoC5/I2C_3_PM.c **** *
 336:.\Generated_Source\PSoC5/I2C_3_PM.c **** * Return:
 337:.\Generated_Source\PSoC5/I2C_3_PM.c **** *  None
 338:.\Generated_Source\PSoC5/I2C_3_PM.c **** *
 339:.\Generated_Source\PSoC5/I2C_3_PM.c **** * Reentrant:
 340:.\Generated_Source\PSoC5/I2C_3_PM.c **** *  No
 341:.\Generated_Source\PSoC5/I2C_3_PM.c **** *
 342:.\Generated_Source\PSoC5/I2C_3_PM.c **** *******************************************************************************/
 343:.\Generated_Source\PSoC5/I2C_3_PM.c **** void I2C_3_Wakeup(void) 
 344:.\Generated_Source\PSoC5/I2C_3_PM.c **** {
 252              		.loc 1 344 0
 253              		.cfi_startproc
 254              		@ args = 0, pretend = 0, frame = 0
 255              		@ frame_needed = 1, uses_anonymous_args = 0
 256 0000 80B5     		push	{r7, lr}
 257              		.cfi_def_cfa_offset 8
 258              		.cfi_offset 7, -8
 259              		.cfi_offset 14, -4
 260 0002 00AF     		add	r7, sp, #0
 261              		.cfi_def_cfa_register 7
 345:.\Generated_Source\PSoC5/I2C_3_PM.c ****     I2C_3_RestoreConfig();   /* Restore I2C register settings */
 262              		.loc 1 345 0
 263 0004 FFF7FEFF 		bl	I2C_3_RestoreConfig
 346:.\Generated_Source\PSoC5/I2C_3_PM.c **** 
 347:.\Generated_Source\PSoC5/I2C_3_PM.c ****     /* Restore component enable state */
 348:.\Generated_Source\PSoC5/I2C_3_PM.c ****     if(0u != I2C_3_backup.enableState)
 264              		.loc 1 348 0
 265 0008 054B     		ldr	r3, .L15
 266 000a 1B78     		ldrb	r3, [r3]	@ zero_extendqisi2
 267 000c 002B     		cmp	r3, #0
 268 000e 05D0     		beq	.L13
 349:.\Generated_Source\PSoC5/I2C_3_PM.c ****     {
 350:.\Generated_Source\PSoC5/I2C_3_PM.c ****         I2C_3_Enable();
 269              		.loc 1 350 0
 270 0010 FFF7FEFF 		bl	I2C_3_Enable
 351:.\Generated_Source\PSoC5/I2C_3_PM.c ****         I2C_3_EnableInt();
 271              		.loc 1 351 0
 272 0014 034B     		ldr	r3, .L15+4
 273 0016 4FF40042 		mov	r2, #32768
 274 001a 1A60     		str	r2, [r3]
 275              	.L13:
 352:.\Generated_Source\PSoC5/I2C_3_PM.c ****     }
ARM GAS  C:\Users\dskyNote\AppData\Local\Temp\ccYk1nBf.s 			page 12


 353:.\Generated_Source\PSoC5/I2C_3_PM.c ****     else
 354:.\Generated_Source\PSoC5/I2C_3_PM.c ****     {
 355:.\Generated_Source\PSoC5/I2C_3_PM.c ****         #if(I2C_3_TIMEOUT_ENABLED)
 356:.\Generated_Source\PSoC5/I2C_3_PM.c ****             I2C_3_TimeoutEnable();
 357:.\Generated_Source\PSoC5/I2C_3_PM.c ****         #endif /* (I2C_3_TIMEOUT_ENABLED) */
 358:.\Generated_Source\PSoC5/I2C_3_PM.c ****     }
 359:.\Generated_Source\PSoC5/I2C_3_PM.c **** }
 276              		.loc 1 359 0
 277 001c 80BD     		pop	{r7, pc}
 278              	.L16:
 279 001e 00BF     		.align	2
 280              	.L15:
 281 0020 00000000 		.word	I2C_3_backup
 282 0024 00E100E0 		.word	-536813312
 283              		.cfi_endproc
 284              	.LFE3:
 285              		.size	I2C_3_Wakeup, .-I2C_3_Wakeup
 286              		.text
 287              	.Letext0:
 288              		.file 2 ".\\Generated_Source\\PSoC5\\cytypes.h"
 289              		.file 3 ".\\Generated_Source\\PSoC5\\I2C_3.h"
 290              		.section	.debug_info,"",%progbits
 291              	.Ldebug_info0:
 292 0000 8A010000 		.4byte	0x18a
 293 0004 0400     		.2byte	0x4
 294 0006 00000000 		.4byte	.Ldebug_abbrev0
 295 000a 04       		.byte	0x4
 296 000b 01       		.uleb128 0x1
 297 000c EC000000 		.4byte	.LASF27
 298 0010 01       		.byte	0x1
 299 0011 98010000 		.4byte	.LASF28
 300 0015 68010000 		.4byte	.LASF29
 301 0019 00000000 		.4byte	.Ldebug_ranges0+0
 302 001d 00000000 		.4byte	0
 303 0021 00000000 		.4byte	.Ldebug_line0
 304 0025 02       		.uleb128 0x2
 305 0026 01       		.byte	0x1
 306 0027 06       		.byte	0x6
 307 0028 FE010000 		.4byte	.LASF0
 308 002c 02       		.uleb128 0x2
 309 002d 01       		.byte	0x1
 310 002e 08       		.byte	0x8
 311 002f 5C000000 		.4byte	.LASF1
 312 0033 02       		.uleb128 0x2
 313 0034 02       		.byte	0x2
 314 0035 05       		.byte	0x5
 315 0036 D2010000 		.4byte	.LASF2
 316 003a 02       		.uleb128 0x2
 317 003b 02       		.byte	0x2
 318 003c 07       		.byte	0x7
 319 003d 22000000 		.4byte	.LASF3
 320 0041 02       		.uleb128 0x2
 321 0042 04       		.byte	0x4
 322 0043 05       		.byte	0x5
 323 0044 EF010000 		.4byte	.LASF4
 324 0048 02       		.uleb128 0x2
 325 0049 04       		.byte	0x4
ARM GAS  C:\Users\dskyNote\AppData\Local\Temp\ccYk1nBf.s 			page 13


 326 004a 07       		.byte	0x7
 327 004b 6F000000 		.4byte	.LASF5
 328 004f 02       		.uleb128 0x2
 329 0050 08       		.byte	0x8
 330 0051 05       		.byte	0x5
 331 0052 00000000 		.4byte	.LASF6
 332 0056 02       		.uleb128 0x2
 333 0057 08       		.byte	0x8
 334 0058 07       		.byte	0x7
 335 0059 C5000000 		.4byte	.LASF7
 336 005d 03       		.uleb128 0x3
 337 005e 04       		.byte	0x4
 338 005f 05       		.byte	0x5
 339 0060 696E7400 		.ascii	"int\000"
 340 0064 02       		.uleb128 0x2
 341 0065 04       		.byte	0x4
 342 0066 07       		.byte	0x7
 343 0067 B8000000 		.4byte	.LASF8
 344 006b 04       		.uleb128 0x4
 345 006c DC010000 		.4byte	.LASF9
 346 0070 02       		.byte	0x2
 347 0071 5B       		.byte	0x5b
 348 0072 2C000000 		.4byte	0x2c
 349 0076 04       		.uleb128 0x4
 350 0077 9E000000 		.4byte	.LASF10
 351 007b 02       		.byte	0x2
 352 007c 5C       		.byte	0x5c
 353 007d 3A000000 		.4byte	0x3a
 354 0081 04       		.uleb128 0x4
 355 0082 A5000000 		.4byte	.LASF11
 356 0086 02       		.byte	0x2
 357 0087 5D       		.byte	0x5d
 358 0088 48000000 		.4byte	0x48
 359 008c 02       		.uleb128 0x2
 360 008d 04       		.byte	0x4
 361 008e 04       		.byte	0x4
 362 008f 56000000 		.4byte	.LASF12
 363 0093 02       		.uleb128 0x2
 364 0094 08       		.byte	0x8
 365 0095 04       		.byte	0x4
 366 0096 97000000 		.4byte	.LASF13
 367 009a 02       		.uleb128 0x2
 368 009b 01       		.byte	0x1
 369 009c 08       		.byte	0x8
 370 009d BC010000 		.4byte	.LASF14
 371 00a1 04       		.uleb128 0x4
 372 00a2 6A000000 		.4byte	.LASF15
 373 00a6 02       		.byte	0x2
 374 00a7 F0       		.byte	0xf0
 375 00a8 AC000000 		.4byte	0xac
 376 00ac 05       		.uleb128 0x5
 377 00ad 6B000000 		.4byte	0x6b
 378 00b1 04       		.uleb128 0x4
 379 00b2 F8010000 		.4byte	.LASF16
 380 00b6 02       		.byte	0x2
 381 00b7 F2       		.byte	0xf2
 382 00b8 BC000000 		.4byte	0xbc
ARM GAS  C:\Users\dskyNote\AppData\Local\Temp\ccYk1nBf.s 			page 14


 383 00bc 05       		.uleb128 0x5
 384 00bd 81000000 		.4byte	0x81
 385 00c1 02       		.uleb128 0x2
 386 00c2 04       		.byte	0x4
 387 00c3 07       		.byte	0x7
 388 00c4 8F010000 		.4byte	.LASF17
 389 00c8 06       		.uleb128 0x6
 390 00c9 06       		.byte	0x6
 391 00ca 03       		.byte	0x3
 392 00cb 78       		.byte	0x78
 393 00cc 19010000 		.4byte	0x119
 394 00d0 07       		.uleb128 0x7
 395 00d1 AC000000 		.4byte	.LASF18
 396 00d5 03       		.byte	0x3
 397 00d6 7A       		.byte	0x7a
 398 00d7 6B000000 		.4byte	0x6b
 399 00db 00       		.byte	0
 400 00dc 07       		.uleb128 0x7
 401 00dd C1010000 		.4byte	.LASF19
 402 00e1 03       		.byte	0x3
 403 00e2 7D       		.byte	0x7d
 404 00e3 6B000000 		.4byte	0x6b
 405 00e7 01       		.byte	0x1
 406 00e8 08       		.uleb128 0x8
 407 00e9 63666700 		.ascii	"cfg\000"
 408 00ed 03       		.byte	0x3
 409 00ee 7E       		.byte	0x7e
 410 00ef 6B000000 		.4byte	0x6b
 411 00f3 02       		.byte	0x2
 412 00f4 07       		.uleb128 0x7
 413 00f5 81000000 		.4byte	.LASF20
 414 00f9 03       		.byte	0x3
 415 00fa 81       		.byte	0x81
 416 00fb 6B000000 		.4byte	0x6b
 417 00ff 03       		.byte	0x3
 418 0100 07       		.uleb128 0x7
 419 0101 DC000000 		.4byte	.LASF21
 420 0105 03       		.byte	0x3
 421 0106 87       		.byte	0x87
 422 0107 6B000000 		.4byte	0x6b
 423 010b 04       		.byte	0x4
 424 010c 07       		.uleb128 0x7
 425 010d E4000000 		.4byte	.LASF22
 426 0111 03       		.byte	0x3
 427 0112 88       		.byte	0x88
 428 0113 6B000000 		.4byte	0x6b
 429 0117 05       		.byte	0x5
 430 0118 00       		.byte	0
 431 0119 04       		.uleb128 0x4
 432 011a 0E000000 		.4byte	.LASF23
 433 011e 03       		.byte	0x3
 434 011f A2       		.byte	0xa2
 435 0120 C8000000 		.4byte	0xc8
 436 0124 09       		.uleb128 0x9
 437 0125 0A020000 		.4byte	.LASF24
 438 0129 01       		.byte	0x1
 439 012a 5E       		.byte	0x5e
ARM GAS  C:\Users\dskyNote\AppData\Local\Temp\ccYk1nBf.s 			page 15


 440 012b 00000000 		.4byte	.LFB0
 441 012f 58000000 		.4byte	.LFE0-.LFB0
 442 0133 01       		.uleb128 0x1
 443 0134 9C       		.byte	0x9c
 444 0135 0A       		.uleb128 0xa
 445 0136 C6010000 		.4byte	.LASF25
 446 013a 01       		.byte	0x1
 447 013b BA       		.byte	0xba
 448 013c 00000000 		.4byte	.LFB1
 449 0140 40000000 		.4byte	.LFE1-.LFB1
 450 0144 01       		.uleb128 0x1
 451 0145 9C       		.byte	0x9c
 452 0146 0B       		.uleb128 0xb
 453 0147 35000000 		.4byte	.LASF30
 454 014b 01       		.byte	0x1
 455 014c E7       		.byte	0xe7
 456 014d 00000000 		.4byte	.LFB2
 457 0151 8C000000 		.4byte	.LFE2-.LFB2
 458 0155 01       		.uleb128 0x1
 459 0156 9C       		.byte	0x9c
 460 0157 6A010000 		.4byte	0x16a
 461 015b 0C       		.uleb128 0xc
 462 015c 86000000 		.4byte	.LASF31
 463 0160 01       		.byte	0x1
 464 0161 EA       		.byte	0xea
 465 0162 6B000000 		.4byte	0x6b
 466 0166 02       		.uleb128 0x2
 467 0167 91       		.byte	0x91
 468 0168 77       		.sleb128 -9
 469 0169 00       		.byte	0
 470 016a 0D       		.uleb128 0xd
 471 016b E2010000 		.4byte	.LASF26
 472 016f 01       		.byte	0x1
 473 0170 5701     		.2byte	0x157
 474 0172 00000000 		.4byte	.LFB3
 475 0176 28000000 		.4byte	.LFE3-.LFB3
 476 017a 01       		.uleb128 0x1
 477 017b 9C       		.byte	0x9c
 478 017c 0E       		.uleb128 0xe
 479 017d 49000000 		.4byte	.LASF32
 480 0181 01       		.byte	0x1
 481 0182 14       		.byte	0x14
 482 0183 19010000 		.4byte	0x119
 483 0187 05       		.uleb128 0x5
 484 0188 03       		.byte	0x3
 485 0189 00000000 		.4byte	I2C_3_backup
 486 018d 00       		.byte	0
 487              		.section	.debug_abbrev,"",%progbits
 488              	.Ldebug_abbrev0:
 489 0000 01       		.uleb128 0x1
 490 0001 11       		.uleb128 0x11
 491 0002 01       		.byte	0x1
 492 0003 25       		.uleb128 0x25
 493 0004 0E       		.uleb128 0xe
 494 0005 13       		.uleb128 0x13
 495 0006 0B       		.uleb128 0xb
 496 0007 03       		.uleb128 0x3
ARM GAS  C:\Users\dskyNote\AppData\Local\Temp\ccYk1nBf.s 			page 16


 497 0008 0E       		.uleb128 0xe
 498 0009 1B       		.uleb128 0x1b
 499 000a 0E       		.uleb128 0xe
 500 000b 55       		.uleb128 0x55
 501 000c 17       		.uleb128 0x17
 502 000d 11       		.uleb128 0x11
 503 000e 01       		.uleb128 0x1
 504 000f 10       		.uleb128 0x10
 505 0010 17       		.uleb128 0x17
 506 0011 00       		.byte	0
 507 0012 00       		.byte	0
 508 0013 02       		.uleb128 0x2
 509 0014 24       		.uleb128 0x24
 510 0015 00       		.byte	0
 511 0016 0B       		.uleb128 0xb
 512 0017 0B       		.uleb128 0xb
 513 0018 3E       		.uleb128 0x3e
 514 0019 0B       		.uleb128 0xb
 515 001a 03       		.uleb128 0x3
 516 001b 0E       		.uleb128 0xe
 517 001c 00       		.byte	0
 518 001d 00       		.byte	0
 519 001e 03       		.uleb128 0x3
 520 001f 24       		.uleb128 0x24
 521 0020 00       		.byte	0
 522 0021 0B       		.uleb128 0xb
 523 0022 0B       		.uleb128 0xb
 524 0023 3E       		.uleb128 0x3e
 525 0024 0B       		.uleb128 0xb
 526 0025 03       		.uleb128 0x3
 527 0026 08       		.uleb128 0x8
 528 0027 00       		.byte	0
 529 0028 00       		.byte	0
 530 0029 04       		.uleb128 0x4
 531 002a 16       		.uleb128 0x16
 532 002b 00       		.byte	0
 533 002c 03       		.uleb128 0x3
 534 002d 0E       		.uleb128 0xe
 535 002e 3A       		.uleb128 0x3a
 536 002f 0B       		.uleb128 0xb
 537 0030 3B       		.uleb128 0x3b
 538 0031 0B       		.uleb128 0xb
 539 0032 49       		.uleb128 0x49
 540 0033 13       		.uleb128 0x13
 541 0034 00       		.byte	0
 542 0035 00       		.byte	0
 543 0036 05       		.uleb128 0x5
 544 0037 35       		.uleb128 0x35
 545 0038 00       		.byte	0
 546 0039 49       		.uleb128 0x49
 547 003a 13       		.uleb128 0x13
 548 003b 00       		.byte	0
 549 003c 00       		.byte	0
 550 003d 06       		.uleb128 0x6
 551 003e 13       		.uleb128 0x13
 552 003f 01       		.byte	0x1
 553 0040 0B       		.uleb128 0xb
ARM GAS  C:\Users\dskyNote\AppData\Local\Temp\ccYk1nBf.s 			page 17


 554 0041 0B       		.uleb128 0xb
 555 0042 3A       		.uleb128 0x3a
 556 0043 0B       		.uleb128 0xb
 557 0044 3B       		.uleb128 0x3b
 558 0045 0B       		.uleb128 0xb
 559 0046 01       		.uleb128 0x1
 560 0047 13       		.uleb128 0x13
 561 0048 00       		.byte	0
 562 0049 00       		.byte	0
 563 004a 07       		.uleb128 0x7
 564 004b 0D       		.uleb128 0xd
 565 004c 00       		.byte	0
 566 004d 03       		.uleb128 0x3
 567 004e 0E       		.uleb128 0xe
 568 004f 3A       		.uleb128 0x3a
 569 0050 0B       		.uleb128 0xb
 570 0051 3B       		.uleb128 0x3b
 571 0052 0B       		.uleb128 0xb
 572 0053 49       		.uleb128 0x49
 573 0054 13       		.uleb128 0x13
 574 0055 38       		.uleb128 0x38
 575 0056 0B       		.uleb128 0xb
 576 0057 00       		.byte	0
 577 0058 00       		.byte	0
 578 0059 08       		.uleb128 0x8
 579 005a 0D       		.uleb128 0xd
 580 005b 00       		.byte	0
 581 005c 03       		.uleb128 0x3
 582 005d 08       		.uleb128 0x8
 583 005e 3A       		.uleb128 0x3a
 584 005f 0B       		.uleb128 0xb
 585 0060 3B       		.uleb128 0x3b
 586 0061 0B       		.uleb128 0xb
 587 0062 49       		.uleb128 0x49
 588 0063 13       		.uleb128 0x13
 589 0064 38       		.uleb128 0x38
 590 0065 0B       		.uleb128 0xb
 591 0066 00       		.byte	0
 592 0067 00       		.byte	0
 593 0068 09       		.uleb128 0x9
 594 0069 2E       		.uleb128 0x2e
 595 006a 00       		.byte	0
 596 006b 3F       		.uleb128 0x3f
 597 006c 19       		.uleb128 0x19
 598 006d 03       		.uleb128 0x3
 599 006e 0E       		.uleb128 0xe
 600 006f 3A       		.uleb128 0x3a
 601 0070 0B       		.uleb128 0xb
 602 0071 3B       		.uleb128 0x3b
 603 0072 0B       		.uleb128 0xb
 604 0073 27       		.uleb128 0x27
 605 0074 19       		.uleb128 0x19
 606 0075 11       		.uleb128 0x11
 607 0076 01       		.uleb128 0x1
 608 0077 12       		.uleb128 0x12
 609 0078 06       		.uleb128 0x6
 610 0079 40       		.uleb128 0x40
ARM GAS  C:\Users\dskyNote\AppData\Local\Temp\ccYk1nBf.s 			page 18


 611 007a 18       		.uleb128 0x18
 612 007b 9742     		.uleb128 0x2117
 613 007d 19       		.uleb128 0x19
 614 007e 00       		.byte	0
 615 007f 00       		.byte	0
 616 0080 0A       		.uleb128 0xa
 617 0081 2E       		.uleb128 0x2e
 618 0082 00       		.byte	0
 619 0083 3F       		.uleb128 0x3f
 620 0084 19       		.uleb128 0x19
 621 0085 03       		.uleb128 0x3
 622 0086 0E       		.uleb128 0xe
 623 0087 3A       		.uleb128 0x3a
 624 0088 0B       		.uleb128 0xb
 625 0089 3B       		.uleb128 0x3b
 626 008a 0B       		.uleb128 0xb
 627 008b 27       		.uleb128 0x27
 628 008c 19       		.uleb128 0x19
 629 008d 11       		.uleb128 0x11
 630 008e 01       		.uleb128 0x1
 631 008f 12       		.uleb128 0x12
 632 0090 06       		.uleb128 0x6
 633 0091 40       		.uleb128 0x40
 634 0092 18       		.uleb128 0x18
 635 0093 9642     		.uleb128 0x2116
 636 0095 19       		.uleb128 0x19
 637 0096 00       		.byte	0
 638 0097 00       		.byte	0
 639 0098 0B       		.uleb128 0xb
 640 0099 2E       		.uleb128 0x2e
 641 009a 01       		.byte	0x1
 642 009b 3F       		.uleb128 0x3f
 643 009c 19       		.uleb128 0x19
 644 009d 03       		.uleb128 0x3
 645 009e 0E       		.uleb128 0xe
 646 009f 3A       		.uleb128 0x3a
 647 00a0 0B       		.uleb128 0xb
 648 00a1 3B       		.uleb128 0x3b
 649 00a2 0B       		.uleb128 0xb
 650 00a3 27       		.uleb128 0x27
 651 00a4 19       		.uleb128 0x19
 652 00a5 11       		.uleb128 0x11
 653 00a6 01       		.uleb128 0x1
 654 00a7 12       		.uleb128 0x12
 655 00a8 06       		.uleb128 0x6
 656 00a9 40       		.uleb128 0x40
 657 00aa 18       		.uleb128 0x18
 658 00ab 9642     		.uleb128 0x2116
 659 00ad 19       		.uleb128 0x19
 660 00ae 01       		.uleb128 0x1
 661 00af 13       		.uleb128 0x13
 662 00b0 00       		.byte	0
 663 00b1 00       		.byte	0
 664 00b2 0C       		.uleb128 0xc
 665 00b3 34       		.uleb128 0x34
 666 00b4 00       		.byte	0
 667 00b5 03       		.uleb128 0x3
ARM GAS  C:\Users\dskyNote\AppData\Local\Temp\ccYk1nBf.s 			page 19


 668 00b6 0E       		.uleb128 0xe
 669 00b7 3A       		.uleb128 0x3a
 670 00b8 0B       		.uleb128 0xb
 671 00b9 3B       		.uleb128 0x3b
 672 00ba 0B       		.uleb128 0xb
 673 00bb 49       		.uleb128 0x49
 674 00bc 13       		.uleb128 0x13
 675 00bd 02       		.uleb128 0x2
 676 00be 18       		.uleb128 0x18
 677 00bf 00       		.byte	0
 678 00c0 00       		.byte	0
 679 00c1 0D       		.uleb128 0xd
 680 00c2 2E       		.uleb128 0x2e
 681 00c3 00       		.byte	0
 682 00c4 3F       		.uleb128 0x3f
 683 00c5 19       		.uleb128 0x19
 684 00c6 03       		.uleb128 0x3
 685 00c7 0E       		.uleb128 0xe
 686 00c8 3A       		.uleb128 0x3a
 687 00c9 0B       		.uleb128 0xb
 688 00ca 3B       		.uleb128 0x3b
 689 00cb 05       		.uleb128 0x5
 690 00cc 27       		.uleb128 0x27
 691 00cd 19       		.uleb128 0x19
 692 00ce 11       		.uleb128 0x11
 693 00cf 01       		.uleb128 0x1
 694 00d0 12       		.uleb128 0x12
 695 00d1 06       		.uleb128 0x6
 696 00d2 40       		.uleb128 0x40
 697 00d3 18       		.uleb128 0x18
 698 00d4 9642     		.uleb128 0x2116
 699 00d6 19       		.uleb128 0x19
 700 00d7 00       		.byte	0
 701 00d8 00       		.byte	0
 702 00d9 0E       		.uleb128 0xe
 703 00da 34       		.uleb128 0x34
 704 00db 00       		.byte	0
 705 00dc 03       		.uleb128 0x3
 706 00dd 0E       		.uleb128 0xe
 707 00de 3A       		.uleb128 0x3a
 708 00df 0B       		.uleb128 0xb
 709 00e0 3B       		.uleb128 0x3b
 710 00e1 0B       		.uleb128 0xb
 711 00e2 49       		.uleb128 0x49
 712 00e3 13       		.uleb128 0x13
 713 00e4 3F       		.uleb128 0x3f
 714 00e5 19       		.uleb128 0x19
 715 00e6 02       		.uleb128 0x2
 716 00e7 18       		.uleb128 0x18
 717 00e8 00       		.byte	0
 718 00e9 00       		.byte	0
 719 00ea 00       		.byte	0
 720              		.section	.debug_aranges,"",%progbits
 721 0000 34000000 		.4byte	0x34
 722 0004 0200     		.2byte	0x2
 723 0006 00000000 		.4byte	.Ldebug_info0
 724 000a 04       		.byte	0x4
ARM GAS  C:\Users\dskyNote\AppData\Local\Temp\ccYk1nBf.s 			page 20


 725 000b 00       		.byte	0
 726 000c 0000     		.2byte	0
 727 000e 0000     		.2byte	0
 728 0010 00000000 		.4byte	.LFB0
 729 0014 58000000 		.4byte	.LFE0-.LFB0
 730 0018 00000000 		.4byte	.LFB1
 731 001c 40000000 		.4byte	.LFE1-.LFB1
 732 0020 00000000 		.4byte	.LFB2
 733 0024 8C000000 		.4byte	.LFE2-.LFB2
 734 0028 00000000 		.4byte	.LFB3
 735 002c 28000000 		.4byte	.LFE3-.LFB3
 736 0030 00000000 		.4byte	0
 737 0034 00000000 		.4byte	0
 738              		.section	.debug_ranges,"",%progbits
 739              	.Ldebug_ranges0:
 740 0000 00000000 		.4byte	.LFB0
 741 0004 58000000 		.4byte	.LFE0
 742 0008 00000000 		.4byte	.LFB1
 743 000c 40000000 		.4byte	.LFE1
 744 0010 00000000 		.4byte	.LFB2
 745 0014 8C000000 		.4byte	.LFE2
 746 0018 00000000 		.4byte	.LFB3
 747 001c 28000000 		.4byte	.LFE3
 748 0020 00000000 		.4byte	0
 749 0024 00000000 		.4byte	0
 750              		.section	.debug_line,"",%progbits
 751              	.Ldebug_line0:
 752 0000 BA000000 		.section	.debug_str,"MS",%progbits,1
 752      02005200 
 752      00000201 
 752      FB0E0D00 
 752      01010101 
 753              	.LASF6:
 754 0000 6C6F6E67 		.ascii	"long long int\000"
 754      206C6F6E 
 754      6720696E 
 754      7400
 755              	.LASF23:
 756 000e 4932435F 		.ascii	"I2C_3_BACKUP_STRUCT\000"
 756      335F4241 
 756      434B5550 
 756      5F535452 
 756      55435400 
 757              	.LASF3:
 758 0022 73686F72 		.ascii	"short unsigned int\000"
 758      7420756E 
 758      7369676E 
 758      65642069 
 758      6E7400
 759              	.LASF30:
 760 0035 4932435F 		.ascii	"I2C_3_RestoreConfig\000"
 760      335F5265 
 760      73746F72 
 760      65436F6E 
 760      66696700 
 761              	.LASF32:
 762 0049 4932435F 		.ascii	"I2C_3_backup\000"
ARM GAS  C:\Users\dskyNote\AppData\Local\Temp\ccYk1nBf.s 			page 21


 762      335F6261 
 762      636B7570 
 762      00
 763              	.LASF12:
 764 0056 666C6F61 		.ascii	"float\000"
 764      7400
 765              	.LASF1:
 766 005c 756E7369 		.ascii	"unsigned char\000"
 766      676E6564 
 766      20636861 
 766      7200
 767              	.LASF15:
 768 006a 72656738 		.ascii	"reg8\000"
 768      00
 769              	.LASF5:
 770 006f 6C6F6E67 		.ascii	"long unsigned int\000"
 770      20756E73 
 770      69676E65 
 770      6420696E 
 770      7400
 771              	.LASF20:
 772 0081 61646472 		.ascii	"addr\000"
 772      00
 773              	.LASF31:
 774 0086 656E6162 		.ascii	"enableInterrupts\000"
 774      6C65496E 
 774      74657272 
 774      75707473 
 774      00
 775              	.LASF13:
 776 0097 646F7562 		.ascii	"double\000"
 776      6C6500
 777              	.LASF10:
 778 009e 75696E74 		.ascii	"uint16\000"
 778      313600
 779              	.LASF11:
 780 00a5 75696E74 		.ascii	"uint32\000"
 780      333200
 781              	.LASF18:
 782 00ac 656E6162 		.ascii	"enableState\000"
 782      6C655374 
 782      61746500 
 783              	.LASF8:
 784 00b8 756E7369 		.ascii	"unsigned int\000"
 784      676E6564 
 784      20696E74 
 784      00
 785              	.LASF7:
 786 00c5 6C6F6E67 		.ascii	"long long unsigned int\000"
 786      206C6F6E 
 786      6720756E 
 786      7369676E 
 786      65642069 
 787              	.LASF21:
 788 00dc 636C6B44 		.ascii	"clkDiv1\000"
 788      69763100 
 789              	.LASF22:
ARM GAS  C:\Users\dskyNote\AppData\Local\Temp\ccYk1nBf.s 			page 22


 790 00e4 636C6B44 		.ascii	"clkDiv2\000"
 790      69763200 
 791              	.LASF27:
 792 00ec 474E5520 		.ascii	"GNU C 4.8.4 20140526 (release) [ARM/embedded-4_8-br"
 792      4320342E 
 792      382E3420 
 792      32303134 
 792      30353236 
 793 011f 616E6368 		.ascii	"anch revision 211358] -mcpu=cortex-m3 -mthumb -g -O"
 793      20726576 
 793      6973696F 
 793      6E203231 
 793      31333538 
 794 0152 30202D66 		.ascii	"0 -ffunction-sections\000"
 794      66756E63 
 794      74696F6E 
 794      2D736563 
 794      74696F6E 
 795              	.LASF29:
 796 0168 433A5C67 		.ascii	"C:\\gitData\\PSoC\\SFT1.0v\\Design01.cydsn\000"
 796      69744461 
 796      74615C50 
 796      536F435C 
 796      53465431 
 797              	.LASF17:
 798 018f 73697A65 		.ascii	"sizetype\000"
 798      74797065 
 798      00
 799              	.LASF28:
 800 0198 2E5C4765 		.ascii	".\\Generated_Source\\PSoC5\\I2C_3_PM.c\000"
 800      6E657261 
 800      7465645F 
 800      536F7572 
 800      63655C50 
 801              	.LASF14:
 802 01bc 63686172 		.ascii	"char\000"
 802      00
 803              	.LASF19:
 804 01c1 78636667 		.ascii	"xcfg\000"
 804      00
 805              	.LASF25:
 806 01c6 4932435F 		.ascii	"I2C_3_Sleep\000"
 806      335F536C 
 806      65657000 
 807              	.LASF2:
 808 01d2 73686F72 		.ascii	"short int\000"
 808      7420696E 
 808      7400
 809              	.LASF9:
 810 01dc 75696E74 		.ascii	"uint8\000"
 810      3800
 811              	.LASF26:
 812 01e2 4932435F 		.ascii	"I2C_3_Wakeup\000"
 812      335F5761 
 812      6B657570 
 812      00
 813              	.LASF4:
ARM GAS  C:\Users\dskyNote\AppData\Local\Temp\ccYk1nBf.s 			page 23


 814 01ef 6C6F6E67 		.ascii	"long int\000"
 814      20696E74 
 814      00
 815              	.LASF16:
 816 01f8 72656733 		.ascii	"reg32\000"
 816      3200
 817              	.LASF0:
 818 01fe 7369676E 		.ascii	"signed char\000"
 818      65642063 
 818      68617200 
 819              	.LASF24:
 820 020a 4932435F 		.ascii	"I2C_3_SaveConfig\000"
 820      335F5361 
 820      7665436F 
 820      6E666967 
 820      00
 821              		.ident	"GCC: (GNU Tools for ARM Embedded Processors) 4.8.4 20140526 (release) [ARM/embedded-4_8-br
