ARM GAS  C:\Users\dskyNote\AppData\Local\Temp\ccdlHD52.s 			page 1


   1              		.syntax unified
   2              		.cpu cortex-m3
   3              		.fpu softvfp
   4              		.eabi_attribute 20, 1
   5              		.eabi_attribute 21, 1
   6              		.eabi_attribute 23, 3
   7              		.eabi_attribute 24, 1
   8              		.eabi_attribute 25, 1
   9              		.eabi_attribute 26, 1
  10              		.eabi_attribute 30, 6
  11              		.eabi_attribute 34, 1
  12              		.eabi_attribute 18, 4
  13              		.thumb
  14              		.file	"PWM_1_PM.c"
  15              		.text
  16              	.Ltext0:
  17              		.cfi_sections	.debug_frame
  18              		.bss
  19              		.align	2
  20              	PWM_1_backup:
  21 0000 00       		.space	1
  22 0001 000000   		.section	.text.PWM_1_SaveConfig,"ax",%progbits
  23              		.align	2
  24              		.global	PWM_1_SaveConfig
  25              		.thumb
  26              		.thumb_func
  27              		.type	PWM_1_SaveConfig, %function
  28              	PWM_1_SaveConfig:
  29              	.LFB0:
  30              		.file 1 ".\\Generated_Source\\PSoC5\\PWM_1_PM.c"
   1:.\Generated_Source\PSoC5/PWM_1_PM.c **** /*******************************************************************************
   2:.\Generated_Source\PSoC5/PWM_1_PM.c **** * File Name: PWM_1_PM.c
   3:.\Generated_Source\PSoC5/PWM_1_PM.c **** * Version 3.0
   4:.\Generated_Source\PSoC5/PWM_1_PM.c **** *
   5:.\Generated_Source\PSoC5/PWM_1_PM.c **** * Description:
   6:.\Generated_Source\PSoC5/PWM_1_PM.c **** *  This file provides the power management source code to API for the
   7:.\Generated_Source\PSoC5/PWM_1_PM.c **** *  PWM.
   8:.\Generated_Source\PSoC5/PWM_1_PM.c **** *
   9:.\Generated_Source\PSoC5/PWM_1_PM.c **** * Note:
  10:.\Generated_Source\PSoC5/PWM_1_PM.c **** *
  11:.\Generated_Source\PSoC5/PWM_1_PM.c **** ********************************************************************************
  12:.\Generated_Source\PSoC5/PWM_1_PM.c **** * Copyright 2008-2012, Cypress Semiconductor Corporation.  All rights reserved.
  13:.\Generated_Source\PSoC5/PWM_1_PM.c **** * You may use this file only in accordance with the license, terms, conditions,
  14:.\Generated_Source\PSoC5/PWM_1_PM.c **** * disclaimers, and limitations in the end user license agreement accompanying
  15:.\Generated_Source\PSoC5/PWM_1_PM.c **** * the software package with which this file was provided.
  16:.\Generated_Source\PSoC5/PWM_1_PM.c **** *******************************************************************************/
  17:.\Generated_Source\PSoC5/PWM_1_PM.c **** #include "cytypes.h"
  18:.\Generated_Source\PSoC5/PWM_1_PM.c **** #include "PWM_1.h"
  19:.\Generated_Source\PSoC5/PWM_1_PM.c **** 
  20:.\Generated_Source\PSoC5/PWM_1_PM.c **** static PWM_1_backupStruct PWM_1_backup;
  21:.\Generated_Source\PSoC5/PWM_1_PM.c **** 
  22:.\Generated_Source\PSoC5/PWM_1_PM.c **** 
  23:.\Generated_Source\PSoC5/PWM_1_PM.c **** /*******************************************************************************
  24:.\Generated_Source\PSoC5/PWM_1_PM.c **** * Function Name: PWM_1_SaveConfig
  25:.\Generated_Source\PSoC5/PWM_1_PM.c **** ********************************************************************************
  26:.\Generated_Source\PSoC5/PWM_1_PM.c **** *
  27:.\Generated_Source\PSoC5/PWM_1_PM.c **** * Summary:
ARM GAS  C:\Users\dskyNote\AppData\Local\Temp\ccdlHD52.s 			page 2


  28:.\Generated_Source\PSoC5/PWM_1_PM.c **** *  Saves the current user configuration of the component.
  29:.\Generated_Source\PSoC5/PWM_1_PM.c **** *  
  30:.\Generated_Source\PSoC5/PWM_1_PM.c **** * Parameters:  
  31:.\Generated_Source\PSoC5/PWM_1_PM.c **** *  None
  32:.\Generated_Source\PSoC5/PWM_1_PM.c **** *
  33:.\Generated_Source\PSoC5/PWM_1_PM.c **** * Return: 
  34:.\Generated_Source\PSoC5/PWM_1_PM.c **** *  None
  35:.\Generated_Source\PSoC5/PWM_1_PM.c **** *
  36:.\Generated_Source\PSoC5/PWM_1_PM.c **** * Global variables:
  37:.\Generated_Source\PSoC5/PWM_1_PM.c **** *  PWM_1_backup:  Variables of this global structure are modified to 
  38:.\Generated_Source\PSoC5/PWM_1_PM.c **** *  store the values of non retention configuration registers when Sleep() API is 
  39:.\Generated_Source\PSoC5/PWM_1_PM.c **** *  called.
  40:.\Generated_Source\PSoC5/PWM_1_PM.c **** *
  41:.\Generated_Source\PSoC5/PWM_1_PM.c **** *******************************************************************************/
  42:.\Generated_Source\PSoC5/PWM_1_PM.c **** void PWM_1_SaveConfig(void) 
  43:.\Generated_Source\PSoC5/PWM_1_PM.c **** {
  31              		.loc 1 43 0
  32              		.cfi_startproc
  33              		@ args = 0, pretend = 0, frame = 0
  34              		@ frame_needed = 1, uses_anonymous_args = 0
  35              		@ link register save eliminated.
  36 0000 80B4     		push	{r7}
  37              		.cfi_def_cfa_offset 4
  38              		.cfi_offset 7, -4
  39 0002 00AF     		add	r7, sp, #0
  40              		.cfi_def_cfa_register 7
  44:.\Generated_Source\PSoC5/PWM_1_PM.c ****     
  45:.\Generated_Source\PSoC5/PWM_1_PM.c ****     #if(!PWM_1_UsingFixedFunction)
  46:.\Generated_Source\PSoC5/PWM_1_PM.c ****         #if(!PWM_1_PWMModeIsCenterAligned)
  47:.\Generated_Source\PSoC5/PWM_1_PM.c ****             PWM_1_backup.PWMPeriod = PWM_1_ReadPeriod();
  48:.\Generated_Source\PSoC5/PWM_1_PM.c ****         #endif /* (!PWM_1_PWMModeIsCenterAligned) */
  49:.\Generated_Source\PSoC5/PWM_1_PM.c ****         PWM_1_backup.PWMUdb = PWM_1_ReadCounter();
  50:.\Generated_Source\PSoC5/PWM_1_PM.c ****         #if (PWM_1_UseStatus)
  51:.\Generated_Source\PSoC5/PWM_1_PM.c ****             PWM_1_backup.InterruptMaskValue = PWM_1_STATUS_MASK;
  52:.\Generated_Source\PSoC5/PWM_1_PM.c ****         #endif /* (PWM_1_UseStatus) */
  53:.\Generated_Source\PSoC5/PWM_1_PM.c ****         
  54:.\Generated_Source\PSoC5/PWM_1_PM.c ****         #if(PWM_1_DeadBandMode == PWM_1__B_PWM__DBM_256_CLOCKS || \
  55:.\Generated_Source\PSoC5/PWM_1_PM.c ****             PWM_1_DeadBandMode == PWM_1__B_PWM__DBM_2_4_CLOCKS)
  56:.\Generated_Source\PSoC5/PWM_1_PM.c ****             PWM_1_backup.PWMdeadBandValue = PWM_1_ReadDeadTime();
  57:.\Generated_Source\PSoC5/PWM_1_PM.c ****         #endif /*  deadband count is either 2-4 clocks or 256 clocks */
  58:.\Generated_Source\PSoC5/PWM_1_PM.c ****         
  59:.\Generated_Source\PSoC5/PWM_1_PM.c ****         #if(PWM_1_KillModeMinTime)
  60:.\Generated_Source\PSoC5/PWM_1_PM.c ****              PWM_1_backup.PWMKillCounterPeriod = PWM_1_ReadKillTime();
  61:.\Generated_Source\PSoC5/PWM_1_PM.c ****         #endif /* (PWM_1_KillModeMinTime) */
  62:.\Generated_Source\PSoC5/PWM_1_PM.c ****         
  63:.\Generated_Source\PSoC5/PWM_1_PM.c ****         #if(PWM_1_UseControl)
  64:.\Generated_Source\PSoC5/PWM_1_PM.c ****             PWM_1_backup.PWMControlRegister = PWM_1_ReadControlRegister();
  65:.\Generated_Source\PSoC5/PWM_1_PM.c ****         #endif /* (PWM_1_UseControl) */
  66:.\Generated_Source\PSoC5/PWM_1_PM.c ****     #endif  /* (!PWM_1_UsingFixedFunction) */
  67:.\Generated_Source\PSoC5/PWM_1_PM.c **** }
  41              		.loc 1 67 0
  42 0004 BD46     		mov	sp, r7
  43              		@ sp needed
  44 0006 5DF8047B 		ldr	r7, [sp], #4
  45 000a 7047     		bx	lr
  46              		.cfi_endproc
  47              	.LFE0:
ARM GAS  C:\Users\dskyNote\AppData\Local\Temp\ccdlHD52.s 			page 3


  48              		.size	PWM_1_SaveConfig, .-PWM_1_SaveConfig
  49              		.section	.text.PWM_1_RestoreConfig,"ax",%progbits
  50              		.align	2
  51              		.global	PWM_1_RestoreConfig
  52              		.thumb
  53              		.thumb_func
  54              		.type	PWM_1_RestoreConfig, %function
  55              	PWM_1_RestoreConfig:
  56              	.LFB1:
  68:.\Generated_Source\PSoC5/PWM_1_PM.c **** 
  69:.\Generated_Source\PSoC5/PWM_1_PM.c **** 
  70:.\Generated_Source\PSoC5/PWM_1_PM.c **** /*******************************************************************************
  71:.\Generated_Source\PSoC5/PWM_1_PM.c **** * Function Name: PWM_1_RestoreConfig
  72:.\Generated_Source\PSoC5/PWM_1_PM.c **** ********************************************************************************
  73:.\Generated_Source\PSoC5/PWM_1_PM.c **** * 
  74:.\Generated_Source\PSoC5/PWM_1_PM.c **** * Summary:
  75:.\Generated_Source\PSoC5/PWM_1_PM.c **** *  Restores the current user configuration of the component.
  76:.\Generated_Source\PSoC5/PWM_1_PM.c **** *
  77:.\Generated_Source\PSoC5/PWM_1_PM.c **** * Parameters:  
  78:.\Generated_Source\PSoC5/PWM_1_PM.c **** *  None
  79:.\Generated_Source\PSoC5/PWM_1_PM.c **** *
  80:.\Generated_Source\PSoC5/PWM_1_PM.c **** * Return: 
  81:.\Generated_Source\PSoC5/PWM_1_PM.c **** *  None
  82:.\Generated_Source\PSoC5/PWM_1_PM.c **** *
  83:.\Generated_Source\PSoC5/PWM_1_PM.c **** * Global variables:
  84:.\Generated_Source\PSoC5/PWM_1_PM.c **** *  PWM_1_backup:  Variables of this global structure are used to  
  85:.\Generated_Source\PSoC5/PWM_1_PM.c **** *  restore the values of non retention registers on wakeup from sleep mode.
  86:.\Generated_Source\PSoC5/PWM_1_PM.c **** *
  87:.\Generated_Source\PSoC5/PWM_1_PM.c **** *******************************************************************************/
  88:.\Generated_Source\PSoC5/PWM_1_PM.c **** void PWM_1_RestoreConfig(void) 
  89:.\Generated_Source\PSoC5/PWM_1_PM.c **** {
  57              		.loc 1 89 0
  58              		.cfi_startproc
  59              		@ args = 0, pretend = 0, frame = 0
  60              		@ frame_needed = 1, uses_anonymous_args = 0
  61              		@ link register save eliminated.
  62 0000 80B4     		push	{r7}
  63              		.cfi_def_cfa_offset 4
  64              		.cfi_offset 7, -4
  65 0002 00AF     		add	r7, sp, #0
  66              		.cfi_def_cfa_register 7
  90:.\Generated_Source\PSoC5/PWM_1_PM.c ****         #if(!PWM_1_UsingFixedFunction)
  91:.\Generated_Source\PSoC5/PWM_1_PM.c ****             #if(!PWM_1_PWMModeIsCenterAligned)
  92:.\Generated_Source\PSoC5/PWM_1_PM.c ****                 PWM_1_WritePeriod(PWM_1_backup.PWMPeriod);
  93:.\Generated_Source\PSoC5/PWM_1_PM.c ****             #endif /* (!PWM_1_PWMModeIsCenterAligned) */
  94:.\Generated_Source\PSoC5/PWM_1_PM.c ****             PWM_1_WriteCounter(PWM_1_backup.PWMUdb);
  95:.\Generated_Source\PSoC5/PWM_1_PM.c ****             #if (PWM_1_UseStatus)
  96:.\Generated_Source\PSoC5/PWM_1_PM.c ****                 PWM_1_STATUS_MASK = PWM_1_backup.InterruptMaskValue;
  97:.\Generated_Source\PSoC5/PWM_1_PM.c ****             #endif /* (PWM_1_UseStatus) */
  98:.\Generated_Source\PSoC5/PWM_1_PM.c ****             
  99:.\Generated_Source\PSoC5/PWM_1_PM.c ****             #if(PWM_1_DeadBandMode == PWM_1__B_PWM__DBM_256_CLOCKS || \
 100:.\Generated_Source\PSoC5/PWM_1_PM.c ****                 PWM_1_DeadBandMode == PWM_1__B_PWM__DBM_2_4_CLOCKS)
 101:.\Generated_Source\PSoC5/PWM_1_PM.c ****                 PWM_1_WriteDeadTime(PWM_1_backup.PWMdeadBandValue);
 102:.\Generated_Source\PSoC5/PWM_1_PM.c ****             #endif /* deadband count is either 2-4 clocks or 256 clocks */
 103:.\Generated_Source\PSoC5/PWM_1_PM.c ****             
 104:.\Generated_Source\PSoC5/PWM_1_PM.c ****             #if(PWM_1_KillModeMinTime)
 105:.\Generated_Source\PSoC5/PWM_1_PM.c ****                 PWM_1_WriteKillTime(PWM_1_backup.PWMKillCounterPeriod);
ARM GAS  C:\Users\dskyNote\AppData\Local\Temp\ccdlHD52.s 			page 4


 106:.\Generated_Source\PSoC5/PWM_1_PM.c ****             #endif /* (PWM_1_KillModeMinTime) */
 107:.\Generated_Source\PSoC5/PWM_1_PM.c ****             
 108:.\Generated_Source\PSoC5/PWM_1_PM.c ****             #if(PWM_1_UseControl)
 109:.\Generated_Source\PSoC5/PWM_1_PM.c ****                 PWM_1_WriteControlRegister(PWM_1_backup.PWMControlRegister); 
 110:.\Generated_Source\PSoC5/PWM_1_PM.c ****             #endif /* (PWM_1_UseControl) */
 111:.\Generated_Source\PSoC5/PWM_1_PM.c ****         #endif  /* (!PWM_1_UsingFixedFunction) */
 112:.\Generated_Source\PSoC5/PWM_1_PM.c ****     }
  67              		.loc 1 112 0
  68 0004 BD46     		mov	sp, r7
  69              		@ sp needed
  70 0006 5DF8047B 		ldr	r7, [sp], #4
  71 000a 7047     		bx	lr
  72              		.cfi_endproc
  73              	.LFE1:
  74              		.size	PWM_1_RestoreConfig, .-PWM_1_RestoreConfig
  75              		.section	.text.PWM_1_Sleep,"ax",%progbits
  76              		.align	2
  77              		.global	PWM_1_Sleep
  78              		.thumb
  79              		.thumb_func
  80              		.type	PWM_1_Sleep, %function
  81              	PWM_1_Sleep:
  82              	.LFB2:
 113:.\Generated_Source\PSoC5/PWM_1_PM.c **** 
 114:.\Generated_Source\PSoC5/PWM_1_PM.c **** 
 115:.\Generated_Source\PSoC5/PWM_1_PM.c **** /*******************************************************************************
 116:.\Generated_Source\PSoC5/PWM_1_PM.c **** * Function Name: PWM_1_Sleep
 117:.\Generated_Source\PSoC5/PWM_1_PM.c **** ********************************************************************************
 118:.\Generated_Source\PSoC5/PWM_1_PM.c **** * 
 119:.\Generated_Source\PSoC5/PWM_1_PM.c **** * Summary:
 120:.\Generated_Source\PSoC5/PWM_1_PM.c **** *  Disables block's operation and saves the user configuration. Should be called 
 121:.\Generated_Source\PSoC5/PWM_1_PM.c **** *  just prior to entering sleep.
 122:.\Generated_Source\PSoC5/PWM_1_PM.c **** *  
 123:.\Generated_Source\PSoC5/PWM_1_PM.c **** * Parameters:  
 124:.\Generated_Source\PSoC5/PWM_1_PM.c **** *  None
 125:.\Generated_Source\PSoC5/PWM_1_PM.c **** *
 126:.\Generated_Source\PSoC5/PWM_1_PM.c **** * Return: 
 127:.\Generated_Source\PSoC5/PWM_1_PM.c **** *  None
 128:.\Generated_Source\PSoC5/PWM_1_PM.c **** *
 129:.\Generated_Source\PSoC5/PWM_1_PM.c **** * Global variables:
 130:.\Generated_Source\PSoC5/PWM_1_PM.c **** *  PWM_1_backup.PWMEnableState:  Is modified depending on the enable 
 131:.\Generated_Source\PSoC5/PWM_1_PM.c **** *  state of the block before entering sleep mode.
 132:.\Generated_Source\PSoC5/PWM_1_PM.c **** *
 133:.\Generated_Source\PSoC5/PWM_1_PM.c **** *******************************************************************************/
 134:.\Generated_Source\PSoC5/PWM_1_PM.c **** void PWM_1_Sleep(void) 
 135:.\Generated_Source\PSoC5/PWM_1_PM.c **** {
  83              		.loc 1 135 0
  84              		.cfi_startproc
  85              		@ args = 0, pretend = 0, frame = 0
  86              		@ frame_needed = 1, uses_anonymous_args = 0
  87 0000 80B5     		push	{r7, lr}
  88              		.cfi_def_cfa_offset 8
  89              		.cfi_offset 7, -8
  90              		.cfi_offset 14, -4
  91 0002 00AF     		add	r7, sp, #0
  92              		.cfi_def_cfa_register 7
 136:.\Generated_Source\PSoC5/PWM_1_PM.c ****     #if(PWM_1_UseControl)
ARM GAS  C:\Users\dskyNote\AppData\Local\Temp\ccdlHD52.s 			page 5


 137:.\Generated_Source\PSoC5/PWM_1_PM.c ****         if(PWM_1_CTRL_ENABLE == (PWM_1_CONTROL & PWM_1_CTRL_ENABLE))
  93              		.loc 1 137 0
  94 0004 094B     		ldr	r3, .L6
  95 0006 1B78     		ldrb	r3, [r3]
  96 0008 DBB2     		uxtb	r3, r3
  97 000a 03F00103 		and	r3, r3, #1
  98 000e 002B     		cmp	r3, #0
  99 0010 03D0     		beq	.L4
 138:.\Generated_Source\PSoC5/PWM_1_PM.c ****         {
 139:.\Generated_Source\PSoC5/PWM_1_PM.c ****             /*Component is enabled */
 140:.\Generated_Source\PSoC5/PWM_1_PM.c ****             PWM_1_backup.PWMEnableState = 1u;
 100              		.loc 1 140 0
 101 0012 074B     		ldr	r3, .L6+4
 102 0014 0122     		movs	r2, #1
 103 0016 1A70     		strb	r2, [r3]
 104 0018 02E0     		b	.L5
 105              	.L4:
 141:.\Generated_Source\PSoC5/PWM_1_PM.c ****         }
 142:.\Generated_Source\PSoC5/PWM_1_PM.c ****         else
 143:.\Generated_Source\PSoC5/PWM_1_PM.c ****         {
 144:.\Generated_Source\PSoC5/PWM_1_PM.c ****             /* Component is disabled */
 145:.\Generated_Source\PSoC5/PWM_1_PM.c ****             PWM_1_backup.PWMEnableState = 0u;
 106              		.loc 1 145 0
 107 001a 054B     		ldr	r3, .L6+4
 108 001c 0022     		movs	r2, #0
 109 001e 1A70     		strb	r2, [r3]
 110              	.L5:
 146:.\Generated_Source\PSoC5/PWM_1_PM.c ****         }
 147:.\Generated_Source\PSoC5/PWM_1_PM.c ****     #endif /* (PWM_1_UseControl) */
 148:.\Generated_Source\PSoC5/PWM_1_PM.c **** 
 149:.\Generated_Source\PSoC5/PWM_1_PM.c ****     /* Stop component */
 150:.\Generated_Source\PSoC5/PWM_1_PM.c ****     PWM_1_Stop();
 111              		.loc 1 150 0
 112 0020 FFF7FEFF 		bl	PWM_1_Stop
 151:.\Generated_Source\PSoC5/PWM_1_PM.c ****     
 152:.\Generated_Source\PSoC5/PWM_1_PM.c ****     /* Save registers configuration */
 153:.\Generated_Source\PSoC5/PWM_1_PM.c ****     PWM_1_SaveConfig();
 113              		.loc 1 153 0
 114 0024 FFF7FEFF 		bl	PWM_1_SaveConfig
 154:.\Generated_Source\PSoC5/PWM_1_PM.c **** }
 115              		.loc 1 154 0
 116 0028 80BD     		pop	{r7, pc}
 117              	.L7:
 118 002a 00BF     		.align	2
 119              	.L6:
 120 002c 004F0040 		.word	1073762048
 121 0030 00000000 		.word	PWM_1_backup
 122              		.cfi_endproc
 123              	.LFE2:
 124              		.size	PWM_1_Sleep, .-PWM_1_Sleep
 125              		.section	.text.PWM_1_Wakeup,"ax",%progbits
 126              		.align	2
 127              		.global	PWM_1_Wakeup
 128              		.thumb
 129              		.thumb_func
 130              		.type	PWM_1_Wakeup, %function
 131              	PWM_1_Wakeup:
ARM GAS  C:\Users\dskyNote\AppData\Local\Temp\ccdlHD52.s 			page 6


 132              	.LFB3:
 155:.\Generated_Source\PSoC5/PWM_1_PM.c **** 
 156:.\Generated_Source\PSoC5/PWM_1_PM.c **** 
 157:.\Generated_Source\PSoC5/PWM_1_PM.c **** /*******************************************************************************
 158:.\Generated_Source\PSoC5/PWM_1_PM.c **** * Function Name: PWM_1_Wakeup
 159:.\Generated_Source\PSoC5/PWM_1_PM.c **** ********************************************************************************
 160:.\Generated_Source\PSoC5/PWM_1_PM.c **** * 
 161:.\Generated_Source\PSoC5/PWM_1_PM.c **** * Summary:
 162:.\Generated_Source\PSoC5/PWM_1_PM.c **** *  Restores and enables the user configuration. Should be called just after 
 163:.\Generated_Source\PSoC5/PWM_1_PM.c **** *  awaking from sleep.
 164:.\Generated_Source\PSoC5/PWM_1_PM.c **** *  
 165:.\Generated_Source\PSoC5/PWM_1_PM.c **** * Parameters:  
 166:.\Generated_Source\PSoC5/PWM_1_PM.c **** *  None
 167:.\Generated_Source\PSoC5/PWM_1_PM.c **** *
 168:.\Generated_Source\PSoC5/PWM_1_PM.c **** * Return: 
 169:.\Generated_Source\PSoC5/PWM_1_PM.c **** *  None
 170:.\Generated_Source\PSoC5/PWM_1_PM.c **** *
 171:.\Generated_Source\PSoC5/PWM_1_PM.c **** * Global variables:
 172:.\Generated_Source\PSoC5/PWM_1_PM.c **** *  PWM_1_backup.pwmEnable:  Is used to restore the enable state of 
 173:.\Generated_Source\PSoC5/PWM_1_PM.c **** *  block on wakeup from sleep mode.
 174:.\Generated_Source\PSoC5/PWM_1_PM.c **** *
 175:.\Generated_Source\PSoC5/PWM_1_PM.c **** *******************************************************************************/
 176:.\Generated_Source\PSoC5/PWM_1_PM.c **** void PWM_1_Wakeup(void) 
 177:.\Generated_Source\PSoC5/PWM_1_PM.c **** {
 133              		.loc 1 177 0
 134              		.cfi_startproc
 135              		@ args = 0, pretend = 0, frame = 0
 136              		@ frame_needed = 1, uses_anonymous_args = 0
 137 0000 80B5     		push	{r7, lr}
 138              		.cfi_def_cfa_offset 8
 139              		.cfi_offset 7, -8
 140              		.cfi_offset 14, -4
 141 0002 00AF     		add	r7, sp, #0
 142              		.cfi_def_cfa_register 7
 178:.\Generated_Source\PSoC5/PWM_1_PM.c ****      /* Restore registers values */
 179:.\Generated_Source\PSoC5/PWM_1_PM.c ****     PWM_1_RestoreConfig();
 143              		.loc 1 179 0
 144 0004 FFF7FEFF 		bl	PWM_1_RestoreConfig
 180:.\Generated_Source\PSoC5/PWM_1_PM.c ****     
 181:.\Generated_Source\PSoC5/PWM_1_PM.c ****     if(PWM_1_backup.PWMEnableState != 0u)
 145              		.loc 1 181 0
 146 0008 034B     		ldr	r3, .L10
 147 000a 1B78     		ldrb	r3, [r3]	@ zero_extendqisi2
 148 000c 002B     		cmp	r3, #0
 149 000e 01D0     		beq	.L8
 182:.\Generated_Source\PSoC5/PWM_1_PM.c ****     {
 183:.\Generated_Source\PSoC5/PWM_1_PM.c ****         /* Enable component's operation */
 184:.\Generated_Source\PSoC5/PWM_1_PM.c ****         PWM_1_Enable();
 150              		.loc 1 184 0
 151 0010 FFF7FEFF 		bl	PWM_1_Enable
 152              	.L8:
 185:.\Generated_Source\PSoC5/PWM_1_PM.c ****     } /* Do nothing if component's block was disabled before */
 186:.\Generated_Source\PSoC5/PWM_1_PM.c ****     
 187:.\Generated_Source\PSoC5/PWM_1_PM.c **** }
 153              		.loc 1 187 0
 154 0014 80BD     		pop	{r7, pc}
 155              	.L11:
ARM GAS  C:\Users\dskyNote\AppData\Local\Temp\ccdlHD52.s 			page 7


 156 0016 00BF     		.align	2
 157              	.L10:
 158 0018 00000000 		.word	PWM_1_backup
 159              		.cfi_endproc
 160              	.LFE3:
 161              		.size	PWM_1_Wakeup, .-PWM_1_Wakeup
 162              		.text
 163              	.Letext0:
 164              		.file 2 ".\\Generated_Source\\PSoC5\\cytypes.h"
 165              		.file 3 ".\\Generated_Source\\PSoC5\\PWM_1.h"
 166              		.section	.debug_info,"",%progbits
 167              	.Ldebug_info0:
 168 0000 14010000 		.4byte	0x114
 169 0004 0400     		.2byte	0x4
 170 0006 00000000 		.4byte	.Ldebug_abbrev0
 171 000a 04       		.byte	0x4
 172 000b 01       		.uleb128 0x1
 173 000c 59010000 		.4byte	.LASF20
 174 0010 01       		.byte	0x1
 175 0011 7C000000 		.4byte	.LASF21
 176 0015 DA000000 		.4byte	.LASF22
 177 0019 00000000 		.4byte	.Ldebug_ranges0+0
 178 001d 00000000 		.4byte	0
 179 0021 00000000 		.4byte	.Ldebug_line0
 180 0025 02       		.uleb128 0x2
 181 0026 01       		.byte	0x1
 182 0027 06       		.byte	0x6
 183 0028 24010000 		.4byte	.LASF0
 184 002c 02       		.uleb128 0x2
 185 002d 01       		.byte	0x1
 186 002e 08       		.byte	0x8
 187 002f B4000000 		.4byte	.LASF1
 188 0033 02       		.uleb128 0x2
 189 0034 02       		.byte	0x2
 190 0035 05       		.byte	0x5
 191 0036 4F010000 		.4byte	.LASF2
 192 003a 02       		.uleb128 0x2
 193 003b 02       		.byte	0x2
 194 003c 07       		.byte	0x7
 195 003d 11010000 		.4byte	.LASF3
 196 0041 02       		.uleb128 0x2
 197 0042 04       		.byte	0x4
 198 0043 05       		.byte	0x5
 199 0044 08010000 		.4byte	.LASF4
 200 0048 02       		.uleb128 0x2
 201 0049 04       		.byte	0x4
 202 004a 07       		.byte	0x7
 203 004b 46000000 		.4byte	.LASF5
 204 004f 02       		.uleb128 0x2
 205 0050 08       		.byte	0x8
 206 0051 05       		.byte	0x5
 207 0052 00000000 		.4byte	.LASF6
 208 0056 02       		.uleb128 0x2
 209 0057 08       		.byte	0x8
 210 0058 07       		.byte	0x7
 211 0059 58000000 		.4byte	.LASF7
 212 005d 03       		.uleb128 0x3
ARM GAS  C:\Users\dskyNote\AppData\Local\Temp\ccdlHD52.s 			page 8


 213 005e 04       		.byte	0x4
 214 005f 05       		.byte	0x5
 215 0060 696E7400 		.ascii	"int\000"
 216 0064 02       		.uleb128 0x2
 217 0065 04       		.byte	0x4
 218 0066 07       		.byte	0x7
 219 0067 0E000000 		.4byte	.LASF8
 220 006b 04       		.uleb128 0x4
 221 006c 40000000 		.4byte	.LASF12
 222 0070 02       		.byte	0x2
 223 0071 5B       		.byte	0x5b
 224 0072 2C000000 		.4byte	0x2c
 225 0076 02       		.uleb128 0x2
 226 0077 04       		.byte	0x4
 227 0078 04       		.byte	0x4
 228 0079 3D010000 		.4byte	.LASF9
 229 007d 02       		.uleb128 0x2
 230 007e 08       		.byte	0x8
 231 007f 04       		.byte	0x4
 232 0080 01010000 		.4byte	.LASF10
 233 0084 02       		.uleb128 0x2
 234 0085 01       		.byte	0x1
 235 0086 08       		.byte	0x8
 236 0087 C2000000 		.4byte	.LASF11
 237 008b 04       		.uleb128 0x4
 238 008c 3B000000 		.4byte	.LASF13
 239 0090 02       		.byte	0x2
 240 0091 F0       		.byte	0xf0
 241 0092 96000000 		.4byte	0x96
 242 0096 05       		.uleb128 0x5
 243 0097 6B000000 		.4byte	0x6b
 244 009b 02       		.uleb128 0x2
 245 009c 04       		.byte	0x4
 246 009d 07       		.byte	0x7
 247 009e D5010000 		.4byte	.LASF14
 248 00a2 06       		.uleb128 0x6
 249 00a3 01       		.byte	0x1
 250 00a4 03       		.byte	0x3
 251 00a5 6A       		.byte	0x6a
 252 00a6 B7000000 		.4byte	0xb7
 253 00aa 07       		.uleb128 0x7
 254 00ab 1B000000 		.4byte	.LASF23
 255 00af 03       		.byte	0x3
 256 00b0 6D       		.byte	0x6d
 257 00b1 6B000000 		.4byte	0x6b
 258 00b5 00       		.byte	0
 259 00b6 00       		.byte	0
 260 00b7 04       		.uleb128 0x4
 261 00b8 C7000000 		.4byte	.LASF15
 262 00bc 03       		.byte	0x3
 263 00bd 8A       		.byte	0x8a
 264 00be A2000000 		.4byte	0xa2
 265 00c2 08       		.uleb128 0x8
 266 00c3 2A000000 		.4byte	.LASF16
 267 00c7 01       		.byte	0x1
 268 00c8 2A       		.byte	0x2a
 269 00c9 00000000 		.4byte	.LFB0
ARM GAS  C:\Users\dskyNote\AppData\Local\Temp\ccdlHD52.s 			page 9


 270 00cd 0C000000 		.4byte	.LFE0-.LFB0
 271 00d1 01       		.uleb128 0x1
 272 00d2 9C       		.byte	0x9c
 273 00d3 08       		.uleb128 0x8
 274 00d4 A0000000 		.4byte	.LASF17
 275 00d8 01       		.byte	0x1
 276 00d9 58       		.byte	0x58
 277 00da 00000000 		.4byte	.LFB1
 278 00de 0C000000 		.4byte	.LFE1-.LFB1
 279 00e2 01       		.uleb128 0x1
 280 00e3 9C       		.byte	0x9c
 281 00e4 09       		.uleb128 0x9
 282 00e5 43010000 		.4byte	.LASF18
 283 00e9 01       		.byte	0x1
 284 00ea 86       		.byte	0x86
 285 00eb 00000000 		.4byte	.LFB2
 286 00ef 34000000 		.4byte	.LFE2-.LFB2
 287 00f3 01       		.uleb128 0x1
 288 00f4 9C       		.byte	0x9c
 289 00f5 09       		.uleb128 0x9
 290 00f6 30010000 		.4byte	.LASF19
 291 00fa 01       		.byte	0x1
 292 00fb B0       		.byte	0xb0
 293 00fc 00000000 		.4byte	.LFB3
 294 0100 1C000000 		.4byte	.LFE3-.LFB3
 295 0104 01       		.uleb128 0x1
 296 0105 9C       		.byte	0x9c
 297 0106 0A       		.uleb128 0xa
 298 0107 6F000000 		.4byte	.LASF24
 299 010b 01       		.byte	0x1
 300 010c 14       		.byte	0x14
 301 010d B7000000 		.4byte	0xb7
 302 0111 05       		.uleb128 0x5
 303 0112 03       		.byte	0x3
 304 0113 00000000 		.4byte	PWM_1_backup
 305 0117 00       		.byte	0
 306              		.section	.debug_abbrev,"",%progbits
 307              	.Ldebug_abbrev0:
 308 0000 01       		.uleb128 0x1
 309 0001 11       		.uleb128 0x11
 310 0002 01       		.byte	0x1
 311 0003 25       		.uleb128 0x25
 312 0004 0E       		.uleb128 0xe
 313 0005 13       		.uleb128 0x13
 314 0006 0B       		.uleb128 0xb
 315 0007 03       		.uleb128 0x3
 316 0008 0E       		.uleb128 0xe
 317 0009 1B       		.uleb128 0x1b
 318 000a 0E       		.uleb128 0xe
 319 000b 55       		.uleb128 0x55
 320 000c 17       		.uleb128 0x17
 321 000d 11       		.uleb128 0x11
 322 000e 01       		.uleb128 0x1
 323 000f 10       		.uleb128 0x10
 324 0010 17       		.uleb128 0x17
 325 0011 00       		.byte	0
 326 0012 00       		.byte	0
ARM GAS  C:\Users\dskyNote\AppData\Local\Temp\ccdlHD52.s 			page 10


 327 0013 02       		.uleb128 0x2
 328 0014 24       		.uleb128 0x24
 329 0015 00       		.byte	0
 330 0016 0B       		.uleb128 0xb
 331 0017 0B       		.uleb128 0xb
 332 0018 3E       		.uleb128 0x3e
 333 0019 0B       		.uleb128 0xb
 334 001a 03       		.uleb128 0x3
 335 001b 0E       		.uleb128 0xe
 336 001c 00       		.byte	0
 337 001d 00       		.byte	0
 338 001e 03       		.uleb128 0x3
 339 001f 24       		.uleb128 0x24
 340 0020 00       		.byte	0
 341 0021 0B       		.uleb128 0xb
 342 0022 0B       		.uleb128 0xb
 343 0023 3E       		.uleb128 0x3e
 344 0024 0B       		.uleb128 0xb
 345 0025 03       		.uleb128 0x3
 346 0026 08       		.uleb128 0x8
 347 0027 00       		.byte	0
 348 0028 00       		.byte	0
 349 0029 04       		.uleb128 0x4
 350 002a 16       		.uleb128 0x16
 351 002b 00       		.byte	0
 352 002c 03       		.uleb128 0x3
 353 002d 0E       		.uleb128 0xe
 354 002e 3A       		.uleb128 0x3a
 355 002f 0B       		.uleb128 0xb
 356 0030 3B       		.uleb128 0x3b
 357 0031 0B       		.uleb128 0xb
 358 0032 49       		.uleb128 0x49
 359 0033 13       		.uleb128 0x13
 360 0034 00       		.byte	0
 361 0035 00       		.byte	0
 362 0036 05       		.uleb128 0x5
 363 0037 35       		.uleb128 0x35
 364 0038 00       		.byte	0
 365 0039 49       		.uleb128 0x49
 366 003a 13       		.uleb128 0x13
 367 003b 00       		.byte	0
 368 003c 00       		.byte	0
 369 003d 06       		.uleb128 0x6
 370 003e 13       		.uleb128 0x13
 371 003f 01       		.byte	0x1
 372 0040 0B       		.uleb128 0xb
 373 0041 0B       		.uleb128 0xb
 374 0042 3A       		.uleb128 0x3a
 375 0043 0B       		.uleb128 0xb
 376 0044 3B       		.uleb128 0x3b
 377 0045 0B       		.uleb128 0xb
 378 0046 01       		.uleb128 0x1
 379 0047 13       		.uleb128 0x13
 380 0048 00       		.byte	0
 381 0049 00       		.byte	0
 382 004a 07       		.uleb128 0x7
 383 004b 0D       		.uleb128 0xd
ARM GAS  C:\Users\dskyNote\AppData\Local\Temp\ccdlHD52.s 			page 11


 384 004c 00       		.byte	0
 385 004d 03       		.uleb128 0x3
 386 004e 0E       		.uleb128 0xe
 387 004f 3A       		.uleb128 0x3a
 388 0050 0B       		.uleb128 0xb
 389 0051 3B       		.uleb128 0x3b
 390 0052 0B       		.uleb128 0xb
 391 0053 49       		.uleb128 0x49
 392 0054 13       		.uleb128 0x13
 393 0055 38       		.uleb128 0x38
 394 0056 0B       		.uleb128 0xb
 395 0057 00       		.byte	0
 396 0058 00       		.byte	0
 397 0059 08       		.uleb128 0x8
 398 005a 2E       		.uleb128 0x2e
 399 005b 00       		.byte	0
 400 005c 3F       		.uleb128 0x3f
 401 005d 19       		.uleb128 0x19
 402 005e 03       		.uleb128 0x3
 403 005f 0E       		.uleb128 0xe
 404 0060 3A       		.uleb128 0x3a
 405 0061 0B       		.uleb128 0xb
 406 0062 3B       		.uleb128 0x3b
 407 0063 0B       		.uleb128 0xb
 408 0064 27       		.uleb128 0x27
 409 0065 19       		.uleb128 0x19
 410 0066 11       		.uleb128 0x11
 411 0067 01       		.uleb128 0x1
 412 0068 12       		.uleb128 0x12
 413 0069 06       		.uleb128 0x6
 414 006a 40       		.uleb128 0x40
 415 006b 18       		.uleb128 0x18
 416 006c 9742     		.uleb128 0x2117
 417 006e 19       		.uleb128 0x19
 418 006f 00       		.byte	0
 419 0070 00       		.byte	0
 420 0071 09       		.uleb128 0x9
 421 0072 2E       		.uleb128 0x2e
 422 0073 00       		.byte	0
 423 0074 3F       		.uleb128 0x3f
 424 0075 19       		.uleb128 0x19
 425 0076 03       		.uleb128 0x3
 426 0077 0E       		.uleb128 0xe
 427 0078 3A       		.uleb128 0x3a
 428 0079 0B       		.uleb128 0xb
 429 007a 3B       		.uleb128 0x3b
 430 007b 0B       		.uleb128 0xb
 431 007c 27       		.uleb128 0x27
 432 007d 19       		.uleb128 0x19
 433 007e 11       		.uleb128 0x11
 434 007f 01       		.uleb128 0x1
 435 0080 12       		.uleb128 0x12
 436 0081 06       		.uleb128 0x6
 437 0082 40       		.uleb128 0x40
 438 0083 18       		.uleb128 0x18
 439 0084 9642     		.uleb128 0x2116
 440 0086 19       		.uleb128 0x19
ARM GAS  C:\Users\dskyNote\AppData\Local\Temp\ccdlHD52.s 			page 12


 441 0087 00       		.byte	0
 442 0088 00       		.byte	0
 443 0089 0A       		.uleb128 0xa
 444 008a 34       		.uleb128 0x34
 445 008b 00       		.byte	0
 446 008c 03       		.uleb128 0x3
 447 008d 0E       		.uleb128 0xe
 448 008e 3A       		.uleb128 0x3a
 449 008f 0B       		.uleb128 0xb
 450 0090 3B       		.uleb128 0x3b
 451 0091 0B       		.uleb128 0xb
 452 0092 49       		.uleb128 0x49
 453 0093 13       		.uleb128 0x13
 454 0094 02       		.uleb128 0x2
 455 0095 18       		.uleb128 0x18
 456 0096 00       		.byte	0
 457 0097 00       		.byte	0
 458 0098 00       		.byte	0
 459              		.section	.debug_aranges,"",%progbits
 460 0000 34000000 		.4byte	0x34
 461 0004 0200     		.2byte	0x2
 462 0006 00000000 		.4byte	.Ldebug_info0
 463 000a 04       		.byte	0x4
 464 000b 00       		.byte	0
 465 000c 0000     		.2byte	0
 466 000e 0000     		.2byte	0
 467 0010 00000000 		.4byte	.LFB0
 468 0014 0C000000 		.4byte	.LFE0-.LFB0
 469 0018 00000000 		.4byte	.LFB1
 470 001c 0C000000 		.4byte	.LFE1-.LFB1
 471 0020 00000000 		.4byte	.LFB2
 472 0024 34000000 		.4byte	.LFE2-.LFB2
 473 0028 00000000 		.4byte	.LFB3
 474 002c 1C000000 		.4byte	.LFE3-.LFB3
 475 0030 00000000 		.4byte	0
 476 0034 00000000 		.4byte	0
 477              		.section	.debug_ranges,"",%progbits
 478              	.Ldebug_ranges0:
 479 0000 00000000 		.4byte	.LFB0
 480 0004 0C000000 		.4byte	.LFE0
 481 0008 00000000 		.4byte	.LFB1
 482 000c 0C000000 		.4byte	.LFE1
 483 0010 00000000 		.4byte	.LFB2
 484 0014 34000000 		.4byte	.LFE2
 485 0018 00000000 		.4byte	.LFB3
 486 001c 1C000000 		.4byte	.LFE3
 487 0020 00000000 		.4byte	0
 488 0024 00000000 		.4byte	0
 489              		.section	.debug_line,"",%progbits
 490              	.Ldebug_line0:
 491 0000 A7000000 		.section	.debug_str,"MS",%progbits,1
 491      02005200 
 491      00000201 
 491      FB0E0D00 
 491      01010101 
 492              	.LASF6:
 493 0000 6C6F6E67 		.ascii	"long long int\000"
ARM GAS  C:\Users\dskyNote\AppData\Local\Temp\ccdlHD52.s 			page 13


 493      206C6F6E 
 493      6720696E 
 493      7400
 494              	.LASF8:
 495 000e 756E7369 		.ascii	"unsigned int\000"
 495      676E6564 
 495      20696E74 
 495      00
 496              	.LASF23:
 497 001b 50574D45 		.ascii	"PWMEnableState\000"
 497      6E61626C 
 497      65537461 
 497      746500
 498              	.LASF16:
 499 002a 50574D5F 		.ascii	"PWM_1_SaveConfig\000"
 499      315F5361 
 499      7665436F 
 499      6E666967 
 499      00
 500              	.LASF13:
 501 003b 72656738 		.ascii	"reg8\000"
 501      00
 502              	.LASF12:
 503 0040 75696E74 		.ascii	"uint8\000"
 503      3800
 504              	.LASF5:
 505 0046 6C6F6E67 		.ascii	"long unsigned int\000"
 505      20756E73 
 505      69676E65 
 505      6420696E 
 505      7400
 506              	.LASF7:
 507 0058 6C6F6E67 		.ascii	"long long unsigned int\000"
 507      206C6F6E 
 507      6720756E 
 507      7369676E 
 507      65642069 
 508              	.LASF24:
 509 006f 50574D5F 		.ascii	"PWM_1_backup\000"
 509      315F6261 
 509      636B7570 
 509      00
 510              	.LASF21:
 511 007c 2E5C4765 		.ascii	".\\Generated_Source\\PSoC5\\PWM_1_PM.c\000"
 511      6E657261 
 511      7465645F 
 511      536F7572 
 511      63655C50 
 512              	.LASF17:
 513 00a0 50574D5F 		.ascii	"PWM_1_RestoreConfig\000"
 513      315F5265 
 513      73746F72 
 513      65436F6E 
 513      66696700 
 514              	.LASF1:
 515 00b4 756E7369 		.ascii	"unsigned char\000"
 515      676E6564 
ARM GAS  C:\Users\dskyNote\AppData\Local\Temp\ccdlHD52.s 			page 14


 515      20636861 
 515      7200
 516              	.LASF11:
 517 00c2 63686172 		.ascii	"char\000"
 517      00
 518              	.LASF15:
 519 00c7 50574D5F 		.ascii	"PWM_1_backupStruct\000"
 519      315F6261 
 519      636B7570 
 519      53747275 
 519      637400
 520              	.LASF22:
 521 00da 433A5C67 		.ascii	"C:\\gitData\\PSoC\\SFT1.0v\\Design01.cydsn\000"
 521      69744461 
 521      74615C50 
 521      536F435C 
 521      53465431 
 522              	.LASF10:
 523 0101 646F7562 		.ascii	"double\000"
 523      6C6500
 524              	.LASF4:
 525 0108 6C6F6E67 		.ascii	"long int\000"
 525      20696E74 
 525      00
 526              	.LASF3:
 527 0111 73686F72 		.ascii	"short unsigned int\000"
 527      7420756E 
 527      7369676E 
 527      65642069 
 527      6E7400
 528              	.LASF0:
 529 0124 7369676E 		.ascii	"signed char\000"
 529      65642063 
 529      68617200 
 530              	.LASF19:
 531 0130 50574D5F 		.ascii	"PWM_1_Wakeup\000"
 531      315F5761 
 531      6B657570 
 531      00
 532              	.LASF9:
 533 013d 666C6F61 		.ascii	"float\000"
 533      7400
 534              	.LASF18:
 535 0143 50574D5F 		.ascii	"PWM_1_Sleep\000"
 535      315F536C 
 535      65657000 
 536              	.LASF2:
 537 014f 73686F72 		.ascii	"short int\000"
 537      7420696E 
 537      7400
 538              	.LASF20:
 539 0159 474E5520 		.ascii	"GNU C 4.8.4 20140526 (release) [ARM/embedded-4_8-br"
 539      4320342E 
 539      382E3420 
 539      32303134 
 539      30353236 
 540 018c 616E6368 		.ascii	"anch revision 211358] -mcpu=cortex-m3 -mthumb -g -O"
ARM GAS  C:\Users\dskyNote\AppData\Local\Temp\ccdlHD52.s 			page 15


 540      20726576 
 540      6973696F 
 540      6E203231 
 540      31333538 
 541 01bf 30202D66 		.ascii	"0 -ffunction-sections\000"
 541      66756E63 
 541      74696F6E 
 541      2D736563 
 541      74696F6E 
 542              	.LASF14:
 543 01d5 73697A65 		.ascii	"sizetype\000"
 543      74797065 
 543      00
 544              		.ident	"GCC: (GNU Tools for ARM Embedded Processors) 4.8.4 20140526 (release) [ARM/embedded-4_8-br
