ARM GAS  C:\Users\dskyNote\AppData\Local\Temp\ccecrrSY.s 			page 1


   1              		.syntax unified
   2              		.cpu cortex-m3
   3              		.fpu softvfp
   4              		.eabi_attribute 20, 1
   5              		.eabi_attribute 21, 1
   6              		.eabi_attribute 23, 3
   7              		.eabi_attribute 24, 1
   8              		.eabi_attribute 25, 1
   9              		.eabi_attribute 26, 1
  10              		.eabi_attribute 30, 6
  11              		.eabi_attribute 34, 1
  12              		.eabi_attribute 18, 4
  13              		.thumb
  14              		.file	"UART_1_INT.c"
  15              		.text
  16              	.Ltext0:
  17              		.cfi_sections	.debug_frame
  18              		.section	.text.UART_1_RXISR,"ax",%progbits
  19              		.align	2
  20              		.global	UART_1_RXISR
  21              		.thumb
  22              		.thumb_func
  23              		.type	UART_1_RXISR, %function
  24              	UART_1_RXISR:
  25              	.LFB0:
  26              		.file 1 ".\\Generated_Source\\PSoC5\\UART_1_INT.c"
   1:.\Generated_Source\PSoC5/UART_1_INT.c **** /*******************************************************************************
   2:.\Generated_Source\PSoC5/UART_1_INT.c **** * File Name: UART_1_INT.c
   3:.\Generated_Source\PSoC5/UART_1_INT.c **** * Version 2.30
   4:.\Generated_Source\PSoC5/UART_1_INT.c **** *
   5:.\Generated_Source\PSoC5/UART_1_INT.c **** * Description:
   6:.\Generated_Source\PSoC5/UART_1_INT.c **** *  This file provides all Interrupt Service functionality of the UART component
   7:.\Generated_Source\PSoC5/UART_1_INT.c **** *
   8:.\Generated_Source\PSoC5/UART_1_INT.c **** * Note:
   9:.\Generated_Source\PSoC5/UART_1_INT.c **** *  Any unusual or non-standard behavior should be noted here. Other-
  10:.\Generated_Source\PSoC5/UART_1_INT.c **** *  wise, this section should remain blank.
  11:.\Generated_Source\PSoC5/UART_1_INT.c **** *
  12:.\Generated_Source\PSoC5/UART_1_INT.c **** ********************************************************************************
  13:.\Generated_Source\PSoC5/UART_1_INT.c **** * Copyright 2008-2012, Cypress Semiconductor Corporation.  All rights reserved.
  14:.\Generated_Source\PSoC5/UART_1_INT.c **** * You may use this file only in accordance with the license, terms, conditions,
  15:.\Generated_Source\PSoC5/UART_1_INT.c **** * disclaimers, and limitations in the end user license agreement accompanying
  16:.\Generated_Source\PSoC5/UART_1_INT.c **** * the software package with which this file was provided.
  17:.\Generated_Source\PSoC5/UART_1_INT.c **** *******************************************************************************/
  18:.\Generated_Source\PSoC5/UART_1_INT.c **** 
  19:.\Generated_Source\PSoC5/UART_1_INT.c **** #include "UART_1.h"
  20:.\Generated_Source\PSoC5/UART_1_INT.c **** #include "CyLib.h"
  21:.\Generated_Source\PSoC5/UART_1_INT.c **** 
  22:.\Generated_Source\PSoC5/UART_1_INT.c **** 
  23:.\Generated_Source\PSoC5/UART_1_INT.c **** /***************************************
  24:.\Generated_Source\PSoC5/UART_1_INT.c **** * Custom Declratations
  25:.\Generated_Source\PSoC5/UART_1_INT.c **** ***************************************/
  26:.\Generated_Source\PSoC5/UART_1_INT.c **** /* `#START CUSTOM_DECLARATIONS` Place your declaration here */
  27:.\Generated_Source\PSoC5/UART_1_INT.c **** 
  28:.\Generated_Source\PSoC5/UART_1_INT.c **** /* `#END` */
  29:.\Generated_Source\PSoC5/UART_1_INT.c **** 
  30:.\Generated_Source\PSoC5/UART_1_INT.c **** #if( (UART_1_RX_ENABLED || UART_1_HD_ENABLED) && \
  31:.\Generated_Source\PSoC5/UART_1_INT.c ****      (UART_1_RXBUFFERSIZE > UART_1_FIFO_LENGTH))
ARM GAS  C:\Users\dskyNote\AppData\Local\Temp\ccecrrSY.s 			page 2


  32:.\Generated_Source\PSoC5/UART_1_INT.c **** 
  33:.\Generated_Source\PSoC5/UART_1_INT.c **** 
  34:.\Generated_Source\PSoC5/UART_1_INT.c ****     /*******************************************************************************
  35:.\Generated_Source\PSoC5/UART_1_INT.c ****     * Function Name: UART_1_RXISR
  36:.\Generated_Source\PSoC5/UART_1_INT.c ****     ********************************************************************************
  37:.\Generated_Source\PSoC5/UART_1_INT.c ****     *
  38:.\Generated_Source\PSoC5/UART_1_INT.c ****     * Summary:
  39:.\Generated_Source\PSoC5/UART_1_INT.c ****     *  Interrupt Service Routine for RX portion of the UART
  40:.\Generated_Source\PSoC5/UART_1_INT.c ****     *
  41:.\Generated_Source\PSoC5/UART_1_INT.c ****     * Parameters:
  42:.\Generated_Source\PSoC5/UART_1_INT.c ****     *  None.
  43:.\Generated_Source\PSoC5/UART_1_INT.c ****     *
  44:.\Generated_Source\PSoC5/UART_1_INT.c ****     * Return:
  45:.\Generated_Source\PSoC5/UART_1_INT.c ****     *  None.
  46:.\Generated_Source\PSoC5/UART_1_INT.c ****     *
  47:.\Generated_Source\PSoC5/UART_1_INT.c ****     * Global Variables:
  48:.\Generated_Source\PSoC5/UART_1_INT.c ****     *  UART_1_rxBuffer - RAM buffer pointer for save received data.
  49:.\Generated_Source\PSoC5/UART_1_INT.c ****     *  UART_1_rxBufferWrite - cyclic index for write to rxBuffer,
  50:.\Generated_Source\PSoC5/UART_1_INT.c ****     *     increments after each byte saved to buffer.
  51:.\Generated_Source\PSoC5/UART_1_INT.c ****     *  UART_1_rxBufferRead - cyclic index for read from rxBuffer,
  52:.\Generated_Source\PSoC5/UART_1_INT.c ****     *     checked to detect overflow condition.
  53:.\Generated_Source\PSoC5/UART_1_INT.c ****     *  UART_1_rxBufferOverflow - software overflow flag. Set to one
  54:.\Generated_Source\PSoC5/UART_1_INT.c ****     *     when UART_1_rxBufferWrite index overtakes
  55:.\Generated_Source\PSoC5/UART_1_INT.c ****     *     UART_1_rxBufferRead index.
  56:.\Generated_Source\PSoC5/UART_1_INT.c ****     *  UART_1_rxBufferLoopDetect - additional variable to detect overflow.
  57:.\Generated_Source\PSoC5/UART_1_INT.c ****     *     Set to one when UART_1_rxBufferWrite is equal to
  58:.\Generated_Source\PSoC5/UART_1_INT.c ****     *    UART_1_rxBufferRead
  59:.\Generated_Source\PSoC5/UART_1_INT.c ****     *  UART_1_rxAddressMode - this variable contains the Address mode,
  60:.\Generated_Source\PSoC5/UART_1_INT.c ****     *     selected in customizer or set by UART_SetRxAddressMode() API.
  61:.\Generated_Source\PSoC5/UART_1_INT.c ****     *  UART_1_rxAddressDetected - set to 1 when correct address received,
  62:.\Generated_Source\PSoC5/UART_1_INT.c ****     *     and analysed to store following addressed data bytes to the buffer.
  63:.\Generated_Source\PSoC5/UART_1_INT.c ****     *     When not correct address received, set to 0 to skip following data bytes.
  64:.\Generated_Source\PSoC5/UART_1_INT.c ****     *
  65:.\Generated_Source\PSoC5/UART_1_INT.c ****     *******************************************************************************/
  66:.\Generated_Source\PSoC5/UART_1_INT.c ****     CY_ISR(UART_1_RXISR)
  67:.\Generated_Source\PSoC5/UART_1_INT.c ****     {
  27              		.loc 1 67 0
  28              		.cfi_startproc
  29              		@ args = 0, pretend = 0, frame = 8
  30              		@ frame_needed = 1, uses_anonymous_args = 0
  31              		@ link register save eliminated.
  32 0000 80B4     		push	{r7}
  33              		.cfi_def_cfa_offset 4
  34              		.cfi_offset 7, -4
  35 0002 83B0     		sub	sp, sp, #12
  36              		.cfi_def_cfa_offset 16
  37 0004 00AF     		add	r7, sp, #0
  38              		.cfi_def_cfa_register 7
  68:.\Generated_Source\PSoC5/UART_1_INT.c ****         uint8 readData;
  69:.\Generated_Source\PSoC5/UART_1_INT.c ****         uint8 increment_pointer = 0u;
  39              		.loc 1 69 0
  40 0006 0023     		movs	r3, #0
  41 0008 BB71     		strb	r3, [r7, #6]
  70:.\Generated_Source\PSoC5/UART_1_INT.c ****         #if(CY_PSOC3)
  71:.\Generated_Source\PSoC5/UART_1_INT.c ****             uint8 int_en;
  72:.\Generated_Source\PSoC5/UART_1_INT.c ****         #endif /* CY_PSOC3 */
  73:.\Generated_Source\PSoC5/UART_1_INT.c **** 
ARM GAS  C:\Users\dskyNote\AppData\Local\Temp\ccecrrSY.s 			page 3


  74:.\Generated_Source\PSoC5/UART_1_INT.c ****         /* User code required at start of ISR */
  75:.\Generated_Source\PSoC5/UART_1_INT.c ****         /* `#START UART_1_RXISR_START` */
  76:.\Generated_Source\PSoC5/UART_1_INT.c **** 
  77:.\Generated_Source\PSoC5/UART_1_INT.c ****         /* `#END` */
  78:.\Generated_Source\PSoC5/UART_1_INT.c **** 
  79:.\Generated_Source\PSoC5/UART_1_INT.c ****         #if(CY_PSOC3)   /* Make sure nested interrupt is enabled */
  80:.\Generated_Source\PSoC5/UART_1_INT.c ****             int_en = EA;
  81:.\Generated_Source\PSoC5/UART_1_INT.c ****             CyGlobalIntEnable;
  82:.\Generated_Source\PSoC5/UART_1_INT.c ****         #endif /* CY_PSOC3 */
  83:.\Generated_Source\PSoC5/UART_1_INT.c **** 
  84:.\Generated_Source\PSoC5/UART_1_INT.c ****         readData = UART_1_RXSTATUS_REG;
  42              		.loc 1 84 0
  43 000a 274B     		ldr	r3, .L8
  44 000c 1B78     		ldrb	r3, [r3]
  45 000e FB71     		strb	r3, [r7, #7]
  85:.\Generated_Source\PSoC5/UART_1_INT.c **** 
  86:.\Generated_Source\PSoC5/UART_1_INT.c ****         if((readData & (UART_1_RX_STS_BREAK | UART_1_RX_STS_PAR_ERROR |
  87:.\Generated_Source\PSoC5/UART_1_INT.c ****                         UART_1_RX_STS_STOP_ERROR | UART_1_RX_STS_OVERRUN)) != 0u)
  88:.\Generated_Source\PSoC5/UART_1_INT.c ****         {
  89:.\Generated_Source\PSoC5/UART_1_INT.c ****             /* ERROR handling. */
  90:.\Generated_Source\PSoC5/UART_1_INT.c ****             /* `#START UART_1_RXISR_ERROR` */
  91:.\Generated_Source\PSoC5/UART_1_INT.c **** 
  92:.\Generated_Source\PSoC5/UART_1_INT.c ****             /* `#END` */
  93:.\Generated_Source\PSoC5/UART_1_INT.c ****         }
  94:.\Generated_Source\PSoC5/UART_1_INT.c **** 
  95:.\Generated_Source\PSoC5/UART_1_INT.c ****         while((readData & UART_1_RX_STS_FIFO_NOTEMPTY) != 0u)
  46              		.loc 1 95 0
  47 0010 3FE0     		b	.L2
  48              	.L7:
  96:.\Generated_Source\PSoC5/UART_1_INT.c ****         {
  97:.\Generated_Source\PSoC5/UART_1_INT.c **** 
  98:.\Generated_Source\PSoC5/UART_1_INT.c ****             #if (UART_1_RXHW_ADDRESS_ENABLED)
  99:.\Generated_Source\PSoC5/UART_1_INT.c ****                 if(UART_1_rxAddressMode == (uint8)UART_1__B_UART__AM_SW_DETECT_TO_BUFFER)
 100:.\Generated_Source\PSoC5/UART_1_INT.c ****                 {
 101:.\Generated_Source\PSoC5/UART_1_INT.c ****                     if((readData & UART_1_RX_STS_MRKSPC) != 0u)
 102:.\Generated_Source\PSoC5/UART_1_INT.c ****                     {
 103:.\Generated_Source\PSoC5/UART_1_INT.c ****                         if ((readData & UART_1_RX_STS_ADDR_MATCH) != 0u)
 104:.\Generated_Source\PSoC5/UART_1_INT.c ****                         {
 105:.\Generated_Source\PSoC5/UART_1_INT.c ****                             UART_1_rxAddressDetected = 1u;
 106:.\Generated_Source\PSoC5/UART_1_INT.c ****                         }
 107:.\Generated_Source\PSoC5/UART_1_INT.c ****                         else
 108:.\Generated_Source\PSoC5/UART_1_INT.c ****                         {
 109:.\Generated_Source\PSoC5/UART_1_INT.c ****                             UART_1_rxAddressDetected = 0u;
 110:.\Generated_Source\PSoC5/UART_1_INT.c ****                         }
 111:.\Generated_Source\PSoC5/UART_1_INT.c ****                     }
 112:.\Generated_Source\PSoC5/UART_1_INT.c **** 
 113:.\Generated_Source\PSoC5/UART_1_INT.c ****                     readData = UART_1_RXDATA_REG;
 114:.\Generated_Source\PSoC5/UART_1_INT.c ****                     if(UART_1_rxAddressDetected != 0u)
 115:.\Generated_Source\PSoC5/UART_1_INT.c ****                     {   /* store only addressed data */
 116:.\Generated_Source\PSoC5/UART_1_INT.c ****                         UART_1_rxBuffer[UART_1_rxBufferWrite] = readData;
 117:.\Generated_Source\PSoC5/UART_1_INT.c ****                         increment_pointer = 1u;
 118:.\Generated_Source\PSoC5/UART_1_INT.c ****                     }
 119:.\Generated_Source\PSoC5/UART_1_INT.c ****                 }
 120:.\Generated_Source\PSoC5/UART_1_INT.c ****                 else /* without software addressing */
 121:.\Generated_Source\PSoC5/UART_1_INT.c ****                 {
 122:.\Generated_Source\PSoC5/UART_1_INT.c ****                     UART_1_rxBuffer[UART_1_rxBufferWrite] = UART_1_RXDATA_REG;
 123:.\Generated_Source\PSoC5/UART_1_INT.c ****                     increment_pointer = 1u;
ARM GAS  C:\Users\dskyNote\AppData\Local\Temp\ccecrrSY.s 			page 4


 124:.\Generated_Source\PSoC5/UART_1_INT.c ****                 }
 125:.\Generated_Source\PSoC5/UART_1_INT.c ****             #else  /* without addressing */
 126:.\Generated_Source\PSoC5/UART_1_INT.c ****                 UART_1_rxBuffer[UART_1_rxBufferWrite] = UART_1_RXDATA_REG;
  49              		.loc 1 126 0
  50 0012 264B     		ldr	r3, .L8+4
  51 0014 1B78     		ldrb	r3, [r3]
  52 0016 DBB2     		uxtb	r3, r3
  53 0018 254A     		ldr	r2, .L8+8
  54 001a 1278     		ldrb	r2, [r2]
  55 001c D1B2     		uxtb	r1, r2
  56 001e 254A     		ldr	r2, .L8+12
  57 0020 D154     		strb	r1, [r2, r3]
 127:.\Generated_Source\PSoC5/UART_1_INT.c ****                 increment_pointer = 1u;
  58              		.loc 1 127 0
  59 0022 0123     		movs	r3, #1
  60 0024 BB71     		strb	r3, [r7, #6]
 128:.\Generated_Source\PSoC5/UART_1_INT.c ****             #endif /* End SW_DETECT_TO_BUFFER */
 129:.\Generated_Source\PSoC5/UART_1_INT.c **** 
 130:.\Generated_Source\PSoC5/UART_1_INT.c ****             /* do not increment buffer pointer when skip not adderessed data */
 131:.\Generated_Source\PSoC5/UART_1_INT.c ****             if( increment_pointer != 0u )
  61              		.loc 1 131 0
  62 0026 BB79     		ldrb	r3, [r7, #6]	@ zero_extendqisi2
  63 0028 002B     		cmp	r3, #0
  64 002a 2FD0     		beq	.L3
 132:.\Generated_Source\PSoC5/UART_1_INT.c ****             {
 133:.\Generated_Source\PSoC5/UART_1_INT.c ****                 if(UART_1_rxBufferLoopDetect != 0u)
  65              		.loc 1 133 0
  66 002c 224B     		ldr	r3, .L8+16
  67 002e 1B78     		ldrb	r3, [r3]
  68 0030 DBB2     		uxtb	r3, r3
  69 0032 002B     		cmp	r3, #0
  70 0034 02D0     		beq	.L4
 134:.\Generated_Source\PSoC5/UART_1_INT.c ****                 {   /* Set Software Buffer status Overflow */
 135:.\Generated_Source\PSoC5/UART_1_INT.c ****                     UART_1_rxBufferOverflow = 1u;
  71              		.loc 1 135 0
  72 0036 214B     		ldr	r3, .L8+20
  73 0038 0122     		movs	r2, #1
  74 003a 1A70     		strb	r2, [r3]
  75              	.L4:
 136:.\Generated_Source\PSoC5/UART_1_INT.c ****                 }
 137:.\Generated_Source\PSoC5/UART_1_INT.c ****                 /* Set next pointer. */
 138:.\Generated_Source\PSoC5/UART_1_INT.c ****                 UART_1_rxBufferWrite++;
  76              		.loc 1 138 0
  77 003c 1B4B     		ldr	r3, .L8+4
  78 003e 1B78     		ldrb	r3, [r3]
  79 0040 DBB2     		uxtb	r3, r3
  80 0042 0133     		adds	r3, r3, #1
  81 0044 DAB2     		uxtb	r2, r3
  82 0046 194B     		ldr	r3, .L8+4
  83 0048 1A70     		strb	r2, [r3]
 139:.\Generated_Source\PSoC5/UART_1_INT.c **** 
 140:.\Generated_Source\PSoC5/UART_1_INT.c ****                 /* Check pointer for a loop condition */
 141:.\Generated_Source\PSoC5/UART_1_INT.c ****                 if(UART_1_rxBufferWrite >= UART_1_RXBUFFERSIZE)
  84              		.loc 1 141 0
  85 004a 184B     		ldr	r3, .L8+4
  86 004c 1B78     		ldrb	r3, [r3]
  87 004e DBB2     		uxtb	r3, r3
ARM GAS  C:\Users\dskyNote\AppData\Local\Temp\ccecrrSY.s 			page 5


  88 0050 DBB2     		uxtb	r3, r3
  89 0052 5BB2     		sxtb	r3, r3
  90 0054 002B     		cmp	r3, #0
  91 0056 02DA     		bge	.L5
 142:.\Generated_Source\PSoC5/UART_1_INT.c ****                 {
 143:.\Generated_Source\PSoC5/UART_1_INT.c ****                     UART_1_rxBufferWrite = 0u;
  92              		.loc 1 143 0
  93 0058 144B     		ldr	r3, .L8+4
  94 005a 0022     		movs	r2, #0
  95 005c 1A70     		strb	r2, [r3]
  96              	.L5:
 144:.\Generated_Source\PSoC5/UART_1_INT.c ****                 }
 145:.\Generated_Source\PSoC5/UART_1_INT.c ****                 /* Detect pre-overload condition and set flag */
 146:.\Generated_Source\PSoC5/UART_1_INT.c ****                 if(UART_1_rxBufferWrite == UART_1_rxBufferRead)
  97              		.loc 1 146 0
  98 005e 134B     		ldr	r3, .L8+4
  99 0060 1B78     		ldrb	r3, [r3]
 100 0062 DAB2     		uxtb	r2, r3
 101 0064 164B     		ldr	r3, .L8+24
 102 0066 1B78     		ldrb	r3, [r3]
 103 0068 DBB2     		uxtb	r3, r3
 104 006a 9A42     		cmp	r2, r3
 105 006c 0ED1     		bne	.L3
 147:.\Generated_Source\PSoC5/UART_1_INT.c ****                 {
 148:.\Generated_Source\PSoC5/UART_1_INT.c ****                     UART_1_rxBufferLoopDetect = 1u;
 106              		.loc 1 148 0
 107 006e 124B     		ldr	r3, .L8+16
 108 0070 0122     		movs	r2, #1
 109 0072 1A70     		strb	r2, [r3]
 149:.\Generated_Source\PSoC5/UART_1_INT.c ****                     /* When Hardware Flow Control selected */
 150:.\Generated_Source\PSoC5/UART_1_INT.c ****                     #if(UART_1_FLOW_CONTROL != 0u)
 151:.\Generated_Source\PSoC5/UART_1_INT.c ****                     /* Disable RX interrupt mask, it will be enabled when user read data from the b
 152:.\Generated_Source\PSoC5/UART_1_INT.c ****                         UART_1_RXSTATUS_MASK_REG  &= (uint8)~UART_1_RX_STS_FIFO_NOTEMPTY;
 110              		.loc 1 152 0
 111 0074 134B     		ldr	r3, .L8+28
 112 0076 134A     		ldr	r2, .L8+28
 113 0078 1278     		ldrb	r2, [r2]
 114 007a D2B2     		uxtb	r2, r2
 115 007c 22F02002 		bic	r2, r2, #32
 116 0080 D2B2     		uxtb	r2, r2
 117 0082 1A70     		strb	r2, [r3]
 153:.\Generated_Source\PSoC5/UART_1_INT.c ****                         CyIntClearPending(UART_1_RX_VECT_NUM);
 118              		.loc 1 153 0
 119 0084 104B     		ldr	r3, .L8+32
 120 0086 0422     		movs	r2, #4
 121 0088 1A60     		str	r2, [r3]
 154:.\Generated_Source\PSoC5/UART_1_INT.c ****                         break; /* Break the reading of the FIFO loop, leave the data there for gene
 122              		.loc 1 154 0
 123 008a 07E0     		b	.L1
 124              	.L3:
 155:.\Generated_Source\PSoC5/UART_1_INT.c ****                     #endif /* End UART_1_FLOW_CONTROL != 0 */
 156:.\Generated_Source\PSoC5/UART_1_INT.c ****                 }
 157:.\Generated_Source\PSoC5/UART_1_INT.c ****             }
 158:.\Generated_Source\PSoC5/UART_1_INT.c **** 
 159:.\Generated_Source\PSoC5/UART_1_INT.c ****             /* Check again if there is data. */
 160:.\Generated_Source\PSoC5/UART_1_INT.c ****             readData = UART_1_RXSTATUS_REG;
 125              		.loc 1 160 0
ARM GAS  C:\Users\dskyNote\AppData\Local\Temp\ccecrrSY.s 			page 6


 126 008c 064B     		ldr	r3, .L8
 127 008e 1B78     		ldrb	r3, [r3]
 128 0090 FB71     		strb	r3, [r7, #7]
 129              	.L2:
  95:.\Generated_Source\PSoC5/UART_1_INT.c ****         while((readData & UART_1_RX_STS_FIFO_NOTEMPTY) != 0u)
 130              		.loc 1 95 0 discriminator 1
 131 0092 FB79     		ldrb	r3, [r7, #7]	@ zero_extendqisi2
 132 0094 03F02003 		and	r3, r3, #32
 133 0098 002B     		cmp	r3, #0
 134 009a BAD1     		bne	.L7
 135              	.L1:
 161:.\Generated_Source\PSoC5/UART_1_INT.c ****         }
 162:.\Generated_Source\PSoC5/UART_1_INT.c **** 
 163:.\Generated_Source\PSoC5/UART_1_INT.c ****         /* User code required at end of ISR (Optional) */
 164:.\Generated_Source\PSoC5/UART_1_INT.c ****         /* `#START UART_1_RXISR_END` */
 165:.\Generated_Source\PSoC5/UART_1_INT.c **** 
 166:.\Generated_Source\PSoC5/UART_1_INT.c ****         /* `#END` */
 167:.\Generated_Source\PSoC5/UART_1_INT.c **** 
 168:.\Generated_Source\PSoC5/UART_1_INT.c ****         #if(CY_PSOC3)
 169:.\Generated_Source\PSoC5/UART_1_INT.c ****             EA = int_en;
 170:.\Generated_Source\PSoC5/UART_1_INT.c ****         #endif /* CY_PSOC3 */
 171:.\Generated_Source\PSoC5/UART_1_INT.c **** 
 172:.\Generated_Source\PSoC5/UART_1_INT.c ****     }
 136              		.loc 1 172 0
 137 009c 0C37     		adds	r7, r7, #12
 138 009e BD46     		mov	sp, r7
 139              		@ sp needed
 140 00a0 5DF8047B 		ldr	r7, [sp], #4
 141 00a4 7047     		bx	lr
 142              	.L9:
 143 00a6 00BF     		.align	2
 144              	.L8:
 145 00a8 60640040 		.word	1073767520
 146 00ac 00000000 		.word	UART_1_rxBufferWrite
 147 00b0 4C640040 		.word	1073767500
 148 00b4 00000000 		.word	UART_1_rxBuffer
 149 00b8 00000000 		.word	UART_1_rxBufferLoopDetect
 150 00bc 00000000 		.word	UART_1_rxBufferOverflow
 151 00c0 00000000 		.word	UART_1_rxBufferRead
 152 00c4 80640040 		.word	1073767552
 153 00c8 80E200E0 		.word	-536812928
 154              		.cfi_endproc
 155              	.LFE0:
 156              		.size	UART_1_RXISR, .-UART_1_RXISR
 157              		.section	.text.UART_1_TXISR,"ax",%progbits
 158              		.align	2
 159              		.global	UART_1_TXISR
 160              		.thumb
 161              		.thumb_func
 162              		.type	UART_1_TXISR, %function
 163              	UART_1_TXISR:
 164              	.LFB1:
 173:.\Generated_Source\PSoC5/UART_1_INT.c **** 
 174:.\Generated_Source\PSoC5/UART_1_INT.c **** #endif /* End UART_1_RX_ENABLED && (UART_1_RXBUFFERSIZE > UART_1_FIFO_LENGTH) */
 175:.\Generated_Source\PSoC5/UART_1_INT.c **** 
 176:.\Generated_Source\PSoC5/UART_1_INT.c **** 
 177:.\Generated_Source\PSoC5/UART_1_INT.c **** #if(UART_1_TX_ENABLED && (UART_1_TXBUFFERSIZE > UART_1_FIFO_LENGTH))
ARM GAS  C:\Users\dskyNote\AppData\Local\Temp\ccecrrSY.s 			page 7


 178:.\Generated_Source\PSoC5/UART_1_INT.c **** 
 179:.\Generated_Source\PSoC5/UART_1_INT.c **** 
 180:.\Generated_Source\PSoC5/UART_1_INT.c ****     /*******************************************************************************
 181:.\Generated_Source\PSoC5/UART_1_INT.c ****     * Function Name: UART_1_TXISR
 182:.\Generated_Source\PSoC5/UART_1_INT.c ****     ********************************************************************************
 183:.\Generated_Source\PSoC5/UART_1_INT.c ****     *
 184:.\Generated_Source\PSoC5/UART_1_INT.c ****     * Summary:
 185:.\Generated_Source\PSoC5/UART_1_INT.c ****     * Interrupt Service Routine for the TX portion of the UART
 186:.\Generated_Source\PSoC5/UART_1_INT.c ****     *
 187:.\Generated_Source\PSoC5/UART_1_INT.c ****     * Parameters:
 188:.\Generated_Source\PSoC5/UART_1_INT.c ****     *  None.
 189:.\Generated_Source\PSoC5/UART_1_INT.c ****     *
 190:.\Generated_Source\PSoC5/UART_1_INT.c ****     * Return:
 191:.\Generated_Source\PSoC5/UART_1_INT.c ****     *  None.
 192:.\Generated_Source\PSoC5/UART_1_INT.c ****     *
 193:.\Generated_Source\PSoC5/UART_1_INT.c ****     * Global Variables:
 194:.\Generated_Source\PSoC5/UART_1_INT.c ****     *  UART_1_txBuffer - RAM buffer pointer for transmit data from.
 195:.\Generated_Source\PSoC5/UART_1_INT.c ****     *  UART_1_txBufferRead - cyclic index for read and transmit data
 196:.\Generated_Source\PSoC5/UART_1_INT.c ****     *     from txBuffer, increments after each transmited byte.
 197:.\Generated_Source\PSoC5/UART_1_INT.c ****     *  UART_1_rxBufferWrite - cyclic index for write to txBuffer,
 198:.\Generated_Source\PSoC5/UART_1_INT.c ****     *     checked to detect available for transmission bytes.
 199:.\Generated_Source\PSoC5/UART_1_INT.c ****     *
 200:.\Generated_Source\PSoC5/UART_1_INT.c ****     *******************************************************************************/
 201:.\Generated_Source\PSoC5/UART_1_INT.c ****     CY_ISR(UART_1_TXISR)
 202:.\Generated_Source\PSoC5/UART_1_INT.c ****     {
 165              		.loc 1 202 0
 166              		.cfi_startproc
 167              		@ args = 0, pretend = 0, frame = 0
 168              		@ frame_needed = 1, uses_anonymous_args = 0
 169              		@ link register save eliminated.
 170 0000 80B4     		push	{r7}
 171              		.cfi_def_cfa_offset 4
 172              		.cfi_offset 7, -4
 173 0002 00AF     		add	r7, sp, #0
 174              		.cfi_def_cfa_register 7
 203:.\Generated_Source\PSoC5/UART_1_INT.c **** 
 204:.\Generated_Source\PSoC5/UART_1_INT.c ****         #if(CY_PSOC3)
 205:.\Generated_Source\PSoC5/UART_1_INT.c ****             uint8 int_en;
 206:.\Generated_Source\PSoC5/UART_1_INT.c ****         #endif /* CY_PSOC3 */
 207:.\Generated_Source\PSoC5/UART_1_INT.c **** 
 208:.\Generated_Source\PSoC5/UART_1_INT.c ****         /* User code required at start of ISR */
 209:.\Generated_Source\PSoC5/UART_1_INT.c ****         /* `#START UART_1_TXISR_START` */
 210:.\Generated_Source\PSoC5/UART_1_INT.c **** 
 211:.\Generated_Source\PSoC5/UART_1_INT.c ****         /* `#END` */
 212:.\Generated_Source\PSoC5/UART_1_INT.c **** 
 213:.\Generated_Source\PSoC5/UART_1_INT.c ****         #if(CY_PSOC3)   /* Make sure nested interrupt is enabled */
 214:.\Generated_Source\PSoC5/UART_1_INT.c ****             int_en = EA;
 215:.\Generated_Source\PSoC5/UART_1_INT.c ****             CyGlobalIntEnable;
 216:.\Generated_Source\PSoC5/UART_1_INT.c ****         #endif /* CY_PSOC3 */
 217:.\Generated_Source\PSoC5/UART_1_INT.c **** 
 218:.\Generated_Source\PSoC5/UART_1_INT.c ****         while((UART_1_txBufferRead != UART_1_txBufferWrite) &&
 175              		.loc 1 218 0
 176 0004 18E0     		b	.L11
 177              	.L14:
 219:.\Generated_Source\PSoC5/UART_1_INT.c ****              ((UART_1_TXSTATUS_REG & UART_1_TX_STS_FIFO_FULL) == 0u))
 220:.\Generated_Source\PSoC5/UART_1_INT.c ****         {
 221:.\Generated_Source\PSoC5/UART_1_INT.c ****             /* Check pointer. */
ARM GAS  C:\Users\dskyNote\AppData\Local\Temp\ccecrrSY.s 			page 8


 222:.\Generated_Source\PSoC5/UART_1_INT.c ****             if(UART_1_txBufferRead >= UART_1_TXBUFFERSIZE)
 178              		.loc 1 222 0
 179 0006 154B     		ldr	r3, .L15
 180 0008 1B78     		ldrb	r3, [r3]
 181 000a DBB2     		uxtb	r3, r3
 182 000c DBB2     		uxtb	r3, r3
 183 000e 5BB2     		sxtb	r3, r3
 184 0010 002B     		cmp	r3, #0
 185 0012 02DA     		bge	.L12
 223:.\Generated_Source\PSoC5/UART_1_INT.c ****             {
 224:.\Generated_Source\PSoC5/UART_1_INT.c ****                 UART_1_txBufferRead = 0u;
 186              		.loc 1 224 0
 187 0014 114B     		ldr	r3, .L15
 188 0016 0022     		movs	r2, #0
 189 0018 1A70     		strb	r2, [r3]
 190              	.L12:
 225:.\Generated_Source\PSoC5/UART_1_INT.c ****             }
 226:.\Generated_Source\PSoC5/UART_1_INT.c **** 
 227:.\Generated_Source\PSoC5/UART_1_INT.c ****             UART_1_TXDATA_REG = UART_1_txBuffer[UART_1_txBufferRead];
 191              		.loc 1 227 0
 192 001a 114B     		ldr	r3, .L15+4
 193 001c 0F4A     		ldr	r2, .L15
 194 001e 1278     		ldrb	r2, [r2]
 195 0020 D2B2     		uxtb	r2, r2
 196 0022 1049     		ldr	r1, .L15+8
 197 0024 8A5C     		ldrb	r2, [r1, r2]
 198 0026 D2B2     		uxtb	r2, r2
 199 0028 1A70     		strb	r2, [r3]
 228:.\Generated_Source\PSoC5/UART_1_INT.c **** 
 229:.\Generated_Source\PSoC5/UART_1_INT.c ****             /* Set next pointer. */
 230:.\Generated_Source\PSoC5/UART_1_INT.c ****             UART_1_txBufferRead++;
 200              		.loc 1 230 0
 201 002a 0C4B     		ldr	r3, .L15
 202 002c 1B78     		ldrb	r3, [r3]
 203 002e DBB2     		uxtb	r3, r3
 204 0030 0133     		adds	r3, r3, #1
 205 0032 DAB2     		uxtb	r2, r3
 206 0034 094B     		ldr	r3, .L15
 207 0036 1A70     		strb	r2, [r3]
 208              	.L11:
 218:.\Generated_Source\PSoC5/UART_1_INT.c ****         while((UART_1_txBufferRead != UART_1_txBufferWrite) &&
 209              		.loc 1 218 0 discriminator 1
 210 0038 084B     		ldr	r3, .L15
 211 003a 1B78     		ldrb	r3, [r3]
 212 003c DAB2     		uxtb	r2, r3
 213 003e 0A4B     		ldr	r3, .L15+12
 214 0040 1B78     		ldrb	r3, [r3]	@ zero_extendqisi2
 215 0042 9A42     		cmp	r2, r3
 216 0044 06D0     		beq	.L10
 219:.\Generated_Source\PSoC5/UART_1_INT.c ****              ((UART_1_TXSTATUS_REG & UART_1_TX_STS_FIFO_FULL) == 0u))
 217              		.loc 1 219 0 discriminator 2
 218 0046 094B     		ldr	r3, .L15+16
 219 0048 1B78     		ldrb	r3, [r3]
 220 004a DBB2     		uxtb	r3, r3
 221 004c 03F00403 		and	r3, r3, #4
 218:.\Generated_Source\PSoC5/UART_1_INT.c ****         while((UART_1_txBufferRead != UART_1_txBufferWrite) &&
 222              		.loc 1 218 0 discriminator 2
ARM GAS  C:\Users\dskyNote\AppData\Local\Temp\ccecrrSY.s 			page 9


 223 0050 002B     		cmp	r3, #0
 224 0052 D8D0     		beq	.L14
 225              	.L10:
 231:.\Generated_Source\PSoC5/UART_1_INT.c ****         }
 232:.\Generated_Source\PSoC5/UART_1_INT.c **** 
 233:.\Generated_Source\PSoC5/UART_1_INT.c ****         /* User code required at end of ISR (Optional) */
 234:.\Generated_Source\PSoC5/UART_1_INT.c ****         /* `#START UART_1_TXISR_END` */
 235:.\Generated_Source\PSoC5/UART_1_INT.c **** 
 236:.\Generated_Source\PSoC5/UART_1_INT.c ****         /* `#END` */
 237:.\Generated_Source\PSoC5/UART_1_INT.c **** 
 238:.\Generated_Source\PSoC5/UART_1_INT.c ****         #if(CY_PSOC3)
 239:.\Generated_Source\PSoC5/UART_1_INT.c ****             EA = int_en;
 240:.\Generated_Source\PSoC5/UART_1_INT.c ****         #endif /* CY_PSOC3 */
 241:.\Generated_Source\PSoC5/UART_1_INT.c **** 
 242:.\Generated_Source\PSoC5/UART_1_INT.c ****     }
 226              		.loc 1 242 0
 227 0054 BD46     		mov	sp, r7
 228              		@ sp needed
 229 0056 5DF8047B 		ldr	r7, [sp], #4
 230 005a 7047     		bx	lr
 231              	.L16:
 232              		.align	2
 233              	.L15:
 234 005c 00000000 		.word	UART_1_txBufferRead
 235 0060 41640040 		.word	1073767489
 236 0064 00000000 		.word	UART_1_txBuffer
 237 0068 00000000 		.word	UART_1_txBufferWrite
 238 006c 61640040 		.word	1073767521
 239              		.cfi_endproc
 240              	.LFE1:
 241              		.size	UART_1_TXISR, .-UART_1_TXISR
 242              		.text
 243              	.Letext0:
 244              		.file 2 ".\\Generated_Source\\PSoC5\\cytypes.h"
 245              		.file 3 ".\\Generated_Source\\PSoC5\\UART_1.h"
 246              		.section	.debug_info,"",%progbits
 247              	.Ldebug_info0:
 248 0000 77010000 		.4byte	0x177
 249 0004 0400     		.2byte	0x4
 250 0006 00000000 		.4byte	.Ldebug_abbrev0
 251 000a 04       		.byte	0x4
 252 000b 01       		.uleb128 0x1
 253 000c 0F010000 		.4byte	.LASF27
 254 0010 01       		.byte	0x1
 255 0011 1A000000 		.4byte	.LASF28
 256 0015 A3010000 		.4byte	.LASF29
 257 0019 00000000 		.4byte	.Ldebug_ranges0+0
 258 001d 00000000 		.4byte	0
 259 0021 00000000 		.4byte	.Ldebug_line0
 260 0025 02       		.uleb128 0x2
 261 0026 01       		.byte	0x1
 262 0027 06       		.byte	0x6
 263 0028 44020000 		.4byte	.LASF0
 264 002c 02       		.uleb128 0x2
 265 002d 01       		.byte	0x1
 266 002e 08       		.byte	0x8
 267 002f 80000000 		.4byte	.LASF1
ARM GAS  C:\Users\dskyNote\AppData\Local\Temp\ccecrrSY.s 			page 10


 268 0033 02       		.uleb128 0x2
 269 0034 02       		.byte	0x2
 270 0035 05       		.byte	0x5
 271 0036 F3010000 		.4byte	.LASF2
 272 003a 02       		.uleb128 0x2
 273 003b 02       		.byte	0x2
 274 003c 07       		.byte	0x7
 275 003d 5A000000 		.4byte	.LASF3
 276 0041 02       		.uleb128 0x2
 277 0042 04       		.byte	0x4
 278 0043 05       		.byte	0x5
 279 0044 12020000 		.4byte	.LASF4
 280 0048 02       		.uleb128 0x2
 281 0049 04       		.byte	0x4
 282 004a 07       		.byte	0x7
 283 004b 93000000 		.4byte	.LASF5
 284 004f 02       		.uleb128 0x2
 285 0050 08       		.byte	0x8
 286 0051 05       		.byte	0x5
 287 0052 D3010000 		.4byte	.LASF6
 288 0056 02       		.uleb128 0x2
 289 0057 08       		.byte	0x8
 290 0058 07       		.byte	0x7
 291 0059 E3000000 		.4byte	.LASF7
 292 005d 03       		.uleb128 0x3
 293 005e 04       		.byte	0x4
 294 005f 05       		.byte	0x5
 295 0060 696E7400 		.ascii	"int\000"
 296 0064 02       		.uleb128 0x2
 297 0065 04       		.byte	0x4
 298 0066 07       		.byte	0x7
 299 0067 D6000000 		.4byte	.LASF8
 300 006b 04       		.uleb128 0x4
 301 006c A5000000 		.4byte	.LASF9
 302 0070 02       		.byte	0x2
 303 0071 5B       		.byte	0x5b
 304 0072 2C000000 		.4byte	0x2c
 305 0076 04       		.uleb128 0x4
 306 0077 CF000000 		.4byte	.LASF10
 307 007b 02       		.byte	0x2
 308 007c 5D       		.byte	0x5d
 309 007d 48000000 		.4byte	0x48
 310 0081 02       		.uleb128 0x2
 311 0082 04       		.byte	0x4
 312 0083 04       		.byte	0x4
 313 0084 7A000000 		.4byte	.LASF11
 314 0088 02       		.uleb128 0x2
 315 0089 08       		.byte	0x8
 316 008a 04       		.byte	0x4
 317 008b C8000000 		.4byte	.LASF12
 318 008f 02       		.uleb128 0x2
 319 0090 01       		.byte	0x1
 320 0091 08       		.byte	0x8
 321 0092 1B020000 		.4byte	.LASF13
 322 0096 04       		.uleb128 0x4
 323 0097 8E000000 		.4byte	.LASF14
 324 009b 02       		.byte	0x2
ARM GAS  C:\Users\dskyNote\AppData\Local\Temp\ccecrrSY.s 			page 11


 325 009c F0       		.byte	0xf0
 326 009d A1000000 		.4byte	0xa1
 327 00a1 05       		.uleb128 0x5
 328 00a2 6B000000 		.4byte	0x6b
 329 00a6 04       		.uleb128 0x4
 330 00a7 00000000 		.4byte	.LASF15
 331 00ab 02       		.byte	0x2
 332 00ac F2       		.byte	0xf2
 333 00ad B1000000 		.4byte	0xb1
 334 00b1 05       		.uleb128 0x5
 335 00b2 76000000 		.4byte	0x76
 336 00b6 02       		.uleb128 0x2
 337 00b7 04       		.byte	0x4
 338 00b8 07       		.byte	0x7
 339 00b9 CA010000 		.4byte	.LASF16
 340 00bd 06       		.uleb128 0x6
 341 00be 6D000000 		.4byte	.LASF30
 342 00c2 01       		.byte	0x1
 343 00c3 42       		.byte	0x42
 344 00c4 00000000 		.4byte	.LFB0
 345 00c8 CC000000 		.4byte	.LFE0-.LFB0
 346 00cc 01       		.uleb128 0x1
 347 00cd 9C       		.byte	0x9c
 348 00ce EF000000 		.4byte	0xef
 349 00d2 07       		.uleb128 0x7
 350 00d3 50020000 		.4byte	.LASF17
 351 00d7 01       		.byte	0x1
 352 00d8 44       		.byte	0x44
 353 00d9 6B000000 		.4byte	0x6b
 354 00dd 02       		.uleb128 0x2
 355 00de 91       		.byte	0x91
 356 00df 77       		.sleb128 -9
 357 00e0 07       		.uleb128 0x7
 358 00e1 E1010000 		.4byte	.LASF18
 359 00e5 01       		.byte	0x1
 360 00e6 45       		.byte	0x45
 361 00e7 6B000000 		.4byte	0x6b
 362 00eb 02       		.uleb128 0x2
 363 00ec 91       		.byte	0x91
 364 00ed 76       		.sleb128 -10
 365 00ee 00       		.byte	0
 366 00ef 08       		.uleb128 0x8
 367 00f0 AB000000 		.4byte	.LASF31
 368 00f4 01       		.byte	0x1
 369 00f5 C9       		.byte	0xc9
 370 00f6 00000000 		.4byte	.LFB1
 371 00fa 70000000 		.4byte	.LFE1-.LFB1
 372 00fe 01       		.uleb128 0x1
 373 00ff 9C       		.byte	0x9c
 374 0100 09       		.uleb128 0x9
 375 0101 6B000000 		.4byte	0x6b
 376 0105 10010000 		.4byte	0x110
 377 0109 0A       		.uleb128 0xa
 378 010a B6000000 		.4byte	0xb6
 379 010e 7F       		.byte	0x7f
 380 010f 00       		.byte	0
 381 0110 0B       		.uleb128 0xb
ARM GAS  C:\Users\dskyNote\AppData\Local\Temp\ccecrrSY.s 			page 12


 382 0111 B8000000 		.4byte	.LASF19
 383 0115 03       		.byte	0x3
 384 0116 4C01     		.2byte	0x14c
 385 0118 1C010000 		.4byte	0x11c
 386 011c 05       		.uleb128 0x5
 387 011d 00010000 		.4byte	0x100
 388 0121 0B       		.uleb128 0xb
 389 0122 30020000 		.4byte	.LASF20
 390 0126 03       		.byte	0x3
 391 0127 4D01     		.2byte	0x14d
 392 0129 A1000000 		.4byte	0xa1
 393 012d 0B       		.uleb128 0xb
 394 012e FD010000 		.4byte	.LASF21
 395 0132 03       		.byte	0x3
 396 0133 4E01     		.2byte	0x14e
 397 0135 6B000000 		.4byte	0x6b
 398 0139 0B       		.uleb128 0xb
 399 013a 20020000 		.4byte	.LASF22
 400 013e 03       		.byte	0x3
 401 013f 5201     		.2byte	0x152
 402 0141 45010000 		.4byte	0x145
 403 0145 05       		.uleb128 0x5
 404 0146 00010000 		.4byte	0x100
 405 014a 0B       		.uleb128 0xb
 406 014b 06000000 		.4byte	.LASF23
 407 014f 03       		.byte	0x3
 408 0150 5301     		.2byte	0x153
 409 0152 A1000000 		.4byte	0xa1
 410 0156 0B       		.uleb128 0xb
 411 0157 FA000000 		.4byte	.LASF24
 412 015b 03       		.byte	0x3
 413 015c 5401     		.2byte	0x154
 414 015e A1000000 		.4byte	0xa1
 415 0162 0B       		.uleb128 0xb
 416 0163 40000000 		.4byte	.LASF25
 417 0167 03       		.byte	0x3
 418 0168 5501     		.2byte	0x155
 419 016a A1000000 		.4byte	0xa1
 420 016e 0B       		.uleb128 0xb
 421 016f 8B010000 		.4byte	.LASF26
 422 0173 03       		.byte	0x3
 423 0174 5601     		.2byte	0x156
 424 0176 A1000000 		.4byte	0xa1
 425 017a 00       		.byte	0
 426              		.section	.debug_abbrev,"",%progbits
 427              	.Ldebug_abbrev0:
 428 0000 01       		.uleb128 0x1
 429 0001 11       		.uleb128 0x11
 430 0002 01       		.byte	0x1
 431 0003 25       		.uleb128 0x25
 432 0004 0E       		.uleb128 0xe
 433 0005 13       		.uleb128 0x13
 434 0006 0B       		.uleb128 0xb
 435 0007 03       		.uleb128 0x3
 436 0008 0E       		.uleb128 0xe
 437 0009 1B       		.uleb128 0x1b
 438 000a 0E       		.uleb128 0xe
ARM GAS  C:\Users\dskyNote\AppData\Local\Temp\ccecrrSY.s 			page 13


 439 000b 55       		.uleb128 0x55
 440 000c 17       		.uleb128 0x17
 441 000d 11       		.uleb128 0x11
 442 000e 01       		.uleb128 0x1
 443 000f 10       		.uleb128 0x10
 444 0010 17       		.uleb128 0x17
 445 0011 00       		.byte	0
 446 0012 00       		.byte	0
 447 0013 02       		.uleb128 0x2
 448 0014 24       		.uleb128 0x24
 449 0015 00       		.byte	0
 450 0016 0B       		.uleb128 0xb
 451 0017 0B       		.uleb128 0xb
 452 0018 3E       		.uleb128 0x3e
 453 0019 0B       		.uleb128 0xb
 454 001a 03       		.uleb128 0x3
 455 001b 0E       		.uleb128 0xe
 456 001c 00       		.byte	0
 457 001d 00       		.byte	0
 458 001e 03       		.uleb128 0x3
 459 001f 24       		.uleb128 0x24
 460 0020 00       		.byte	0
 461 0021 0B       		.uleb128 0xb
 462 0022 0B       		.uleb128 0xb
 463 0023 3E       		.uleb128 0x3e
 464 0024 0B       		.uleb128 0xb
 465 0025 03       		.uleb128 0x3
 466 0026 08       		.uleb128 0x8
 467 0027 00       		.byte	0
 468 0028 00       		.byte	0
 469 0029 04       		.uleb128 0x4
 470 002a 16       		.uleb128 0x16
 471 002b 00       		.byte	0
 472 002c 03       		.uleb128 0x3
 473 002d 0E       		.uleb128 0xe
 474 002e 3A       		.uleb128 0x3a
 475 002f 0B       		.uleb128 0xb
 476 0030 3B       		.uleb128 0x3b
 477 0031 0B       		.uleb128 0xb
 478 0032 49       		.uleb128 0x49
 479 0033 13       		.uleb128 0x13
 480 0034 00       		.byte	0
 481 0035 00       		.byte	0
 482 0036 05       		.uleb128 0x5
 483 0037 35       		.uleb128 0x35
 484 0038 00       		.byte	0
 485 0039 49       		.uleb128 0x49
 486 003a 13       		.uleb128 0x13
 487 003b 00       		.byte	0
 488 003c 00       		.byte	0
 489 003d 06       		.uleb128 0x6
 490 003e 2E       		.uleb128 0x2e
 491 003f 01       		.byte	0x1
 492 0040 3F       		.uleb128 0x3f
 493 0041 19       		.uleb128 0x19
 494 0042 03       		.uleb128 0x3
 495 0043 0E       		.uleb128 0xe
ARM GAS  C:\Users\dskyNote\AppData\Local\Temp\ccecrrSY.s 			page 14


 496 0044 3A       		.uleb128 0x3a
 497 0045 0B       		.uleb128 0xb
 498 0046 3B       		.uleb128 0x3b
 499 0047 0B       		.uleb128 0xb
 500 0048 27       		.uleb128 0x27
 501 0049 19       		.uleb128 0x19
 502 004a 11       		.uleb128 0x11
 503 004b 01       		.uleb128 0x1
 504 004c 12       		.uleb128 0x12
 505 004d 06       		.uleb128 0x6
 506 004e 40       		.uleb128 0x40
 507 004f 18       		.uleb128 0x18
 508 0050 9742     		.uleb128 0x2117
 509 0052 19       		.uleb128 0x19
 510 0053 01       		.uleb128 0x1
 511 0054 13       		.uleb128 0x13
 512 0055 00       		.byte	0
 513 0056 00       		.byte	0
 514 0057 07       		.uleb128 0x7
 515 0058 34       		.uleb128 0x34
 516 0059 00       		.byte	0
 517 005a 03       		.uleb128 0x3
 518 005b 0E       		.uleb128 0xe
 519 005c 3A       		.uleb128 0x3a
 520 005d 0B       		.uleb128 0xb
 521 005e 3B       		.uleb128 0x3b
 522 005f 0B       		.uleb128 0xb
 523 0060 49       		.uleb128 0x49
 524 0061 13       		.uleb128 0x13
 525 0062 02       		.uleb128 0x2
 526 0063 18       		.uleb128 0x18
 527 0064 00       		.byte	0
 528 0065 00       		.byte	0
 529 0066 08       		.uleb128 0x8
 530 0067 2E       		.uleb128 0x2e
 531 0068 00       		.byte	0
 532 0069 3F       		.uleb128 0x3f
 533 006a 19       		.uleb128 0x19
 534 006b 03       		.uleb128 0x3
 535 006c 0E       		.uleb128 0xe
 536 006d 3A       		.uleb128 0x3a
 537 006e 0B       		.uleb128 0xb
 538 006f 3B       		.uleb128 0x3b
 539 0070 0B       		.uleb128 0xb
 540 0071 27       		.uleb128 0x27
 541 0072 19       		.uleb128 0x19
 542 0073 11       		.uleb128 0x11
 543 0074 01       		.uleb128 0x1
 544 0075 12       		.uleb128 0x12
 545 0076 06       		.uleb128 0x6
 546 0077 40       		.uleb128 0x40
 547 0078 18       		.uleb128 0x18
 548 0079 9742     		.uleb128 0x2117
 549 007b 19       		.uleb128 0x19
 550 007c 00       		.byte	0
 551 007d 00       		.byte	0
 552 007e 09       		.uleb128 0x9
ARM GAS  C:\Users\dskyNote\AppData\Local\Temp\ccecrrSY.s 			page 15


 553 007f 01       		.uleb128 0x1
 554 0080 01       		.byte	0x1
 555 0081 49       		.uleb128 0x49
 556 0082 13       		.uleb128 0x13
 557 0083 01       		.uleb128 0x1
 558 0084 13       		.uleb128 0x13
 559 0085 00       		.byte	0
 560 0086 00       		.byte	0
 561 0087 0A       		.uleb128 0xa
 562 0088 21       		.uleb128 0x21
 563 0089 00       		.byte	0
 564 008a 49       		.uleb128 0x49
 565 008b 13       		.uleb128 0x13
 566 008c 2F       		.uleb128 0x2f
 567 008d 0B       		.uleb128 0xb
 568 008e 00       		.byte	0
 569 008f 00       		.byte	0
 570 0090 0B       		.uleb128 0xb
 571 0091 34       		.uleb128 0x34
 572 0092 00       		.byte	0
 573 0093 03       		.uleb128 0x3
 574 0094 0E       		.uleb128 0xe
 575 0095 3A       		.uleb128 0x3a
 576 0096 0B       		.uleb128 0xb
 577 0097 3B       		.uleb128 0x3b
 578 0098 05       		.uleb128 0x5
 579 0099 49       		.uleb128 0x49
 580 009a 13       		.uleb128 0x13
 581 009b 3F       		.uleb128 0x3f
 582 009c 19       		.uleb128 0x19
 583 009d 3C       		.uleb128 0x3c
 584 009e 19       		.uleb128 0x19
 585 009f 00       		.byte	0
 586 00a0 00       		.byte	0
 587 00a1 00       		.byte	0
 588              		.section	.debug_aranges,"",%progbits
 589 0000 24000000 		.4byte	0x24
 590 0004 0200     		.2byte	0x2
 591 0006 00000000 		.4byte	.Ldebug_info0
 592 000a 04       		.byte	0x4
 593 000b 00       		.byte	0
 594 000c 0000     		.2byte	0
 595 000e 0000     		.2byte	0
 596 0010 00000000 		.4byte	.LFB0
 597 0014 CC000000 		.4byte	.LFE0-.LFB0
 598 0018 00000000 		.4byte	.LFB1
 599 001c 70000000 		.4byte	.LFE1-.LFB1
 600 0020 00000000 		.4byte	0
 601 0024 00000000 		.4byte	0
 602              		.section	.debug_ranges,"",%progbits
 603              	.Ldebug_ranges0:
 604 0000 00000000 		.4byte	.LFB0
 605 0004 CC000000 		.4byte	.LFE0
 606 0008 00000000 		.4byte	.LFB1
 607 000c 70000000 		.4byte	.LFE1
 608 0010 00000000 		.4byte	0
 609 0014 00000000 		.4byte	0
ARM GAS  C:\Users\dskyNote\AppData\Local\Temp\ccecrrSY.s 			page 16


 610              		.section	.debug_line,"",%progbits
 611              	.Ldebug_line0:
 612 0000 B9000000 		.section	.debug_str,"MS",%progbits,1
 612      02005500 
 612      00000201 
 612      FB0E0D00 
 612      01010101 
 613              	.LASF15:
 614 0000 72656733 		.ascii	"reg32\000"
 614      3200
 615              	.LASF23:
 616 0006 55415254 		.ascii	"UART_1_rxBufferRead\000"
 616      5F315F72 
 616      78427566 
 616      66657252 
 616      65616400 
 617              	.LASF28:
 618 001a 2E5C4765 		.ascii	".\\Generated_Source\\PSoC5\\UART_1_INT.c\000"
 618      6E657261 
 618      7465645F 
 618      536F7572 
 618      63655C50 
 619              	.LASF25:
 620 0040 55415254 		.ascii	"UART_1_rxBufferLoopDetect\000"
 620      5F315F72 
 620      78427566 
 620      6665724C 
 620      6F6F7044 
 621              	.LASF3:
 622 005a 73686F72 		.ascii	"short unsigned int\000"
 622      7420756E 
 622      7369676E 
 622      65642069 
 622      6E7400
 623              	.LASF30:
 624 006d 55415254 		.ascii	"UART_1_RXISR\000"
 624      5F315F52 
 624      58495352 
 624      00
 625              	.LASF11:
 626 007a 666C6F61 		.ascii	"float\000"
 626      7400
 627              	.LASF1:
 628 0080 756E7369 		.ascii	"unsigned char\000"
 628      676E6564 
 628      20636861 
 628      7200
 629              	.LASF14:
 630 008e 72656738 		.ascii	"reg8\000"
 630      00
 631              	.LASF5:
 632 0093 6C6F6E67 		.ascii	"long unsigned int\000"
 632      20756E73 
 632      69676E65 
 632      6420696E 
 632      7400
 633              	.LASF9:
ARM GAS  C:\Users\dskyNote\AppData\Local\Temp\ccecrrSY.s 			page 17


 634 00a5 75696E74 		.ascii	"uint8\000"
 634      3800
 635              	.LASF31:
 636 00ab 55415254 		.ascii	"UART_1_TXISR\000"
 636      5F315F54 
 636      58495352 
 636      00
 637              	.LASF19:
 638 00b8 55415254 		.ascii	"UART_1_txBuffer\000"
 638      5F315F74 
 638      78427566 
 638      66657200 
 639              	.LASF12:
 640 00c8 646F7562 		.ascii	"double\000"
 640      6C6500
 641              	.LASF10:
 642 00cf 75696E74 		.ascii	"uint32\000"
 642      333200
 643              	.LASF8:
 644 00d6 756E7369 		.ascii	"unsigned int\000"
 644      676E6564 
 644      20696E74 
 644      00
 645              	.LASF7:
 646 00e3 6C6F6E67 		.ascii	"long long unsigned int\000"
 646      206C6F6E 
 646      6720756E 
 646      7369676E 
 646      65642069 
 647              	.LASF24:
 648 00fa 55415254 		.ascii	"UART_1_rxBufferWrite\000"
 648      5F315F72 
 648      78427566 
 648      66657257 
 648      72697465 
 649              	.LASF27:
 650 010f 474E5520 		.ascii	"GNU C 4.8.4 20140526 (release) [ARM/embedded-4_8-br"
 650      4320342E 
 650      382E3420 
 650      32303134 
 650      30353236 
 651 0142 616E6368 		.ascii	"anch revision 211358] -mcpu=cortex-m3 -mthumb -g -O"
 651      20726576 
 651      6973696F 
 651      6E203231 
 651      31333538 
 652 0175 30202D66 		.ascii	"0 -ffunction-sections\000"
 652      66756E63 
 652      74696F6E 
 652      2D736563 
 652      74696F6E 
 653              	.LASF26:
 654 018b 55415254 		.ascii	"UART_1_rxBufferOverflow\000"
 654      5F315F72 
 654      78427566 
 654      6665724F 
 654      76657266 
ARM GAS  C:\Users\dskyNote\AppData\Local\Temp\ccecrrSY.s 			page 18


 655              	.LASF29:
 656 01a3 433A5C67 		.ascii	"C:\\gitData\\PSoC\\SFT1.0v\\Design01.cydsn\000"
 656      69744461 
 656      74615C50 
 656      536F435C 
 656      53465431 
 657              	.LASF16:
 658 01ca 73697A65 		.ascii	"sizetype\000"
 658      74797065 
 658      00
 659              	.LASF6:
 660 01d3 6C6F6E67 		.ascii	"long long int\000"
 660      206C6F6E 
 660      6720696E 
 660      7400
 661              	.LASF18:
 662 01e1 696E6372 		.ascii	"increment_pointer\000"
 662      656D656E 
 662      745F706F 
 662      696E7465 
 662      7200
 663              	.LASF2:
 664 01f3 73686F72 		.ascii	"short int\000"
 664      7420696E 
 664      7400
 665              	.LASF21:
 666 01fd 55415254 		.ascii	"UART_1_txBufferWrite\000"
 666      5F315F74 
 666      78427566 
 666      66657257 
 666      72697465 
 667              	.LASF4:
 668 0212 6C6F6E67 		.ascii	"long int\000"
 668      20696E74 
 668      00
 669              	.LASF13:
 670 021b 63686172 		.ascii	"char\000"
 670      00
 671              	.LASF22:
 672 0220 55415254 		.ascii	"UART_1_rxBuffer\000"
 672      5F315F72 
 672      78427566 
 672      66657200 
 673              	.LASF20:
 674 0230 55415254 		.ascii	"UART_1_txBufferRead\000"
 674      5F315F74 
 674      78427566 
 674      66657252 
 674      65616400 
 675              	.LASF0:
 676 0244 7369676E 		.ascii	"signed char\000"
 676      65642063 
 676      68617200 
 677              	.LASF17:
 678 0250 72656164 		.ascii	"readData\000"
 678      44617461 
 678      00
ARM GAS  C:\Users\dskyNote\AppData\Local\Temp\ccecrrSY.s 			page 19


 679              		.ident	"GCC: (GNU Tools for ARM Embedded Processors) 4.8.4 20140526 (release) [ARM/embedded-4_8-br
