ARM GAS  C:\Users\dskyNote\AppData\Local\Temp\cc0Isg16.s 			page 1


   1              		.syntax unified
   2              		.cpu cortex-m3
   3              		.fpu softvfp
   4              		.eabi_attribute 20, 1
   5              		.eabi_attribute 21, 1
   6              		.eabi_attribute 23, 3
   7              		.eabi_attribute 24, 1
   8              		.eabi_attribute 25, 1
   9              		.eabi_attribute 26, 1
  10              		.eabi_attribute 30, 6
  11              		.eabi_attribute 34, 1
  12              		.eabi_attribute 18, 4
  13              		.thumb
  14              		.file	"UART_2_PM.c"
  15              		.text
  16              	.Ltext0:
  17              		.cfi_sections	.debug_frame
  18              		.bss
  19              		.align	2
  20              	UART_2_backup:
  21 0000 00       		.space	1
  22 0001 000000   		.section	.text.UART_2_SaveConfig,"ax",%progbits
  23              		.align	2
  24              		.global	UART_2_SaveConfig
  25              		.thumb
  26              		.thumb_func
  27              		.type	UART_2_SaveConfig, %function
  28              	UART_2_SaveConfig:
  29              	.LFB0:
  30              		.file 1 ".\\Generated_Source\\PSoC5\\UART_2_PM.c"
   1:.\Generated_Source\PSoC5/UART_2_PM.c **** /*******************************************************************************
   2:.\Generated_Source\PSoC5/UART_2_PM.c **** * File Name: UART_2_PM.c
   3:.\Generated_Source\PSoC5/UART_2_PM.c **** * Version 2.50
   4:.\Generated_Source\PSoC5/UART_2_PM.c **** *
   5:.\Generated_Source\PSoC5/UART_2_PM.c **** * Description:
   6:.\Generated_Source\PSoC5/UART_2_PM.c **** *  This file provides Sleep/WakeUp APIs functionality.
   7:.\Generated_Source\PSoC5/UART_2_PM.c **** *
   8:.\Generated_Source\PSoC5/UART_2_PM.c **** * Note:
   9:.\Generated_Source\PSoC5/UART_2_PM.c **** *
  10:.\Generated_Source\PSoC5/UART_2_PM.c **** ********************************************************************************
  11:.\Generated_Source\PSoC5/UART_2_PM.c **** * Copyright 2008-2015, Cypress Semiconductor Corporation.  All rights reserved.
  12:.\Generated_Source\PSoC5/UART_2_PM.c **** * You may use this file only in accordance with the license, terms, conditions,
  13:.\Generated_Source\PSoC5/UART_2_PM.c **** * disclaimers, and limitations in the end user license agreement accompanying
  14:.\Generated_Source\PSoC5/UART_2_PM.c **** * the software package with which this file was provided.
  15:.\Generated_Source\PSoC5/UART_2_PM.c **** *******************************************************************************/
  16:.\Generated_Source\PSoC5/UART_2_PM.c **** 
  17:.\Generated_Source\PSoC5/UART_2_PM.c **** #include "UART_2.h"
  18:.\Generated_Source\PSoC5/UART_2_PM.c **** 
  19:.\Generated_Source\PSoC5/UART_2_PM.c **** 
  20:.\Generated_Source\PSoC5/UART_2_PM.c **** /***************************************
  21:.\Generated_Source\PSoC5/UART_2_PM.c **** * Local data allocation
  22:.\Generated_Source\PSoC5/UART_2_PM.c **** ***************************************/
  23:.\Generated_Source\PSoC5/UART_2_PM.c **** 
  24:.\Generated_Source\PSoC5/UART_2_PM.c **** static UART_2_BACKUP_STRUCT  UART_2_backup =
  25:.\Generated_Source\PSoC5/UART_2_PM.c **** {
  26:.\Generated_Source\PSoC5/UART_2_PM.c ****     /* enableState - disabled */
  27:.\Generated_Source\PSoC5/UART_2_PM.c ****     0u,
ARM GAS  C:\Users\dskyNote\AppData\Local\Temp\cc0Isg16.s 			page 2


  28:.\Generated_Source\PSoC5/UART_2_PM.c **** };
  29:.\Generated_Source\PSoC5/UART_2_PM.c **** 
  30:.\Generated_Source\PSoC5/UART_2_PM.c **** 
  31:.\Generated_Source\PSoC5/UART_2_PM.c **** 
  32:.\Generated_Source\PSoC5/UART_2_PM.c **** /*******************************************************************************
  33:.\Generated_Source\PSoC5/UART_2_PM.c **** * Function Name: UART_2_SaveConfig
  34:.\Generated_Source\PSoC5/UART_2_PM.c **** ********************************************************************************
  35:.\Generated_Source\PSoC5/UART_2_PM.c **** *
  36:.\Generated_Source\PSoC5/UART_2_PM.c **** * Summary:
  37:.\Generated_Source\PSoC5/UART_2_PM.c **** *  This function saves the component nonretention control register.
  38:.\Generated_Source\PSoC5/UART_2_PM.c **** *  Does not save the FIFO which is a set of nonretention registers.
  39:.\Generated_Source\PSoC5/UART_2_PM.c **** *  This function is called by the UART_2_Sleep() function.
  40:.\Generated_Source\PSoC5/UART_2_PM.c **** *
  41:.\Generated_Source\PSoC5/UART_2_PM.c **** * Parameters:
  42:.\Generated_Source\PSoC5/UART_2_PM.c **** *  None.
  43:.\Generated_Source\PSoC5/UART_2_PM.c **** *
  44:.\Generated_Source\PSoC5/UART_2_PM.c **** * Return:
  45:.\Generated_Source\PSoC5/UART_2_PM.c **** *  None.
  46:.\Generated_Source\PSoC5/UART_2_PM.c **** *
  47:.\Generated_Source\PSoC5/UART_2_PM.c **** * Global Variables:
  48:.\Generated_Source\PSoC5/UART_2_PM.c **** *  UART_2_backup - modified when non-retention registers are saved.
  49:.\Generated_Source\PSoC5/UART_2_PM.c **** *
  50:.\Generated_Source\PSoC5/UART_2_PM.c **** * Reentrant:
  51:.\Generated_Source\PSoC5/UART_2_PM.c **** *  No.
  52:.\Generated_Source\PSoC5/UART_2_PM.c **** *
  53:.\Generated_Source\PSoC5/UART_2_PM.c **** *******************************************************************************/
  54:.\Generated_Source\PSoC5/UART_2_PM.c **** void UART_2_SaveConfig(void)
  55:.\Generated_Source\PSoC5/UART_2_PM.c **** {
  31              		.loc 1 55 0
  32              		.cfi_startproc
  33              		@ args = 0, pretend = 0, frame = 0
  34              		@ frame_needed = 1, uses_anonymous_args = 0
  35              		@ link register save eliminated.
  36 0000 80B4     		push	{r7}
  37              		.cfi_def_cfa_offset 4
  38              		.cfi_offset 7, -4
  39 0002 00AF     		add	r7, sp, #0
  40              		.cfi_def_cfa_register 7
  56:.\Generated_Source\PSoC5/UART_2_PM.c ****     #if(UART_2_CONTROL_REG_REMOVED == 0u)
  57:.\Generated_Source\PSoC5/UART_2_PM.c ****         UART_2_backup.cr = UART_2_CONTROL_REG;
  58:.\Generated_Source\PSoC5/UART_2_PM.c ****     #endif /* End UART_2_CONTROL_REG_REMOVED */
  59:.\Generated_Source\PSoC5/UART_2_PM.c **** }
  41              		.loc 1 59 0
  42 0004 BD46     		mov	sp, r7
  43              		@ sp needed
  44 0006 5DF8047B 		ldr	r7, [sp], #4
  45 000a 7047     		bx	lr
  46              		.cfi_endproc
  47              	.LFE0:
  48              		.size	UART_2_SaveConfig, .-UART_2_SaveConfig
  49              		.section	.text.UART_2_RestoreConfig,"ax",%progbits
  50              		.align	2
  51              		.global	UART_2_RestoreConfig
  52              		.thumb
  53              		.thumb_func
  54              		.type	UART_2_RestoreConfig, %function
  55              	UART_2_RestoreConfig:
ARM GAS  C:\Users\dskyNote\AppData\Local\Temp\cc0Isg16.s 			page 3


  56              	.LFB1:
  60:.\Generated_Source\PSoC5/UART_2_PM.c **** 
  61:.\Generated_Source\PSoC5/UART_2_PM.c **** 
  62:.\Generated_Source\PSoC5/UART_2_PM.c **** /*******************************************************************************
  63:.\Generated_Source\PSoC5/UART_2_PM.c **** * Function Name: UART_2_RestoreConfig
  64:.\Generated_Source\PSoC5/UART_2_PM.c **** ********************************************************************************
  65:.\Generated_Source\PSoC5/UART_2_PM.c **** *
  66:.\Generated_Source\PSoC5/UART_2_PM.c **** * Summary:
  67:.\Generated_Source\PSoC5/UART_2_PM.c **** *  Restores the nonretention control register except FIFO.
  68:.\Generated_Source\PSoC5/UART_2_PM.c **** *  Does not restore the FIFO which is a set of nonretention registers.
  69:.\Generated_Source\PSoC5/UART_2_PM.c **** *
  70:.\Generated_Source\PSoC5/UART_2_PM.c **** * Parameters:
  71:.\Generated_Source\PSoC5/UART_2_PM.c **** *  None.
  72:.\Generated_Source\PSoC5/UART_2_PM.c **** *
  73:.\Generated_Source\PSoC5/UART_2_PM.c **** * Return:
  74:.\Generated_Source\PSoC5/UART_2_PM.c **** *  None.
  75:.\Generated_Source\PSoC5/UART_2_PM.c **** *
  76:.\Generated_Source\PSoC5/UART_2_PM.c **** * Global Variables:
  77:.\Generated_Source\PSoC5/UART_2_PM.c **** *  UART_2_backup - used when non-retention registers are restored.
  78:.\Generated_Source\PSoC5/UART_2_PM.c **** *
  79:.\Generated_Source\PSoC5/UART_2_PM.c **** * Reentrant:
  80:.\Generated_Source\PSoC5/UART_2_PM.c **** *  No.
  81:.\Generated_Source\PSoC5/UART_2_PM.c **** *
  82:.\Generated_Source\PSoC5/UART_2_PM.c **** * Notes:
  83:.\Generated_Source\PSoC5/UART_2_PM.c **** *  If this function is called without calling UART_2_SaveConfig() 
  84:.\Generated_Source\PSoC5/UART_2_PM.c **** *  first, the data loaded may be incorrect.
  85:.\Generated_Source\PSoC5/UART_2_PM.c **** *
  86:.\Generated_Source\PSoC5/UART_2_PM.c **** *******************************************************************************/
  87:.\Generated_Source\PSoC5/UART_2_PM.c **** void UART_2_RestoreConfig(void)
  88:.\Generated_Source\PSoC5/UART_2_PM.c **** {
  57              		.loc 1 88 0
  58              		.cfi_startproc
  59              		@ args = 0, pretend = 0, frame = 0
  60              		@ frame_needed = 1, uses_anonymous_args = 0
  61              		@ link register save eliminated.
  62 0000 80B4     		push	{r7}
  63              		.cfi_def_cfa_offset 4
  64              		.cfi_offset 7, -4
  65 0002 00AF     		add	r7, sp, #0
  66              		.cfi_def_cfa_register 7
  89:.\Generated_Source\PSoC5/UART_2_PM.c ****     #if(UART_2_CONTROL_REG_REMOVED == 0u)
  90:.\Generated_Source\PSoC5/UART_2_PM.c ****         UART_2_CONTROL_REG = UART_2_backup.cr;
  91:.\Generated_Source\PSoC5/UART_2_PM.c ****     #endif /* End UART_2_CONTROL_REG_REMOVED */
  92:.\Generated_Source\PSoC5/UART_2_PM.c **** }
  67              		.loc 1 92 0
  68 0004 BD46     		mov	sp, r7
  69              		@ sp needed
  70 0006 5DF8047B 		ldr	r7, [sp], #4
  71 000a 7047     		bx	lr
  72              		.cfi_endproc
  73              	.LFE1:
  74              		.size	UART_2_RestoreConfig, .-UART_2_RestoreConfig
  75              		.section	.text.UART_2_Sleep,"ax",%progbits
  76              		.align	2
  77              		.global	UART_2_Sleep
  78              		.thumb
  79              		.thumb_func
ARM GAS  C:\Users\dskyNote\AppData\Local\Temp\cc0Isg16.s 			page 4


  80              		.type	UART_2_Sleep, %function
  81              	UART_2_Sleep:
  82              	.LFB2:
  93:.\Generated_Source\PSoC5/UART_2_PM.c **** 
  94:.\Generated_Source\PSoC5/UART_2_PM.c **** 
  95:.\Generated_Source\PSoC5/UART_2_PM.c **** /*******************************************************************************
  96:.\Generated_Source\PSoC5/UART_2_PM.c **** * Function Name: UART_2_Sleep
  97:.\Generated_Source\PSoC5/UART_2_PM.c **** ********************************************************************************
  98:.\Generated_Source\PSoC5/UART_2_PM.c **** *
  99:.\Generated_Source\PSoC5/UART_2_PM.c **** * Summary:
 100:.\Generated_Source\PSoC5/UART_2_PM.c **** *  This is the preferred API to prepare the component for sleep. 
 101:.\Generated_Source\PSoC5/UART_2_PM.c **** *  The UART_2_Sleep() API saves the current component state. Then it
 102:.\Generated_Source\PSoC5/UART_2_PM.c **** *  calls the UART_2_Stop() function and calls 
 103:.\Generated_Source\PSoC5/UART_2_PM.c **** *  UART_2_SaveConfig() to save the hardware configuration.
 104:.\Generated_Source\PSoC5/UART_2_PM.c **** *  Call the UART_2_Sleep() function before calling the CyPmSleep() 
 105:.\Generated_Source\PSoC5/UART_2_PM.c **** *  or the CyPmHibernate() function. 
 106:.\Generated_Source\PSoC5/UART_2_PM.c **** *
 107:.\Generated_Source\PSoC5/UART_2_PM.c **** * Parameters:
 108:.\Generated_Source\PSoC5/UART_2_PM.c **** *  None.
 109:.\Generated_Source\PSoC5/UART_2_PM.c **** *
 110:.\Generated_Source\PSoC5/UART_2_PM.c **** * Return:
 111:.\Generated_Source\PSoC5/UART_2_PM.c **** *  None.
 112:.\Generated_Source\PSoC5/UART_2_PM.c **** *
 113:.\Generated_Source\PSoC5/UART_2_PM.c **** * Global Variables:
 114:.\Generated_Source\PSoC5/UART_2_PM.c **** *  UART_2_backup - modified when non-retention registers are saved.
 115:.\Generated_Source\PSoC5/UART_2_PM.c **** *
 116:.\Generated_Source\PSoC5/UART_2_PM.c **** * Reentrant:
 117:.\Generated_Source\PSoC5/UART_2_PM.c **** *  No.
 118:.\Generated_Source\PSoC5/UART_2_PM.c **** *
 119:.\Generated_Source\PSoC5/UART_2_PM.c **** *******************************************************************************/
 120:.\Generated_Source\PSoC5/UART_2_PM.c **** void UART_2_Sleep(void)
 121:.\Generated_Source\PSoC5/UART_2_PM.c **** {
  83              		.loc 1 121 0
  84              		.cfi_startproc
  85              		@ args = 0, pretend = 0, frame = 0
  86              		@ frame_needed = 1, uses_anonymous_args = 0
  87 0000 80B5     		push	{r7, lr}
  88              		.cfi_def_cfa_offset 8
  89              		.cfi_offset 7, -8
  90              		.cfi_offset 14, -4
  91 0002 00AF     		add	r7, sp, #0
  92              		.cfi_def_cfa_register 7
 122:.\Generated_Source\PSoC5/UART_2_PM.c ****     #if(UART_2_RX_ENABLED || UART_2_HD_ENABLED)
 123:.\Generated_Source\PSoC5/UART_2_PM.c ****         if((UART_2_RXSTATUS_ACTL_REG  & UART_2_INT_ENABLE) != 0u)
  93              		.loc 1 123 0
  94 0004 094B     		ldr	r3, .L6
  95 0006 1B78     		ldrb	r3, [r3]
  96 0008 DBB2     		uxtb	r3, r3
  97 000a 03F01003 		and	r3, r3, #16
  98 000e 002B     		cmp	r3, #0
  99 0010 03D0     		beq	.L4
 124:.\Generated_Source\PSoC5/UART_2_PM.c ****         {
 125:.\Generated_Source\PSoC5/UART_2_PM.c ****             UART_2_backup.enableState = 1u;
 100              		.loc 1 125 0
 101 0012 074B     		ldr	r3, .L6+4
 102 0014 0122     		movs	r2, #1
 103 0016 1A70     		strb	r2, [r3]
ARM GAS  C:\Users\dskyNote\AppData\Local\Temp\cc0Isg16.s 			page 5


 104 0018 02E0     		b	.L5
 105              	.L4:
 126:.\Generated_Source\PSoC5/UART_2_PM.c ****         }
 127:.\Generated_Source\PSoC5/UART_2_PM.c ****         else
 128:.\Generated_Source\PSoC5/UART_2_PM.c ****         {
 129:.\Generated_Source\PSoC5/UART_2_PM.c ****             UART_2_backup.enableState = 0u;
 106              		.loc 1 129 0
 107 001a 054B     		ldr	r3, .L6+4
 108 001c 0022     		movs	r2, #0
 109 001e 1A70     		strb	r2, [r3]
 110              	.L5:
 130:.\Generated_Source\PSoC5/UART_2_PM.c ****         }
 131:.\Generated_Source\PSoC5/UART_2_PM.c ****     #else
 132:.\Generated_Source\PSoC5/UART_2_PM.c ****         if((UART_2_TXSTATUS_ACTL_REG  & UART_2_INT_ENABLE) !=0u)
 133:.\Generated_Source\PSoC5/UART_2_PM.c ****         {
 134:.\Generated_Source\PSoC5/UART_2_PM.c ****             UART_2_backup.enableState = 1u;
 135:.\Generated_Source\PSoC5/UART_2_PM.c ****         }
 136:.\Generated_Source\PSoC5/UART_2_PM.c ****         else
 137:.\Generated_Source\PSoC5/UART_2_PM.c ****         {
 138:.\Generated_Source\PSoC5/UART_2_PM.c ****             UART_2_backup.enableState = 0u;
 139:.\Generated_Source\PSoC5/UART_2_PM.c ****         }
 140:.\Generated_Source\PSoC5/UART_2_PM.c ****     #endif /* End UART_2_RX_ENABLED || UART_2_HD_ENABLED*/
 141:.\Generated_Source\PSoC5/UART_2_PM.c **** 
 142:.\Generated_Source\PSoC5/UART_2_PM.c ****     UART_2_Stop();
 111              		.loc 1 142 0
 112 0020 FFF7FEFF 		bl	UART_2_Stop
 143:.\Generated_Source\PSoC5/UART_2_PM.c ****     UART_2_SaveConfig();
 113              		.loc 1 143 0
 114 0024 FFF7FEFF 		bl	UART_2_SaveConfig
 144:.\Generated_Source\PSoC5/UART_2_PM.c **** }
 115              		.loc 1 144 0
 116 0028 80BD     		pop	{r7, pc}
 117              	.L7:
 118 002a 00BF     		.align	2
 119              	.L6:
 120 002c 99640040 		.word	1073767577
 121 0030 00000000 		.word	UART_2_backup
 122              		.cfi_endproc
 123              	.LFE2:
 124              		.size	UART_2_Sleep, .-UART_2_Sleep
 125              		.section	.text.UART_2_Wakeup,"ax",%progbits
 126              		.align	2
 127              		.global	UART_2_Wakeup
 128              		.thumb
 129              		.thumb_func
 130              		.type	UART_2_Wakeup, %function
 131              	UART_2_Wakeup:
 132              	.LFB3:
 145:.\Generated_Source\PSoC5/UART_2_PM.c **** 
 146:.\Generated_Source\PSoC5/UART_2_PM.c **** 
 147:.\Generated_Source\PSoC5/UART_2_PM.c **** /*******************************************************************************
 148:.\Generated_Source\PSoC5/UART_2_PM.c **** * Function Name: UART_2_Wakeup
 149:.\Generated_Source\PSoC5/UART_2_PM.c **** ********************************************************************************
 150:.\Generated_Source\PSoC5/UART_2_PM.c **** *
 151:.\Generated_Source\PSoC5/UART_2_PM.c **** * Summary:
 152:.\Generated_Source\PSoC5/UART_2_PM.c **** *  This is the preferred API to restore the component to the state when 
 153:.\Generated_Source\PSoC5/UART_2_PM.c **** *  UART_2_Sleep() was called. The UART_2_Wakeup() function
ARM GAS  C:\Users\dskyNote\AppData\Local\Temp\cc0Isg16.s 			page 6


 154:.\Generated_Source\PSoC5/UART_2_PM.c **** *  calls the UART_2_RestoreConfig() function to restore the 
 155:.\Generated_Source\PSoC5/UART_2_PM.c **** *  configuration. If the component was enabled before the 
 156:.\Generated_Source\PSoC5/UART_2_PM.c **** *  UART_2_Sleep() function was called, the UART_2_Wakeup()
 157:.\Generated_Source\PSoC5/UART_2_PM.c **** *  function will also re-enable the component.
 158:.\Generated_Source\PSoC5/UART_2_PM.c **** *
 159:.\Generated_Source\PSoC5/UART_2_PM.c **** * Parameters:
 160:.\Generated_Source\PSoC5/UART_2_PM.c **** *  None.
 161:.\Generated_Source\PSoC5/UART_2_PM.c **** *
 162:.\Generated_Source\PSoC5/UART_2_PM.c **** * Return:
 163:.\Generated_Source\PSoC5/UART_2_PM.c **** *  None.
 164:.\Generated_Source\PSoC5/UART_2_PM.c **** *
 165:.\Generated_Source\PSoC5/UART_2_PM.c **** * Global Variables:
 166:.\Generated_Source\PSoC5/UART_2_PM.c **** *  UART_2_backup - used when non-retention registers are restored.
 167:.\Generated_Source\PSoC5/UART_2_PM.c **** *
 168:.\Generated_Source\PSoC5/UART_2_PM.c **** * Reentrant:
 169:.\Generated_Source\PSoC5/UART_2_PM.c **** *  No.
 170:.\Generated_Source\PSoC5/UART_2_PM.c **** *
 171:.\Generated_Source\PSoC5/UART_2_PM.c **** *******************************************************************************/
 172:.\Generated_Source\PSoC5/UART_2_PM.c **** void UART_2_Wakeup(void)
 173:.\Generated_Source\PSoC5/UART_2_PM.c **** {
 133              		.loc 1 173 0
 134              		.cfi_startproc
 135              		@ args = 0, pretend = 0, frame = 0
 136              		@ frame_needed = 1, uses_anonymous_args = 0
 137 0000 80B5     		push	{r7, lr}
 138              		.cfi_def_cfa_offset 8
 139              		.cfi_offset 7, -8
 140              		.cfi_offset 14, -4
 141 0002 00AF     		add	r7, sp, #0
 142              		.cfi_def_cfa_register 7
 174:.\Generated_Source\PSoC5/UART_2_PM.c ****     UART_2_RestoreConfig();
 143              		.loc 1 174 0
 144 0004 FFF7FEFF 		bl	UART_2_RestoreConfig
 175:.\Generated_Source\PSoC5/UART_2_PM.c ****     #if( (UART_2_RX_ENABLED) || (UART_2_HD_ENABLED) )
 176:.\Generated_Source\PSoC5/UART_2_PM.c ****         UART_2_ClearRxBuffer();
 145              		.loc 1 176 0
 146 0008 FFF7FEFF 		bl	UART_2_ClearRxBuffer
 177:.\Generated_Source\PSoC5/UART_2_PM.c ****     #endif /* End (UART_2_RX_ENABLED) || (UART_2_HD_ENABLED) */
 178:.\Generated_Source\PSoC5/UART_2_PM.c ****     #if(UART_2_TX_ENABLED || UART_2_HD_ENABLED)
 179:.\Generated_Source\PSoC5/UART_2_PM.c ****         UART_2_ClearTxBuffer();
 147              		.loc 1 179 0
 148 000c FFF7FEFF 		bl	UART_2_ClearTxBuffer
 180:.\Generated_Source\PSoC5/UART_2_PM.c ****     #endif /* End UART_2_TX_ENABLED || UART_2_HD_ENABLED */
 181:.\Generated_Source\PSoC5/UART_2_PM.c **** 
 182:.\Generated_Source\PSoC5/UART_2_PM.c ****     if(UART_2_backup.enableState != 0u)
 149              		.loc 1 182 0
 150 0010 034B     		ldr	r3, .L10
 151 0012 1B78     		ldrb	r3, [r3]	@ zero_extendqisi2
 152 0014 002B     		cmp	r3, #0
 153 0016 01D0     		beq	.L8
 183:.\Generated_Source\PSoC5/UART_2_PM.c ****     {
 184:.\Generated_Source\PSoC5/UART_2_PM.c ****         UART_2_Enable();
 154              		.loc 1 184 0
 155 0018 FFF7FEFF 		bl	UART_2_Enable
 156              	.L8:
 185:.\Generated_Source\PSoC5/UART_2_PM.c ****     }
 186:.\Generated_Source\PSoC5/UART_2_PM.c **** }
ARM GAS  C:\Users\dskyNote\AppData\Local\Temp\cc0Isg16.s 			page 7


 157              		.loc 1 186 0
 158 001c 80BD     		pop	{r7, pc}
 159              	.L11:
 160 001e 00BF     		.align	2
 161              	.L10:
 162 0020 00000000 		.word	UART_2_backup
 163              		.cfi_endproc
 164              	.LFE3:
 165              		.size	UART_2_Wakeup, .-UART_2_Wakeup
 166              		.text
 167              	.Letext0:
 168              		.file 2 ".\\Generated_Source\\PSoC5\\cytypes.h"
 169              		.file 3 ".\\Generated_Source\\PSoC5\\UART_2.h"
 170              		.section	.debug_info,"",%progbits
 171              	.Ldebug_info0:
 172 0000 18010000 		.4byte	0x118
 173 0004 0400     		.2byte	0x4
 174 0006 00000000 		.4byte	.Ldebug_abbrev0
 175 000a 04       		.byte	0x4
 176 000b 01       		.uleb128 0x1
 177 000c 73010000 		.4byte	.LASF20
 178 0010 01       		.byte	0x1
 179 0011 3C000000 		.4byte	.LASF21
 180 0015 88000000 		.4byte	.LASF22
 181 0019 00000000 		.4byte	.Ldebug_ranges0+0
 182 001d 00000000 		.4byte	0
 183 0021 00000000 		.4byte	.Ldebug_line0
 184 0025 02       		.uleb128 0x2
 185 0026 01       		.byte	0x1
 186 0027 06       		.byte	0x6
 187 0028 57010000 		.4byte	.LASF0
 188 002c 02       		.uleb128 0x2
 189 002d 01       		.byte	0x1
 190 002e 08       		.byte	0x8
 191 002f FF000000 		.4byte	.LASF1
 192 0033 02       		.uleb128 0x2
 193 0034 02       		.byte	0x2
 194 0035 05       		.byte	0x5
 195 0036 69010000 		.4byte	.LASF2
 196 003a 02       		.uleb128 0x2
 197 003b 02       		.byte	0x2
 198 003c 07       		.byte	0x7
 199 003d 44010000 		.4byte	.LASF3
 200 0041 02       		.uleb128 0x2
 201 0042 04       		.byte	0x4
 202 0043 05       		.byte	0x5
 203 0044 12010000 		.4byte	.LASF4
 204 0048 02       		.uleb128 0x2
 205 0049 04       		.byte	0x4
 206 004a 07       		.byte	0x7
 207 004b BA000000 		.4byte	.LASF5
 208 004f 02       		.uleb128 0x2
 209 0050 08       		.byte	0x8
 210 0051 05       		.byte	0x5
 211 0052 00000000 		.4byte	.LASF6
 212 0056 02       		.uleb128 0x2
 213 0057 08       		.byte	0x8
ARM GAS  C:\Users\dskyNote\AppData\Local\Temp\cc0Isg16.s 			page 8


 214 0058 07       		.byte	0x7
 215 0059 DA000000 		.4byte	.LASF7
 216 005d 03       		.uleb128 0x3
 217 005e 04       		.byte	0x4
 218 005f 05       		.byte	0x5
 219 0060 696E7400 		.ascii	"int\000"
 220 0064 02       		.uleb128 0x2
 221 0065 04       		.byte	0x4
 222 0066 07       		.byte	0x7
 223 0067 1A000000 		.4byte	.LASF8
 224 006b 04       		.uleb128 0x4
 225 006c B4000000 		.4byte	.LASF12
 226 0070 02       		.byte	0x2
 227 0071 5B       		.byte	0x5b
 228 0072 2C000000 		.4byte	0x2c
 229 0076 02       		.uleb128 0x2
 230 0077 04       		.byte	0x4
 231 0078 04       		.byte	0x4
 232 0079 63010000 		.4byte	.LASF9
 233 007d 02       		.uleb128 0x2
 234 007e 08       		.byte	0x8
 235 007f 04       		.byte	0x4
 236 0080 28010000 		.4byte	.LASF10
 237 0084 02       		.uleb128 0x2
 238 0085 01       		.byte	0x1
 239 0086 08       		.byte	0x8
 240 0087 0D010000 		.4byte	.LASF11
 241 008b 04       		.uleb128 0x4
 242 008c AF000000 		.4byte	.LASF13
 243 0090 02       		.byte	0x2
 244 0091 F0       		.byte	0xf0
 245 0092 96000000 		.4byte	0x96
 246 0096 05       		.uleb128 0x5
 247 0097 6B000000 		.4byte	0x6b
 248 009b 02       		.uleb128 0x2
 249 009c 04       		.byte	0x4
 250 009d 07       		.byte	0x7
 251 009e EF010000 		.4byte	.LASF14
 252 00a2 06       		.uleb128 0x6
 253 00a3 73000000 		.4byte	.LASF23
 254 00a7 01       		.byte	0x1
 255 00a8 03       		.byte	0x3
 256 00a9 45       		.byte	0x45
 257 00aa BB000000 		.4byte	0xbb
 258 00ae 07       		.uleb128 0x7
 259 00af 0E000000 		.4byte	.LASF24
 260 00b3 03       		.byte	0x3
 261 00b4 47       		.byte	0x47
 262 00b5 6B000000 		.4byte	0x6b
 263 00b9 00       		.byte	0
 264 00ba 00       		.byte	0
 265 00bb 04       		.uleb128 0x4
 266 00bc 2F010000 		.4byte	.LASF15
 267 00c0 03       		.byte	0x3
 268 00c1 4D       		.byte	0x4d
 269 00c2 A2000000 		.4byte	0xa2
 270 00c6 08       		.uleb128 0x8
ARM GAS  C:\Users\dskyNote\AppData\Local\Temp\cc0Isg16.s 			page 9


 271 00c7 61000000 		.4byte	.LASF16
 272 00cb 01       		.byte	0x1
 273 00cc 36       		.byte	0x36
 274 00cd 00000000 		.4byte	.LFB0
 275 00d1 0C000000 		.4byte	.LFE0-.LFB0
 276 00d5 01       		.uleb128 0x1
 277 00d6 9C       		.byte	0x9c
 278 00d7 08       		.uleb128 0x8
 279 00d8 27000000 		.4byte	.LASF17
 280 00dc 01       		.byte	0x1
 281 00dd 57       		.byte	0x57
 282 00de 00000000 		.4byte	.LFB1
 283 00e2 0C000000 		.4byte	.LFE1-.LFB1
 284 00e6 01       		.uleb128 0x1
 285 00e7 9C       		.byte	0x9c
 286 00e8 09       		.uleb128 0x9
 287 00e9 1B010000 		.4byte	.LASF18
 288 00ed 01       		.byte	0x1
 289 00ee 78       		.byte	0x78
 290 00ef 00000000 		.4byte	.LFB2
 291 00f3 34000000 		.4byte	.LFE2-.LFB2
 292 00f7 01       		.uleb128 0x1
 293 00f8 9C       		.byte	0x9c
 294 00f9 09       		.uleb128 0x9
 295 00fa F1000000 		.4byte	.LASF19
 296 00fe 01       		.byte	0x1
 297 00ff AC       		.byte	0xac
 298 0100 00000000 		.4byte	.LFB3
 299 0104 24000000 		.4byte	.LFE3-.LFB3
 300 0108 01       		.uleb128 0x1
 301 0109 9C       		.byte	0x9c
 302 010a 0A       		.uleb128 0xa
 303 010b CC000000 		.4byte	.LASF25
 304 010f 01       		.byte	0x1
 305 0110 18       		.byte	0x18
 306 0111 BB000000 		.4byte	0xbb
 307 0115 05       		.uleb128 0x5
 308 0116 03       		.byte	0x3
 309 0117 00000000 		.4byte	UART_2_backup
 310 011b 00       		.byte	0
 311              		.section	.debug_abbrev,"",%progbits
 312              	.Ldebug_abbrev0:
 313 0000 01       		.uleb128 0x1
 314 0001 11       		.uleb128 0x11
 315 0002 01       		.byte	0x1
 316 0003 25       		.uleb128 0x25
 317 0004 0E       		.uleb128 0xe
 318 0005 13       		.uleb128 0x13
 319 0006 0B       		.uleb128 0xb
 320 0007 03       		.uleb128 0x3
 321 0008 0E       		.uleb128 0xe
 322 0009 1B       		.uleb128 0x1b
 323 000a 0E       		.uleb128 0xe
 324 000b 55       		.uleb128 0x55
 325 000c 17       		.uleb128 0x17
 326 000d 11       		.uleb128 0x11
 327 000e 01       		.uleb128 0x1
ARM GAS  C:\Users\dskyNote\AppData\Local\Temp\cc0Isg16.s 			page 10


 328 000f 10       		.uleb128 0x10
 329 0010 17       		.uleb128 0x17
 330 0011 00       		.byte	0
 331 0012 00       		.byte	0
 332 0013 02       		.uleb128 0x2
 333 0014 24       		.uleb128 0x24
 334 0015 00       		.byte	0
 335 0016 0B       		.uleb128 0xb
 336 0017 0B       		.uleb128 0xb
 337 0018 3E       		.uleb128 0x3e
 338 0019 0B       		.uleb128 0xb
 339 001a 03       		.uleb128 0x3
 340 001b 0E       		.uleb128 0xe
 341 001c 00       		.byte	0
 342 001d 00       		.byte	0
 343 001e 03       		.uleb128 0x3
 344 001f 24       		.uleb128 0x24
 345 0020 00       		.byte	0
 346 0021 0B       		.uleb128 0xb
 347 0022 0B       		.uleb128 0xb
 348 0023 3E       		.uleb128 0x3e
 349 0024 0B       		.uleb128 0xb
 350 0025 03       		.uleb128 0x3
 351 0026 08       		.uleb128 0x8
 352 0027 00       		.byte	0
 353 0028 00       		.byte	0
 354 0029 04       		.uleb128 0x4
 355 002a 16       		.uleb128 0x16
 356 002b 00       		.byte	0
 357 002c 03       		.uleb128 0x3
 358 002d 0E       		.uleb128 0xe
 359 002e 3A       		.uleb128 0x3a
 360 002f 0B       		.uleb128 0xb
 361 0030 3B       		.uleb128 0x3b
 362 0031 0B       		.uleb128 0xb
 363 0032 49       		.uleb128 0x49
 364 0033 13       		.uleb128 0x13
 365 0034 00       		.byte	0
 366 0035 00       		.byte	0
 367 0036 05       		.uleb128 0x5
 368 0037 35       		.uleb128 0x35
 369 0038 00       		.byte	0
 370 0039 49       		.uleb128 0x49
 371 003a 13       		.uleb128 0x13
 372 003b 00       		.byte	0
 373 003c 00       		.byte	0
 374 003d 06       		.uleb128 0x6
 375 003e 13       		.uleb128 0x13
 376 003f 01       		.byte	0x1
 377 0040 03       		.uleb128 0x3
 378 0041 0E       		.uleb128 0xe
 379 0042 0B       		.uleb128 0xb
 380 0043 0B       		.uleb128 0xb
 381 0044 3A       		.uleb128 0x3a
 382 0045 0B       		.uleb128 0xb
 383 0046 3B       		.uleb128 0x3b
 384 0047 0B       		.uleb128 0xb
ARM GAS  C:\Users\dskyNote\AppData\Local\Temp\cc0Isg16.s 			page 11


 385 0048 01       		.uleb128 0x1
 386 0049 13       		.uleb128 0x13
 387 004a 00       		.byte	0
 388 004b 00       		.byte	0
 389 004c 07       		.uleb128 0x7
 390 004d 0D       		.uleb128 0xd
 391 004e 00       		.byte	0
 392 004f 03       		.uleb128 0x3
 393 0050 0E       		.uleb128 0xe
 394 0051 3A       		.uleb128 0x3a
 395 0052 0B       		.uleb128 0xb
 396 0053 3B       		.uleb128 0x3b
 397 0054 0B       		.uleb128 0xb
 398 0055 49       		.uleb128 0x49
 399 0056 13       		.uleb128 0x13
 400 0057 38       		.uleb128 0x38
 401 0058 0B       		.uleb128 0xb
 402 0059 00       		.byte	0
 403 005a 00       		.byte	0
 404 005b 08       		.uleb128 0x8
 405 005c 2E       		.uleb128 0x2e
 406 005d 00       		.byte	0
 407 005e 3F       		.uleb128 0x3f
 408 005f 19       		.uleb128 0x19
 409 0060 03       		.uleb128 0x3
 410 0061 0E       		.uleb128 0xe
 411 0062 3A       		.uleb128 0x3a
 412 0063 0B       		.uleb128 0xb
 413 0064 3B       		.uleb128 0x3b
 414 0065 0B       		.uleb128 0xb
 415 0066 27       		.uleb128 0x27
 416 0067 19       		.uleb128 0x19
 417 0068 11       		.uleb128 0x11
 418 0069 01       		.uleb128 0x1
 419 006a 12       		.uleb128 0x12
 420 006b 06       		.uleb128 0x6
 421 006c 40       		.uleb128 0x40
 422 006d 18       		.uleb128 0x18
 423 006e 9742     		.uleb128 0x2117
 424 0070 19       		.uleb128 0x19
 425 0071 00       		.byte	0
 426 0072 00       		.byte	0
 427 0073 09       		.uleb128 0x9
 428 0074 2E       		.uleb128 0x2e
 429 0075 00       		.byte	0
 430 0076 3F       		.uleb128 0x3f
 431 0077 19       		.uleb128 0x19
 432 0078 03       		.uleb128 0x3
 433 0079 0E       		.uleb128 0xe
 434 007a 3A       		.uleb128 0x3a
 435 007b 0B       		.uleb128 0xb
 436 007c 3B       		.uleb128 0x3b
 437 007d 0B       		.uleb128 0xb
 438 007e 27       		.uleb128 0x27
 439 007f 19       		.uleb128 0x19
 440 0080 11       		.uleb128 0x11
 441 0081 01       		.uleb128 0x1
ARM GAS  C:\Users\dskyNote\AppData\Local\Temp\cc0Isg16.s 			page 12


 442 0082 12       		.uleb128 0x12
 443 0083 06       		.uleb128 0x6
 444 0084 40       		.uleb128 0x40
 445 0085 18       		.uleb128 0x18
 446 0086 9642     		.uleb128 0x2116
 447 0088 19       		.uleb128 0x19
 448 0089 00       		.byte	0
 449 008a 00       		.byte	0
 450 008b 0A       		.uleb128 0xa
 451 008c 34       		.uleb128 0x34
 452 008d 00       		.byte	0
 453 008e 03       		.uleb128 0x3
 454 008f 0E       		.uleb128 0xe
 455 0090 3A       		.uleb128 0x3a
 456 0091 0B       		.uleb128 0xb
 457 0092 3B       		.uleb128 0x3b
 458 0093 0B       		.uleb128 0xb
 459 0094 49       		.uleb128 0x49
 460 0095 13       		.uleb128 0x13
 461 0096 02       		.uleb128 0x2
 462 0097 18       		.uleb128 0x18
 463 0098 00       		.byte	0
 464 0099 00       		.byte	0
 465 009a 00       		.byte	0
 466              		.section	.debug_aranges,"",%progbits
 467 0000 34000000 		.4byte	0x34
 468 0004 0200     		.2byte	0x2
 469 0006 00000000 		.4byte	.Ldebug_info0
 470 000a 04       		.byte	0x4
 471 000b 00       		.byte	0
 472 000c 0000     		.2byte	0
 473 000e 0000     		.2byte	0
 474 0010 00000000 		.4byte	.LFB0
 475 0014 0C000000 		.4byte	.LFE0-.LFB0
 476 0018 00000000 		.4byte	.LFB1
 477 001c 0C000000 		.4byte	.LFE1-.LFB1
 478 0020 00000000 		.4byte	.LFB2
 479 0024 34000000 		.4byte	.LFE2-.LFB2
 480 0028 00000000 		.4byte	.LFB3
 481 002c 24000000 		.4byte	.LFE3-.LFB3
 482 0030 00000000 		.4byte	0
 483 0034 00000000 		.4byte	0
 484              		.section	.debug_ranges,"",%progbits
 485              	.Ldebug_ranges0:
 486 0000 00000000 		.4byte	.LFB0
 487 0004 0C000000 		.4byte	.LFE0
 488 0008 00000000 		.4byte	.LFB1
 489 000c 0C000000 		.4byte	.LFE1
 490 0010 00000000 		.4byte	.LFB2
 491 0014 34000000 		.4byte	.LFE2
 492 0018 00000000 		.4byte	.LFB3
 493 001c 24000000 		.4byte	.LFE3
 494 0020 00000000 		.4byte	0
 495 0024 00000000 		.4byte	0
 496              		.section	.debug_line,"",%progbits
 497              	.Ldebug_line0:
 498 0000 A9000000 		.section	.debug_str,"MS",%progbits,1
ARM GAS  C:\Users\dskyNote\AppData\Local\Temp\cc0Isg16.s 			page 13


 498      02005400 
 498      00000201 
 498      FB0E0D00 
 498      01010101 
 499              	.LASF6:
 500 0000 6C6F6E67 		.ascii	"long long int\000"
 500      206C6F6E 
 500      6720696E 
 500      7400
 501              	.LASF24:
 502 000e 656E6162 		.ascii	"enableState\000"
 502      6C655374 
 502      61746500 
 503              	.LASF8:
 504 001a 756E7369 		.ascii	"unsigned int\000"
 504      676E6564 
 504      20696E74 
 504      00
 505              	.LASF17:
 506 0027 55415254 		.ascii	"UART_2_RestoreConfig\000"
 506      5F325F52 
 506      6573746F 
 506      7265436F 
 506      6E666967 
 507              	.LASF21:
 508 003c 2E5C4765 		.ascii	".\\Generated_Source\\PSoC5\\UART_2_PM.c\000"
 508      6E657261 
 508      7465645F 
 508      536F7572 
 508      63655C50 
 509              	.LASF16:
 510 0061 55415254 		.ascii	"UART_2_SaveConfig\000"
 510      5F325F53 
 510      61766543 
 510      6F6E6669 
 510      6700
 511              	.LASF23:
 512 0073 55415254 		.ascii	"UART_2_backupStruct_\000"
 512      5F325F62 
 512      61636B75 
 512      70537472 
 512      7563745F 
 513              	.LASF22:
 514 0088 433A5C67 		.ascii	"C:\\gitData\\PSoC\\SFT1.0v\\Design01.cydsn\000"
 514      69744461 
 514      74615C50 
 514      536F435C 
 514      53465431 
 515              	.LASF13:
 516 00af 72656738 		.ascii	"reg8\000"
 516      00
 517              	.LASF12:
 518 00b4 75696E74 		.ascii	"uint8\000"
 518      3800
 519              	.LASF5:
 520 00ba 6C6F6E67 		.ascii	"long unsigned int\000"
 520      20756E73 
ARM GAS  C:\Users\dskyNote\AppData\Local\Temp\cc0Isg16.s 			page 14


 520      69676E65 
 520      6420696E 
 520      7400
 521              	.LASF25:
 522 00cc 55415254 		.ascii	"UART_2_backup\000"
 522      5F325F62 
 522      61636B75 
 522      7000
 523              	.LASF7:
 524 00da 6C6F6E67 		.ascii	"long long unsigned int\000"
 524      206C6F6E 
 524      6720756E 
 524      7369676E 
 524      65642069 
 525              	.LASF19:
 526 00f1 55415254 		.ascii	"UART_2_Wakeup\000"
 526      5F325F57 
 526      616B6575 
 526      7000
 527              	.LASF1:
 528 00ff 756E7369 		.ascii	"unsigned char\000"
 528      676E6564 
 528      20636861 
 528      7200
 529              	.LASF11:
 530 010d 63686172 		.ascii	"char\000"
 530      00
 531              	.LASF4:
 532 0112 6C6F6E67 		.ascii	"long int\000"
 532      20696E74 
 532      00
 533              	.LASF18:
 534 011b 55415254 		.ascii	"UART_2_Sleep\000"
 534      5F325F53 
 534      6C656570 
 534      00
 535              	.LASF10:
 536 0128 646F7562 		.ascii	"double\000"
 536      6C6500
 537              	.LASF15:
 538 012f 55415254 		.ascii	"UART_2_BACKUP_STRUCT\000"
 538      5F325F42 
 538      41434B55 
 538      505F5354 
 538      52554354 
 539              	.LASF3:
 540 0144 73686F72 		.ascii	"short unsigned int\000"
 540      7420756E 
 540      7369676E 
 540      65642069 
 540      6E7400
 541              	.LASF0:
 542 0157 7369676E 		.ascii	"signed char\000"
 542      65642063 
 542      68617200 
 543              	.LASF9:
 544 0163 666C6F61 		.ascii	"float\000"
ARM GAS  C:\Users\dskyNote\AppData\Local\Temp\cc0Isg16.s 			page 15


 544      7400
 545              	.LASF2:
 546 0169 73686F72 		.ascii	"short int\000"
 546      7420696E 
 546      7400
 547              	.LASF20:
 548 0173 474E5520 		.ascii	"GNU C 4.8.4 20140526 (release) [ARM/embedded-4_8-br"
 548      4320342E 
 548      382E3420 
 548      32303134 
 548      30353236 
 549 01a6 616E6368 		.ascii	"anch revision 211358] -mcpu=cortex-m3 -mthumb -g -O"
 549      20726576 
 549      6973696F 
 549      6E203231 
 549      31333538 
 550 01d9 30202D66 		.ascii	"0 -ffunction-sections\000"
 550      66756E63 
 550      74696F6E 
 550      2D736563 
 550      74696F6E 
 551              	.LASF14:
 552 01ef 73697A65 		.ascii	"sizetype\000"
 552      74797065 
 552      00
 553              		.ident	"GCC: (GNU Tools for ARM Embedded Processors) 4.8.4 20140526 (release) [ARM/embedded-4_8-br
