ARM GAS  C:\Users\dskyNote\AppData\Local\Temp\ccAfI4hf.s 			page 1


   1              		.syntax unified
   2              		.cpu cortex-m3
   3              		.fpu softvfp
   4              		.eabi_attribute 20, 1
   5              		.eabi_attribute 21, 1
   6              		.eabi_attribute 23, 3
   7              		.eabi_attribute 24, 1
   8              		.eabi_attribute 25, 1
   9              		.eabi_attribute 26, 1
  10              		.eabi_attribute 30, 6
  11              		.eabi_attribute 34, 1
  12              		.eabi_attribute 18, 4
  13              		.thumb
  14              		.file	"VDAC8_4.c"
  15              		.text
  16              	.Ltext0:
  17              		.cfi_sections	.debug_frame
  18              		.global	VDAC8_4_initVar
  19              		.bss
  20              		.type	VDAC8_4_initVar, %object
  21              		.size	VDAC8_4_initVar, 1
  22              	VDAC8_4_initVar:
  23 0000 00       		.space	1
  24              		.section	.text.VDAC8_4_Init,"ax",%progbits
  25              		.align	2
  26              		.global	VDAC8_4_Init
  27              		.thumb
  28              		.thumb_func
  29              		.type	VDAC8_4_Init, %function
  30              	VDAC8_4_Init:
  31              	.LFB0:
  32              		.file 1 ".\\Generated_Source\\PSoC5\\VDAC8_4.c"
   1:.\Generated_Source\PSoC5/VDAC8_4.c **** /*******************************************************************************
   2:.\Generated_Source\PSoC5/VDAC8_4.c **** * File Name: VDAC8_4.c  
   3:.\Generated_Source\PSoC5/VDAC8_4.c **** * Version 1.90
   4:.\Generated_Source\PSoC5/VDAC8_4.c **** *
   5:.\Generated_Source\PSoC5/VDAC8_4.c **** * Description:
   6:.\Generated_Source\PSoC5/VDAC8_4.c **** *  This file provides the source code to the API for the 8-bit Voltage DAC 
   7:.\Generated_Source\PSoC5/VDAC8_4.c **** *  (VDAC8) User Module.
   8:.\Generated_Source\PSoC5/VDAC8_4.c **** *
   9:.\Generated_Source\PSoC5/VDAC8_4.c **** * Note:
  10:.\Generated_Source\PSoC5/VDAC8_4.c **** *  Any unusual or non-standard behavior should be noted here. Other-
  11:.\Generated_Source\PSoC5/VDAC8_4.c **** *  wise, this section should remain blank.
  12:.\Generated_Source\PSoC5/VDAC8_4.c **** *
  13:.\Generated_Source\PSoC5/VDAC8_4.c **** ********************************************************************************
  14:.\Generated_Source\PSoC5/VDAC8_4.c **** * Copyright 2008-2012, Cypress Semiconductor Corporation.  All rights reserved.
  15:.\Generated_Source\PSoC5/VDAC8_4.c **** * You may use this file only in accordance with the license, terms, conditions, 
  16:.\Generated_Source\PSoC5/VDAC8_4.c **** * disclaimers, and limitations in the end user license agreement accompanying 
  17:.\Generated_Source\PSoC5/VDAC8_4.c **** * the software package with which this file was provided.
  18:.\Generated_Source\PSoC5/VDAC8_4.c **** *******************************************************************************/
  19:.\Generated_Source\PSoC5/VDAC8_4.c **** 
  20:.\Generated_Source\PSoC5/VDAC8_4.c **** #include "cytypes.h"
  21:.\Generated_Source\PSoC5/VDAC8_4.c **** #include "VDAC8_4.h"
  22:.\Generated_Source\PSoC5/VDAC8_4.c **** 
  23:.\Generated_Source\PSoC5/VDAC8_4.c **** #if (CY_PSOC5A)
  24:.\Generated_Source\PSoC5/VDAC8_4.c **** #include <CyLib.h>
  25:.\Generated_Source\PSoC5/VDAC8_4.c **** #endif /* CY_PSOC5A */
ARM GAS  C:\Users\dskyNote\AppData\Local\Temp\ccAfI4hf.s 			page 2


  26:.\Generated_Source\PSoC5/VDAC8_4.c **** 
  27:.\Generated_Source\PSoC5/VDAC8_4.c **** uint8 VDAC8_4_initVar = 0u;
  28:.\Generated_Source\PSoC5/VDAC8_4.c **** 
  29:.\Generated_Source\PSoC5/VDAC8_4.c **** #if (CY_PSOC5A)
  30:.\Generated_Source\PSoC5/VDAC8_4.c ****     static uint8 VDAC8_4_restoreVal = 0u;
  31:.\Generated_Source\PSoC5/VDAC8_4.c **** #endif /* CY_PSOC5A */
  32:.\Generated_Source\PSoC5/VDAC8_4.c **** 
  33:.\Generated_Source\PSoC5/VDAC8_4.c **** #if (CY_PSOC5A)
  34:.\Generated_Source\PSoC5/VDAC8_4.c ****     static VDAC8_4_backupStruct VDAC8_4_backup;
  35:.\Generated_Source\PSoC5/VDAC8_4.c **** #endif /* CY_PSOC5A */
  36:.\Generated_Source\PSoC5/VDAC8_4.c **** 
  37:.\Generated_Source\PSoC5/VDAC8_4.c **** 
  38:.\Generated_Source\PSoC5/VDAC8_4.c **** /*******************************************************************************
  39:.\Generated_Source\PSoC5/VDAC8_4.c **** * Function Name: VDAC8_4_Init
  40:.\Generated_Source\PSoC5/VDAC8_4.c **** ********************************************************************************
  41:.\Generated_Source\PSoC5/VDAC8_4.c **** * Summary:
  42:.\Generated_Source\PSoC5/VDAC8_4.c **** *  Initialize to the schematic state.
  43:.\Generated_Source\PSoC5/VDAC8_4.c **** * 
  44:.\Generated_Source\PSoC5/VDAC8_4.c **** * Parameters:
  45:.\Generated_Source\PSoC5/VDAC8_4.c **** *  void:
  46:.\Generated_Source\PSoC5/VDAC8_4.c **** *
  47:.\Generated_Source\PSoC5/VDAC8_4.c **** * Return:
  48:.\Generated_Source\PSoC5/VDAC8_4.c **** *  void
  49:.\Generated_Source\PSoC5/VDAC8_4.c **** *
  50:.\Generated_Source\PSoC5/VDAC8_4.c **** * Theory:
  51:.\Generated_Source\PSoC5/VDAC8_4.c **** *
  52:.\Generated_Source\PSoC5/VDAC8_4.c **** * Side Effects:
  53:.\Generated_Source\PSoC5/VDAC8_4.c **** *
  54:.\Generated_Source\PSoC5/VDAC8_4.c **** *******************************************************************************/
  55:.\Generated_Source\PSoC5/VDAC8_4.c **** void VDAC8_4_Init(void) 
  56:.\Generated_Source\PSoC5/VDAC8_4.c **** {
  33              		.loc 1 56 0
  34              		.cfi_startproc
  35              		@ args = 0, pretend = 0, frame = 0
  36              		@ frame_needed = 1, uses_anonymous_args = 0
  37 0000 80B5     		push	{r7, lr}
  38              		.cfi_def_cfa_offset 8
  39              		.cfi_offset 7, -8
  40              		.cfi_offset 14, -4
  41 0002 00AF     		add	r7, sp, #0
  42              		.cfi_def_cfa_register 7
  57:.\Generated_Source\PSoC5/VDAC8_4.c ****     VDAC8_4_CR0 = (VDAC8_4_MODE_V );
  43              		.loc 1 57 0
  44 0004 064B     		ldr	r3, .L2
  45 0006 0022     		movs	r2, #0
  46 0008 1A70     		strb	r2, [r3]
  58:.\Generated_Source\PSoC5/VDAC8_4.c **** 
  59:.\Generated_Source\PSoC5/VDAC8_4.c ****     /* Set default data source */
  60:.\Generated_Source\PSoC5/VDAC8_4.c ****     #if(VDAC8_4_DEFAULT_DATA_SRC != 0 )
  61:.\Generated_Source\PSoC5/VDAC8_4.c ****         VDAC8_4_CR1 = (VDAC8_4_DEFAULT_CNTL | VDAC8_4_DACBUS_ENABLE) ;
  62:.\Generated_Source\PSoC5/VDAC8_4.c ****     #else
  63:.\Generated_Source\PSoC5/VDAC8_4.c ****         VDAC8_4_CR1 = (VDAC8_4_DEFAULT_CNTL | VDAC8_4_DACBUS_DISABLE) ;
  47              		.loc 1 63 0
  48 000a 064B     		ldr	r3, .L2+4
  49 000c 0022     		movs	r2, #0
  50 000e 1A70     		strb	r2, [r3]
  64:.\Generated_Source\PSoC5/VDAC8_4.c ****     #endif /* (VDAC8_4_DEFAULT_DATA_SRC != 0 ) */
ARM GAS  C:\Users\dskyNote\AppData\Local\Temp\ccAfI4hf.s 			page 3


  65:.\Generated_Source\PSoC5/VDAC8_4.c **** 
  66:.\Generated_Source\PSoC5/VDAC8_4.c ****     /* Set default strobe mode */
  67:.\Generated_Source\PSoC5/VDAC8_4.c ****     #if(VDAC8_4_DEFAULT_STRB != 0)
  68:.\Generated_Source\PSoC5/VDAC8_4.c ****         VDAC8_4_Strobe |= VDAC8_4_STRB_EN ;
  69:.\Generated_Source\PSoC5/VDAC8_4.c ****     #endif/* (VDAC8_4_DEFAULT_STRB != 0) */
  70:.\Generated_Source\PSoC5/VDAC8_4.c **** 
  71:.\Generated_Source\PSoC5/VDAC8_4.c ****     /* Set default range */
  72:.\Generated_Source\PSoC5/VDAC8_4.c ****     VDAC8_4_SetRange(VDAC8_4_DEFAULT_RANGE); 
  51              		.loc 1 72 0
  52 0010 0420     		movs	r0, #4
  53 0012 FFF7FEFF 		bl	VDAC8_4_SetRange
  73:.\Generated_Source\PSoC5/VDAC8_4.c **** 
  74:.\Generated_Source\PSoC5/VDAC8_4.c ****     /* Set default speed */
  75:.\Generated_Source\PSoC5/VDAC8_4.c ****     VDAC8_4_SetSpeed(VDAC8_4_DEFAULT_SPEED);
  54              		.loc 1 75 0
  55 0016 0020     		movs	r0, #0
  56 0018 FFF7FEFF 		bl	VDAC8_4_SetSpeed
  76:.\Generated_Source\PSoC5/VDAC8_4.c **** }
  57              		.loc 1 76 0
  58 001c 80BD     		pop	{r7, pc}
  59              	.L3:
  60 001e 00BF     		.align	2
  61              	.L2:
  62 0020 24580040 		.word	1073764388
  63 0024 25580040 		.word	1073764389
  64              		.cfi_endproc
  65              	.LFE0:
  66              		.size	VDAC8_4_Init, .-VDAC8_4_Init
  67              		.section	.text.VDAC8_4_Enable,"ax",%progbits
  68              		.align	2
  69              		.global	VDAC8_4_Enable
  70              		.thumb
  71              		.thumb_func
  72              		.type	VDAC8_4_Enable, %function
  73              	VDAC8_4_Enable:
  74              	.LFB1:
  77:.\Generated_Source\PSoC5/VDAC8_4.c **** 
  78:.\Generated_Source\PSoC5/VDAC8_4.c **** 
  79:.\Generated_Source\PSoC5/VDAC8_4.c **** /*******************************************************************************
  80:.\Generated_Source\PSoC5/VDAC8_4.c **** * Function Name: VDAC8_4_Enable
  81:.\Generated_Source\PSoC5/VDAC8_4.c **** ********************************************************************************
  82:.\Generated_Source\PSoC5/VDAC8_4.c **** * Summary:
  83:.\Generated_Source\PSoC5/VDAC8_4.c **** *  Enable the VDAC8
  84:.\Generated_Source\PSoC5/VDAC8_4.c **** * 
  85:.\Generated_Source\PSoC5/VDAC8_4.c **** * Parameters:
  86:.\Generated_Source\PSoC5/VDAC8_4.c **** *  void
  87:.\Generated_Source\PSoC5/VDAC8_4.c **** *
  88:.\Generated_Source\PSoC5/VDAC8_4.c **** * Return:
  89:.\Generated_Source\PSoC5/VDAC8_4.c **** *  void
  90:.\Generated_Source\PSoC5/VDAC8_4.c **** *
  91:.\Generated_Source\PSoC5/VDAC8_4.c **** * Theory:
  92:.\Generated_Source\PSoC5/VDAC8_4.c **** *
  93:.\Generated_Source\PSoC5/VDAC8_4.c **** * Side Effects:
  94:.\Generated_Source\PSoC5/VDAC8_4.c **** *
  95:.\Generated_Source\PSoC5/VDAC8_4.c **** *******************************************************************************/
  96:.\Generated_Source\PSoC5/VDAC8_4.c **** void VDAC8_4_Enable(void) 
  97:.\Generated_Source\PSoC5/VDAC8_4.c **** {
ARM GAS  C:\Users\dskyNote\AppData\Local\Temp\ccAfI4hf.s 			page 4


  75              		.loc 1 97 0
  76              		.cfi_startproc
  77              		@ args = 0, pretend = 0, frame = 0
  78              		@ frame_needed = 1, uses_anonymous_args = 0
  79              		@ link register save eliminated.
  80 0000 80B4     		push	{r7}
  81              		.cfi_def_cfa_offset 4
  82              		.cfi_offset 7, -4
  83 0002 00AF     		add	r7, sp, #0
  84              		.cfi_def_cfa_register 7
  98:.\Generated_Source\PSoC5/VDAC8_4.c ****     VDAC8_4_PWRMGR |= VDAC8_4_ACT_PWR_EN;
  85              		.loc 1 98 0
  86 0004 094B     		ldr	r3, .L5
  87 0006 094A     		ldr	r2, .L5
  88 0008 1278     		ldrb	r2, [r2]
  89 000a D2B2     		uxtb	r2, r2
  90 000c 42F00202 		orr	r2, r2, #2
  91 0010 D2B2     		uxtb	r2, r2
  92 0012 1A70     		strb	r2, [r3]
  99:.\Generated_Source\PSoC5/VDAC8_4.c ****     VDAC8_4_STBY_PWRMGR |= VDAC8_4_STBY_PWR_EN;
  93              		.loc 1 99 0
  94 0014 064B     		ldr	r3, .L5+4
  95 0016 064A     		ldr	r2, .L5+4
  96 0018 1278     		ldrb	r2, [r2]
  97 001a D2B2     		uxtb	r2, r2
  98 001c 42F00202 		orr	r2, r2, #2
  99 0020 D2B2     		uxtb	r2, r2
 100 0022 1A70     		strb	r2, [r3]
 100:.\Generated_Source\PSoC5/VDAC8_4.c **** 
 101:.\Generated_Source\PSoC5/VDAC8_4.c ****     /*This is to restore the value of register CR0 ,
 102:.\Generated_Source\PSoC5/VDAC8_4.c ****     which is modified  in Stop API , this prevents misbehaviour of VDAC */
 103:.\Generated_Source\PSoC5/VDAC8_4.c ****     #if (CY_PSOC5A)
 104:.\Generated_Source\PSoC5/VDAC8_4.c ****         if(VDAC8_4_restoreVal == 1u) 
 105:.\Generated_Source\PSoC5/VDAC8_4.c ****         {
 106:.\Generated_Source\PSoC5/VDAC8_4.c ****              VDAC8_4_CR0 = VDAC8_4_backup.data_value;
 107:.\Generated_Source\PSoC5/VDAC8_4.c ****              VDAC8_4_restoreVal = 0u;
 108:.\Generated_Source\PSoC5/VDAC8_4.c ****         }
 109:.\Generated_Source\PSoC5/VDAC8_4.c ****     #endif /* CY_PSOC5A */
 110:.\Generated_Source\PSoC5/VDAC8_4.c **** }
 101              		.loc 1 110 0
 102 0024 BD46     		mov	sp, r7
 103              		@ sp needed
 104 0026 5DF8047B 		ldr	r7, [sp], #4
 105 002a 7047     		bx	lr
 106              	.L6:
 107              		.align	2
 108              	.L5:
 109 002c A8430040 		.word	1073759144
 110 0030 B8430040 		.word	1073759160
 111              		.cfi_endproc
 112              	.LFE1:
 113              		.size	VDAC8_4_Enable, .-VDAC8_4_Enable
 114              		.section	.text.VDAC8_4_Start,"ax",%progbits
 115              		.align	2
 116              		.global	VDAC8_4_Start
 117              		.thumb
 118              		.thumb_func
ARM GAS  C:\Users\dskyNote\AppData\Local\Temp\ccAfI4hf.s 			page 5


 119              		.type	VDAC8_4_Start, %function
 120              	VDAC8_4_Start:
 121              	.LFB2:
 111:.\Generated_Source\PSoC5/VDAC8_4.c **** 
 112:.\Generated_Source\PSoC5/VDAC8_4.c **** 
 113:.\Generated_Source\PSoC5/VDAC8_4.c **** /*******************************************************************************
 114:.\Generated_Source\PSoC5/VDAC8_4.c **** * Function Name: VDAC8_4_Start
 115:.\Generated_Source\PSoC5/VDAC8_4.c **** ********************************************************************************
 116:.\Generated_Source\PSoC5/VDAC8_4.c **** *
 117:.\Generated_Source\PSoC5/VDAC8_4.c **** * Summary:
 118:.\Generated_Source\PSoC5/VDAC8_4.c **** *  The start function initializes the voltage DAC with the default values, 
 119:.\Generated_Source\PSoC5/VDAC8_4.c **** *  and sets the power to the given level.  A power level of 0, is the same as
 120:.\Generated_Source\PSoC5/VDAC8_4.c **** *  executing the stop function.
 121:.\Generated_Source\PSoC5/VDAC8_4.c **** *
 122:.\Generated_Source\PSoC5/VDAC8_4.c **** * Parameters:
 123:.\Generated_Source\PSoC5/VDAC8_4.c **** *  Power: Sets power level between off (0) and (3) high power
 124:.\Generated_Source\PSoC5/VDAC8_4.c **** *
 125:.\Generated_Source\PSoC5/VDAC8_4.c **** * Return:
 126:.\Generated_Source\PSoC5/VDAC8_4.c **** *  void 
 127:.\Generated_Source\PSoC5/VDAC8_4.c **** *
 128:.\Generated_Source\PSoC5/VDAC8_4.c **** * Global variables:
 129:.\Generated_Source\PSoC5/VDAC8_4.c **** *  VDAC8_4_initVar: Is modified when this function is called for the 
 130:.\Generated_Source\PSoC5/VDAC8_4.c **** *  first time. Is used to ensure that initialization happens only once.
 131:.\Generated_Source\PSoC5/VDAC8_4.c **** *
 132:.\Generated_Source\PSoC5/VDAC8_4.c **** *******************************************************************************/
 133:.\Generated_Source\PSoC5/VDAC8_4.c **** void VDAC8_4_Start(void)  
 134:.\Generated_Source\PSoC5/VDAC8_4.c **** {
 122              		.loc 1 134 0
 123              		.cfi_startproc
 124              		@ args = 0, pretend = 0, frame = 0
 125              		@ frame_needed = 1, uses_anonymous_args = 0
 126 0000 80B5     		push	{r7, lr}
 127              		.cfi_def_cfa_offset 8
 128              		.cfi_offset 7, -8
 129              		.cfi_offset 14, -4
 130 0002 00AF     		add	r7, sp, #0
 131              		.cfi_def_cfa_register 7
 135:.\Generated_Source\PSoC5/VDAC8_4.c ****     /* Hardware initiazation only needs to occure the first time */
 136:.\Generated_Source\PSoC5/VDAC8_4.c ****     if(VDAC8_4_initVar == 0u)
 132              		.loc 1 136 0
 133 0004 074B     		ldr	r3, .L9
 134 0006 1B78     		ldrb	r3, [r3]	@ zero_extendqisi2
 135 0008 002B     		cmp	r3, #0
 136 000a 04D1     		bne	.L8
 137:.\Generated_Source\PSoC5/VDAC8_4.c ****     { 
 138:.\Generated_Source\PSoC5/VDAC8_4.c ****         VDAC8_4_Init();
 137              		.loc 1 138 0
 138 000c FFF7FEFF 		bl	VDAC8_4_Init
 139:.\Generated_Source\PSoC5/VDAC8_4.c ****         VDAC8_4_initVar = 1u;
 139              		.loc 1 139 0
 140 0010 044B     		ldr	r3, .L9
 141 0012 0122     		movs	r2, #1
 142 0014 1A70     		strb	r2, [r3]
 143              	.L8:
 140:.\Generated_Source\PSoC5/VDAC8_4.c ****     }
 141:.\Generated_Source\PSoC5/VDAC8_4.c **** 
 142:.\Generated_Source\PSoC5/VDAC8_4.c ****     /* Enable power to DAC */
ARM GAS  C:\Users\dskyNote\AppData\Local\Temp\ccAfI4hf.s 			page 6


 143:.\Generated_Source\PSoC5/VDAC8_4.c ****     VDAC8_4_Enable();
 144              		.loc 1 143 0
 145 0016 FFF7FEFF 		bl	VDAC8_4_Enable
 144:.\Generated_Source\PSoC5/VDAC8_4.c **** 
 145:.\Generated_Source\PSoC5/VDAC8_4.c ****     /* Set default value */
 146:.\Generated_Source\PSoC5/VDAC8_4.c ****     VDAC8_4_SetValue(VDAC8_4_DEFAULT_DATA); 
 146              		.loc 1 146 0
 147 001a 6420     		movs	r0, #100
 148 001c FFF7FEFF 		bl	VDAC8_4_SetValue
 147:.\Generated_Source\PSoC5/VDAC8_4.c **** }
 149              		.loc 1 147 0
 150 0020 80BD     		pop	{r7, pc}
 151              	.L10:
 152 0022 00BF     		.align	2
 153              	.L9:
 154 0024 00000000 		.word	VDAC8_4_initVar
 155              		.cfi_endproc
 156              	.LFE2:
 157              		.size	VDAC8_4_Start, .-VDAC8_4_Start
 158              		.section	.text.VDAC8_4_Stop,"ax",%progbits
 159              		.align	2
 160              		.global	VDAC8_4_Stop
 161              		.thumb
 162              		.thumb_func
 163              		.type	VDAC8_4_Stop, %function
 164              	VDAC8_4_Stop:
 165              	.LFB3:
 148:.\Generated_Source\PSoC5/VDAC8_4.c **** 
 149:.\Generated_Source\PSoC5/VDAC8_4.c **** 
 150:.\Generated_Source\PSoC5/VDAC8_4.c **** /*******************************************************************************
 151:.\Generated_Source\PSoC5/VDAC8_4.c **** * Function Name: VDAC8_4_Stop
 152:.\Generated_Source\PSoC5/VDAC8_4.c **** ********************************************************************************
 153:.\Generated_Source\PSoC5/VDAC8_4.c **** *
 154:.\Generated_Source\PSoC5/VDAC8_4.c **** * Summary:
 155:.\Generated_Source\PSoC5/VDAC8_4.c **** *  Powers down DAC to lowest power state.
 156:.\Generated_Source\PSoC5/VDAC8_4.c **** *
 157:.\Generated_Source\PSoC5/VDAC8_4.c **** * Parameters:
 158:.\Generated_Source\PSoC5/VDAC8_4.c **** *  void
 159:.\Generated_Source\PSoC5/VDAC8_4.c **** *
 160:.\Generated_Source\PSoC5/VDAC8_4.c **** * Return:
 161:.\Generated_Source\PSoC5/VDAC8_4.c **** *  void
 162:.\Generated_Source\PSoC5/VDAC8_4.c **** *
 163:.\Generated_Source\PSoC5/VDAC8_4.c **** * Theory:
 164:.\Generated_Source\PSoC5/VDAC8_4.c **** *
 165:.\Generated_Source\PSoC5/VDAC8_4.c **** * Side Effects:
 166:.\Generated_Source\PSoC5/VDAC8_4.c **** *
 167:.\Generated_Source\PSoC5/VDAC8_4.c **** *******************************************************************************/
 168:.\Generated_Source\PSoC5/VDAC8_4.c **** void VDAC8_4_Stop(void) 
 169:.\Generated_Source\PSoC5/VDAC8_4.c **** {
 166              		.loc 1 169 0
 167              		.cfi_startproc
 168              		@ args = 0, pretend = 0, frame = 0
 169              		@ frame_needed = 1, uses_anonymous_args = 0
 170              		@ link register save eliminated.
 171 0000 80B4     		push	{r7}
 172              		.cfi_def_cfa_offset 4
 173              		.cfi_offset 7, -4
ARM GAS  C:\Users\dskyNote\AppData\Local\Temp\ccAfI4hf.s 			page 7


 174 0002 00AF     		add	r7, sp, #0
 175              		.cfi_def_cfa_register 7
 170:.\Generated_Source\PSoC5/VDAC8_4.c ****     /* Disble power to DAC */
 171:.\Generated_Source\PSoC5/VDAC8_4.c ****     VDAC8_4_PWRMGR &= (uint8)(~VDAC8_4_ACT_PWR_EN);
 176              		.loc 1 171 0
 177 0004 094B     		ldr	r3, .L12
 178 0006 094A     		ldr	r2, .L12
 179 0008 1278     		ldrb	r2, [r2]
 180 000a D2B2     		uxtb	r2, r2
 181 000c 22F00202 		bic	r2, r2, #2
 182 0010 D2B2     		uxtb	r2, r2
 183 0012 1A70     		strb	r2, [r3]
 172:.\Generated_Source\PSoC5/VDAC8_4.c ****     VDAC8_4_STBY_PWRMGR &= (uint8)(~VDAC8_4_STBY_PWR_EN);
 184              		.loc 1 172 0
 185 0014 064B     		ldr	r3, .L12+4
 186 0016 064A     		ldr	r2, .L12+4
 187 0018 1278     		ldrb	r2, [r2]
 188 001a D2B2     		uxtb	r2, r2
 189 001c 22F00202 		bic	r2, r2, #2
 190 0020 D2B2     		uxtb	r2, r2
 191 0022 1A70     		strb	r2, [r3]
 173:.\Generated_Source\PSoC5/VDAC8_4.c **** 
 174:.\Generated_Source\PSoC5/VDAC8_4.c ****     /* This is a work around for PSoC5A  ,
 175:.\Generated_Source\PSoC5/VDAC8_4.c ****     this sets VDAC to current mode with output off */
 176:.\Generated_Source\PSoC5/VDAC8_4.c ****     #if (CY_PSOC5A)
 177:.\Generated_Source\PSoC5/VDAC8_4.c ****         VDAC8_4_backup.data_value = VDAC8_4_CR0;
 178:.\Generated_Source\PSoC5/VDAC8_4.c ****         VDAC8_4_CR0 = VDAC8_4_CUR_MODE_OUT_OFF;
 179:.\Generated_Source\PSoC5/VDAC8_4.c ****         VDAC8_4_restoreVal = 1u;
 180:.\Generated_Source\PSoC5/VDAC8_4.c ****     #endif /* CY_PSOC5A */
 181:.\Generated_Source\PSoC5/VDAC8_4.c **** }
 192              		.loc 1 181 0
 193 0024 BD46     		mov	sp, r7
 194              		@ sp needed
 195 0026 5DF8047B 		ldr	r7, [sp], #4
 196 002a 7047     		bx	lr
 197              	.L13:
 198              		.align	2
 199              	.L12:
 200 002c A8430040 		.word	1073759144
 201 0030 B8430040 		.word	1073759160
 202              		.cfi_endproc
 203              	.LFE3:
 204              		.size	VDAC8_4_Stop, .-VDAC8_4_Stop
 205              		.section	.text.VDAC8_4_SetSpeed,"ax",%progbits
 206              		.align	2
 207              		.global	VDAC8_4_SetSpeed
 208              		.thumb
 209              		.thumb_func
 210              		.type	VDAC8_4_SetSpeed, %function
 211              	VDAC8_4_SetSpeed:
 212              	.LFB4:
 182:.\Generated_Source\PSoC5/VDAC8_4.c **** 
 183:.\Generated_Source\PSoC5/VDAC8_4.c **** 
 184:.\Generated_Source\PSoC5/VDAC8_4.c **** /*******************************************************************************
 185:.\Generated_Source\PSoC5/VDAC8_4.c **** * Function Name: VDAC8_4_SetSpeed
 186:.\Generated_Source\PSoC5/VDAC8_4.c **** ********************************************************************************
 187:.\Generated_Source\PSoC5/VDAC8_4.c **** *
ARM GAS  C:\Users\dskyNote\AppData\Local\Temp\ccAfI4hf.s 			page 8


 188:.\Generated_Source\PSoC5/VDAC8_4.c **** * Summary:
 189:.\Generated_Source\PSoC5/VDAC8_4.c **** *  Set DAC speed
 190:.\Generated_Source\PSoC5/VDAC8_4.c **** *
 191:.\Generated_Source\PSoC5/VDAC8_4.c **** * Parameters:
 192:.\Generated_Source\PSoC5/VDAC8_4.c **** *  power: Sets speed value
 193:.\Generated_Source\PSoC5/VDAC8_4.c **** *
 194:.\Generated_Source\PSoC5/VDAC8_4.c **** * Return:
 195:.\Generated_Source\PSoC5/VDAC8_4.c **** *  void
 196:.\Generated_Source\PSoC5/VDAC8_4.c **** *
 197:.\Generated_Source\PSoC5/VDAC8_4.c **** * Theory:
 198:.\Generated_Source\PSoC5/VDAC8_4.c **** *
 199:.\Generated_Source\PSoC5/VDAC8_4.c **** * Side Effects:
 200:.\Generated_Source\PSoC5/VDAC8_4.c **** *
 201:.\Generated_Source\PSoC5/VDAC8_4.c **** *******************************************************************************/
 202:.\Generated_Source\PSoC5/VDAC8_4.c **** void VDAC8_4_SetSpeed(uint8 speed) 
 203:.\Generated_Source\PSoC5/VDAC8_4.c **** {
 213              		.loc 1 203 0
 214              		.cfi_startproc
 215              		@ args = 0, pretend = 0, frame = 8
 216              		@ frame_needed = 1, uses_anonymous_args = 0
 217              		@ link register save eliminated.
 218 0000 80B4     		push	{r7}
 219              		.cfi_def_cfa_offset 4
 220              		.cfi_offset 7, -4
 221 0002 83B0     		sub	sp, sp, #12
 222              		.cfi_def_cfa_offset 16
 223 0004 00AF     		add	r7, sp, #0
 224              		.cfi_def_cfa_register 7
 225 0006 0346     		mov	r3, r0
 226 0008 FB71     		strb	r3, [r7, #7]
 204:.\Generated_Source\PSoC5/VDAC8_4.c ****     /* Clear power mask then write in new value */
 205:.\Generated_Source\PSoC5/VDAC8_4.c ****     VDAC8_4_CR0 &= (uint8)(~VDAC8_4_HS_MASK);
 227              		.loc 1 205 0
 228 000a 0C4B     		ldr	r3, .L15
 229 000c 0B4A     		ldr	r2, .L15
 230 000e 1278     		ldrb	r2, [r2]
 231 0010 D2B2     		uxtb	r2, r2
 232 0012 22F00202 		bic	r2, r2, #2
 233 0016 D2B2     		uxtb	r2, r2
 234 0018 1A70     		strb	r2, [r3]
 206:.\Generated_Source\PSoC5/VDAC8_4.c ****     VDAC8_4_CR0 |=  (speed & VDAC8_4_HS_MASK);
 235              		.loc 1 206 0
 236 001a 084B     		ldr	r3, .L15
 237 001c 074A     		ldr	r2, .L15
 238 001e 1278     		ldrb	r2, [r2]
 239 0020 D1B2     		uxtb	r1, r2
 240 0022 FA79     		ldrb	r2, [r7, #7]
 241 0024 02F00202 		and	r2, r2, #2
 242 0028 D2B2     		uxtb	r2, r2
 243 002a 0A43     		orrs	r2, r2, r1
 244 002c D2B2     		uxtb	r2, r2
 245 002e 1A70     		strb	r2, [r3]
 207:.\Generated_Source\PSoC5/VDAC8_4.c **** }
 246              		.loc 1 207 0
 247 0030 0C37     		adds	r7, r7, #12
 248 0032 BD46     		mov	sp, r7
 249              		@ sp needed
ARM GAS  C:\Users\dskyNote\AppData\Local\Temp\ccAfI4hf.s 			page 9


 250 0034 5DF8047B 		ldr	r7, [sp], #4
 251 0038 7047     		bx	lr
 252              	.L16:
 253 003a 00BF     		.align	2
 254              	.L15:
 255 003c 24580040 		.word	1073764388
 256              		.cfi_endproc
 257              	.LFE4:
 258              		.size	VDAC8_4_SetSpeed, .-VDAC8_4_SetSpeed
 259              		.section	.text.VDAC8_4_SetRange,"ax",%progbits
 260              		.align	2
 261              		.global	VDAC8_4_SetRange
 262              		.thumb
 263              		.thumb_func
 264              		.type	VDAC8_4_SetRange, %function
 265              	VDAC8_4_SetRange:
 266              	.LFB5:
 208:.\Generated_Source\PSoC5/VDAC8_4.c **** 
 209:.\Generated_Source\PSoC5/VDAC8_4.c **** 
 210:.\Generated_Source\PSoC5/VDAC8_4.c **** /*******************************************************************************
 211:.\Generated_Source\PSoC5/VDAC8_4.c **** * Function Name: VDAC8_4_SetRange
 212:.\Generated_Source\PSoC5/VDAC8_4.c **** ********************************************************************************
 213:.\Generated_Source\PSoC5/VDAC8_4.c **** *
 214:.\Generated_Source\PSoC5/VDAC8_4.c **** * Summary:
 215:.\Generated_Source\PSoC5/VDAC8_4.c **** *  Set one of three current ranges.
 216:.\Generated_Source\PSoC5/VDAC8_4.c **** *
 217:.\Generated_Source\PSoC5/VDAC8_4.c **** * Parameters:
 218:.\Generated_Source\PSoC5/VDAC8_4.c **** *  Range: Sets one of Three valid ranges.
 219:.\Generated_Source\PSoC5/VDAC8_4.c **** *
 220:.\Generated_Source\PSoC5/VDAC8_4.c **** * Return:
 221:.\Generated_Source\PSoC5/VDAC8_4.c **** *  void 
 222:.\Generated_Source\PSoC5/VDAC8_4.c **** *
 223:.\Generated_Source\PSoC5/VDAC8_4.c **** * Theory:
 224:.\Generated_Source\PSoC5/VDAC8_4.c **** *
 225:.\Generated_Source\PSoC5/VDAC8_4.c **** * Side Effects:
 226:.\Generated_Source\PSoC5/VDAC8_4.c **** *
 227:.\Generated_Source\PSoC5/VDAC8_4.c **** *******************************************************************************/
 228:.\Generated_Source\PSoC5/VDAC8_4.c **** void VDAC8_4_SetRange(uint8 range) 
 229:.\Generated_Source\PSoC5/VDAC8_4.c **** {
 267              		.loc 1 229 0
 268              		.cfi_startproc
 269              		@ args = 0, pretend = 0, frame = 8
 270              		@ frame_needed = 1, uses_anonymous_args = 0
 271 0000 80B5     		push	{r7, lr}
 272              		.cfi_def_cfa_offset 8
 273              		.cfi_offset 7, -8
 274              		.cfi_offset 14, -4
 275 0002 82B0     		sub	sp, sp, #8
 276              		.cfi_def_cfa_offset 16
 277 0004 00AF     		add	r7, sp, #0
 278              		.cfi_def_cfa_register 7
 279 0006 0346     		mov	r3, r0
 280 0008 FB71     		strb	r3, [r7, #7]
 230:.\Generated_Source\PSoC5/VDAC8_4.c ****     VDAC8_4_CR0 &= (uint8)(~VDAC8_4_RANGE_MASK);      /* Clear existing mode */
 281              		.loc 1 230 0
 282 000a 0C4B     		ldr	r3, .L18
 283 000c 0B4A     		ldr	r2, .L18
ARM GAS  C:\Users\dskyNote\AppData\Local\Temp\ccAfI4hf.s 			page 10


 284 000e 1278     		ldrb	r2, [r2]
 285 0010 D2B2     		uxtb	r2, r2
 286 0012 22F00C02 		bic	r2, r2, #12
 287 0016 D2B2     		uxtb	r2, r2
 288 0018 1A70     		strb	r2, [r3]
 231:.\Generated_Source\PSoC5/VDAC8_4.c ****     VDAC8_4_CR0 |= (range & VDAC8_4_RANGE_MASK);      /*  Set Range  */
 289              		.loc 1 231 0
 290 001a 084B     		ldr	r3, .L18
 291 001c 074A     		ldr	r2, .L18
 292 001e 1278     		ldrb	r2, [r2]
 293 0020 D1B2     		uxtb	r1, r2
 294 0022 FA79     		ldrb	r2, [r7, #7]
 295 0024 02F00C02 		and	r2, r2, #12
 296 0028 D2B2     		uxtb	r2, r2
 297 002a 0A43     		orrs	r2, r2, r1
 298 002c D2B2     		uxtb	r2, r2
 299 002e 1A70     		strb	r2, [r3]
 232:.\Generated_Source\PSoC5/VDAC8_4.c ****     VDAC8_4_DacTrim();
 300              		.loc 1 232 0
 301 0030 FFF7FEFF 		bl	VDAC8_4_DacTrim
 233:.\Generated_Source\PSoC5/VDAC8_4.c **** }
 302              		.loc 1 233 0
 303 0034 0837     		adds	r7, r7, #8
 304 0036 BD46     		mov	sp, r7
 305              		@ sp needed
 306 0038 80BD     		pop	{r7, pc}
 307              	.L19:
 308 003a 00BF     		.align	2
 309              	.L18:
 310 003c 24580040 		.word	1073764388
 311              		.cfi_endproc
 312              	.LFE5:
 313              		.size	VDAC8_4_SetRange, .-VDAC8_4_SetRange
 314              		.section	.text.VDAC8_4_SetValue,"ax",%progbits
 315              		.align	2
 316              		.global	VDAC8_4_SetValue
 317              		.thumb
 318              		.thumb_func
 319              		.type	VDAC8_4_SetValue, %function
 320              	VDAC8_4_SetValue:
 321              	.LFB6:
 234:.\Generated_Source\PSoC5/VDAC8_4.c **** 
 235:.\Generated_Source\PSoC5/VDAC8_4.c **** 
 236:.\Generated_Source\PSoC5/VDAC8_4.c **** /*******************************************************************************
 237:.\Generated_Source\PSoC5/VDAC8_4.c **** * Function Name: VDAC8_4_SetValue
 238:.\Generated_Source\PSoC5/VDAC8_4.c **** ********************************************************************************
 239:.\Generated_Source\PSoC5/VDAC8_4.c **** *
 240:.\Generated_Source\PSoC5/VDAC8_4.c **** * Summary:
 241:.\Generated_Source\PSoC5/VDAC8_4.c **** *  Set 8-bit DAC value
 242:.\Generated_Source\PSoC5/VDAC8_4.c **** *
 243:.\Generated_Source\PSoC5/VDAC8_4.c **** * Parameters:  
 244:.\Generated_Source\PSoC5/VDAC8_4.c **** *  value:  Sets DAC value between 0 and 255.
 245:.\Generated_Source\PSoC5/VDAC8_4.c **** *
 246:.\Generated_Source\PSoC5/VDAC8_4.c **** * Return: 
 247:.\Generated_Source\PSoC5/VDAC8_4.c **** *  void 
 248:.\Generated_Source\PSoC5/VDAC8_4.c **** *
 249:.\Generated_Source\PSoC5/VDAC8_4.c **** * Theory: 
ARM GAS  C:\Users\dskyNote\AppData\Local\Temp\ccAfI4hf.s 			page 11


 250:.\Generated_Source\PSoC5/VDAC8_4.c **** *
 251:.\Generated_Source\PSoC5/VDAC8_4.c **** * Side Effects:
 252:.\Generated_Source\PSoC5/VDAC8_4.c **** *
 253:.\Generated_Source\PSoC5/VDAC8_4.c **** *******************************************************************************/
 254:.\Generated_Source\PSoC5/VDAC8_4.c **** void VDAC8_4_SetValue(uint8 value) 
 255:.\Generated_Source\PSoC5/VDAC8_4.c **** {
 322              		.loc 1 255 0
 323              		.cfi_startproc
 324              		@ args = 0, pretend = 0, frame = 8
 325              		@ frame_needed = 1, uses_anonymous_args = 0
 326              		@ link register save eliminated.
 327 0000 80B4     		push	{r7}
 328              		.cfi_def_cfa_offset 4
 329              		.cfi_offset 7, -4
 330 0002 83B0     		sub	sp, sp, #12
 331              		.cfi_def_cfa_offset 16
 332 0004 00AF     		add	r7, sp, #0
 333              		.cfi_def_cfa_register 7
 334 0006 0346     		mov	r3, r0
 335 0008 FB71     		strb	r3, [r7, #7]
 256:.\Generated_Source\PSoC5/VDAC8_4.c ****     #if (CY_PSOC5A)
 257:.\Generated_Source\PSoC5/VDAC8_4.c ****         uint8 VDAC8_4_intrStatus = CyEnterCriticalSection();
 258:.\Generated_Source\PSoC5/VDAC8_4.c ****     #endif /* CY_PSOC5A */
 259:.\Generated_Source\PSoC5/VDAC8_4.c **** 
 260:.\Generated_Source\PSoC5/VDAC8_4.c ****     VDAC8_4_Data = value;                /*  Set Value  */
 336              		.loc 1 260 0
 337 000a 044B     		ldr	r3, .L21
 338 000c FA79     		ldrb	r2, [r7, #7]
 339 000e 1A70     		strb	r2, [r3]
 261:.\Generated_Source\PSoC5/VDAC8_4.c **** 
 262:.\Generated_Source\PSoC5/VDAC8_4.c ****     /* PSOC5A requires a double write */
 263:.\Generated_Source\PSoC5/VDAC8_4.c ****     /* Exit Critical Section */
 264:.\Generated_Source\PSoC5/VDAC8_4.c ****     #if (CY_PSOC5A)
 265:.\Generated_Source\PSoC5/VDAC8_4.c ****         VDAC8_4_Data = value;
 266:.\Generated_Source\PSoC5/VDAC8_4.c ****         CyExitCriticalSection(VDAC8_4_intrStatus);
 267:.\Generated_Source\PSoC5/VDAC8_4.c ****     #endif /* CY_PSOC5A */
 268:.\Generated_Source\PSoC5/VDAC8_4.c **** }
 340              		.loc 1 268 0
 341 0010 0C37     		adds	r7, r7, #12
 342 0012 BD46     		mov	sp, r7
 343              		@ sp needed
 344 0014 5DF8047B 		ldr	r7, [sp], #4
 345 0018 7047     		bx	lr
 346              	.L22:
 347 001a 00BF     		.align	2
 348              	.L21:
 349 001c 815B0040 		.word	1073765249
 350              		.cfi_endproc
 351              	.LFE6:
 352              		.size	VDAC8_4_SetValue, .-VDAC8_4_SetValue
 353              		.section	.text.VDAC8_4_DacTrim,"ax",%progbits
 354              		.align	2
 355              		.global	VDAC8_4_DacTrim
 356              		.thumb
 357              		.thumb_func
 358              		.type	VDAC8_4_DacTrim, %function
 359              	VDAC8_4_DacTrim:
ARM GAS  C:\Users\dskyNote\AppData\Local\Temp\ccAfI4hf.s 			page 12


 360              	.LFB7:
 269:.\Generated_Source\PSoC5/VDAC8_4.c **** 
 270:.\Generated_Source\PSoC5/VDAC8_4.c **** 
 271:.\Generated_Source\PSoC5/VDAC8_4.c **** /*******************************************************************************
 272:.\Generated_Source\PSoC5/VDAC8_4.c **** * Function Name: VDAC8_4_DacTrim
 273:.\Generated_Source\PSoC5/VDAC8_4.c **** ********************************************************************************
 274:.\Generated_Source\PSoC5/VDAC8_4.c **** *
 275:.\Generated_Source\PSoC5/VDAC8_4.c **** * Summary:
 276:.\Generated_Source\PSoC5/VDAC8_4.c **** *  Set the trim value for the given range.
 277:.\Generated_Source\PSoC5/VDAC8_4.c **** *
 278:.\Generated_Source\PSoC5/VDAC8_4.c **** * Parameters:
 279:.\Generated_Source\PSoC5/VDAC8_4.c **** *  range:  1V or 4V range.  See constants.
 280:.\Generated_Source\PSoC5/VDAC8_4.c **** *
 281:.\Generated_Source\PSoC5/VDAC8_4.c **** * Return:
 282:.\Generated_Source\PSoC5/VDAC8_4.c **** *  void
 283:.\Generated_Source\PSoC5/VDAC8_4.c **** *
 284:.\Generated_Source\PSoC5/VDAC8_4.c **** * Theory: 
 285:.\Generated_Source\PSoC5/VDAC8_4.c **** *
 286:.\Generated_Source\PSoC5/VDAC8_4.c **** * Side Effects:
 287:.\Generated_Source\PSoC5/VDAC8_4.c **** *
 288:.\Generated_Source\PSoC5/VDAC8_4.c **** *******************************************************************************/
 289:.\Generated_Source\PSoC5/VDAC8_4.c **** void VDAC8_4_DacTrim(void) 
 290:.\Generated_Source\PSoC5/VDAC8_4.c **** {
 361              		.loc 1 290 0
 362              		.cfi_startproc
 363              		@ args = 0, pretend = 0, frame = 8
 364              		@ frame_needed = 1, uses_anonymous_args = 0
 365              		@ link register save eliminated.
 366 0000 80B4     		push	{r7}
 367              		.cfi_def_cfa_offset 4
 368              		.cfi_offset 7, -4
 369 0002 83B0     		sub	sp, sp, #12
 370              		.cfi_def_cfa_offset 16
 371 0004 00AF     		add	r7, sp, #0
 372              		.cfi_def_cfa_register 7
 291:.\Generated_Source\PSoC5/VDAC8_4.c ****     uint8 mode;
 292:.\Generated_Source\PSoC5/VDAC8_4.c **** 
 293:.\Generated_Source\PSoC5/VDAC8_4.c ****     mode = (uint8)((VDAC8_4_CR0 & VDAC8_4_RANGE_MASK) >> 2) + VDAC8_4_TRIM_M7_1V_RNG_OFFSET;
 373              		.loc 1 293 0
 374 0006 0B4B     		ldr	r3, .L24
 375 0008 1B78     		ldrb	r3, [r3]
 376 000a DBB2     		uxtb	r3, r3
 377 000c 03F00C03 		and	r3, r3, #12
 378 0010 9B08     		lsrs	r3, r3, #2
 379 0012 DBB2     		uxtb	r3, r3
 380 0014 0633     		adds	r3, r3, #6
 381 0016 FB71     		strb	r3, [r7, #7]
 294:.\Generated_Source\PSoC5/VDAC8_4.c ****     VDAC8_4_TR = CY_GET_XTND_REG8((uint8 *)(VDAC8_4_DAC_TRIM_BASE + mode));
 382              		.loc 1 294 0
 383 0018 074A     		ldr	r2, .L24+4
 384 001a FB79     		ldrb	r3, [r7, #7]	@ zero_extendqisi2
 385 001c 03F19243 		add	r3, r3, #1224736768
 386 0020 03F59873 		add	r3, r3, #304
 387 0024 1B78     		ldrb	r3, [r3]
 388 0026 DBB2     		uxtb	r3, r3
 389 0028 1370     		strb	r3, [r2]
 295:.\Generated_Source\PSoC5/VDAC8_4.c **** }
ARM GAS  C:\Users\dskyNote\AppData\Local\Temp\ccAfI4hf.s 			page 13


 390              		.loc 1 295 0
 391 002a 0C37     		adds	r7, r7, #12
 392 002c BD46     		mov	sp, r7
 393              		@ sp needed
 394 002e 5DF8047B 		ldr	r7, [sp], #4
 395 0032 7047     		bx	lr
 396              	.L25:
 397              		.align	2
 398              	.L24:
 399 0034 24580040 		.word	1073764388
 400 0038 09460040 		.word	1073759753
 401              		.cfi_endproc
 402              	.LFE7:
 403              		.size	VDAC8_4_DacTrim, .-VDAC8_4_DacTrim
 404              		.text
 405              	.Letext0:
 406              		.file 2 ".\\Generated_Source\\PSoC5\\cytypes.h"
 407              		.section	.debug_info,"",%progbits
 408              	.Ldebug_info0:
 409 0000 7F010000 		.4byte	0x17f
 410 0004 0400     		.2byte	0x4
 411 0006 00000000 		.4byte	.Ldebug_abbrev0
 412 000a 04       		.byte	0x4
 413 000b 01       		.uleb128 0x1
 414 000c DC000000 		.4byte	.LASF25
 415 0010 01       		.byte	0x1
 416 0011 B4000000 		.4byte	.LASF26
 417 0015 65010000 		.4byte	.LASF27
 418 0019 00000000 		.4byte	.Ldebug_ranges0+0
 419 001d 00000000 		.4byte	0
 420 0021 00000000 		.4byte	.Ldebug_line0
 421 0025 02       		.uleb128 0x2
 422 0026 01       		.byte	0x1
 423 0027 06       		.byte	0x6
 424 0028 FC010000 		.4byte	.LASF0
 425 002c 02       		.uleb128 0x2
 426 002d 01       		.byte	0x1
 427 002e 08       		.byte	0x8
 428 002f 2A000000 		.4byte	.LASF1
 429 0033 02       		.uleb128 0x2
 430 0034 02       		.byte	0x2
 431 0035 05       		.byte	0x5
 432 0036 C4010000 		.4byte	.LASF2
 433 003a 02       		.uleb128 0x2
 434 003b 02       		.byte	0x2
 435 003c 07       		.byte	0x7
 436 003d 4F000000 		.4byte	.LASF3
 437 0041 02       		.uleb128 0x2
 438 0042 04       		.byte	0x4
 439 0043 05       		.byte	0x5
 440 0044 E3010000 		.4byte	.LASF4
 441 0048 02       		.uleb128 0x2
 442 0049 04       		.byte	0x4
 443 004a 07       		.byte	0x7
 444 004b 3D000000 		.4byte	.LASF5
 445 004f 02       		.uleb128 0x2
 446 0050 08       		.byte	0x8
ARM GAS  C:\Users\dskyNote\AppData\Local\Temp\ccAfI4hf.s 			page 14


 447 0051 05       		.byte	0x5
 448 0052 92010000 		.4byte	.LASF6
 449 0056 02       		.uleb128 0x2
 450 0057 08       		.byte	0x8
 451 0058 07       		.byte	0x7
 452 0059 9D000000 		.4byte	.LASF7
 453 005d 03       		.uleb128 0x3
 454 005e 04       		.byte	0x4
 455 005f 05       		.byte	0x5
 456 0060 696E7400 		.ascii	"int\000"
 457 0064 02       		.uleb128 0x2
 458 0065 04       		.byte	0x4
 459 0066 07       		.byte	0x7
 460 0067 90000000 		.4byte	.LASF8
 461 006b 04       		.uleb128 0x4
 462 006c DD010000 		.4byte	.LASF12
 463 0070 02       		.byte	0x2
 464 0071 5B       		.byte	0x5b
 465 0072 2C000000 		.4byte	0x2c
 466 0076 02       		.uleb128 0x2
 467 0077 04       		.byte	0x4
 468 0078 04       		.byte	0x4
 469 0079 24000000 		.4byte	.LASF9
 470 007d 02       		.uleb128 0x2
 471 007e 08       		.byte	0x8
 472 007f 04       		.byte	0x4
 473 0080 78000000 		.4byte	.LASF10
 474 0084 02       		.uleb128 0x2
 475 0085 01       		.byte	0x1
 476 0086 08       		.byte	0x8
 477 0087 AE010000 		.4byte	.LASF11
 478 008b 04       		.uleb128 0x4
 479 008c 38000000 		.4byte	.LASF13
 480 0090 02       		.byte	0x2
 481 0091 F0       		.byte	0xf0
 482 0092 96000000 		.4byte	0x96
 483 0096 05       		.uleb128 0x5
 484 0097 6B000000 		.4byte	0x6b
 485 009b 06       		.uleb128 0x6
 486 009c 58010000 		.4byte	.LASF14
 487 00a0 01       		.byte	0x1
 488 00a1 37       		.byte	0x37
 489 00a2 00000000 		.4byte	.LFB0
 490 00a6 28000000 		.4byte	.LFE0-.LFB0
 491 00aa 01       		.uleb128 0x1
 492 00ab 9C       		.byte	0x9c
 493 00ac 07       		.uleb128 0x7
 494 00ad CE010000 		.4byte	.LASF15
 495 00b1 01       		.byte	0x1
 496 00b2 60       		.byte	0x60
 497 00b3 00000000 		.4byte	.LFB1
 498 00b7 34000000 		.4byte	.LFE1-.LFB1
 499 00bb 01       		.uleb128 0x1
 500 00bc 9C       		.byte	0x9c
 501 00bd 06       		.uleb128 0x6
 502 00be A0010000 		.4byte	.LASF16
 503 00c2 01       		.byte	0x1
ARM GAS  C:\Users\dskyNote\AppData\Local\Temp\ccAfI4hf.s 			page 15


 504 00c3 85       		.byte	0x85
 505 00c4 00000000 		.4byte	.LFB2
 506 00c8 28000000 		.4byte	.LFE2-.LFB2
 507 00cc 01       		.uleb128 0x1
 508 00cd 9C       		.byte	0x9c
 509 00ce 07       		.uleb128 0x7
 510 00cf 00000000 		.4byte	.LASF17
 511 00d3 01       		.byte	0x1
 512 00d4 A8       		.byte	0xa8
 513 00d5 00000000 		.4byte	.LFB3
 514 00d9 34000000 		.4byte	.LFE3-.LFB3
 515 00dd 01       		.uleb128 0x1
 516 00de 9C       		.byte	0x9c
 517 00df 08       		.uleb128 0x8
 518 00e0 B3010000 		.4byte	.LASF18
 519 00e4 01       		.byte	0x1
 520 00e5 CA       		.byte	0xca
 521 00e6 00000000 		.4byte	.LFB4
 522 00ea 40000000 		.4byte	.LFE4-.LFB4
 523 00ee 01       		.uleb128 0x1
 524 00ef 9C       		.byte	0x9c
 525 00f0 03010000 		.4byte	0x103
 526 00f4 09       		.uleb128 0x9
 527 00f5 8C010000 		.4byte	.LASF20
 528 00f9 01       		.byte	0x1
 529 00fa CA       		.byte	0xca
 530 00fb 6B000000 		.4byte	0x6b
 531 00ff 02       		.uleb128 0x2
 532 0100 91       		.byte	0x91
 533 0101 77       		.sleb128 -9
 534 0102 00       		.byte	0
 535 0103 0A       		.uleb128 0xa
 536 0104 7F000000 		.4byte	.LASF19
 537 0108 01       		.byte	0x1
 538 0109 E4       		.byte	0xe4
 539 010a 00000000 		.4byte	.LFB5
 540 010e 40000000 		.4byte	.LFE5-.LFB5
 541 0112 01       		.uleb128 0x1
 542 0113 9C       		.byte	0x9c
 543 0114 27010000 		.4byte	0x127
 544 0118 09       		.uleb128 0x9
 545 0119 72000000 		.4byte	.LASF21
 546 011d 01       		.byte	0x1
 547 011e E4       		.byte	0xe4
 548 011f 6B000000 		.4byte	0x6b
 549 0123 02       		.uleb128 0x2
 550 0124 91       		.byte	0x91
 551 0125 77       		.sleb128 -9
 552 0126 00       		.byte	0
 553 0127 08       		.uleb128 0x8
 554 0128 13000000 		.4byte	.LASF22
 555 012c 01       		.byte	0x1
 556 012d FE       		.byte	0xfe
 557 012e 00000000 		.4byte	.LFB6
 558 0132 20000000 		.4byte	.LFE6-.LFB6
 559 0136 01       		.uleb128 0x1
 560 0137 9C       		.byte	0x9c
ARM GAS  C:\Users\dskyNote\AppData\Local\Temp\ccAfI4hf.s 			page 16


 561 0138 4B010000 		.4byte	0x14b
 562 013c 09       		.uleb128 0x9
 563 013d 0D000000 		.4byte	.LASF23
 564 0141 01       		.byte	0x1
 565 0142 FE       		.byte	0xfe
 566 0143 6B000000 		.4byte	0x6b
 567 0147 02       		.uleb128 0x2
 568 0148 91       		.byte	0x91
 569 0149 77       		.sleb128 -9
 570 014a 00       		.byte	0
 571 014b 0B       		.uleb128 0xb
 572 014c 62000000 		.4byte	.LASF24
 573 0150 01       		.byte	0x1
 574 0151 2101     		.2byte	0x121
 575 0153 00000000 		.4byte	.LFB7
 576 0157 3C000000 		.4byte	.LFE7-.LFB7
 577 015b 01       		.uleb128 0x1
 578 015c 9C       		.byte	0x9c
 579 015d 71010000 		.4byte	0x171
 580 0161 0C       		.uleb128 0xc
 581 0162 D7000000 		.4byte	.LASF28
 582 0166 01       		.byte	0x1
 583 0167 2301     		.2byte	0x123
 584 0169 6B000000 		.4byte	0x6b
 585 016d 02       		.uleb128 0x2
 586 016e 91       		.byte	0x91
 587 016f 77       		.sleb128 -9
 588 0170 00       		.byte	0
 589 0171 0D       		.uleb128 0xd
 590 0172 EC010000 		.4byte	.LASF29
 591 0176 01       		.byte	0x1
 592 0177 1B       		.byte	0x1b
 593 0178 6B000000 		.4byte	0x6b
 594 017c 05       		.uleb128 0x5
 595 017d 03       		.byte	0x3
 596 017e 00000000 		.4byte	VDAC8_4_initVar
 597 0182 00       		.byte	0
 598              		.section	.debug_abbrev,"",%progbits
 599              	.Ldebug_abbrev0:
 600 0000 01       		.uleb128 0x1
 601 0001 11       		.uleb128 0x11
 602 0002 01       		.byte	0x1
 603 0003 25       		.uleb128 0x25
 604 0004 0E       		.uleb128 0xe
 605 0005 13       		.uleb128 0x13
 606 0006 0B       		.uleb128 0xb
 607 0007 03       		.uleb128 0x3
 608 0008 0E       		.uleb128 0xe
 609 0009 1B       		.uleb128 0x1b
 610 000a 0E       		.uleb128 0xe
 611 000b 55       		.uleb128 0x55
 612 000c 17       		.uleb128 0x17
 613 000d 11       		.uleb128 0x11
 614 000e 01       		.uleb128 0x1
 615 000f 10       		.uleb128 0x10
 616 0010 17       		.uleb128 0x17
 617 0011 00       		.byte	0
ARM GAS  C:\Users\dskyNote\AppData\Local\Temp\ccAfI4hf.s 			page 17


 618 0012 00       		.byte	0
 619 0013 02       		.uleb128 0x2
 620 0014 24       		.uleb128 0x24
 621 0015 00       		.byte	0
 622 0016 0B       		.uleb128 0xb
 623 0017 0B       		.uleb128 0xb
 624 0018 3E       		.uleb128 0x3e
 625 0019 0B       		.uleb128 0xb
 626 001a 03       		.uleb128 0x3
 627 001b 0E       		.uleb128 0xe
 628 001c 00       		.byte	0
 629 001d 00       		.byte	0
 630 001e 03       		.uleb128 0x3
 631 001f 24       		.uleb128 0x24
 632 0020 00       		.byte	0
 633 0021 0B       		.uleb128 0xb
 634 0022 0B       		.uleb128 0xb
 635 0023 3E       		.uleb128 0x3e
 636 0024 0B       		.uleb128 0xb
 637 0025 03       		.uleb128 0x3
 638 0026 08       		.uleb128 0x8
 639 0027 00       		.byte	0
 640 0028 00       		.byte	0
 641 0029 04       		.uleb128 0x4
 642 002a 16       		.uleb128 0x16
 643 002b 00       		.byte	0
 644 002c 03       		.uleb128 0x3
 645 002d 0E       		.uleb128 0xe
 646 002e 3A       		.uleb128 0x3a
 647 002f 0B       		.uleb128 0xb
 648 0030 3B       		.uleb128 0x3b
 649 0031 0B       		.uleb128 0xb
 650 0032 49       		.uleb128 0x49
 651 0033 13       		.uleb128 0x13
 652 0034 00       		.byte	0
 653 0035 00       		.byte	0
 654 0036 05       		.uleb128 0x5
 655 0037 35       		.uleb128 0x35
 656 0038 00       		.byte	0
 657 0039 49       		.uleb128 0x49
 658 003a 13       		.uleb128 0x13
 659 003b 00       		.byte	0
 660 003c 00       		.byte	0
 661 003d 06       		.uleb128 0x6
 662 003e 2E       		.uleb128 0x2e
 663 003f 00       		.byte	0
 664 0040 3F       		.uleb128 0x3f
 665 0041 19       		.uleb128 0x19
 666 0042 03       		.uleb128 0x3
 667 0043 0E       		.uleb128 0xe
 668 0044 3A       		.uleb128 0x3a
 669 0045 0B       		.uleb128 0xb
 670 0046 3B       		.uleb128 0x3b
 671 0047 0B       		.uleb128 0xb
 672 0048 27       		.uleb128 0x27
 673 0049 19       		.uleb128 0x19
 674 004a 11       		.uleb128 0x11
ARM GAS  C:\Users\dskyNote\AppData\Local\Temp\ccAfI4hf.s 			page 18


 675 004b 01       		.uleb128 0x1
 676 004c 12       		.uleb128 0x12
 677 004d 06       		.uleb128 0x6
 678 004e 40       		.uleb128 0x40
 679 004f 18       		.uleb128 0x18
 680 0050 9642     		.uleb128 0x2116
 681 0052 19       		.uleb128 0x19
 682 0053 00       		.byte	0
 683 0054 00       		.byte	0
 684 0055 07       		.uleb128 0x7
 685 0056 2E       		.uleb128 0x2e
 686 0057 00       		.byte	0
 687 0058 3F       		.uleb128 0x3f
 688 0059 19       		.uleb128 0x19
 689 005a 03       		.uleb128 0x3
 690 005b 0E       		.uleb128 0xe
 691 005c 3A       		.uleb128 0x3a
 692 005d 0B       		.uleb128 0xb
 693 005e 3B       		.uleb128 0x3b
 694 005f 0B       		.uleb128 0xb
 695 0060 27       		.uleb128 0x27
 696 0061 19       		.uleb128 0x19
 697 0062 11       		.uleb128 0x11
 698 0063 01       		.uleb128 0x1
 699 0064 12       		.uleb128 0x12
 700 0065 06       		.uleb128 0x6
 701 0066 40       		.uleb128 0x40
 702 0067 18       		.uleb128 0x18
 703 0068 9742     		.uleb128 0x2117
 704 006a 19       		.uleb128 0x19
 705 006b 00       		.byte	0
 706 006c 00       		.byte	0
 707 006d 08       		.uleb128 0x8
 708 006e 2E       		.uleb128 0x2e
 709 006f 01       		.byte	0x1
 710 0070 3F       		.uleb128 0x3f
 711 0071 19       		.uleb128 0x19
 712 0072 03       		.uleb128 0x3
 713 0073 0E       		.uleb128 0xe
 714 0074 3A       		.uleb128 0x3a
 715 0075 0B       		.uleb128 0xb
 716 0076 3B       		.uleb128 0x3b
 717 0077 0B       		.uleb128 0xb
 718 0078 27       		.uleb128 0x27
 719 0079 19       		.uleb128 0x19
 720 007a 11       		.uleb128 0x11
 721 007b 01       		.uleb128 0x1
 722 007c 12       		.uleb128 0x12
 723 007d 06       		.uleb128 0x6
 724 007e 40       		.uleb128 0x40
 725 007f 18       		.uleb128 0x18
 726 0080 9742     		.uleb128 0x2117
 727 0082 19       		.uleb128 0x19
 728 0083 01       		.uleb128 0x1
 729 0084 13       		.uleb128 0x13
 730 0085 00       		.byte	0
 731 0086 00       		.byte	0
ARM GAS  C:\Users\dskyNote\AppData\Local\Temp\ccAfI4hf.s 			page 19


 732 0087 09       		.uleb128 0x9
 733 0088 05       		.uleb128 0x5
 734 0089 00       		.byte	0
 735 008a 03       		.uleb128 0x3
 736 008b 0E       		.uleb128 0xe
 737 008c 3A       		.uleb128 0x3a
 738 008d 0B       		.uleb128 0xb
 739 008e 3B       		.uleb128 0x3b
 740 008f 0B       		.uleb128 0xb
 741 0090 49       		.uleb128 0x49
 742 0091 13       		.uleb128 0x13
 743 0092 02       		.uleb128 0x2
 744 0093 18       		.uleb128 0x18
 745 0094 00       		.byte	0
 746 0095 00       		.byte	0
 747 0096 0A       		.uleb128 0xa
 748 0097 2E       		.uleb128 0x2e
 749 0098 01       		.byte	0x1
 750 0099 3F       		.uleb128 0x3f
 751 009a 19       		.uleb128 0x19
 752 009b 03       		.uleb128 0x3
 753 009c 0E       		.uleb128 0xe
 754 009d 3A       		.uleb128 0x3a
 755 009e 0B       		.uleb128 0xb
 756 009f 3B       		.uleb128 0x3b
 757 00a0 0B       		.uleb128 0xb
 758 00a1 27       		.uleb128 0x27
 759 00a2 19       		.uleb128 0x19
 760 00a3 11       		.uleb128 0x11
 761 00a4 01       		.uleb128 0x1
 762 00a5 12       		.uleb128 0x12
 763 00a6 06       		.uleb128 0x6
 764 00a7 40       		.uleb128 0x40
 765 00a8 18       		.uleb128 0x18
 766 00a9 9642     		.uleb128 0x2116
 767 00ab 19       		.uleb128 0x19
 768 00ac 01       		.uleb128 0x1
 769 00ad 13       		.uleb128 0x13
 770 00ae 00       		.byte	0
 771 00af 00       		.byte	0
 772 00b0 0B       		.uleb128 0xb
 773 00b1 2E       		.uleb128 0x2e
 774 00b2 01       		.byte	0x1
 775 00b3 3F       		.uleb128 0x3f
 776 00b4 19       		.uleb128 0x19
 777 00b5 03       		.uleb128 0x3
 778 00b6 0E       		.uleb128 0xe
 779 00b7 3A       		.uleb128 0x3a
 780 00b8 0B       		.uleb128 0xb
 781 00b9 3B       		.uleb128 0x3b
 782 00ba 05       		.uleb128 0x5
 783 00bb 27       		.uleb128 0x27
 784 00bc 19       		.uleb128 0x19
 785 00bd 11       		.uleb128 0x11
 786 00be 01       		.uleb128 0x1
 787 00bf 12       		.uleb128 0x12
 788 00c0 06       		.uleb128 0x6
ARM GAS  C:\Users\dskyNote\AppData\Local\Temp\ccAfI4hf.s 			page 20


 789 00c1 40       		.uleb128 0x40
 790 00c2 18       		.uleb128 0x18
 791 00c3 9742     		.uleb128 0x2117
 792 00c5 19       		.uleb128 0x19
 793 00c6 01       		.uleb128 0x1
 794 00c7 13       		.uleb128 0x13
 795 00c8 00       		.byte	0
 796 00c9 00       		.byte	0
 797 00ca 0C       		.uleb128 0xc
 798 00cb 34       		.uleb128 0x34
 799 00cc 00       		.byte	0
 800 00cd 03       		.uleb128 0x3
 801 00ce 0E       		.uleb128 0xe
 802 00cf 3A       		.uleb128 0x3a
 803 00d0 0B       		.uleb128 0xb
 804 00d1 3B       		.uleb128 0x3b
 805 00d2 05       		.uleb128 0x5
 806 00d3 49       		.uleb128 0x49
 807 00d4 13       		.uleb128 0x13
 808 00d5 02       		.uleb128 0x2
 809 00d6 18       		.uleb128 0x18
 810 00d7 00       		.byte	0
 811 00d8 00       		.byte	0
 812 00d9 0D       		.uleb128 0xd
 813 00da 34       		.uleb128 0x34
 814 00db 00       		.byte	0
 815 00dc 03       		.uleb128 0x3
 816 00dd 0E       		.uleb128 0xe
 817 00de 3A       		.uleb128 0x3a
 818 00df 0B       		.uleb128 0xb
 819 00e0 3B       		.uleb128 0x3b
 820 00e1 0B       		.uleb128 0xb
 821 00e2 49       		.uleb128 0x49
 822 00e3 13       		.uleb128 0x13
 823 00e4 3F       		.uleb128 0x3f
 824 00e5 19       		.uleb128 0x19
 825 00e6 02       		.uleb128 0x2
 826 00e7 18       		.uleb128 0x18
 827 00e8 00       		.byte	0
 828 00e9 00       		.byte	0
 829 00ea 00       		.byte	0
 830              		.section	.debug_aranges,"",%progbits
 831 0000 54000000 		.4byte	0x54
 832 0004 0200     		.2byte	0x2
 833 0006 00000000 		.4byte	.Ldebug_info0
 834 000a 04       		.byte	0x4
 835 000b 00       		.byte	0
 836 000c 0000     		.2byte	0
 837 000e 0000     		.2byte	0
 838 0010 00000000 		.4byte	.LFB0
 839 0014 28000000 		.4byte	.LFE0-.LFB0
 840 0018 00000000 		.4byte	.LFB1
 841 001c 34000000 		.4byte	.LFE1-.LFB1
 842 0020 00000000 		.4byte	.LFB2
 843 0024 28000000 		.4byte	.LFE2-.LFB2
 844 0028 00000000 		.4byte	.LFB3
 845 002c 34000000 		.4byte	.LFE3-.LFB3
ARM GAS  C:\Users\dskyNote\AppData\Local\Temp\ccAfI4hf.s 			page 21


 846 0030 00000000 		.4byte	.LFB4
 847 0034 40000000 		.4byte	.LFE4-.LFB4
 848 0038 00000000 		.4byte	.LFB5
 849 003c 40000000 		.4byte	.LFE5-.LFB5
 850 0040 00000000 		.4byte	.LFB6
 851 0044 20000000 		.4byte	.LFE6-.LFB6
 852 0048 00000000 		.4byte	.LFB7
 853 004c 3C000000 		.4byte	.LFE7-.LFB7
 854 0050 00000000 		.4byte	0
 855 0054 00000000 		.4byte	0
 856              		.section	.debug_ranges,"",%progbits
 857              	.Ldebug_ranges0:
 858 0000 00000000 		.4byte	.LFB0
 859 0004 28000000 		.4byte	.LFE0
 860 0008 00000000 		.4byte	.LFB1
 861 000c 34000000 		.4byte	.LFE1
 862 0010 00000000 		.4byte	.LFB2
 863 0014 28000000 		.4byte	.LFE2
 864 0018 00000000 		.4byte	.LFB3
 865 001c 34000000 		.4byte	.LFE3
 866 0020 00000000 		.4byte	.LFB4
 867 0024 40000000 		.4byte	.LFE4
 868 0028 00000000 		.4byte	.LFB5
 869 002c 40000000 		.4byte	.LFE5
 870 0030 00000000 		.4byte	.LFB6
 871 0034 20000000 		.4byte	.LFE6
 872 0038 00000000 		.4byte	.LFB7
 873 003c 3C000000 		.4byte	.LFE7
 874 0040 00000000 		.4byte	0
 875 0044 00000000 		.4byte	0
 876              		.section	.debug_line,"",%progbits
 877              	.Ldebug_line0:
 878 0000 EE000000 		.section	.debug_str,"MS",%progbits,1
 878      02004600 
 878      00000201 
 878      FB0E0D00 
 878      01010101 
 879              	.LASF17:
 880 0000 56444143 		.ascii	"VDAC8_4_Stop\000"
 880      385F345F 
 880      53746F70 
 880      00
 881              	.LASF23:
 882 000d 76616C75 		.ascii	"value\000"
 882      6500
 883              	.LASF22:
 884 0013 56444143 		.ascii	"VDAC8_4_SetValue\000"
 884      385F345F 
 884      53657456 
 884      616C7565 
 884      00
 885              	.LASF9:
 886 0024 666C6F61 		.ascii	"float\000"
 886      7400
 887              	.LASF1:
 888 002a 756E7369 		.ascii	"unsigned char\000"
 888      676E6564 
ARM GAS  C:\Users\dskyNote\AppData\Local\Temp\ccAfI4hf.s 			page 22


 888      20636861 
 888      7200
 889              	.LASF13:
 890 0038 72656738 		.ascii	"reg8\000"
 890      00
 891              	.LASF5:
 892 003d 6C6F6E67 		.ascii	"long unsigned int\000"
 892      20756E73 
 892      69676E65 
 892      6420696E 
 892      7400
 893              	.LASF3:
 894 004f 73686F72 		.ascii	"short unsigned int\000"
 894      7420756E 
 894      7369676E 
 894      65642069 
 894      6E7400
 895              	.LASF24:
 896 0062 56444143 		.ascii	"VDAC8_4_DacTrim\000"
 896      385F345F 
 896      44616354 
 896      72696D00 
 897              	.LASF21:
 898 0072 72616E67 		.ascii	"range\000"
 898      6500
 899              	.LASF10:
 900 0078 646F7562 		.ascii	"double\000"
 900      6C6500
 901              	.LASF19:
 902 007f 56444143 		.ascii	"VDAC8_4_SetRange\000"
 902      385F345F 
 902      53657452 
 902      616E6765 
 902      00
 903              	.LASF8:
 904 0090 756E7369 		.ascii	"unsigned int\000"
 904      676E6564 
 904      20696E74 
 904      00
 905              	.LASF7:
 906 009d 6C6F6E67 		.ascii	"long long unsigned int\000"
 906      206C6F6E 
 906      6720756E 
 906      7369676E 
 906      65642069 
 907              	.LASF26:
 908 00b4 2E5C4765 		.ascii	".\\Generated_Source\\PSoC5\\VDAC8_4.c\000"
 908      6E657261 
 908      7465645F 
 908      536F7572 
 908      63655C50 
 909              	.LASF28:
 910 00d7 6D6F6465 		.ascii	"mode\000"
 910      00
 911              	.LASF25:
 912 00dc 474E5520 		.ascii	"GNU C 4.8.4 20140526 (release) [ARM/embedded-4_8-br"
 912      4320342E 
ARM GAS  C:\Users\dskyNote\AppData\Local\Temp\ccAfI4hf.s 			page 23


 912      382E3420 
 912      32303134 
 912      30353236 
 913 010f 616E6368 		.ascii	"anch revision 211358] -mcpu=cortex-m3 -mthumb -g -O"
 913      20726576 
 913      6973696F 
 913      6E203231 
 913      31333538 
 914 0142 30202D66 		.ascii	"0 -ffunction-sections\000"
 914      66756E63 
 914      74696F6E 
 914      2D736563 
 914      74696F6E 
 915              	.LASF14:
 916 0158 56444143 		.ascii	"VDAC8_4_Init\000"
 916      385F345F 
 916      496E6974 
 916      00
 917              	.LASF27:
 918 0165 433A5C67 		.ascii	"C:\\gitData\\PSoC\\SFT1.0v\\Design01.cydsn\000"
 918      69744461 
 918      74615C50 
 918      536F435C 
 918      53465431 
 919              	.LASF20:
 920 018c 73706565 		.ascii	"speed\000"
 920      6400
 921              	.LASF6:
 922 0192 6C6F6E67 		.ascii	"long long int\000"
 922      206C6F6E 
 922      6720696E 
 922      7400
 923              	.LASF16:
 924 01a0 56444143 		.ascii	"VDAC8_4_Start\000"
 924      385F345F 
 924      53746172 
 924      7400
 925              	.LASF11:
 926 01ae 63686172 		.ascii	"char\000"
 926      00
 927              	.LASF18:
 928 01b3 56444143 		.ascii	"VDAC8_4_SetSpeed\000"
 928      385F345F 
 928      53657453 
 928      70656564 
 928      00
 929              	.LASF2:
 930 01c4 73686F72 		.ascii	"short int\000"
 930      7420696E 
 930      7400
 931              	.LASF15:
 932 01ce 56444143 		.ascii	"VDAC8_4_Enable\000"
 932      385F345F 
 932      456E6162 
 932      6C6500
 933              	.LASF12:
 934 01dd 75696E74 		.ascii	"uint8\000"
ARM GAS  C:\Users\dskyNote\AppData\Local\Temp\ccAfI4hf.s 			page 24


 934      3800
 935              	.LASF4:
 936 01e3 6C6F6E67 		.ascii	"long int\000"
 936      20696E74 
 936      00
 937              	.LASF29:
 938 01ec 56444143 		.ascii	"VDAC8_4_initVar\000"
 938      385F345F 
 938      696E6974 
 938      56617200 
 939              	.LASF0:
 940 01fc 7369676E 		.ascii	"signed char\000"
 940      65642063 
 940      68617200 
 941              		.ident	"GCC: (GNU Tools for ARM Embedded Processors) 4.8.4 20140526 (release) [ARM/embedded-4_8-br
